[2022-08-13 11:41:01,707] {taskinstance.py:1159} INFO - Dependencies all met for <TaskInstance: ETL_Raízen.convert_xls_into_xlsx manual__2022-08-13T11:40:54.205193+00:00 [queued]>
[2022-08-13 11:41:01,724] {taskinstance.py:1159} INFO - Dependencies all met for <TaskInstance: ETL_Raízen.convert_xls_into_xlsx manual__2022-08-13T11:40:54.205193+00:00 [queued]>
[2022-08-13 11:41:01,725] {taskinstance.py:1356} INFO - 
--------------------------------------------------------------------------------
[2022-08-13 11:41:01,726] {taskinstance.py:1357} INFO - Starting attempt 1 of 1
[2022-08-13 11:41:01,727] {taskinstance.py:1358} INFO - 
--------------------------------------------------------------------------------
[2022-08-13 11:41:01,748] {taskinstance.py:1377} INFO - Executing <Task(PythonOperator): convert_xls_into_xlsx> on 2022-08-13 11:40:54.205193+00:00
[2022-08-13 11:41:01,754] {standard_task_runner.py:52} INFO - Started process 1497 to run task
[2022-08-13 11:41:01,760] {standard_task_runner.py:79} INFO - Running: ['***', 'tasks', 'run', 'ETL_Raízen', 'convert_xls_into_xlsx', 'manual__2022-08-13T11:40:54.205193+00:00', '--job-id', '321', '--raw', '--subdir', 'DAGS_FOLDER/ETL_Raizen.py', '--cfg-path', '/tmp/tmpt8tp4cua', '--error-file', '/tmp/tmpetip0dbk']
[2022-08-13 11:41:01,761] {standard_task_runner.py:80} INFO - Job 321: Subtask convert_xls_into_xlsx
[2022-08-13 11:41:01,857] {task_command.py:369} INFO - Running <TaskInstance: ETL_Raízen.convert_xls_into_xlsx manual__2022-08-13T11:40:54.205193+00:00 [running]> on host 4bbb34367c41
[2022-08-13 11:41:02,029] {taskinstance.py:1571} INFO - Exporting the following env vars:
AIRFLOW_CTX_DAG_OWNER=***
AIRFLOW_CTX_DAG_ID=ETL_Raízen
AIRFLOW_CTX_TASK_ID=convert_xls_into_xlsx
AIRFLOW_CTX_EXECUTION_DATE=2022-08-13T11:40:54.205193+00:00
AIRFLOW_CTX_TRY_NUMBER=1
AIRFLOW_CTX_DAG_RUN_ID=manual__2022-08-13T11:40:54.205193+00:00
[2022-08-13 11:41:02,033] {ETL_Raizen.py:47} INFO - Converting file .xls into .xlsx using libreoffice
[2022-08-13 11:41:04,955] {ETL_Raizen.py:49} INFO - File .xls succesfully converted into .xlsx
[2022-08-13 11:41:04,956] {python.py:173} INFO - Done. Returned value was: None
[2022-08-13 11:41:04,969] {taskinstance.py:1400} INFO - Marking task as SUCCESS. dag_id=ETL_Raízen, task_id=convert_xls_into_xlsx, execution_date=20220813T114054, start_date=20220813T114101, end_date=20220813T114104
[2022-08-13 11:41:04,987] {local_task_job.py:156} INFO - Task exited with return code 0
[2022-08-13 11:41:05,037] {local_task_job.py:273} INFO - 1 downstream tasks scheduled from follow-on schedule check
