[2022-08-13 12:29:59,022] {taskinstance.py:1159} INFO - Dependencies all met for <TaskInstance: ETL_Raízen.create_database_from_parquet manual__2022-08-13T12:29:27.176848+00:00 [queued]>
[2022-08-13 12:29:59,035] {taskinstance.py:1159} INFO - Dependencies all met for <TaskInstance: ETL_Raízen.create_database_from_parquet manual__2022-08-13T12:29:27.176848+00:00 [queued]>
[2022-08-13 12:29:59,036] {taskinstance.py:1356} INFO - 
--------------------------------------------------------------------------------
[2022-08-13 12:29:59,037] {taskinstance.py:1357} INFO - Starting attempt 1 of 1
[2022-08-13 12:29:59,038] {taskinstance.py:1358} INFO - 
--------------------------------------------------------------------------------
[2022-08-13 12:29:59,058] {taskinstance.py:1377} INFO - Executing <Task(PythonOperator): create_database_from_parquet> on 2022-08-13 12:29:27.176848+00:00
[2022-08-13 12:29:59,122] {standard_task_runner.py:52} INFO - Started process 5025 to run task
[2022-08-13 12:29:59,127] {standard_task_runner.py:79} INFO - Running: ['***', 'tasks', 'run', 'ETL_Raízen', 'create_database_from_parquet', 'manual__2022-08-13T12:29:27.176848+00:00', '--job-id', '372', '--raw', '--subdir', 'DAGS_FOLDER/ETL_Raizen.py', '--cfg-path', '/tmp/tmpgum9wfuk', '--error-file', '/tmp/tmp_tafek98']
[2022-08-13 12:29:59,128] {standard_task_runner.py:80} INFO - Job 372: Subtask create_database_from_parquet
[2022-08-13 12:29:59,206] {task_command.py:369} INFO - Running <TaskInstance: ETL_Raízen.create_database_from_parquet manual__2022-08-13T12:29:27.176848+00:00 [running]> on host 4bbb34367c41
[2022-08-13 12:29:59,296] {taskinstance.py:1571} INFO - Exporting the following env vars:
AIRFLOW_CTX_DAG_OWNER=***
AIRFLOW_CTX_DAG_ID=ETL_Raízen
AIRFLOW_CTX_TASK_ID=create_database_from_parquet
AIRFLOW_CTX_EXECUTION_DATE=2022-08-13T12:29:27.176848+00:00
AIRFLOW_CTX_TRY_NUMBER=1
AIRFLOW_CTX_DAG_RUN_ID=manual__2022-08-13T12:29:27.176848+00:00
[2022-08-13 12:29:59,298] {ETL_Raizen.py:117} INFO - Creating database to insert data into table oil_derivative
[2022-08-13 12:30:00,661] {ETL_Raizen.py:126} INFO - Creating table oil_derivative
[2022-08-13 12:30:00,667] {ETL_Raizen.py:137} INFO - Inserting data into table oil_derivative
[2022-08-13 12:30:02,824] {ETL_Raizen.py:143} INFO - Checking if the data was successfully inserted into table oil_derivative with pandas
[2022-08-13 12:30:02,825] {ETL_Raizen.py:144} INFO - SELECT * FROM oil_derivative
[2022-08-13 12:30:02,998] {ETL_Raizen.py:146} INFO - Visual check:
[2022-08-13 12:30:03,012] {logging_mixin.py:115} INFO -          uf unit     volume           created_at           product year_month
0  RONDÔNIA   m3   2921.670  2022-08-13 12:29:39  ETANOL HIDRATADO    2000-01
1      ACRE   m3    676.230  2022-08-13 12:29:39  ETANOL HIDRATADO    2000-01
2  AMAZONAS   m3   1465.464  2022-08-13 12:29:39  ETANOL HIDRATADO    2000-01
3   RORAIMA   m3    143.150  2022-08-13 12:29:39  ETANOL HIDRATADO    2000-01
4      PARÁ   m3  30040.007  2022-08-13 12:29:39  ETANOL HIDRATADO    2000-01
[2022-08-13 12:30:03,027] {logging_mixin.py:115} INFO - uf            54432
unit          54432
volume        54432
created_at    54432
product       54432
year_month    54432
dtype: int64
[2022-08-13 12:30:03,028] {ETL_Raizen.py:117} INFO - Creating database to insert data into table diesel
[2022-08-13 12:30:03,251] {ETL_Raizen.py:126} INFO - Creating table diesel
[2022-08-13 12:30:03,255] {ETL_Raizen.py:137} INFO - Inserting data into table diesel
[2022-08-13 12:30:03,594] {ETL_Raizen.py:143} INFO - Checking if the data was successfully inserted into table diesel with pandas
[2022-08-13 12:30:03,594] {ETL_Raizen.py:144} INFO - SELECT * FROM diesel
[2022-08-13 12:30:03,633] {ETL_Raizen.py:146} INFO - Visual check:
[2022-08-13 12:30:03,645] {logging_mixin.py:115} INFO -          uf unit  ...               product year_month
0  RONDÔNIA   m3  ...  ÓLEO DIESEL MARÍTIMO    2013-01
1      ACRE   m3  ...  ÓLEO DIESEL MARÍTIMO    2013-01
2  AMAZONAS   m3  ...  ÓLEO DIESEL MARÍTIMO    2013-01
3   RORAIMA   m3  ...  ÓLEO DIESEL MARÍTIMO    2013-01
4      PARÁ   m3  ...  ÓLEO DIESEL MARÍTIMO    2013-01

[5 rows x 6 columns]
[2022-08-13 12:30:03,652] {logging_mixin.py:115} INFO - uf            12960
unit          12960
volume        12960
created_at    12960
product       12960
year_month    12960
dtype: int64
[2022-08-13 12:30:03,657] {python.py:173} INFO - Done. Returned value was: None
[2022-08-13 12:30:03,675] {taskinstance.py:1400} INFO - Marking task as SUCCESS. dag_id=ETL_Raízen, task_id=create_database_from_parquet, execution_date=20220813T122927, start_date=20220813T122959, end_date=20220813T123003
[2022-08-13 12:30:03,724] {local_task_job.py:156} INFO - Task exited with return code 0
[2022-08-13 12:30:03,775] {local_task_job.py:273} INFO - 0 downstream tasks scheduled from follow-on schedule check
