[2022-08-12 11:41:04,200] {taskinstance.py:1159} INFO - Dependencies all met for <TaskInstance: ETL_Raízen.download_raw_data manual__2022-08-12T11:41:00.989849+00:00 [queued]>
[2022-08-12 11:41:04,215] {taskinstance.py:1159} INFO - Dependencies all met for <TaskInstance: ETL_Raízen.download_raw_data manual__2022-08-12T11:41:00.989849+00:00 [queued]>
[2022-08-12 11:41:04,216] {taskinstance.py:1356} INFO - 
--------------------------------------------------------------------------------
[2022-08-12 11:41:04,217] {taskinstance.py:1357} INFO - Starting attempt 1 of 1
[2022-08-12 11:41:04,217] {taskinstance.py:1358} INFO - 
--------------------------------------------------------------------------------
[2022-08-12 11:41:04,234] {taskinstance.py:1377} INFO - Executing <Task(PythonOperator): download_raw_data> on 2022-08-12 11:41:00.989849+00:00
[2022-08-12 11:41:04,242] {standard_task_runner.py:52} INFO - Started process 648 to run task
[2022-08-12 11:41:04,246] {standard_task_runner.py:79} INFO - Running: ['***', 'tasks', 'run', 'ETL_Raízen', 'download_raw_data', 'manual__2022-08-12T11:41:00.989849+00:00', '--job-id', '171', '--raw', '--subdir', 'DAGS_FOLDER/ETL_Raizen.py', '--cfg-path', '/tmp/tmpfuekax8c', '--error-file', '/tmp/tmptwpct6yg']
[2022-08-12 11:41:04,248] {standard_task_runner.py:80} INFO - Job 171: Subtask download_raw_data
[2022-08-12 11:41:04,329] {task_command.py:369} INFO - Running <TaskInstance: ETL_Raízen.download_raw_data manual__2022-08-12T11:41:00.989849+00:00 [running]> on host 3c4d8e0d9450
[2022-08-12 11:41:04,426] {taskinstance.py:1571} INFO - Exporting the following env vars:
AIRFLOW_CTX_DAG_OWNER=***
AIRFLOW_CTX_DAG_ID=ETL_Raízen
AIRFLOW_CTX_TASK_ID=download_raw_data
AIRFLOW_CTX_EXECUTION_DATE=2022-08-12T11:41:00.989849+00:00
AIRFLOW_CTX_TRY_NUMBER=1
AIRFLOW_CTX_DAG_RUN_ID=manual__2022-08-12T11:41:00.989849+00:00
[2022-08-12 11:41:04,428] {ETL_Raizen.py:40} INFO - Downloading .xls raw data
[2022-08-12 11:41:06,301] {ETL_Raizen.py:42} INFO - Succesfully downloaded .xls raw data
[2022-08-12 11:41:06,306] {python.py:173} INFO - Done. Returned value was: None
[2022-08-12 11:41:06,343] {taskinstance.py:1400} INFO - Marking task as SUCCESS. dag_id=ETL_Raízen, task_id=download_raw_data, execution_date=20220812T114100, start_date=20220812T114104, end_date=20220812T114106
[2022-08-12 11:41:06,400] {local_task_job.py:156} INFO - Task exited with return code 0
[2022-08-12 11:41:06,480] {local_task_job.py:273} INFO - 1 downstream tasks scheduled from follow-on schedule check
