[2022-08-12 23:28:20,510] {taskinstance.py:1159} INFO - Dependencies all met for <TaskInstance: ETL_Raízen.create_database_from_parquet manual__2022-08-12T23:27:44.389207+00:00 [queued]>
[2022-08-12 23:28:20,530] {taskinstance.py:1159} INFO - Dependencies all met for <TaskInstance: ETL_Raízen.create_database_from_parquet manual__2022-08-12T23:27:44.389207+00:00 [queued]>
[2022-08-12 23:28:20,532] {taskinstance.py:1356} INFO - 
--------------------------------------------------------------------------------
[2022-08-12 23:28:20,533] {taskinstance.py:1357} INFO - Starting attempt 1 of 1
[2022-08-12 23:28:20,535] {taskinstance.py:1358} INFO - 
--------------------------------------------------------------------------------
[2022-08-12 23:28:20,556] {taskinstance.py:1377} INFO - Executing <Task(PythonOperator): create_database_from_parquet> on 2022-08-12 23:27:44.389207+00:00
[2022-08-12 23:28:20,563] {standard_task_runner.py:52} INFO - Started process 9985 to run task
[2022-08-12 23:28:20,567] {standard_task_runner.py:79} INFO - Running: ['***', 'tasks', 'run', 'ETL_Raízen', 'create_database_from_parquet', 'manual__2022-08-12T23:27:44.389207+00:00', '--job-id', '267', '--raw', '--subdir', 'DAGS_FOLDER/ETL_Raizen.py', '--cfg-path', '/tmp/tmpu4dsph13', '--error-file', '/tmp/tmpf_ha_sx2']
[2022-08-12 23:28:20,568] {standard_task_runner.py:80} INFO - Job 267: Subtask create_database_from_parquet
[2022-08-12 23:28:20,649] {task_command.py:369} INFO - Running <TaskInstance: ETL_Raízen.create_database_from_parquet manual__2022-08-12T23:27:44.389207+00:00 [running]> on host 4bbb34367c41
[2022-08-12 23:28:20,762] {taskinstance.py:1571} INFO - Exporting the following env vars:
AIRFLOW_CTX_DAG_OWNER=***
AIRFLOW_CTX_DAG_ID=ETL_Raízen
AIRFLOW_CTX_TASK_ID=create_database_from_parquet
AIRFLOW_CTX_EXECUTION_DATE=2022-08-12T23:27:44.389207+00:00
AIRFLOW_CTX_TRY_NUMBER=1
AIRFLOW_CTX_DAG_RUN_ID=manual__2022-08-12T23:27:44.389207+00:00
[2022-08-12 23:28:20,764] {logging_mixin.py:115} INFO - DPCache_m3
[2022-08-12 23:28:21,262] {taskinstance.py:1889} ERROR - Task failed with exception
Traceback (most recent call last):
  File "/home/airflow/.local/lib/python3.7/site-packages/airflow/operators/python.py", line 171, in execute
    return_value = self.execute_callable()
  File "/home/airflow/.local/lib/python3.7/site-packages/airflow/operators/python.py", line 189, in execute_callable
    return self.python_callable(*self.op_args, **self.op_kwargs)
  File "/opt/airflow/dags/ETL_Raizen.py", line 121, in create_database_from_parquet
    cursor.execute(f""" CREATE TABLE IF NOT EXISTS {sheets[i]}
NameError: name 'cursor' is not defined
[2022-08-12 23:28:21,282] {taskinstance.py:1400} INFO - Marking task as FAILED. dag_id=ETL_Raízen, task_id=create_database_from_parquet, execution_date=20220812T232744, start_date=20220812T232820, end_date=20220812T232821
[2022-08-12 23:28:21,300] {standard_task_runner.py:97} ERROR - Failed to execute job 267 for task create_database_from_parquet (name 'cursor' is not defined; 9985)
[2022-08-12 23:28:21,343] {local_task_job.py:156} INFO - Task exited with return code 1
[2022-08-12 23:28:21,379] {local_task_job.py:273} INFO - 0 downstream tasks scheduled from follow-on schedule check
