[2022-08-13 11:25:40,543] {taskinstance.py:1159} INFO - Dependencies all met for <TaskInstance: ETL_Raízen.create_raw_data_dir scheduled__2022-08-12T23:30:00+00:00 [queued]>
[2022-08-13 11:25:40,580] {taskinstance.py:1159} INFO - Dependencies all met for <TaskInstance: ETL_Raízen.create_raw_data_dir scheduled__2022-08-12T23:30:00+00:00 [queued]>
[2022-08-13 11:25:40,581] {taskinstance.py:1356} INFO - 
--------------------------------------------------------------------------------
[2022-08-13 11:25:40,582] {taskinstance.py:1357} INFO - Starting attempt 1 of 1
[2022-08-13 11:25:40,583] {taskinstance.py:1358} INFO - 
--------------------------------------------------------------------------------
[2022-08-13 11:25:40,626] {taskinstance.py:1377} INFO - Executing <Task(PythonOperator): create_raw_data_dir> on 2022-08-12 23:30:00+00:00
[2022-08-13 11:25:40,658] {standard_task_runner.py:52} INFO - Started process 77 to run task
[2022-08-13 11:25:40,684] {standard_task_runner.py:79} INFO - Running: ['***', 'tasks', 'run', 'ETL_Raízen', 'create_raw_data_dir', 'scheduled__2022-08-12T23:30:00+00:00', '--job-id', '289', '--raw', '--subdir', 'DAGS_FOLDER/ETL_Raizen.py', '--cfg-path', '/tmp/tmp5qf8fgwu', '--error-file', '/tmp/tmp27mviucn']
[2022-08-13 11:25:40,689] {standard_task_runner.py:80} INFO - Job 289: Subtask create_raw_data_dir
[2022-08-13 11:25:40,875] {task_command.py:369} INFO - Running <TaskInstance: ETL_Raízen.create_raw_data_dir scheduled__2022-08-12T23:30:00+00:00 [running]> on host 4bbb34367c41
[2022-08-13 11:25:42,086] {taskinstance.py:1571} INFO - Exporting the following env vars:
AIRFLOW_CTX_DAG_OWNER=***
AIRFLOW_CTX_DAG_ID=ETL_Raízen
AIRFLOW_CTX_TASK_ID=create_raw_data_dir
AIRFLOW_CTX_EXECUTION_DATE=2022-08-12T23:30:00+00:00
AIRFLOW_CTX_TRY_NUMBER=1
AIRFLOW_CTX_DAG_RUN_ID=scheduled__2022-08-12T23:30:00+00:00
[2022-08-13 11:25:42,093] {ETL_Raizen.py:27} INFO - Dir already exists
[2022-08-13 11:25:42,098] {python.py:173} INFO - Done. Returned value was: None
[2022-08-13 11:25:42,165] {taskinstance.py:1400} INFO - Marking task as SUCCESS. dag_id=ETL_Raízen, task_id=create_raw_data_dir, execution_date=20220812T233000, start_date=20220813T112540, end_date=20220813T112542
[2022-08-13 11:25:42,407] {local_task_job.py:156} INFO - Task exited with return code 0
[2022-08-13 11:25:43,310] {local_task_job.py:273} INFO - 1 downstream tasks scheduled from follow-on schedule check
