[2022-08-12 11:56:57,752] {taskinstance.py:1159} INFO - Dependencies all met for <TaskInstance: ETL_Raízen.download_raw_data manual__2022-08-12T11:56:54.335343+00:00 [queued]>
[2022-08-12 11:56:57,766] {taskinstance.py:1159} INFO - Dependencies all met for <TaskInstance: ETL_Raízen.download_raw_data manual__2022-08-12T11:56:54.335343+00:00 [queued]>
[2022-08-12 11:56:57,767] {taskinstance.py:1356} INFO - 
--------------------------------------------------------------------------------
[2022-08-12 11:56:57,768] {taskinstance.py:1357} INFO - Starting attempt 1 of 1
[2022-08-12 11:56:57,768] {taskinstance.py:1358} INFO - 
--------------------------------------------------------------------------------
[2022-08-12 11:56:57,787] {taskinstance.py:1377} INFO - Executing <Task(PythonOperator): download_raw_data> on 2022-08-12 11:56:54.335343+00:00
[2022-08-12 11:56:57,793] {standard_task_runner.py:52} INFO - Started process 1693 to run task
[2022-08-12 11:56:57,798] {standard_task_runner.py:79} INFO - Running: ['***', 'tasks', 'run', 'ETL_Raízen', 'download_raw_data', 'manual__2022-08-12T11:56:54.335343+00:00', '--job-id', '186', '--raw', '--subdir', 'DAGS_FOLDER/ETL_Raizen.py', '--cfg-path', '/tmp/tmpjj44l66d', '--error-file', '/tmp/tmp9cxe5e1b']
[2022-08-12 11:56:57,800] {standard_task_runner.py:80} INFO - Job 186: Subtask download_raw_data
[2022-08-12 11:56:57,899] {task_command.py:369} INFO - Running <TaskInstance: ETL_Raízen.download_raw_data manual__2022-08-12T11:56:54.335343+00:00 [running]> on host 3c4d8e0d9450
[2022-08-12 11:56:58,026] {taskinstance.py:1571} INFO - Exporting the following env vars:
AIRFLOW_CTX_DAG_OWNER=***
AIRFLOW_CTX_DAG_ID=ETL_Raízen
AIRFLOW_CTX_TASK_ID=download_raw_data
AIRFLOW_CTX_EXECUTION_DATE=2022-08-12T11:56:54.335343+00:00
AIRFLOW_CTX_TRY_NUMBER=1
AIRFLOW_CTX_DAG_RUN_ID=manual__2022-08-12T11:56:54.335343+00:00
[2022-08-12 11:56:58,029] {ETL_Raizen.py:40} INFO - Downloading .xls raw data
[2022-08-12 11:56:59,843] {ETL_Raizen.py:42} INFO - Succesfully downloaded .xls raw data
[2022-08-12 11:56:59,844] {python.py:173} INFO - Done. Returned value was: None
[2022-08-12 11:56:59,859] {taskinstance.py:1400} INFO - Marking task as SUCCESS. dag_id=ETL_Raízen, task_id=download_raw_data, execution_date=20220812T115654, start_date=20220812T115657, end_date=20220812T115659
[2022-08-12 11:56:59,903] {local_task_job.py:156} INFO - Task exited with return code 0
[2022-08-12 11:56:59,970] {local_task_job.py:273} INFO - 1 downstream tasks scheduled from follow-on schedule check
