[2022-08-12 19:47:09,145] {taskinstance.py:1159} INFO - Dependencies all met for <TaskInstance: ETL_Raízen.creating_raw_data_dir scheduled__2022-08-12T18:30:00+00:00 [queued]>
[2022-08-12 19:47:09,195] {taskinstance.py:1159} INFO - Dependencies all met for <TaskInstance: ETL_Raízen.creating_raw_data_dir scheduled__2022-08-12T18:30:00+00:00 [queued]>
[2022-08-12 19:47:09,198] {taskinstance.py:1356} INFO - 
--------------------------------------------------------------------------------
[2022-08-12 19:47:09,199] {taskinstance.py:1357} INFO - Starting attempt 1 of 1
[2022-08-12 19:47:09,200] {taskinstance.py:1358} INFO - 
--------------------------------------------------------------------------------
[2022-08-12 19:47:09,254] {taskinstance.py:1377} INFO - Executing <Task(PythonOperator): creating_raw_data_dir> on 2022-08-12 18:30:00+00:00
[2022-08-12 19:47:09,263] {standard_task_runner.py:52} INFO - Started process 78 to run task
[2022-08-12 19:47:09,272] {standard_task_runner.py:79} INFO - Running: ['***', 'tasks', 'run', 'ETL_Raízen', 'creating_raw_data_dir', 'scheduled__2022-08-12T18:30:00+00:00', '--job-id', '209', '--raw', '--subdir', 'DAGS_FOLDER/ETL_Raizen.py', '--cfg-path', '/tmp/tmp1zfyg3um', '--error-file', '/tmp/tmpeqms0xlp']
[2022-08-12 19:47:09,275] {standard_task_runner.py:80} INFO - Job 209: Subtask creating_raw_data_dir
[2022-08-12 19:47:09,558] {task_command.py:369} INFO - Running <TaskInstance: ETL_Raízen.creating_raw_data_dir scheduled__2022-08-12T18:30:00+00:00 [running]> on host 3c4d8e0d9450
[2022-08-12 19:47:10,035] {taskinstance.py:1571} INFO - Exporting the following env vars:
AIRFLOW_CTX_DAG_OWNER=***
AIRFLOW_CTX_DAG_ID=ETL_Raízen
AIRFLOW_CTX_TASK_ID=creating_raw_data_dir
AIRFLOW_CTX_EXECUTION_DATE=2022-08-12T18:30:00+00:00
AIRFLOW_CTX_TRY_NUMBER=1
AIRFLOW_CTX_DAG_RUN_ID=scheduled__2022-08-12T18:30:00+00:00
[2022-08-12 19:47:10,041] {ETL_Raizen.py:27} INFO - Dir already exists
[2022-08-12 19:47:10,049] {python.py:173} INFO - Done. Returned value was: None
[2022-08-12 19:47:10,129] {taskinstance.py:1400} INFO - Marking task as SUCCESS. dag_id=ETL_Raízen, task_id=creating_raw_data_dir, execution_date=20220812T183000, start_date=20220812T194709, end_date=20220812T194710
[2022-08-12 19:47:10,206] {local_task_job.py:156} INFO - Task exited with return code 0
[2022-08-12 19:47:10,390] {local_task_job.py:273} INFO - 1 downstream tasks scheduled from follow-on schedule check
