[2022-08-12 19:47:22,862] {taskinstance.py:1159} INFO - Dependencies all met for <TaskInstance: ETL_Raízen.convert_xls_into_xlsx scheduled__2022-08-12T11:30:00+00:00 [queued]>
[2022-08-12 19:47:22,876] {taskinstance.py:1159} INFO - Dependencies all met for <TaskInstance: ETL_Raízen.convert_xls_into_xlsx scheduled__2022-08-12T11:30:00+00:00 [queued]>
[2022-08-12 19:47:22,877] {taskinstance.py:1356} INFO - 
--------------------------------------------------------------------------------
[2022-08-12 19:47:22,878] {taskinstance.py:1357} INFO - Starting attempt 1 of 1
[2022-08-12 19:47:22,879] {taskinstance.py:1358} INFO - 
--------------------------------------------------------------------------------
[2022-08-12 19:47:22,899] {taskinstance.py:1377} INFO - Executing <Task(PythonOperator): convert_xls_into_xlsx> on 2022-08-12 11:30:00+00:00
[2022-08-12 19:47:22,906] {standard_task_runner.py:52} INFO - Started process 93 to run task
[2022-08-12 19:47:22,910] {standard_task_runner.py:79} INFO - Running: ['***', 'tasks', 'run', 'ETL_Raízen', 'convert_xls_into_xlsx', 'scheduled__2022-08-12T11:30:00+00:00', '--job-id', '213', '--raw', '--subdir', 'DAGS_FOLDER/ETL_Raizen.py', '--cfg-path', '/tmp/tmptzd5hfjb', '--error-file', '/tmp/tmp0z13l699']
[2022-08-12 19:47:22,912] {standard_task_runner.py:80} INFO - Job 213: Subtask convert_xls_into_xlsx
[2022-08-12 19:47:23,044] {task_command.py:369} INFO - Running <TaskInstance: ETL_Raízen.convert_xls_into_xlsx scheduled__2022-08-12T11:30:00+00:00 [running]> on host 3c4d8e0d9450
[2022-08-12 19:47:23,180] {taskinstance.py:1571} INFO - Exporting the following env vars:
AIRFLOW_CTX_DAG_OWNER=***
AIRFLOW_CTX_DAG_ID=ETL_Raízen
AIRFLOW_CTX_TASK_ID=convert_xls_into_xlsx
AIRFLOW_CTX_EXECUTION_DATE=2022-08-12T11:30:00+00:00
AIRFLOW_CTX_TRY_NUMBER=1
AIRFLOW_CTX_DAG_RUN_ID=scheduled__2022-08-12T11:30:00+00:00
[2022-08-12 19:47:23,182] {ETL_Raizen.py:47} INFO - Converting file .xls into .xlsx using libreoffice
[2022-08-12 19:47:26,471] {ETL_Raizen.py:49} INFO - File .xls succesfully converted into .xlsx
[2022-08-12 19:47:26,472] {python.py:173} INFO - Done. Returned value was: None
[2022-08-12 19:47:26,490] {taskinstance.py:1400} INFO - Marking task as SUCCESS. dag_id=ETL_Raízen, task_id=convert_xls_into_xlsx, execution_date=20220812T113000, start_date=20220812T194722, end_date=20220812T194726
[2022-08-12 19:47:26,542] {local_task_job.py:156} INFO - Task exited with return code 0
[2022-08-12 19:47:26,596] {local_task_job.py:273} INFO - 1 downstream tasks scheduled from follow-on schedule check
