[2022-08-12 11:39:07,418] {taskinstance.py:1159} INFO - Dependencies all met for <TaskInstance: ETL_Raízen.convert_xls_into_xlsx manual__2022-08-12T11:39:00.540895+00:00 [queued]>
[2022-08-12 11:39:07,433] {taskinstance.py:1159} INFO - Dependencies all met for <TaskInstance: ETL_Raízen.convert_xls_into_xlsx manual__2022-08-12T11:39:00.540895+00:00 [queued]>
[2022-08-12 11:39:07,434] {taskinstance.py:1356} INFO - 
--------------------------------------------------------------------------------
[2022-08-12 11:39:07,434] {taskinstance.py:1357} INFO - Starting attempt 1 of 1
[2022-08-12 11:39:07,435] {taskinstance.py:1358} INFO - 
--------------------------------------------------------------------------------
[2022-08-12 11:39:07,454] {taskinstance.py:1377} INFO - Executing <Task(PythonOperator): convert_xls_into_xlsx> on 2022-08-12 11:39:00.540895+00:00
[2022-08-12 11:39:07,474] {standard_task_runner.py:52} INFO - Started process 456 to run task
[2022-08-12 11:39:07,479] {standard_task_runner.py:79} INFO - Running: ['***', 'tasks', 'run', 'ETL_Raízen', 'convert_xls_into_xlsx', 'manual__2022-08-12T11:39:00.540895+00:00', '--job-id', '167', '--raw', '--subdir', 'DAGS_FOLDER/ETL_Raizen.py', '--cfg-path', '/tmp/tmp31im8hx0', '--error-file', '/tmp/tmpoa_g8mfd']
[2022-08-12 11:39:07,483] {standard_task_runner.py:80} INFO - Job 167: Subtask convert_xls_into_xlsx
[2022-08-12 11:39:07,580] {task_command.py:369} INFO - Running <TaskInstance: ETL_Raízen.convert_xls_into_xlsx manual__2022-08-12T11:39:00.540895+00:00 [running]> on host 3c4d8e0d9450
[2022-08-12 11:39:07,664] {taskinstance.py:1571} INFO - Exporting the following env vars:
AIRFLOW_CTX_DAG_OWNER=***
AIRFLOW_CTX_DAG_ID=ETL_Raízen
AIRFLOW_CTX_TASK_ID=convert_xls_into_xlsx
AIRFLOW_CTX_EXECUTION_DATE=2022-08-12T11:39:00.540895+00:00
AIRFLOW_CTX_TRY_NUMBER=1
AIRFLOW_CTX_DAG_RUN_ID=manual__2022-08-12T11:39:00.540895+00:00
[2022-08-12 11:39:07,667] {ETL_Raizen.py:47} INFO - Converting file .xls into .xlsx using libreoffice
[2022-08-12 11:39:10,718] {ETL_Raizen.py:49} INFO - File .xls succesfully converted into .xlsx
[2022-08-12 11:39:10,719] {python.py:173} INFO - Done. Returned value was: None
[2022-08-12 11:39:10,737] {taskinstance.py:1400} INFO - Marking task as SUCCESS. dag_id=ETL_Raízen, task_id=convert_xls_into_xlsx, execution_date=20220812T113900, start_date=20220812T113907, end_date=20220812T113910
[2022-08-12 11:39:10,788] {local_task_job.py:156} INFO - Task exited with return code 0
[2022-08-12 11:39:10,845] {local_task_job.py:273} INFO - 1 downstream tasks scheduled from follow-on schedule check
