[2022-08-12 11:41:12,011] {taskinstance.py:1159} INFO - Dependencies all met for <TaskInstance: ETL_Raízen.extract_sheets manual__2022-08-12T11:41:00.989849+00:00 [queued]>
[2022-08-12 11:41:12,021] {taskinstance.py:1159} INFO - Dependencies all met for <TaskInstance: ETL_Raízen.extract_sheets manual__2022-08-12T11:41:00.989849+00:00 [queued]>
[2022-08-12 11:41:12,022] {taskinstance.py:1356} INFO - 
--------------------------------------------------------------------------------
[2022-08-12 11:41:12,023] {taskinstance.py:1357} INFO - Starting attempt 1 of 1
[2022-08-12 11:41:12,024] {taskinstance.py:1358} INFO - 
--------------------------------------------------------------------------------
[2022-08-12 11:41:12,043] {taskinstance.py:1377} INFO - Executing <Task(PythonOperator): extract_sheets> on 2022-08-12 11:41:00.989849+00:00
[2022-08-12 11:41:12,049] {standard_task_runner.py:52} INFO - Started process 768 to run task
[2022-08-12 11:41:12,054] {standard_task_runner.py:79} INFO - Running: ['***', 'tasks', 'run', 'ETL_Raízen', 'extract_sheets', 'manual__2022-08-12T11:41:00.989849+00:00', '--job-id', '173', '--raw', '--subdir', 'DAGS_FOLDER/ETL_Raizen.py', '--cfg-path', '/tmp/tmpyylkue41', '--error-file', '/tmp/tmpahuglt3w']
[2022-08-12 11:41:12,056] {standard_task_runner.py:80} INFO - Job 173: Subtask extract_sheets
[2022-08-12 11:41:12,134] {task_command.py:369} INFO - Running <TaskInstance: ETL_Raízen.extract_sheets manual__2022-08-12T11:41:00.989849+00:00 [running]> on host 3c4d8e0d9450
[2022-08-12 11:41:12,214] {taskinstance.py:1571} INFO - Exporting the following env vars:
AIRFLOW_CTX_DAG_OWNER=***
AIRFLOW_CTX_DAG_ID=ETL_Raízen
AIRFLOW_CTX_TASK_ID=extract_sheets
AIRFLOW_CTX_EXECUTION_DATE=2022-08-12T11:41:00.989849+00:00
AIRFLOW_CTX_TRY_NUMBER=1
AIRFLOW_CTX_DAG_RUN_ID=manual__2022-08-12T11:41:00.989849+00:00
[2022-08-12 11:41:12,216] {ETL_Raizen.py:67} INFO - Extracting sheet DPCache_m3
[2022-08-12 11:41:17,455] {ETL_Raizen.py:70} INFO - Sheet DPCache_m3 succesfully extracted
[2022-08-12 11:41:17,456] {ETL_Raizen.py:67} INFO - Extracting sheet DPCache_m3_2
[2022-08-12 11:41:18,477] {ETL_Raizen.py:70} INFO - Sheet DPCache_m3_2 succesfully extracted
[2022-08-12 11:41:18,478] {python.py:173} INFO - Done. Returned value was: None
[2022-08-12 11:41:18,502] {taskinstance.py:1400} INFO - Marking task as SUCCESS. dag_id=ETL_Raízen, task_id=extract_sheets, execution_date=20220812T114100, start_date=20220812T114112, end_date=20220812T114118
[2022-08-12 11:41:18,628] {local_task_job.py:156} INFO - Task exited with return code 0
[2022-08-12 11:41:18,712] {local_task_job.py:273} INFO - 0 downstream tasks scheduled from follow-on schedule check
