[2022-08-11 22:30:09,202] {taskinstance.py:1159} INFO - Dependencies all met for <TaskInstance: ETL_Raízen.download_raw_data scheduled__2022-08-11T21:30:00+00:00 [queued]>
[2022-08-11 22:30:09,289] {taskinstance.py:1159} INFO - Dependencies all met for <TaskInstance: ETL_Raízen.download_raw_data scheduled__2022-08-11T21:30:00+00:00 [queued]>
[2022-08-11 22:30:09,292] {taskinstance.py:1356} INFO - 
--------------------------------------------------------------------------------
[2022-08-11 22:30:09,295] {taskinstance.py:1357} INFO - Starting attempt 1 of 1
[2022-08-11 22:30:09,308] {taskinstance.py:1358} INFO - 
--------------------------------------------------------------------------------
[2022-08-11 22:30:09,396] {taskinstance.py:1377} INFO - Executing <Task(PythonOperator): download_raw_data> on 2022-08-11 21:30:00+00:00
[2022-08-11 22:30:09,439] {standard_task_runner.py:52} INFO - Started process 3313 to run task
[2022-08-11 22:30:09,472] {standard_task_runner.py:79} INFO - Running: ['***', 'tasks', 'run', 'ETL_Raízen', 'download_raw_data', 'scheduled__2022-08-11T21:30:00+00:00', '--job-id', '51', '--raw', '--subdir', 'DAGS_FOLDER/ETL_Raizen.py', '--cfg-path', '/tmp/tmp1ktqkuye', '--error-file', '/tmp/tmp_i4_dojh']
[2022-08-11 22:30:09,476] {standard_task_runner.py:80} INFO - Job 51: Subtask download_raw_data
[2022-08-11 22:30:09,963] {task_command.py:369} INFO - Running <TaskInstance: ETL_Raízen.download_raw_data scheduled__2022-08-11T21:30:00+00:00 [running]> on host 53e7d4a502e6
[2022-08-11 22:30:10,514] {taskinstance.py:1571} INFO - Exporting the following env vars:
AIRFLOW_CTX_DAG_OWNER=***
AIRFLOW_CTX_DAG_ID=ETL_Raízen
AIRFLOW_CTX_TASK_ID=download_raw_data
AIRFLOW_CTX_EXECUTION_DATE=2022-08-11T21:30:00+00:00
AIRFLOW_CTX_TRY_NUMBER=1
AIRFLOW_CTX_DAG_RUN_ID=scheduled__2022-08-11T21:30:00+00:00
[2022-08-11 22:30:10,518] {ETL_Raizen.py:41} INFO - Downloading .xls raw data
[2022-08-11 22:30:13,866] {ETL_Raizen.py:43} INFO - Succesfully downloaded .xls raw data
[2022-08-11 22:30:13,867] {python.py:173} INFO - Done. Returned value was: None
[2022-08-11 22:30:13,959] {taskinstance.py:1400} INFO - Marking task as SUCCESS. dag_id=ETL_Raízen, task_id=download_raw_data, execution_date=20220811T213000, start_date=20220811T223009, end_date=20220811T223013
[2022-08-11 22:30:14,074] {local_task_job.py:156} INFO - Task exited with return code 0
[2022-08-11 22:30:14,360] {local_task_job.py:273} INFO - 1 downstream tasks scheduled from follow-on schedule check
