[2022-08-12 10:20:03,543] {taskinstance.py:1159} INFO - Dependencies all met for <TaskInstance: ETL_Raízen.convert_xls_into_xlsx manual__2022-08-12T10:19:47.865858+00:00 [queued]>
[2022-08-12 10:20:03,555] {taskinstance.py:1159} INFO - Dependencies all met for <TaskInstance: ETL_Raízen.convert_xls_into_xlsx manual__2022-08-12T10:19:47.865858+00:00 [queued]>
[2022-08-12 10:20:03,556] {taskinstance.py:1356} INFO - 
--------------------------------------------------------------------------------
[2022-08-12 10:20:03,557] {taskinstance.py:1357} INFO - Starting attempt 1 of 1
[2022-08-12 10:20:03,558] {taskinstance.py:1358} INFO - 
--------------------------------------------------------------------------------
[2022-08-12 10:20:03,578] {taskinstance.py:1377} INFO - Executing <Task(PythonOperator): convert_xls_into_xlsx> on 2022-08-12 10:19:47.865858+00:00
[2022-08-12 10:20:03,584] {standard_task_runner.py:52} INFO - Started process 130 to run task
[2022-08-12 10:20:03,588] {standard_task_runner.py:79} INFO - Running: ['***', 'tasks', 'run', 'ETL_Raízen', 'convert_xls_into_xlsx', 'manual__2022-08-12T10:19:47.865858+00:00', '--job-id', '114', '--raw', '--subdir', 'DAGS_FOLDER/ETL_Raizen.py', '--cfg-path', '/tmp/tmp1o6fhjj3', '--error-file', '/tmp/tmpdli15iyr']
[2022-08-12 10:20:03,590] {standard_task_runner.py:80} INFO - Job 114: Subtask convert_xls_into_xlsx
[2022-08-12 10:20:03,663] {task_command.py:369} INFO - Running <TaskInstance: ETL_Raízen.convert_xls_into_xlsx manual__2022-08-12T10:19:47.865858+00:00 [running]> on host cc218c529e98
[2022-08-12 10:20:03,751] {taskinstance.py:1571} INFO - Exporting the following env vars:
AIRFLOW_CTX_DAG_OWNER=***
AIRFLOW_CTX_DAG_ID=ETL_Raízen
AIRFLOW_CTX_TASK_ID=convert_xls_into_xlsx
AIRFLOW_CTX_EXECUTION_DATE=2022-08-12T10:19:47.865858+00:00
AIRFLOW_CTX_TRY_NUMBER=1
AIRFLOW_CTX_DAG_RUN_ID=manual__2022-08-12T10:19:47.865858+00:00
[2022-08-12 10:20:03,753] {ETL_Raizen.py:48} INFO - Converting file .xls into .xlsx using libreoffice
[2022-08-12 10:20:09,235] {ETL_Raizen.py:50} INFO - File .xls succesfully converted into .xlsx
[2022-08-12 10:20:09,236] {python.py:173} INFO - Done. Returned value was: None
[2022-08-12 10:20:09,251] {taskinstance.py:1400} INFO - Marking task as SUCCESS. dag_id=ETL_Raízen, task_id=convert_xls_into_xlsx, execution_date=20220812T101947, start_date=20220812T102003, end_date=20220812T102009
[2022-08-12 10:20:09,284] {local_task_job.py:156} INFO - Task exited with return code 0
[2022-08-12 10:20:09,324] {local_task_job.py:273} INFO - 1 downstream tasks scheduled from follow-on schedule check
