[2022-08-13 11:44:09,587] {taskinstance.py:1159} INFO - Dependencies all met for <TaskInstance: ETL_Raízen.create_database_from_parquet manual__2022-08-13T11:43:27.898917+00:00 [queued]>
[2022-08-13 11:44:09,603] {taskinstance.py:1159} INFO - Dependencies all met for <TaskInstance: ETL_Raízen.create_database_from_parquet manual__2022-08-13T11:43:27.898917+00:00 [queued]>
[2022-08-13 11:44:09,604] {taskinstance.py:1356} INFO - 
--------------------------------------------------------------------------------
[2022-08-13 11:44:09,605] {taskinstance.py:1357} INFO - Starting attempt 1 of 1
[2022-08-13 11:44:09,605] {taskinstance.py:1358} INFO - 
--------------------------------------------------------------------------------
[2022-08-13 11:44:09,625] {taskinstance.py:1377} INFO - Executing <Task(PythonOperator): create_database_from_parquet> on 2022-08-13 11:43:27.898917+00:00
[2022-08-13 11:44:09,631] {standard_task_runner.py:52} INFO - Started process 1837 to run task
[2022-08-13 11:44:09,635] {standard_task_runner.py:79} INFO - Running: ['***', 'tasks', 'run', 'ETL_Raízen', 'create_database_from_parquet', 'manual__2022-08-13T11:43:27.898917+00:00', '--job-id', '328', '--raw', '--subdir', 'DAGS_FOLDER/ETL_Raizen.py', '--cfg-path', '/tmp/tmpe0qqi9z_', '--error-file', '/tmp/tmp2nn6od1a']
[2022-08-13 11:44:09,637] {standard_task_runner.py:80} INFO - Job 328: Subtask create_database_from_parquet
[2022-08-13 11:44:09,704] {task_command.py:369} INFO - Running <TaskInstance: ETL_Raízen.create_database_from_parquet manual__2022-08-13T11:43:27.898917+00:00 [running]> on host 4bbb34367c41
[2022-08-13 11:44:09,793] {taskinstance.py:1571} INFO - Exporting the following env vars:
AIRFLOW_CTX_DAG_OWNER=***
AIRFLOW_CTX_DAG_ID=ETL_Raízen
AIRFLOW_CTX_TASK_ID=create_database_from_parquet
AIRFLOW_CTX_EXECUTION_DATE=2022-08-13T11:43:27.898917+00:00
AIRFLOW_CTX_TRY_NUMBER=1
AIRFLOW_CTX_DAG_RUN_ID=manual__2022-08-13T11:43:27.898917+00:00
[2022-08-13 11:44:09,795] {ETL_Raizen.py:117} INFO - Creating database to insert data into table oil_derivative
[2022-08-13 11:44:10,349] {ETL_Raizen.py:123} INFO - Creating table oil_derivative
[2022-08-13 11:44:10,350] {ETL_Raizen.py:128} INFO - Inserting data into table oil_derivative
[2022-08-13 11:44:12,823] {ETL_Raizen.py:134} INFO - Checking if the data was successfully inserted into table oil_derivative with pandas
[2022-08-13 11:44:12,823] {ETL_Raizen.py:135} INFO - SELECT * FROM oil_derivative
[2022-08-13 11:44:14,858] {ETL_Raizen.py:137} INFO - Visual check:
[2022-08-13 11:44:14,870] {logging_mixin.py:115} INFO -          uf unit     volume           created_at           product year_month
0  RONDÔNIA   m3   2921.670  2022-08-12 23:32:49  ETANOL HIDRATADO    2000-01
1      ACRE   m3    676.230  2022-08-12 23:32:49  ETANOL HIDRATADO    2000-01
2  AMAZONAS   m3   1465.464  2022-08-12 23:32:49  ETANOL HIDRATADO    2000-01
3   RORAIMA   m3    143.150  2022-08-12 23:32:49  ETANOL HIDRATADO    2000-01
4      PARÁ   m3  30040.007  2022-08-12 23:32:49  ETANOL HIDRATADO    2000-01
[2022-08-13 11:44:14,870] {ETL_Raizen.py:117} INFO - Creating database to insert data into table diesel
[2022-08-13 11:44:14,990] {ETL_Raizen.py:123} INFO - Creating table diesel
[2022-08-13 11:44:14,991] {ETL_Raizen.py:128} INFO - Inserting data into table diesel
[2022-08-13 11:44:15,257] {ETL_Raizen.py:134} INFO - Checking if the data was successfully inserted into table diesel with pandas
[2022-08-13 11:44:15,257] {ETL_Raizen.py:135} INFO - SELECT * FROM diesel
[2022-08-13 11:44:15,552] {ETL_Raizen.py:137} INFO - Visual check:
[2022-08-13 11:44:15,568] {logging_mixin.py:115} INFO -          uf unit  ...               product year_month
0  RONDÔNIA   m3  ...  ÓLEO DIESEL MARÍTIMO    2013-01
1      ACRE   m3  ...  ÓLEO DIESEL MARÍTIMO    2013-01
2  AMAZONAS   m3  ...  ÓLEO DIESEL MARÍTIMO    2013-01
3   RORAIMA   m3  ...  ÓLEO DIESEL MARÍTIMO    2013-01
4      PARÁ   m3  ...  ÓLEO DIESEL MARÍTIMO    2013-01

[5 rows x 6 columns]
[2022-08-13 11:44:15,611] {python.py:173} INFO - Done. Returned value was: None
[2022-08-13 11:44:15,628] {taskinstance.py:1400} INFO - Marking task as SUCCESS. dag_id=ETL_Raízen, task_id=create_database_from_parquet, execution_date=20220813T114327, start_date=20220813T114409, end_date=20220813T114415
[2022-08-13 11:44:15,675] {local_task_job.py:156} INFO - Task exited with return code 0
[2022-08-13 11:44:15,736] {local_task_job.py:273} INFO - 0 downstream tasks scheduled from follow-on schedule check
