[2022-08-12 10:22:20,771] {taskinstance.py:1159} INFO - Dependencies all met for <TaskInstance: ETL_Raízen.data_transformation_and_load manual__2022-08-12T10:19:47.865858+00:00 [queued]>
[2022-08-12 10:22:20,801] {taskinstance.py:1159} INFO - Dependencies all met for <TaskInstance: ETL_Raízen.data_transformation_and_load manual__2022-08-12T10:19:47.865858+00:00 [queued]>
[2022-08-12 10:22:20,806] {taskinstance.py:1356} INFO - 
--------------------------------------------------------------------------------
[2022-08-12 10:22:20,808] {taskinstance.py:1357} INFO - Starting attempt 1 of 1
[2022-08-12 10:22:20,809] {taskinstance.py:1358} INFO - 
--------------------------------------------------------------------------------
[2022-08-12 10:22:20,862] {taskinstance.py:1377} INFO - Executing <Task(PythonOperator): data_transformation_and_load> on 2022-08-12 10:19:47.865858+00:00
[2022-08-12 10:22:20,884] {standard_task_runner.py:52} INFO - Started process 347 to run task
[2022-08-12 10:22:20,882] {standard_task_runner.py:79} INFO - Running: ['***', 'tasks', 'run', 'ETL_Raízen', 'data_transformation_and_load', 'manual__2022-08-12T10:19:47.865858+00:00', '--job-id', '116', '--raw', '--subdir', 'DAGS_FOLDER/ETL_Raizen.py', '--cfg-path', '/tmp/tmpr291qx4b', '--error-file', '/tmp/tmpx0p8j42e']
[2022-08-12 10:22:20,897] {standard_task_runner.py:80} INFO - Job 116: Subtask data_transformation_and_load
[2022-08-12 10:22:21,094] {task_command.py:369} INFO - Running <TaskInstance: ETL_Raízen.data_transformation_and_load manual__2022-08-12T10:19:47.865858+00:00 [running]> on host cc218c529e98
[2022-08-12 10:22:21,303] {taskinstance.py:1571} INFO - Exporting the following env vars:
AIRFLOW_CTX_DAG_OWNER=***
AIRFLOW_CTX_DAG_ID=ETL_Raízen
AIRFLOW_CTX_TASK_ID=data_transformation_and_load
AIRFLOW_CTX_EXECUTION_DATE=2022-08-12T10:19:47.865858+00:00
AIRFLOW_CTX_TRY_NUMBER=1
AIRFLOW_CTX_DAG_RUN_ID=manual__2022-08-12T10:19:47.865858+00:00
[2022-08-12 10:22:21,306] {ETL_Raizen.py:81} INFO - Processing data of sheet DPCache_m3
[2022-08-12 10:22:25,614] {ETL_Raizen.py:124} INFO - Data of sheet DPCache_m3 successfully processed
[2022-08-12 10:22:25,614] {ETL_Raizen.py:125} INFO - Visual check: 
[2022-08-12 10:22:25,637] {logging_mixin.py:115} INFO -       product        uf unit      volume year_month          created_at
0  GASOLINA C  RONDÔNIA   m3  136073.253    2000-01 2022-08-12 10:22:24
1  GASOLINA C      ACRE   m3    3358.346    2000-01 2022-08-12 10:22:24
2  GASOLINA C  AMAZONAS   m3   20766.918    2000-01 2022-08-12 10:22:24
3  GASOLINA C   RORAIMA   m3    3716.032    2000-01 2022-08-12 10:22:24
4  GASOLINA C      PARÁ   m3   29755.907    2000-01 2022-08-12 10:22:24
[2022-08-12 10:22:25,638] {ETL_Raizen.py:129} INFO - Saving processed data into parquet format
[2022-08-12 10:22:42,413] {ETL_Raizen.py:132} INFO - Data successfully saved
[2022-08-12 10:22:42,414] {ETL_Raizen.py:81} INFO - Processing data of sheet DPCache_m3_2
[2022-08-12 10:22:43,033] {ETL_Raizen.py:124} INFO - Data of sheet DPCache_m3_2 successfully processed
[2022-08-12 10:22:43,034] {ETL_Raizen.py:125} INFO - Visual check: 
[2022-08-12 10:22:43,046] {logging_mixin.py:115} INFO -             product        uf unit    volume year_month          created_at
0  ÓLEO DIESEL S-10  RONDÔNIA   m3  81453.67    2013-01 2022-08-12 10:22:42
1  ÓLEO DIESEL S-10      ACRE   m3   1483.00    2013-01 2022-08-12 10:22:42
2  ÓLEO DIESEL S-10  AMAZONAS   m3   6836.30    2013-01 2022-08-12 10:22:42
3  ÓLEO DIESEL S-10   RORAIMA   m3   1475.30    2013-01 2022-08-12 10:22:42
4  ÓLEO DIESEL S-10      PARÁ   m3  40913.48    2013-01 2022-08-12 10:22:42
[2022-08-12 10:22:43,046] {ETL_Raizen.py:129} INFO - Saving processed data into parquet format
[2022-08-12 10:22:46,994] {ETL_Raizen.py:132} INFO - Data successfully saved
[2022-08-12 10:22:46,995] {python.py:173} INFO - Done. Returned value was: None
[2022-08-12 10:22:47,014] {taskinstance.py:1400} INFO - Marking task as SUCCESS. dag_id=ETL_Raízen, task_id=data_transformation_and_load, execution_date=20220812T101947, start_date=20220812T102220, end_date=20220812T102247
[2022-08-12 10:22:47,059] {local_task_job.py:156} INFO - Task exited with return code 0
[2022-08-12 10:22:47,092] {local_task_job.py:273} INFO - 0 downstream tasks scheduled from follow-on schedule check
