[2022-08-13 12:06:57,824] {taskinstance.py:1159} INFO - Dependencies all met for <TaskInstance: ETL_Raízen.create_database_from_parquet manual__2022-08-13T12:06:16.448300+00:00 [queued]>
[2022-08-13 12:06:57,837] {taskinstance.py:1159} INFO - Dependencies all met for <TaskInstance: ETL_Raízen.create_database_from_parquet manual__2022-08-13T12:06:16.448300+00:00 [queued]>
[2022-08-13 12:06:57,838] {taskinstance.py:1356} INFO - 
--------------------------------------------------------------------------------
[2022-08-13 12:06:57,839] {taskinstance.py:1357} INFO - Starting attempt 1 of 1
[2022-08-13 12:06:57,839] {taskinstance.py:1358} INFO - 
--------------------------------------------------------------------------------
[2022-08-13 12:06:57,856] {taskinstance.py:1377} INFO - Executing <Task(PythonOperator): create_database_from_parquet> on 2022-08-13 12:06:16.448300+00:00
[2022-08-13 12:06:57,862] {standard_task_runner.py:52} INFO - Started process 3023 to run task
[2022-08-13 12:06:57,865] {standard_task_runner.py:79} INFO - Running: ['***', 'tasks', 'run', 'ETL_Raízen', 'create_database_from_parquet', 'manual__2022-08-13T12:06:16.448300+00:00', '--job-id', '333', '--raw', '--subdir', 'DAGS_FOLDER/ETL_Raizen.py', '--cfg-path', '/tmp/tmp1pmhr6mk', '--error-file', '/tmp/tmpiiacez2f']
[2022-08-13 12:06:57,867] {standard_task_runner.py:80} INFO - Job 333: Subtask create_database_from_parquet
[2022-08-13 12:06:57,950] {task_command.py:369} INFO - Running <TaskInstance: ETL_Raízen.create_database_from_parquet manual__2022-08-13T12:06:16.448300+00:00 [running]> on host 4bbb34367c41
[2022-08-13 12:06:58,035] {taskinstance.py:1571} INFO - Exporting the following env vars:
AIRFLOW_CTX_DAG_OWNER=***
AIRFLOW_CTX_DAG_ID=ETL_Raízen
AIRFLOW_CTX_TASK_ID=create_database_from_parquet
AIRFLOW_CTX_EXECUTION_DATE=2022-08-13T12:06:16.448300+00:00
AIRFLOW_CTX_TRY_NUMBER=1
AIRFLOW_CTX_DAG_RUN_ID=manual__2022-08-13T12:06:16.448300+00:00
[2022-08-13 12:06:58,036] {ETL_Raizen.py:117} INFO - Creating database to insert data into table oil_derivative
[2022-08-13 12:06:58,322] {local_task_job.py:156} INFO - Task exited with return code Negsignal.SIGSEGV
[2022-08-13 12:06:58,410] {taskinstance.py:1400} INFO - Marking task as FAILED. dag_id=ETL_Raízen, task_id=create_database_from_parquet, execution_date=20220813T120616, start_date=20220813T120657, end_date=20220813T120658
[2022-08-13 12:06:58,472] {local_task_job.py:273} INFO - 0 downstream tasks scheduled from follow-on schedule check
