[2022-08-12 00:00:09,759] {processor.py:153} INFO - Started process (PID=17547) to work on /home/airflow/.local/lib/python3.7/site-packages/airflow/example_dags/example_xcom.py
[2022-08-12 00:00:09,774] {processor.py:641} INFO - Processing file /home/airflow/.local/lib/python3.7/site-packages/airflow/example_dags/example_xcom.py for tasks to queue
[2022-08-12 00:00:09,776] {logging_mixin.py:115} INFO - [2022-08-12 00:00:09,776] {dagbag.py:507} INFO - Filling up the DagBag from /home/airflow/.local/lib/python3.7/site-packages/airflow/example_dags/example_xcom.py
[2022-08-12 00:00:09,875] {processor.py:651} INFO - DAG(s) dict_keys(['example_xcom']) retrieved from /home/airflow/.local/lib/python3.7/site-packages/airflow/example_dags/example_xcom.py
[2022-08-12 00:00:09,951] {logging_mixin.py:115} INFO - [2022-08-12 00:00:09,951] {dag.py:2371} INFO - Sync 1 DAGs
[2022-08-12 00:00:10,015] {logging_mixin.py:115} INFO - [2022-08-12 00:00:10,015] {dag.py:2919} INFO - Setting next_dagrun for example_xcom to 2021-01-01T00:00:00+00:00, run_after=2021-01-01T00:00:00+00:00
[2022-08-12 00:00:10,048] {processor.py:161} INFO - Processing /home/airflow/.local/lib/python3.7/site-packages/airflow/example_dags/example_xcom.py took 0.298 seconds
[2022-08-12 00:00:40,499] {processor.py:153} INFO - Started process (PID=17601) to work on /home/airflow/.local/lib/python3.7/site-packages/airflow/example_dags/example_xcom.py
[2022-08-12 00:00:40,503] {processor.py:641} INFO - Processing file /home/airflow/.local/lib/python3.7/site-packages/airflow/example_dags/example_xcom.py for tasks to queue
[2022-08-12 00:00:40,510] {logging_mixin.py:115} INFO - [2022-08-12 00:00:40,509] {dagbag.py:507} INFO - Filling up the DagBag from /home/airflow/.local/lib/python3.7/site-packages/airflow/example_dags/example_xcom.py
[2022-08-12 00:00:40,596] {processor.py:651} INFO - DAG(s) dict_keys(['example_xcom']) retrieved from /home/airflow/.local/lib/python3.7/site-packages/airflow/example_dags/example_xcom.py
[2022-08-12 00:00:40,863] {logging_mixin.py:115} INFO - [2022-08-12 00:00:40,862] {dag.py:2371} INFO - Sync 1 DAGs
[2022-08-12 00:00:40,926] {logging_mixin.py:115} INFO - [2022-08-12 00:00:40,925] {dag.py:2919} INFO - Setting next_dagrun for example_xcom to 2021-01-01T00:00:00+00:00, run_after=2021-01-01T00:00:00+00:00
[2022-08-12 00:00:40,973] {processor.py:161} INFO - Processing /home/airflow/.local/lib/python3.7/site-packages/airflow/example_dags/example_xcom.py took 0.488 seconds
[2022-08-12 00:01:11,916] {processor.py:153} INFO - Started process (PID=17657) to work on /home/airflow/.local/lib/python3.7/site-packages/airflow/example_dags/example_xcom.py
[2022-08-12 00:01:11,918] {processor.py:641} INFO - Processing file /home/airflow/.local/lib/python3.7/site-packages/airflow/example_dags/example_xcom.py for tasks to queue
[2022-08-12 00:01:11,921] {logging_mixin.py:115} INFO - [2022-08-12 00:01:11,921] {dagbag.py:507} INFO - Filling up the DagBag from /home/airflow/.local/lib/python3.7/site-packages/airflow/example_dags/example_xcom.py
[2022-08-12 00:01:11,992] {processor.py:651} INFO - DAG(s) dict_keys(['example_xcom']) retrieved from /home/airflow/.local/lib/python3.7/site-packages/airflow/example_dags/example_xcom.py
[2022-08-12 00:01:12,227] {logging_mixin.py:115} INFO - [2022-08-12 00:01:12,227] {dag.py:2371} INFO - Sync 1 DAGs
[2022-08-12 00:01:12,281] {logging_mixin.py:115} INFO - [2022-08-12 00:01:12,281] {dag.py:2919} INFO - Setting next_dagrun for example_xcom to 2021-01-01T00:00:00+00:00, run_after=2021-01-01T00:00:00+00:00
[2022-08-12 00:01:12,313] {processor.py:161} INFO - Processing /home/airflow/.local/lib/python3.7/site-packages/airflow/example_dags/example_xcom.py took 0.405 seconds
[2022-08-12 00:01:42,674] {processor.py:153} INFO - Started process (PID=17712) to work on /home/airflow/.local/lib/python3.7/site-packages/airflow/example_dags/example_xcom.py
[2022-08-12 00:01:42,676] {processor.py:641} INFO - Processing file /home/airflow/.local/lib/python3.7/site-packages/airflow/example_dags/example_xcom.py for tasks to queue
[2022-08-12 00:01:42,679] {logging_mixin.py:115} INFO - [2022-08-12 00:01:42,678] {dagbag.py:507} INFO - Filling up the DagBag from /home/airflow/.local/lib/python3.7/site-packages/airflow/example_dags/example_xcom.py
[2022-08-12 00:01:42,762] {processor.py:651} INFO - DAG(s) dict_keys(['example_xcom']) retrieved from /home/airflow/.local/lib/python3.7/site-packages/airflow/example_dags/example_xcom.py
[2022-08-12 00:01:42,910] {logging_mixin.py:115} INFO - [2022-08-12 00:01:42,904] {dag.py:2371} INFO - Sync 1 DAGs
[2022-08-12 00:01:43,011] {logging_mixin.py:115} INFO - [2022-08-12 00:01:43,010] {dag.py:2919} INFO - Setting next_dagrun for example_xcom to 2021-01-01T00:00:00+00:00, run_after=2021-01-01T00:00:00+00:00
[2022-08-12 00:01:43,060] {processor.py:161} INFO - Processing /home/airflow/.local/lib/python3.7/site-packages/airflow/example_dags/example_xcom.py took 0.395 seconds
[2022-08-12 00:02:13,683] {processor.py:153} INFO - Started process (PID=17767) to work on /home/airflow/.local/lib/python3.7/site-packages/airflow/example_dags/example_xcom.py
[2022-08-12 00:02:13,685] {processor.py:641} INFO - Processing file /home/airflow/.local/lib/python3.7/site-packages/airflow/example_dags/example_xcom.py for tasks to queue
[2022-08-12 00:02:13,688] {logging_mixin.py:115} INFO - [2022-08-12 00:02:13,687] {dagbag.py:507} INFO - Filling up the DagBag from /home/airflow/.local/lib/python3.7/site-packages/airflow/example_dags/example_xcom.py
[2022-08-12 00:02:13,762] {processor.py:651} INFO - DAG(s) dict_keys(['example_xcom']) retrieved from /home/airflow/.local/lib/python3.7/site-packages/airflow/example_dags/example_xcom.py
[2022-08-12 00:02:14,009] {logging_mixin.py:115} INFO - [2022-08-12 00:02:14,009] {dag.py:2371} INFO - Sync 1 DAGs
[2022-08-12 00:02:14,063] {logging_mixin.py:115} INFO - [2022-08-12 00:02:14,063] {dag.py:2919} INFO - Setting next_dagrun for example_xcom to 2021-01-01T00:00:00+00:00, run_after=2021-01-01T00:00:00+00:00
[2022-08-12 00:02:14,101] {processor.py:161} INFO - Processing /home/airflow/.local/lib/python3.7/site-packages/airflow/example_dags/example_xcom.py took 0.431 seconds
[2022-08-12 00:02:44,163] {processor.py:153} INFO - Started process (PID=17820) to work on /home/airflow/.local/lib/python3.7/site-packages/airflow/example_dags/example_xcom.py
[2022-08-12 00:02:44,164] {processor.py:641} INFO - Processing file /home/airflow/.local/lib/python3.7/site-packages/airflow/example_dags/example_xcom.py for tasks to queue
[2022-08-12 00:02:44,166] {logging_mixin.py:115} INFO - [2022-08-12 00:02:44,166] {dagbag.py:507} INFO - Filling up the DagBag from /home/airflow/.local/lib/python3.7/site-packages/airflow/example_dags/example_xcom.py
[2022-08-12 00:02:44,212] {processor.py:651} INFO - DAG(s) dict_keys(['example_xcom']) retrieved from /home/airflow/.local/lib/python3.7/site-packages/airflow/example_dags/example_xcom.py
[2022-08-12 00:02:44,263] {logging_mixin.py:115} INFO - [2022-08-12 00:02:44,263] {dag.py:2371} INFO - Sync 1 DAGs
[2022-08-12 00:02:44,312] {logging_mixin.py:115} INFO - [2022-08-12 00:02:44,312] {dag.py:2919} INFO - Setting next_dagrun for example_xcom to 2021-01-01T00:00:00+00:00, run_after=2021-01-01T00:00:00+00:00
[2022-08-12 00:02:44,336] {processor.py:161} INFO - Processing /home/airflow/.local/lib/python3.7/site-packages/airflow/example_dags/example_xcom.py took 0.179 seconds
[2022-08-12 00:03:14,550] {processor.py:153} INFO - Started process (PID=17873) to work on /home/airflow/.local/lib/python3.7/site-packages/airflow/example_dags/example_xcom.py
[2022-08-12 00:03:14,554] {processor.py:641} INFO - Processing file /home/airflow/.local/lib/python3.7/site-packages/airflow/example_dags/example_xcom.py for tasks to queue
[2022-08-12 00:03:14,557] {logging_mixin.py:115} INFO - [2022-08-12 00:03:14,556] {dagbag.py:507} INFO - Filling up the DagBag from /home/airflow/.local/lib/python3.7/site-packages/airflow/example_dags/example_xcom.py
[2022-08-12 00:03:14,625] {processor.py:651} INFO - DAG(s) dict_keys(['example_xcom']) retrieved from /home/airflow/.local/lib/python3.7/site-packages/airflow/example_dags/example_xcom.py
[2022-08-12 00:03:14,959] {logging_mixin.py:115} INFO - [2022-08-12 00:03:14,958] {dag.py:2371} INFO - Sync 1 DAGs
[2022-08-12 00:03:15,032] {logging_mixin.py:115} INFO - [2022-08-12 00:03:15,031] {dag.py:2919} INFO - Setting next_dagrun for example_xcom to 2021-01-01T00:00:00+00:00, run_after=2021-01-01T00:00:00+00:00
[2022-08-12 00:03:15,086] {processor.py:161} INFO - Processing /home/airflow/.local/lib/python3.7/site-packages/airflow/example_dags/example_xcom.py took 0.545 seconds
[2022-08-12 00:03:45,200] {processor.py:153} INFO - Started process (PID=17936) to work on /home/airflow/.local/lib/python3.7/site-packages/airflow/example_dags/example_xcom.py
[2022-08-12 00:03:45,202] {processor.py:641} INFO - Processing file /home/airflow/.local/lib/python3.7/site-packages/airflow/example_dags/example_xcom.py for tasks to queue
[2022-08-12 00:03:45,203] {logging_mixin.py:115} INFO - [2022-08-12 00:03:45,203] {dagbag.py:507} INFO - Filling up the DagBag from /home/airflow/.local/lib/python3.7/site-packages/airflow/example_dags/example_xcom.py
[2022-08-12 00:03:45,247] {processor.py:651} INFO - DAG(s) dict_keys(['example_xcom']) retrieved from /home/airflow/.local/lib/python3.7/site-packages/airflow/example_dags/example_xcom.py
[2022-08-12 00:03:45,414] {logging_mixin.py:115} INFO - [2022-08-12 00:03:45,414] {dag.py:2371} INFO - Sync 1 DAGs
[2022-08-12 00:03:45,465] {logging_mixin.py:115} INFO - [2022-08-12 00:03:45,465] {dag.py:2919} INFO - Setting next_dagrun for example_xcom to 2021-01-01T00:00:00+00:00, run_after=2021-01-01T00:00:00+00:00
[2022-08-12 00:03:45,493] {processor.py:161} INFO - Processing /home/airflow/.local/lib/python3.7/site-packages/airflow/example_dags/example_xcom.py took 0.299 seconds
[2022-08-12 00:04:15,863] {processor.py:153} INFO - Started process (PID=17990) to work on /home/airflow/.local/lib/python3.7/site-packages/airflow/example_dags/example_xcom.py
[2022-08-12 00:04:15,865] {processor.py:641} INFO - Processing file /home/airflow/.local/lib/python3.7/site-packages/airflow/example_dags/example_xcom.py for tasks to queue
[2022-08-12 00:04:15,867] {logging_mixin.py:115} INFO - [2022-08-12 00:04:15,867] {dagbag.py:507} INFO - Filling up the DagBag from /home/airflow/.local/lib/python3.7/site-packages/airflow/example_dags/example_xcom.py
[2022-08-12 00:04:15,914] {processor.py:651} INFO - DAG(s) dict_keys(['example_xcom']) retrieved from /home/airflow/.local/lib/python3.7/site-packages/airflow/example_dags/example_xcom.py
[2022-08-12 00:04:15,971] {logging_mixin.py:115} INFO - [2022-08-12 00:04:15,971] {dag.py:2371} INFO - Sync 1 DAGs
[2022-08-12 00:04:16,016] {logging_mixin.py:115} INFO - [2022-08-12 00:04:16,016] {dag.py:2919} INFO - Setting next_dagrun for example_xcom to 2021-01-01T00:00:00+00:00, run_after=2021-01-01T00:00:00+00:00
[2022-08-12 00:04:16,047] {processor.py:161} INFO - Processing /home/airflow/.local/lib/python3.7/site-packages/airflow/example_dags/example_xcom.py took 0.190 seconds
[2022-08-12 00:04:46,276] {processor.py:153} INFO - Started process (PID=18044) to work on /home/airflow/.local/lib/python3.7/site-packages/airflow/example_dags/example_xcom.py
[2022-08-12 00:04:46,277] {processor.py:641} INFO - Processing file /home/airflow/.local/lib/python3.7/site-packages/airflow/example_dags/example_xcom.py for tasks to queue
[2022-08-12 00:04:46,279] {logging_mixin.py:115} INFO - [2022-08-12 00:04:46,278] {dagbag.py:507} INFO - Filling up the DagBag from /home/airflow/.local/lib/python3.7/site-packages/airflow/example_dags/example_xcom.py
[2022-08-12 00:04:46,319] {processor.py:651} INFO - DAG(s) dict_keys(['example_xcom']) retrieved from /home/airflow/.local/lib/python3.7/site-packages/airflow/example_dags/example_xcom.py
[2022-08-12 00:04:46,375] {logging_mixin.py:115} INFO - [2022-08-12 00:04:46,375] {dag.py:2371} INFO - Sync 1 DAGs
[2022-08-12 00:04:46,420] {logging_mixin.py:115} INFO - [2022-08-12 00:04:46,420] {dag.py:2919} INFO - Setting next_dagrun for example_xcom to 2021-01-01T00:00:00+00:00, run_after=2021-01-01T00:00:00+00:00
[2022-08-12 00:04:46,443] {processor.py:161} INFO - Processing /home/airflow/.local/lib/python3.7/site-packages/airflow/example_dags/example_xcom.py took 0.172 seconds
[2022-08-12 00:05:17,252] {processor.py:153} INFO - Started process (PID=18098) to work on /home/airflow/.local/lib/python3.7/site-packages/airflow/example_dags/example_xcom.py
[2022-08-12 00:05:17,254] {processor.py:641} INFO - Processing file /home/airflow/.local/lib/python3.7/site-packages/airflow/example_dags/example_xcom.py for tasks to queue
[2022-08-12 00:05:17,256] {logging_mixin.py:115} INFO - [2022-08-12 00:05:17,256] {dagbag.py:507} INFO - Filling up the DagBag from /home/airflow/.local/lib/python3.7/site-packages/airflow/example_dags/example_xcom.py
[2022-08-12 00:05:17,316] {processor.py:651} INFO - DAG(s) dict_keys(['example_xcom']) retrieved from /home/airflow/.local/lib/python3.7/site-packages/airflow/example_dags/example_xcom.py
[2022-08-12 00:05:17,425] {logging_mixin.py:115} INFO - [2022-08-12 00:05:17,424] {dag.py:2371} INFO - Sync 1 DAGs
[2022-08-12 00:05:17,497] {logging_mixin.py:115} INFO - [2022-08-12 00:05:17,497] {dag.py:2919} INFO - Setting next_dagrun for example_xcom to 2021-01-01T00:00:00+00:00, run_after=2021-01-01T00:00:00+00:00
[2022-08-12 00:05:17,538] {processor.py:161} INFO - Processing /home/airflow/.local/lib/python3.7/site-packages/airflow/example_dags/example_xcom.py took 0.293 seconds
[2022-08-12 00:05:47,741] {processor.py:153} INFO - Started process (PID=18153) to work on /home/airflow/.local/lib/python3.7/site-packages/airflow/example_dags/example_xcom.py
[2022-08-12 00:05:47,743] {processor.py:641} INFO - Processing file /home/airflow/.local/lib/python3.7/site-packages/airflow/example_dags/example_xcom.py for tasks to queue
[2022-08-12 00:05:47,746] {logging_mixin.py:115} INFO - [2022-08-12 00:05:47,745] {dagbag.py:507} INFO - Filling up the DagBag from /home/airflow/.local/lib/python3.7/site-packages/airflow/example_dags/example_xcom.py
[2022-08-12 00:05:47,838] {processor.py:651} INFO - DAG(s) dict_keys(['example_xcom']) retrieved from /home/airflow/.local/lib/python3.7/site-packages/airflow/example_dags/example_xcom.py
[2022-08-12 00:05:47,947] {logging_mixin.py:115} INFO - [2022-08-12 00:05:47,946] {dag.py:2371} INFO - Sync 1 DAGs
[2022-08-12 00:05:48,008] {logging_mixin.py:115} INFO - [2022-08-12 00:05:48,008] {dag.py:2919} INFO - Setting next_dagrun for example_xcom to 2021-01-01T00:00:00+00:00, run_after=2021-01-01T00:00:00+00:00
[2022-08-12 00:05:48,042] {processor.py:161} INFO - Processing /home/airflow/.local/lib/python3.7/site-packages/airflow/example_dags/example_xcom.py took 0.311 seconds
[2022-08-12 00:06:18,297] {processor.py:153} INFO - Started process (PID=18216) to work on /home/airflow/.local/lib/python3.7/site-packages/airflow/example_dags/example_xcom.py
[2022-08-12 00:06:18,300] {processor.py:641} INFO - Processing file /home/airflow/.local/lib/python3.7/site-packages/airflow/example_dags/example_xcom.py for tasks to queue
[2022-08-12 00:06:18,303] {logging_mixin.py:115} INFO - [2022-08-12 00:06:18,303] {dagbag.py:507} INFO - Filling up the DagBag from /home/airflow/.local/lib/python3.7/site-packages/airflow/example_dags/example_xcom.py
[2022-08-12 00:06:18,377] {processor.py:651} INFO - DAG(s) dict_keys(['example_xcom']) retrieved from /home/airflow/.local/lib/python3.7/site-packages/airflow/example_dags/example_xcom.py
[2022-08-12 00:06:18,580] {logging_mixin.py:115} INFO - [2022-08-12 00:06:18,580] {dag.py:2371} INFO - Sync 1 DAGs
[2022-08-12 00:06:18,652] {logging_mixin.py:115} INFO - [2022-08-12 00:06:18,651] {dag.py:2919} INFO - Setting next_dagrun for example_xcom to 2021-01-01T00:00:00+00:00, run_after=2021-01-01T00:00:00+00:00
[2022-08-12 00:06:18,709] {processor.py:161} INFO - Processing /home/airflow/.local/lib/python3.7/site-packages/airflow/example_dags/example_xcom.py took 0.426 seconds
[2022-08-12 00:06:48,994] {processor.py:153} INFO - Started process (PID=18269) to work on /home/airflow/.local/lib/python3.7/site-packages/airflow/example_dags/example_xcom.py
[2022-08-12 00:06:48,996] {processor.py:641} INFO - Processing file /home/airflow/.local/lib/python3.7/site-packages/airflow/example_dags/example_xcom.py for tasks to queue
[2022-08-12 00:06:48,998] {logging_mixin.py:115} INFO - [2022-08-12 00:06:48,998] {dagbag.py:507} INFO - Filling up the DagBag from /home/airflow/.local/lib/python3.7/site-packages/airflow/example_dags/example_xcom.py
[2022-08-12 00:06:49,045] {processor.py:651} INFO - DAG(s) dict_keys(['example_xcom']) retrieved from /home/airflow/.local/lib/python3.7/site-packages/airflow/example_dags/example_xcom.py
[2022-08-12 00:06:49,226] {logging_mixin.py:115} INFO - [2022-08-12 00:06:49,225] {dag.py:2371} INFO - Sync 1 DAGs
[2022-08-12 00:06:49,285] {logging_mixin.py:115} INFO - [2022-08-12 00:06:49,284] {dag.py:2919} INFO - Setting next_dagrun for example_xcom to 2021-01-01T00:00:00+00:00, run_after=2021-01-01T00:00:00+00:00
[2022-08-12 00:06:49,323] {processor.py:161} INFO - Processing /home/airflow/.local/lib/python3.7/site-packages/airflow/example_dags/example_xcom.py took 0.337 seconds
