[2022-08-12 00:00:16,760] {processor.py:153} INFO - Started process (PID=17572) to work on /home/airflow/.local/lib/python3.7/site-packages/airflow/example_dags/example_branch_python_dop_operator_3.py
[2022-08-12 00:00:16,766] {processor.py:641} INFO - Processing file /home/airflow/.local/lib/python3.7/site-packages/airflow/example_dags/example_branch_python_dop_operator_3.py for tasks to queue
[2022-08-12 00:00:16,768] {logging_mixin.py:115} INFO - [2022-08-12 00:00:16,768] {dagbag.py:507} INFO - Filling up the DagBag from /home/airflow/.local/lib/python3.7/site-packages/airflow/example_dags/example_branch_python_dop_operator_3.py
[2022-08-12 00:00:16,819] {processor.py:651} INFO - DAG(s) dict_keys(['example_branch_dop_operator_v3']) retrieved from /home/airflow/.local/lib/python3.7/site-packages/airflow/example_dags/example_branch_python_dop_operator_3.py
[2022-08-12 00:00:16,925] {logging_mixin.py:115} INFO - [2022-08-12 00:00:16,924] {dag.py:2371} INFO - Sync 1 DAGs
[2022-08-12 00:00:17,029] {logging_mixin.py:115} INFO - [2022-08-12 00:00:17,029] {dag.py:2919} INFO - Setting next_dagrun for example_branch_dop_operator_v3 to 2022-08-11T23:59:00+00:00, run_after=2022-08-12T00:00:00+00:00
[2022-08-12 00:00:17,142] {processor.py:161} INFO - Processing /home/airflow/.local/lib/python3.7/site-packages/airflow/example_dags/example_branch_python_dop_operator_3.py took 0.408 seconds
[2022-08-12 00:00:48,707] {processor.py:153} INFO - Started process (PID=17624) to work on /home/airflow/.local/lib/python3.7/site-packages/airflow/example_dags/example_branch_python_dop_operator_3.py
[2022-08-12 00:00:48,710] {processor.py:641} INFO - Processing file /home/airflow/.local/lib/python3.7/site-packages/airflow/example_dags/example_branch_python_dop_operator_3.py for tasks to queue
[2022-08-12 00:00:48,713] {logging_mixin.py:115} INFO - [2022-08-12 00:00:48,713] {dagbag.py:507} INFO - Filling up the DagBag from /home/airflow/.local/lib/python3.7/site-packages/airflow/example_dags/example_branch_python_dop_operator_3.py
[2022-08-12 00:00:48,757] {processor.py:651} INFO - DAG(s) dict_keys(['example_branch_dop_operator_v3']) retrieved from /home/airflow/.local/lib/python3.7/site-packages/airflow/example_dags/example_branch_python_dop_operator_3.py
[2022-08-12 00:00:48,933] {logging_mixin.py:115} INFO - [2022-08-12 00:00:48,932] {dag.py:2371} INFO - Sync 1 DAGs
[2022-08-12 00:00:49,221] {logging_mixin.py:115} INFO - [2022-08-12 00:00:49,221] {dag.py:2919} INFO - Setting next_dagrun for example_branch_dop_operator_v3 to 2022-08-11T23:59:00+00:00, run_after=2022-08-12T00:00:00+00:00
[2022-08-12 00:00:49,297] {processor.py:161} INFO - Processing /home/airflow/.local/lib/python3.7/site-packages/airflow/example_dags/example_branch_python_dop_operator_3.py took 0.625 seconds
[2022-08-12 00:01:19,744] {processor.py:153} INFO - Started process (PID=17679) to work on /home/airflow/.local/lib/python3.7/site-packages/airflow/example_dags/example_branch_python_dop_operator_3.py
[2022-08-12 00:01:19,746] {processor.py:641} INFO - Processing file /home/airflow/.local/lib/python3.7/site-packages/airflow/example_dags/example_branch_python_dop_operator_3.py for tasks to queue
[2022-08-12 00:01:19,749] {logging_mixin.py:115} INFO - [2022-08-12 00:01:19,749] {dagbag.py:507} INFO - Filling up the DagBag from /home/airflow/.local/lib/python3.7/site-packages/airflow/example_dags/example_branch_python_dop_operator_3.py
[2022-08-12 00:01:19,775] {processor.py:651} INFO - DAG(s) dict_keys(['example_branch_dop_operator_v3']) retrieved from /home/airflow/.local/lib/python3.7/site-packages/airflow/example_dags/example_branch_python_dop_operator_3.py
[2022-08-12 00:01:19,864] {logging_mixin.py:115} INFO - [2022-08-12 00:01:19,864] {dag.py:2371} INFO - Sync 1 DAGs
[2022-08-12 00:01:19,937] {logging_mixin.py:115} INFO - [2022-08-12 00:01:19,937] {dag.py:2919} INFO - Setting next_dagrun for example_branch_dop_operator_v3 to 2022-08-12T00:00:00+00:00, run_after=2022-08-12T00:01:00+00:00
[2022-08-12 00:01:19,968] {processor.py:161} INFO - Processing /home/airflow/.local/lib/python3.7/site-packages/airflow/example_dags/example_branch_python_dop_operator_3.py took 0.234 seconds
[2022-08-12 00:01:50,291] {processor.py:153} INFO - Started process (PID=17733) to work on /home/airflow/.local/lib/python3.7/site-packages/airflow/example_dags/example_branch_python_dop_operator_3.py
[2022-08-12 00:01:50,293] {processor.py:641} INFO - Processing file /home/airflow/.local/lib/python3.7/site-packages/airflow/example_dags/example_branch_python_dop_operator_3.py for tasks to queue
[2022-08-12 00:01:50,295] {logging_mixin.py:115} INFO - [2022-08-12 00:01:50,294] {dagbag.py:507} INFO - Filling up the DagBag from /home/airflow/.local/lib/python3.7/site-packages/airflow/example_dags/example_branch_python_dop_operator_3.py
[2022-08-12 00:01:50,331] {processor.py:651} INFO - DAG(s) dict_keys(['example_branch_dop_operator_v3']) retrieved from /home/airflow/.local/lib/python3.7/site-packages/airflow/example_dags/example_branch_python_dop_operator_3.py
[2022-08-12 00:01:50,421] {logging_mixin.py:115} INFO - [2022-08-12 00:01:50,421] {dag.py:2371} INFO - Sync 1 DAGs
[2022-08-12 00:01:50,719] {logging_mixin.py:115} INFO - [2022-08-12 00:01:50,719] {dag.py:2919} INFO - Setting next_dagrun for example_branch_dop_operator_v3 to 2022-08-12T00:00:00+00:00, run_after=2022-08-12T00:01:00+00:00
[2022-08-12 00:01:50,796] {processor.py:161} INFO - Processing /home/airflow/.local/lib/python3.7/site-packages/airflow/example_dags/example_branch_python_dop_operator_3.py took 0.515 seconds
[2022-08-12 00:02:21,608] {processor.py:153} INFO - Started process (PID=17787) to work on /home/airflow/.local/lib/python3.7/site-packages/airflow/example_dags/example_branch_python_dop_operator_3.py
[2022-08-12 00:02:21,609] {processor.py:641} INFO - Processing file /home/airflow/.local/lib/python3.7/site-packages/airflow/example_dags/example_branch_python_dop_operator_3.py for tasks to queue
[2022-08-12 00:02:21,611] {logging_mixin.py:115} INFO - [2022-08-12 00:02:21,611] {dagbag.py:507} INFO - Filling up the DagBag from /home/airflow/.local/lib/python3.7/site-packages/airflow/example_dags/example_branch_python_dop_operator_3.py
[2022-08-12 00:02:21,629] {processor.py:651} INFO - DAG(s) dict_keys(['example_branch_dop_operator_v3']) retrieved from /home/airflow/.local/lib/python3.7/site-packages/airflow/example_dags/example_branch_python_dop_operator_3.py
[2022-08-12 00:02:21,684] {logging_mixin.py:115} INFO - [2022-08-12 00:02:21,684] {dag.py:2371} INFO - Sync 1 DAGs
[2022-08-12 00:02:21,747] {logging_mixin.py:115} INFO - [2022-08-12 00:02:21,746] {dag.py:2919} INFO - Setting next_dagrun for example_branch_dop_operator_v3 to 2022-08-12T00:01:00+00:00, run_after=2022-08-12T00:02:00+00:00
[2022-08-12 00:02:21,776] {processor.py:161} INFO - Processing /home/airflow/.local/lib/python3.7/site-packages/airflow/example_dags/example_branch_python_dop_operator_3.py took 0.175 seconds
[2022-08-12 00:02:51,908] {processor.py:153} INFO - Started process (PID=17841) to work on /home/airflow/.local/lib/python3.7/site-packages/airflow/example_dags/example_branch_python_dop_operator_3.py
[2022-08-12 00:02:51,909] {processor.py:641} INFO - Processing file /home/airflow/.local/lib/python3.7/site-packages/airflow/example_dags/example_branch_python_dop_operator_3.py for tasks to queue
[2022-08-12 00:02:51,911] {logging_mixin.py:115} INFO - [2022-08-12 00:02:51,910] {dagbag.py:507} INFO - Filling up the DagBag from /home/airflow/.local/lib/python3.7/site-packages/airflow/example_dags/example_branch_python_dop_operator_3.py
[2022-08-12 00:02:51,925] {processor.py:651} INFO - DAG(s) dict_keys(['example_branch_dop_operator_v3']) retrieved from /home/airflow/.local/lib/python3.7/site-packages/airflow/example_dags/example_branch_python_dop_operator_3.py
[2022-08-12 00:02:51,973] {logging_mixin.py:115} INFO - [2022-08-12 00:02:51,973] {dag.py:2371} INFO - Sync 1 DAGs
[2022-08-12 00:02:52,041] {logging_mixin.py:115} INFO - [2022-08-12 00:02:52,041] {dag.py:2919} INFO - Setting next_dagrun for example_branch_dop_operator_v3 to 2022-08-12T00:01:00+00:00, run_after=2022-08-12T00:02:00+00:00
[2022-08-12 00:02:52,071] {processor.py:161} INFO - Processing /home/airflow/.local/lib/python3.7/site-packages/airflow/example_dags/example_branch_python_dop_operator_3.py took 0.168 seconds
[2022-08-12 00:03:22,881] {processor.py:153} INFO - Started process (PID=17895) to work on /home/airflow/.local/lib/python3.7/site-packages/airflow/example_dags/example_branch_python_dop_operator_3.py
[2022-08-12 00:03:22,886] {processor.py:641} INFO - Processing file /home/airflow/.local/lib/python3.7/site-packages/airflow/example_dags/example_branch_python_dop_operator_3.py for tasks to queue
[2022-08-12 00:03:22,888] {logging_mixin.py:115} INFO - [2022-08-12 00:03:22,888] {dagbag.py:507} INFO - Filling up the DagBag from /home/airflow/.local/lib/python3.7/site-packages/airflow/example_dags/example_branch_python_dop_operator_3.py
[2022-08-12 00:03:22,921] {processor.py:651} INFO - DAG(s) dict_keys(['example_branch_dop_operator_v3']) retrieved from /home/airflow/.local/lib/python3.7/site-packages/airflow/example_dags/example_branch_python_dop_operator_3.py
[2022-08-12 00:03:23,026] {logging_mixin.py:115} INFO - [2022-08-12 00:03:23,026] {dag.py:2371} INFO - Sync 1 DAGs
[2022-08-12 00:03:23,154] {logging_mixin.py:115} INFO - [2022-08-12 00:03:23,153] {dag.py:2919} INFO - Setting next_dagrun for example_branch_dop_operator_v3 to 2022-08-12T00:02:00+00:00, run_after=2022-08-12T00:03:00+00:00
[2022-08-12 00:03:23,204] {processor.py:161} INFO - Processing /home/airflow/.local/lib/python3.7/site-packages/airflow/example_dags/example_branch_python_dop_operator_3.py took 0.336 seconds
[2022-08-12 00:03:53,831] {processor.py:153} INFO - Started process (PID=17949) to work on /home/airflow/.local/lib/python3.7/site-packages/airflow/example_dags/example_branch_python_dop_operator_3.py
[2022-08-12 00:03:53,834] {processor.py:641} INFO - Processing file /home/airflow/.local/lib/python3.7/site-packages/airflow/example_dags/example_branch_python_dop_operator_3.py for tasks to queue
[2022-08-12 00:03:53,852] {logging_mixin.py:115} INFO - [2022-08-12 00:03:53,838] {dagbag.py:507} INFO - Filling up the DagBag from /home/airflow/.local/lib/python3.7/site-packages/airflow/example_dags/example_branch_python_dop_operator_3.py
[2022-08-12 00:03:53,903] {processor.py:651} INFO - DAG(s) dict_keys(['example_branch_dop_operator_v3']) retrieved from /home/airflow/.local/lib/python3.7/site-packages/airflow/example_dags/example_branch_python_dop_operator_3.py
[2022-08-12 00:03:54,079] {logging_mixin.py:115} INFO - [2022-08-12 00:03:54,079] {dag.py:2371} INFO - Sync 1 DAGs
[2022-08-12 00:03:54,182] {logging_mixin.py:115} INFO - [2022-08-12 00:03:54,181] {dag.py:2919} INFO - Setting next_dagrun for example_branch_dop_operator_v3 to 2022-08-12T00:02:00+00:00, run_after=2022-08-12T00:03:00+00:00
[2022-08-12 00:03:54,211] {processor.py:161} INFO - Processing /home/airflow/.local/lib/python3.7/site-packages/airflow/example_dags/example_branch_python_dop_operator_3.py took 0.391 seconds
[2022-08-12 00:04:24,621] {processor.py:153} INFO - Started process (PID=18003) to work on /home/airflow/.local/lib/python3.7/site-packages/airflow/example_dags/example_branch_python_dop_operator_3.py
[2022-08-12 00:04:24,642] {processor.py:641} INFO - Processing file /home/airflow/.local/lib/python3.7/site-packages/airflow/example_dags/example_branch_python_dop_operator_3.py for tasks to queue
[2022-08-12 00:04:24,653] {logging_mixin.py:115} INFO - [2022-08-12 00:04:24,653] {dagbag.py:507} INFO - Filling up the DagBag from /home/airflow/.local/lib/python3.7/site-packages/airflow/example_dags/example_branch_python_dop_operator_3.py
[2022-08-12 00:04:24,680] {processor.py:651} INFO - DAG(s) dict_keys(['example_branch_dop_operator_v3']) retrieved from /home/airflow/.local/lib/python3.7/site-packages/airflow/example_dags/example_branch_python_dop_operator_3.py
[2022-08-12 00:04:24,809] {logging_mixin.py:115} INFO - [2022-08-12 00:04:24,809] {dag.py:2371} INFO - Sync 1 DAGs
[2022-08-12 00:04:24,945] {logging_mixin.py:115} INFO - [2022-08-12 00:04:24,944] {dag.py:2919} INFO - Setting next_dagrun for example_branch_dop_operator_v3 to 2022-08-12T00:03:00+00:00, run_after=2022-08-12T00:04:00+00:00
[2022-08-12 00:04:25,056] {processor.py:161} INFO - Processing /home/airflow/.local/lib/python3.7/site-packages/airflow/example_dags/example_branch_python_dop_operator_3.py took 0.450 seconds
[2022-08-12 00:04:55,300] {processor.py:153} INFO - Started process (PID=18066) to work on /home/airflow/.local/lib/python3.7/site-packages/airflow/example_dags/example_branch_python_dop_operator_3.py
[2022-08-12 00:04:55,309] {processor.py:641} INFO - Processing file /home/airflow/.local/lib/python3.7/site-packages/airflow/example_dags/example_branch_python_dop_operator_3.py for tasks to queue
[2022-08-12 00:04:55,313] {logging_mixin.py:115} INFO - [2022-08-12 00:04:55,313] {dagbag.py:507} INFO - Filling up the DagBag from /home/airflow/.local/lib/python3.7/site-packages/airflow/example_dags/example_branch_python_dop_operator_3.py
[2022-08-12 00:04:55,336] {processor.py:651} INFO - DAG(s) dict_keys(['example_branch_dop_operator_v3']) retrieved from /home/airflow/.local/lib/python3.7/site-packages/airflow/example_dags/example_branch_python_dop_operator_3.py
[2022-08-12 00:04:55,424] {logging_mixin.py:115} INFO - [2022-08-12 00:04:55,424] {dag.py:2371} INFO - Sync 1 DAGs
[2022-08-12 00:04:55,500] {logging_mixin.py:115} INFO - [2022-08-12 00:04:55,500] {dag.py:2919} INFO - Setting next_dagrun for example_branch_dop_operator_v3 to 2022-08-12T00:03:00+00:00, run_after=2022-08-12T00:04:00+00:00
[2022-08-12 00:04:55,532] {processor.py:161} INFO - Processing /home/airflow/.local/lib/python3.7/site-packages/airflow/example_dags/example_branch_python_dop_operator_3.py took 0.246 seconds
[2022-08-12 00:05:26,003] {processor.py:153} INFO - Started process (PID=18121) to work on /home/airflow/.local/lib/python3.7/site-packages/airflow/example_dags/example_branch_python_dop_operator_3.py
[2022-08-12 00:05:26,016] {processor.py:641} INFO - Processing file /home/airflow/.local/lib/python3.7/site-packages/airflow/example_dags/example_branch_python_dop_operator_3.py for tasks to queue
[2022-08-12 00:05:26,019] {logging_mixin.py:115} INFO - [2022-08-12 00:05:26,018] {dagbag.py:507} INFO - Filling up the DagBag from /home/airflow/.local/lib/python3.7/site-packages/airflow/example_dags/example_branch_python_dop_operator_3.py
[2022-08-12 00:05:26,069] {processor.py:651} INFO - DAG(s) dict_keys(['example_branch_dop_operator_v3']) retrieved from /home/airflow/.local/lib/python3.7/site-packages/airflow/example_dags/example_branch_python_dop_operator_3.py
[2022-08-12 00:05:26,196] {logging_mixin.py:115} INFO - [2022-08-12 00:05:26,195] {dag.py:2371} INFO - Sync 1 DAGs
[2022-08-12 00:05:26,350] {logging_mixin.py:115} INFO - [2022-08-12 00:05:26,350] {dag.py:2919} INFO - Setting next_dagrun for example_branch_dop_operator_v3 to 2022-08-12T00:04:00+00:00, run_after=2022-08-12T00:05:00+00:00
[2022-08-12 00:05:26,399] {processor.py:161} INFO - Processing /home/airflow/.local/lib/python3.7/site-packages/airflow/example_dags/example_branch_python_dop_operator_3.py took 0.405 seconds
[2022-08-12 00:05:56,616] {processor.py:153} INFO - Started process (PID=18175) to work on /home/airflow/.local/lib/python3.7/site-packages/airflow/example_dags/example_branch_python_dop_operator_3.py
[2022-08-12 00:05:56,618] {processor.py:641} INFO - Processing file /home/airflow/.local/lib/python3.7/site-packages/airflow/example_dags/example_branch_python_dop_operator_3.py for tasks to queue
[2022-08-12 00:05:56,620] {logging_mixin.py:115} INFO - [2022-08-12 00:05:56,620] {dagbag.py:507} INFO - Filling up the DagBag from /home/airflow/.local/lib/python3.7/site-packages/airflow/example_dags/example_branch_python_dop_operator_3.py
[2022-08-12 00:05:56,650] {processor.py:651} INFO - DAG(s) dict_keys(['example_branch_dop_operator_v3']) retrieved from /home/airflow/.local/lib/python3.7/site-packages/airflow/example_dags/example_branch_python_dop_operator_3.py
[2022-08-12 00:05:56,721] {logging_mixin.py:115} INFO - [2022-08-12 00:05:56,721] {dag.py:2371} INFO - Sync 1 DAGs
[2022-08-12 00:05:56,818] {logging_mixin.py:115} INFO - [2022-08-12 00:05:56,818] {dag.py:2919} INFO - Setting next_dagrun for example_branch_dop_operator_v3 to 2022-08-12T00:04:00+00:00, run_after=2022-08-12T00:05:00+00:00
[2022-08-12 00:05:56,855] {processor.py:161} INFO - Processing /home/airflow/.local/lib/python3.7/site-packages/airflow/example_dags/example_branch_python_dop_operator_3.py took 0.249 seconds
[2022-08-12 00:06:27,127] {processor.py:153} INFO - Started process (PID=18228) to work on /home/airflow/.local/lib/python3.7/site-packages/airflow/example_dags/example_branch_python_dop_operator_3.py
[2022-08-12 00:06:27,130] {processor.py:641} INFO - Processing file /home/airflow/.local/lib/python3.7/site-packages/airflow/example_dags/example_branch_python_dop_operator_3.py for tasks to queue
[2022-08-12 00:06:27,134] {logging_mixin.py:115} INFO - [2022-08-12 00:06:27,133] {dagbag.py:507} INFO - Filling up the DagBag from /home/airflow/.local/lib/python3.7/site-packages/airflow/example_dags/example_branch_python_dop_operator_3.py
[2022-08-12 00:06:27,205] {processor.py:651} INFO - DAG(s) dict_keys(['example_branch_dop_operator_v3']) retrieved from /home/airflow/.local/lib/python3.7/site-packages/airflow/example_dags/example_branch_python_dop_operator_3.py
[2022-08-12 00:06:27,343] {logging_mixin.py:115} INFO - [2022-08-12 00:06:27,342] {dag.py:2371} INFO - Sync 1 DAGs
[2022-08-12 00:06:27,445] {logging_mixin.py:115} INFO - [2022-08-12 00:06:27,445] {dag.py:2919} INFO - Setting next_dagrun for example_branch_dop_operator_v3 to 2022-08-12T00:05:00+00:00, run_after=2022-08-12T00:06:00+00:00
[2022-08-12 00:06:27,545] {processor.py:161} INFO - Processing /home/airflow/.local/lib/python3.7/site-packages/airflow/example_dags/example_branch_python_dop_operator_3.py took 0.457 seconds
[2022-08-12 00:06:57,788] {processor.py:153} INFO - Started process (PID=18279) to work on /home/airflow/.local/lib/python3.7/site-packages/airflow/example_dags/example_branch_python_dop_operator_3.py
[2022-08-12 00:06:57,790] {processor.py:641} INFO - Processing file /home/airflow/.local/lib/python3.7/site-packages/airflow/example_dags/example_branch_python_dop_operator_3.py for tasks to queue
[2022-08-12 00:06:57,792] {logging_mixin.py:115} INFO - [2022-08-12 00:06:57,792] {dagbag.py:507} INFO - Filling up the DagBag from /home/airflow/.local/lib/python3.7/site-packages/airflow/example_dags/example_branch_python_dop_operator_3.py
[2022-08-12 00:06:57,892] {processor.py:651} INFO - DAG(s) dict_keys(['example_branch_dop_operator_v3']) retrieved from /home/airflow/.local/lib/python3.7/site-packages/airflow/example_dags/example_branch_python_dop_operator_3.py
[2022-08-12 00:06:58,009] {logging_mixin.py:115} INFO - [2022-08-12 00:06:58,008] {dag.py:2371} INFO - Sync 1 DAGs
[2022-08-12 00:06:58,276] {logging_mixin.py:115} INFO - [2022-08-12 00:06:58,276] {dag.py:2919} INFO - Setting next_dagrun for example_branch_dop_operator_v3 to 2022-08-12T00:05:00+00:00, run_after=2022-08-12T00:06:00+00:00
[2022-08-12 00:06:58,320] {processor.py:161} INFO - Processing /home/airflow/.local/lib/python3.7/site-packages/airflow/example_dags/example_branch_python_dop_operator_3.py took 0.575 seconds
