[2022-08-12 00:00:09,775] {processor.py:153} INFO - Started process (PID=17548) to work on /home/airflow/.local/lib/python3.7/site-packages/airflow/example_dags/tutorial_taskflow_api_etl.py
[2022-08-12 00:00:09,776] {processor.py:641} INFO - Processing file /home/airflow/.local/lib/python3.7/site-packages/airflow/example_dags/tutorial_taskflow_api_etl.py for tasks to queue
[2022-08-12 00:00:09,779] {logging_mixin.py:115} INFO - [2022-08-12 00:00:09,778] {dagbag.py:507} INFO - Filling up the DagBag from /home/airflow/.local/lib/python3.7/site-packages/airflow/example_dags/tutorial_taskflow_api_etl.py
[2022-08-12 00:00:09,848] {processor.py:651} INFO - DAG(s) dict_keys(['tutorial_taskflow_api_etl']) retrieved from /home/airflow/.local/lib/python3.7/site-packages/airflow/example_dags/tutorial_taskflow_api_etl.py
[2022-08-12 00:00:09,938] {logging_mixin.py:115} INFO - [2022-08-12 00:00:09,937] {dag.py:2371} INFO - Sync 1 DAGs
[2022-08-12 00:00:09,983] {logging_mixin.py:115} INFO - [2022-08-12 00:00:09,982] {dag.py:2919} INFO - Setting next_dagrun for tutorial_taskflow_api_etl to None, run_after=None
[2022-08-12 00:00:10,021] {processor.py:161} INFO - Processing /home/airflow/.local/lib/python3.7/site-packages/airflow/example_dags/tutorial_taskflow_api_etl.py took 0.260 seconds
[2022-08-12 00:00:40,500] {processor.py:153} INFO - Started process (PID=17602) to work on /home/airflow/.local/lib/python3.7/site-packages/airflow/example_dags/tutorial_taskflow_api_etl.py
[2022-08-12 00:00:40,503] {processor.py:641} INFO - Processing file /home/airflow/.local/lib/python3.7/site-packages/airflow/example_dags/tutorial_taskflow_api_etl.py for tasks to queue
[2022-08-12 00:00:40,507] {logging_mixin.py:115} INFO - [2022-08-12 00:00:40,507] {dagbag.py:507} INFO - Filling up the DagBag from /home/airflow/.local/lib/python3.7/site-packages/airflow/example_dags/tutorial_taskflow_api_etl.py
[2022-08-12 00:00:40,586] {processor.py:651} INFO - DAG(s) dict_keys(['tutorial_taskflow_api_etl']) retrieved from /home/airflow/.local/lib/python3.7/site-packages/airflow/example_dags/tutorial_taskflow_api_etl.py
[2022-08-12 00:00:40,849] {logging_mixin.py:115} INFO - [2022-08-12 00:00:40,849] {dag.py:2371} INFO - Sync 1 DAGs
[2022-08-12 00:00:40,919] {logging_mixin.py:115} INFO - [2022-08-12 00:00:40,919] {dag.py:2919} INFO - Setting next_dagrun for tutorial_taskflow_api_etl to None, run_after=None
[2022-08-12 00:00:40,962] {processor.py:161} INFO - Processing /home/airflow/.local/lib/python3.7/site-packages/airflow/example_dags/tutorial_taskflow_api_etl.py took 0.472 seconds
[2022-08-12 00:01:11,921] {processor.py:153} INFO - Started process (PID=17658) to work on /home/airflow/.local/lib/python3.7/site-packages/airflow/example_dags/tutorial_taskflow_api_etl.py
[2022-08-12 00:01:11,923] {processor.py:641} INFO - Processing file /home/airflow/.local/lib/python3.7/site-packages/airflow/example_dags/tutorial_taskflow_api_etl.py for tasks to queue
[2022-08-12 00:01:11,944] {logging_mixin.py:115} INFO - [2022-08-12 00:01:11,944] {dagbag.py:507} INFO - Filling up the DagBag from /home/airflow/.local/lib/python3.7/site-packages/airflow/example_dags/tutorial_taskflow_api_etl.py
[2022-08-12 00:01:12,013] {processor.py:651} INFO - DAG(s) dict_keys(['tutorial_taskflow_api_etl']) retrieved from /home/airflow/.local/lib/python3.7/site-packages/airflow/example_dags/tutorial_taskflow_api_etl.py
[2022-08-12 00:01:12,121] {logging_mixin.py:115} INFO - [2022-08-12 00:01:12,120] {dag.py:2371} INFO - Sync 1 DAGs
[2022-08-12 00:01:12,197] {logging_mixin.py:115} INFO - [2022-08-12 00:01:12,197] {dag.py:2919} INFO - Setting next_dagrun for tutorial_taskflow_api_etl to None, run_after=None
[2022-08-12 00:01:12,228] {processor.py:161} INFO - Processing /home/airflow/.local/lib/python3.7/site-packages/airflow/example_dags/tutorial_taskflow_api_etl.py took 0.321 seconds
[2022-08-12 00:01:42,674] {processor.py:153} INFO - Started process (PID=17713) to work on /home/airflow/.local/lib/python3.7/site-packages/airflow/example_dags/tutorial_taskflow_api_etl.py
[2022-08-12 00:01:42,677] {processor.py:641} INFO - Processing file /home/airflow/.local/lib/python3.7/site-packages/airflow/example_dags/tutorial_taskflow_api_etl.py for tasks to queue
[2022-08-12 00:01:42,679] {logging_mixin.py:115} INFO - [2022-08-12 00:01:42,678] {dagbag.py:507} INFO - Filling up the DagBag from /home/airflow/.local/lib/python3.7/site-packages/airflow/example_dags/tutorial_taskflow_api_etl.py
[2022-08-12 00:01:42,751] {processor.py:651} INFO - DAG(s) dict_keys(['tutorial_taskflow_api_etl']) retrieved from /home/airflow/.local/lib/python3.7/site-packages/airflow/example_dags/tutorial_taskflow_api_etl.py
[2022-08-12 00:01:42,897] {logging_mixin.py:115} INFO - [2022-08-12 00:01:42,897] {dag.py:2371} INFO - Sync 1 DAGs
[2022-08-12 00:01:43,000] {logging_mixin.py:115} INFO - [2022-08-12 00:01:43,000] {dag.py:2919} INFO - Setting next_dagrun for tutorial_taskflow_api_etl to None, run_after=None
[2022-08-12 00:01:43,041] {processor.py:161} INFO - Processing /home/airflow/.local/lib/python3.7/site-packages/airflow/example_dags/tutorial_taskflow_api_etl.py took 0.382 seconds
[2022-08-12 00:02:13,910] {processor.py:153} INFO - Started process (PID=17768) to work on /home/airflow/.local/lib/python3.7/site-packages/airflow/example_dags/tutorial_taskflow_api_etl.py
[2022-08-12 00:02:13,913] {processor.py:641} INFO - Processing file /home/airflow/.local/lib/python3.7/site-packages/airflow/example_dags/tutorial_taskflow_api_etl.py for tasks to queue
[2022-08-12 00:02:13,915] {logging_mixin.py:115} INFO - [2022-08-12 00:02:13,915] {dagbag.py:507} INFO - Filling up the DagBag from /home/airflow/.local/lib/python3.7/site-packages/airflow/example_dags/tutorial_taskflow_api_etl.py
[2022-08-12 00:02:13,968] {processor.py:651} INFO - DAG(s) dict_keys(['tutorial_taskflow_api_etl']) retrieved from /home/airflow/.local/lib/python3.7/site-packages/airflow/example_dags/tutorial_taskflow_api_etl.py
[2022-08-12 00:02:14,039] {logging_mixin.py:115} INFO - [2022-08-12 00:02:14,039] {dag.py:2371} INFO - Sync 1 DAGs
[2022-08-12 00:02:14,097] {logging_mixin.py:115} INFO - [2022-08-12 00:02:14,097] {dag.py:2919} INFO - Setting next_dagrun for tutorial_taskflow_api_etl to None, run_after=None
[2022-08-12 00:02:14,130] {processor.py:161} INFO - Processing /home/airflow/.local/lib/python3.7/site-packages/airflow/example_dags/tutorial_taskflow_api_etl.py took 0.229 seconds
[2022-08-12 00:02:44,382] {processor.py:153} INFO - Started process (PID=17822) to work on /home/airflow/.local/lib/python3.7/site-packages/airflow/example_dags/tutorial_taskflow_api_etl.py
[2022-08-12 00:02:44,384] {processor.py:641} INFO - Processing file /home/airflow/.local/lib/python3.7/site-packages/airflow/example_dags/tutorial_taskflow_api_etl.py for tasks to queue
[2022-08-12 00:02:44,385] {logging_mixin.py:115} INFO - [2022-08-12 00:02:44,385] {dagbag.py:507} INFO - Filling up the DagBag from /home/airflow/.local/lib/python3.7/site-packages/airflow/example_dags/tutorial_taskflow_api_etl.py
[2022-08-12 00:02:44,424] {processor.py:651} INFO - DAG(s) dict_keys(['tutorial_taskflow_api_etl']) retrieved from /home/airflow/.local/lib/python3.7/site-packages/airflow/example_dags/tutorial_taskflow_api_etl.py
[2022-08-12 00:02:44,544] {logging_mixin.py:115} INFO - [2022-08-12 00:02:44,544] {dag.py:2371} INFO - Sync 1 DAGs
[2022-08-12 00:02:44,582] {logging_mixin.py:115} INFO - [2022-08-12 00:02:44,582] {dag.py:2919} INFO - Setting next_dagrun for tutorial_taskflow_api_etl to None, run_after=None
[2022-08-12 00:02:44,611] {processor.py:161} INFO - Processing /home/airflow/.local/lib/python3.7/site-packages/airflow/example_dags/tutorial_taskflow_api_etl.py took 0.235 seconds
[2022-08-12 00:03:15,181] {processor.py:153} INFO - Started process (PID=17882) to work on /home/airflow/.local/lib/python3.7/site-packages/airflow/example_dags/tutorial_taskflow_api_etl.py
[2022-08-12 00:03:15,183] {processor.py:641} INFO - Processing file /home/airflow/.local/lib/python3.7/site-packages/airflow/example_dags/tutorial_taskflow_api_etl.py for tasks to queue
[2022-08-12 00:03:15,189] {logging_mixin.py:115} INFO - [2022-08-12 00:03:15,188] {dagbag.py:507} INFO - Filling up the DagBag from /home/airflow/.local/lib/python3.7/site-packages/airflow/example_dags/tutorial_taskflow_api_etl.py
[2022-08-12 00:03:15,242] {processor.py:651} INFO - DAG(s) dict_keys(['tutorial_taskflow_api_etl']) retrieved from /home/airflow/.local/lib/python3.7/site-packages/airflow/example_dags/tutorial_taskflow_api_etl.py
[2022-08-12 00:03:15,313] {logging_mixin.py:115} INFO - [2022-08-12 00:03:15,313] {dag.py:2371} INFO - Sync 1 DAGs
[2022-08-12 00:03:15,391] {logging_mixin.py:115} INFO - [2022-08-12 00:03:15,391] {dag.py:2919} INFO - Setting next_dagrun for tutorial_taskflow_api_etl to None, run_after=None
[2022-08-12 00:03:15,435] {processor.py:161} INFO - Processing /home/airflow/.local/lib/python3.7/site-packages/airflow/example_dags/tutorial_taskflow_api_etl.py took 0.262 seconds
[2022-08-12 00:03:45,557] {processor.py:153} INFO - Started process (PID=17937) to work on /home/airflow/.local/lib/python3.7/site-packages/airflow/example_dags/tutorial_taskflow_api_etl.py
[2022-08-12 00:03:45,559] {processor.py:641} INFO - Processing file /home/airflow/.local/lib/python3.7/site-packages/airflow/example_dags/tutorial_taskflow_api_etl.py for tasks to queue
[2022-08-12 00:03:45,561] {logging_mixin.py:115} INFO - [2022-08-12 00:03:45,561] {dagbag.py:507} INFO - Filling up the DagBag from /home/airflow/.local/lib/python3.7/site-packages/airflow/example_dags/tutorial_taskflow_api_etl.py
[2022-08-12 00:03:45,616] {processor.py:651} INFO - DAG(s) dict_keys(['tutorial_taskflow_api_etl']) retrieved from /home/airflow/.local/lib/python3.7/site-packages/airflow/example_dags/tutorial_taskflow_api_etl.py
[2022-08-12 00:03:45,832] {logging_mixin.py:115} INFO - [2022-08-12 00:03:45,831] {dag.py:2371} INFO - Sync 1 DAGs
[2022-08-12 00:03:45,892] {logging_mixin.py:115} INFO - [2022-08-12 00:03:45,891] {dag.py:2919} INFO - Setting next_dagrun for tutorial_taskflow_api_etl to None, run_after=None
[2022-08-12 00:03:45,925] {processor.py:161} INFO - Processing /home/airflow/.local/lib/python3.7/site-packages/airflow/example_dags/tutorial_taskflow_api_etl.py took 0.375 seconds
[2022-08-12 00:04:16,103] {processor.py:153} INFO - Started process (PID=17991) to work on /home/airflow/.local/lib/python3.7/site-packages/airflow/example_dags/tutorial_taskflow_api_etl.py
[2022-08-12 00:04:16,104] {processor.py:641} INFO - Processing file /home/airflow/.local/lib/python3.7/site-packages/airflow/example_dags/tutorial_taskflow_api_etl.py for tasks to queue
[2022-08-12 00:04:16,106] {logging_mixin.py:115} INFO - [2022-08-12 00:04:16,106] {dagbag.py:507} INFO - Filling up the DagBag from /home/airflow/.local/lib/python3.7/site-packages/airflow/example_dags/tutorial_taskflow_api_etl.py
[2022-08-12 00:04:16,145] {processor.py:651} INFO - DAG(s) dict_keys(['tutorial_taskflow_api_etl']) retrieved from /home/airflow/.local/lib/python3.7/site-packages/airflow/example_dags/tutorial_taskflow_api_etl.py
[2022-08-12 00:04:16,203] {logging_mixin.py:115} INFO - [2022-08-12 00:04:16,203] {dag.py:2371} INFO - Sync 1 DAGs
[2022-08-12 00:04:16,273] {logging_mixin.py:115} INFO - [2022-08-12 00:04:16,273] {dag.py:2919} INFO - Setting next_dagrun for tutorial_taskflow_api_etl to None, run_after=None
[2022-08-12 00:04:16,298] {processor.py:161} INFO - Processing /home/airflow/.local/lib/python3.7/site-packages/airflow/example_dags/tutorial_taskflow_api_etl.py took 0.202 seconds
[2022-08-12 00:04:46,494] {processor.py:153} INFO - Started process (PID=18045) to work on /home/airflow/.local/lib/python3.7/site-packages/airflow/example_dags/tutorial_taskflow_api_etl.py
[2022-08-12 00:04:46,496] {processor.py:641} INFO - Processing file /home/airflow/.local/lib/python3.7/site-packages/airflow/example_dags/tutorial_taskflow_api_etl.py for tasks to queue
[2022-08-12 00:04:46,497] {logging_mixin.py:115} INFO - [2022-08-12 00:04:46,497] {dagbag.py:507} INFO - Filling up the DagBag from /home/airflow/.local/lib/python3.7/site-packages/airflow/example_dags/tutorial_taskflow_api_etl.py
[2022-08-12 00:04:46,530] {processor.py:651} INFO - DAG(s) dict_keys(['tutorial_taskflow_api_etl']) retrieved from /home/airflow/.local/lib/python3.7/site-packages/airflow/example_dags/tutorial_taskflow_api_etl.py
[2022-08-12 00:04:46,581] {logging_mixin.py:115} INFO - [2022-08-12 00:04:46,581] {dag.py:2371} INFO - Sync 1 DAGs
[2022-08-12 00:04:46,617] {logging_mixin.py:115} INFO - [2022-08-12 00:04:46,617] {dag.py:2919} INFO - Setting next_dagrun for tutorial_taskflow_api_etl to None, run_after=None
[2022-08-12 00:04:46,639] {processor.py:161} INFO - Processing /home/airflow/.local/lib/python3.7/site-packages/airflow/example_dags/tutorial_taskflow_api_etl.py took 0.151 seconds
[2022-08-12 00:05:17,252] {processor.py:153} INFO - Started process (PID=18099) to work on /home/airflow/.local/lib/python3.7/site-packages/airflow/example_dags/tutorial_taskflow_api_etl.py
[2022-08-12 00:05:17,254] {processor.py:641} INFO - Processing file /home/airflow/.local/lib/python3.7/site-packages/airflow/example_dags/tutorial_taskflow_api_etl.py for tasks to queue
[2022-08-12 00:05:17,256] {logging_mixin.py:115} INFO - [2022-08-12 00:05:17,256] {dagbag.py:507} INFO - Filling up the DagBag from /home/airflow/.local/lib/python3.7/site-packages/airflow/example_dags/tutorial_taskflow_api_etl.py
[2022-08-12 00:05:17,322] {processor.py:651} INFO - DAG(s) dict_keys(['tutorial_taskflow_api_etl']) retrieved from /home/airflow/.local/lib/python3.7/site-packages/airflow/example_dags/tutorial_taskflow_api_etl.py
[2022-08-12 00:05:17,417] {logging_mixin.py:115} INFO - [2022-08-12 00:05:17,417] {dag.py:2371} INFO - Sync 1 DAGs
[2022-08-12 00:05:17,489] {logging_mixin.py:115} INFO - [2022-08-12 00:05:17,489] {dag.py:2919} INFO - Setting next_dagrun for tutorial_taskflow_api_etl to None, run_after=None
[2022-08-12 00:05:17,529] {processor.py:161} INFO - Processing /home/airflow/.local/lib/python3.7/site-packages/airflow/example_dags/tutorial_taskflow_api_etl.py took 0.284 seconds
[2022-08-12 00:05:47,741] {processor.py:153} INFO - Started process (PID=18154) to work on /home/airflow/.local/lib/python3.7/site-packages/airflow/example_dags/tutorial_taskflow_api_etl.py
[2022-08-12 00:05:47,744] {processor.py:641} INFO - Processing file /home/airflow/.local/lib/python3.7/site-packages/airflow/example_dags/tutorial_taskflow_api_etl.py for tasks to queue
[2022-08-12 00:05:47,747] {logging_mixin.py:115} INFO - [2022-08-12 00:05:47,746] {dagbag.py:507} INFO - Filling up the DagBag from /home/airflow/.local/lib/python3.7/site-packages/airflow/example_dags/tutorial_taskflow_api_etl.py
[2022-08-12 00:05:47,810] {processor.py:651} INFO - DAG(s) dict_keys(['tutorial_taskflow_api_etl']) retrieved from /home/airflow/.local/lib/python3.7/site-packages/airflow/example_dags/tutorial_taskflow_api_etl.py
[2022-08-12 00:05:47,913] {logging_mixin.py:115} INFO - [2022-08-12 00:05:47,912] {dag.py:2371} INFO - Sync 1 DAGs
[2022-08-12 00:05:47,985] {logging_mixin.py:115} INFO - [2022-08-12 00:05:47,985] {dag.py:2919} INFO - Setting next_dagrun for tutorial_taskflow_api_etl to None, run_after=None
[2022-08-12 00:05:48,017] {processor.py:161} INFO - Processing /home/airflow/.local/lib/python3.7/site-packages/airflow/example_dags/tutorial_taskflow_api_etl.py took 0.286 seconds
[2022-08-12 00:06:18,299] {processor.py:153} INFO - Started process (PID=18217) to work on /home/airflow/.local/lib/python3.7/site-packages/airflow/example_dags/tutorial_taskflow_api_etl.py
[2022-08-12 00:06:18,304] {processor.py:641} INFO - Processing file /home/airflow/.local/lib/python3.7/site-packages/airflow/example_dags/tutorial_taskflow_api_etl.py for tasks to queue
[2022-08-12 00:06:18,310] {logging_mixin.py:115} INFO - [2022-08-12 00:06:18,310] {dagbag.py:507} INFO - Filling up the DagBag from /home/airflow/.local/lib/python3.7/site-packages/airflow/example_dags/tutorial_taskflow_api_etl.py
[2022-08-12 00:06:18,375] {processor.py:651} INFO - DAG(s) dict_keys(['tutorial_taskflow_api_etl']) retrieved from /home/airflow/.local/lib/python3.7/site-packages/airflow/example_dags/tutorial_taskflow_api_etl.py
[2022-08-12 00:06:18,447] {logging_mixin.py:115} INFO - [2022-08-12 00:06:18,447] {dag.py:2371} INFO - Sync 1 DAGs
[2022-08-12 00:06:18,508] {logging_mixin.py:115} INFO - [2022-08-12 00:06:18,508] {dag.py:2919} INFO - Setting next_dagrun for tutorial_taskflow_api_etl to None, run_after=None
[2022-08-12 00:06:18,541] {processor.py:161} INFO - Processing /home/airflow/.local/lib/python3.7/site-packages/airflow/example_dags/tutorial_taskflow_api_etl.py took 0.257 seconds
[2022-08-12 00:06:48,994] {processor.py:153} INFO - Started process (PID=18270) to work on /home/airflow/.local/lib/python3.7/site-packages/airflow/example_dags/tutorial_taskflow_api_etl.py
[2022-08-12 00:06:48,996] {processor.py:641} INFO - Processing file /home/airflow/.local/lib/python3.7/site-packages/airflow/example_dags/tutorial_taskflow_api_etl.py for tasks to queue
[2022-08-12 00:06:48,998] {logging_mixin.py:115} INFO - [2022-08-12 00:06:48,998] {dagbag.py:507} INFO - Filling up the DagBag from /home/airflow/.local/lib/python3.7/site-packages/airflow/example_dags/tutorial_taskflow_api_etl.py
[2022-08-12 00:06:49,039] {processor.py:651} INFO - DAG(s) dict_keys(['tutorial_taskflow_api_etl']) retrieved from /home/airflow/.local/lib/python3.7/site-packages/airflow/example_dags/tutorial_taskflow_api_etl.py
[2022-08-12 00:06:49,114] {logging_mixin.py:115} INFO - [2022-08-12 00:06:49,114] {dag.py:2371} INFO - Sync 1 DAGs
[2022-08-12 00:06:49,173] {logging_mixin.py:115} INFO - [2022-08-12 00:06:49,173] {dag.py:2919} INFO - Setting next_dagrun for tutorial_taskflow_api_etl to None, run_after=None
[2022-08-12 00:06:49,197] {processor.py:161} INFO - Processing /home/airflow/.local/lib/python3.7/site-packages/airflow/example_dags/tutorial_taskflow_api_etl.py took 0.211 seconds
