[2022-08-12 00:00:01,721] {processor.py:153} INFO - Started process (PID=17542) to work on /home/airflow/.local/lib/python3.7/site-packages/airflow/example_dags/tutorial.py
[2022-08-12 00:00:01,735] {processor.py:641} INFO - Processing file /home/airflow/.local/lib/python3.7/site-packages/airflow/example_dags/tutorial.py for tasks to queue
[2022-08-12 00:00:01,748] {logging_mixin.py:115} INFO - [2022-08-12 00:00:01,748] {dagbag.py:507} INFO - Filling up the DagBag from /home/airflow/.local/lib/python3.7/site-packages/airflow/example_dags/tutorial.py
[2022-08-12 00:00:01,825] {processor.py:651} INFO - DAG(s) dict_keys(['tutorial']) retrieved from /home/airflow/.local/lib/python3.7/site-packages/airflow/example_dags/tutorial.py
[2022-08-12 00:00:02,085] {logging_mixin.py:115} INFO - [2022-08-12 00:00:02,085] {dag.py:2371} INFO - Sync 1 DAGs
[2022-08-12 00:00:02,397] {logging_mixin.py:115} INFO - [2022-08-12 00:00:02,397] {dag.py:2919} INFO - Setting next_dagrun for tutorial to 2022-08-11T00:00:02.396279+00:00, run_after=2022-08-12T00:00:02.396279+00:00
[2022-08-12 00:00:02,529] {processor.py:161} INFO - Processing /home/airflow/.local/lib/python3.7/site-packages/airflow/example_dags/tutorial.py took 0.817 seconds
[2022-08-12 00:00:33,598] {processor.py:153} INFO - Started process (PID=17597) to work on /home/airflow/.local/lib/python3.7/site-packages/airflow/example_dags/tutorial.py
[2022-08-12 00:00:33,600] {processor.py:641} INFO - Processing file /home/airflow/.local/lib/python3.7/site-packages/airflow/example_dags/tutorial.py for tasks to queue
[2022-08-12 00:00:33,602] {logging_mixin.py:115} INFO - [2022-08-12 00:00:33,602] {dagbag.py:507} INFO - Filling up the DagBag from /home/airflow/.local/lib/python3.7/site-packages/airflow/example_dags/tutorial.py
[2022-08-12 00:00:33,632] {processor.py:651} INFO - DAG(s) dict_keys(['tutorial']) retrieved from /home/airflow/.local/lib/python3.7/site-packages/airflow/example_dags/tutorial.py
[2022-08-12 00:00:33,890] {logging_mixin.py:115} INFO - [2022-08-12 00:00:33,890] {dag.py:2371} INFO - Sync 1 DAGs
[2022-08-12 00:00:33,996] {logging_mixin.py:115} INFO - [2022-08-12 00:00:33,995] {dag.py:2919} INFO - Setting next_dagrun for tutorial to 2022-08-11T00:00:33.994891+00:00, run_after=2022-08-12T00:00:33.994891+00:00
[2022-08-12 00:00:34,047] {processor.py:161} INFO - Processing /home/airflow/.local/lib/python3.7/site-packages/airflow/example_dags/tutorial.py took 0.457 seconds
[2022-08-12 00:01:04,747] {processor.py:153} INFO - Started process (PID=17651) to work on /home/airflow/.local/lib/python3.7/site-packages/airflow/example_dags/tutorial.py
[2022-08-12 00:01:04,755] {processor.py:641} INFO - Processing file /home/airflow/.local/lib/python3.7/site-packages/airflow/example_dags/tutorial.py for tasks to queue
[2022-08-12 00:01:04,758] {logging_mixin.py:115} INFO - [2022-08-12 00:01:04,757] {dagbag.py:507} INFO - Filling up the DagBag from /home/airflow/.local/lib/python3.7/site-packages/airflow/example_dags/tutorial.py
[2022-08-12 00:01:04,828] {processor.py:651} INFO - DAG(s) dict_keys(['tutorial']) retrieved from /home/airflow/.local/lib/python3.7/site-packages/airflow/example_dags/tutorial.py
[2022-08-12 00:01:05,002] {logging_mixin.py:115} INFO - [2022-08-12 00:01:05,002] {dag.py:2371} INFO - Sync 1 DAGs
[2022-08-12 00:01:05,234] {logging_mixin.py:115} INFO - [2022-08-12 00:01:05,234] {dag.py:2919} INFO - Setting next_dagrun for tutorial to 2022-08-11T00:01:05.208819+00:00, run_after=2022-08-12T00:01:05.208819+00:00
[2022-08-12 00:01:05,375] {processor.py:161} INFO - Processing /home/airflow/.local/lib/python3.7/site-packages/airflow/example_dags/tutorial.py took 0.654 seconds
[2022-08-12 00:01:35,742] {processor.py:153} INFO - Started process (PID=17706) to work on /home/airflow/.local/lib/python3.7/site-packages/airflow/example_dags/tutorial.py
[2022-08-12 00:01:35,747] {processor.py:641} INFO - Processing file /home/airflow/.local/lib/python3.7/site-packages/airflow/example_dags/tutorial.py for tasks to queue
[2022-08-12 00:01:35,755] {logging_mixin.py:115} INFO - [2022-08-12 00:01:35,754] {dagbag.py:507} INFO - Filling up the DagBag from /home/airflow/.local/lib/python3.7/site-packages/airflow/example_dags/tutorial.py
[2022-08-12 00:01:35,781] {processor.py:651} INFO - DAG(s) dict_keys(['tutorial']) retrieved from /home/airflow/.local/lib/python3.7/site-packages/airflow/example_dags/tutorial.py
[2022-08-12 00:01:35,890] {logging_mixin.py:115} INFO - [2022-08-12 00:01:35,890] {dag.py:2371} INFO - Sync 1 DAGs
[2022-08-12 00:01:36,018] {logging_mixin.py:115} INFO - [2022-08-12 00:01:36,017] {dag.py:2919} INFO - Setting next_dagrun for tutorial to 2022-08-11T00:01:36.016690+00:00, run_after=2022-08-12T00:01:36.016690+00:00
[2022-08-12 00:01:36,079] {processor.py:161} INFO - Processing /home/airflow/.local/lib/python3.7/site-packages/airflow/example_dags/tutorial.py took 0.352 seconds
[2022-08-12 00:02:06,705] {processor.py:153} INFO - Started process (PID=17761) to work on /home/airflow/.local/lib/python3.7/site-packages/airflow/example_dags/tutorial.py
[2022-08-12 00:02:06,709] {processor.py:641} INFO - Processing file /home/airflow/.local/lib/python3.7/site-packages/airflow/example_dags/tutorial.py for tasks to queue
[2022-08-12 00:02:06,711] {logging_mixin.py:115} INFO - [2022-08-12 00:02:06,711] {dagbag.py:507} INFO - Filling up the DagBag from /home/airflow/.local/lib/python3.7/site-packages/airflow/example_dags/tutorial.py
[2022-08-12 00:02:06,731] {processor.py:651} INFO - DAG(s) dict_keys(['tutorial']) retrieved from /home/airflow/.local/lib/python3.7/site-packages/airflow/example_dags/tutorial.py
[2022-08-12 00:02:06,836] {logging_mixin.py:115} INFO - [2022-08-12 00:02:06,835] {dag.py:2371} INFO - Sync 1 DAGs
[2022-08-12 00:02:06,961] {logging_mixin.py:115} INFO - [2022-08-12 00:02:06,960] {dag.py:2919} INFO - Setting next_dagrun for tutorial to 2022-08-11T00:02:06.960245+00:00, run_after=2022-08-12T00:02:06.960245+00:00
[2022-08-12 00:02:07,009] {processor.py:161} INFO - Processing /home/airflow/.local/lib/python3.7/site-packages/airflow/example_dags/tutorial.py took 0.314 seconds
[2022-08-12 00:02:37,094] {processor.py:153} INFO - Started process (PID=17815) to work on /home/airflow/.local/lib/python3.7/site-packages/airflow/example_dags/tutorial.py
[2022-08-12 00:02:37,096] {processor.py:641} INFO - Processing file /home/airflow/.local/lib/python3.7/site-packages/airflow/example_dags/tutorial.py for tasks to queue
[2022-08-12 00:02:37,098] {logging_mixin.py:115} INFO - [2022-08-12 00:02:37,098] {dagbag.py:507} INFO - Filling up the DagBag from /home/airflow/.local/lib/python3.7/site-packages/airflow/example_dags/tutorial.py
[2022-08-12 00:02:37,110] {processor.py:651} INFO - DAG(s) dict_keys(['tutorial']) retrieved from /home/airflow/.local/lib/python3.7/site-packages/airflow/example_dags/tutorial.py
[2022-08-12 00:02:37,166] {logging_mixin.py:115} INFO - [2022-08-12 00:02:37,166] {dag.py:2371} INFO - Sync 1 DAGs
[2022-08-12 00:02:37,226] {logging_mixin.py:115} INFO - [2022-08-12 00:02:37,226] {dag.py:2919} INFO - Setting next_dagrun for tutorial to 2022-08-11T00:02:37.225511+00:00, run_after=2022-08-12T00:02:37.225511+00:00
[2022-08-12 00:02:37,267] {processor.py:161} INFO - Processing /home/airflow/.local/lib/python3.7/site-packages/airflow/example_dags/tutorial.py took 0.181 seconds
[2022-08-12 00:03:07,745] {processor.py:153} INFO - Started process (PID=17869) to work on /home/airflow/.local/lib/python3.7/site-packages/airflow/example_dags/tutorial.py
[2022-08-12 00:03:07,767] {processor.py:641} INFO - Processing file /home/airflow/.local/lib/python3.7/site-packages/airflow/example_dags/tutorial.py for tasks to queue
[2022-08-12 00:03:07,775] {logging_mixin.py:115} INFO - [2022-08-12 00:03:07,769] {dagbag.py:507} INFO - Filling up the DagBag from /home/airflow/.local/lib/python3.7/site-packages/airflow/example_dags/tutorial.py
[2022-08-12 00:03:07,833] {processor.py:651} INFO - DAG(s) dict_keys(['tutorial']) retrieved from /home/airflow/.local/lib/python3.7/site-packages/airflow/example_dags/tutorial.py
[2022-08-12 00:03:07,992] {logging_mixin.py:115} INFO - [2022-08-12 00:03:07,992] {dag.py:2371} INFO - Sync 1 DAGs
[2022-08-12 00:03:08,307] {logging_mixin.py:115} INFO - [2022-08-12 00:03:08,306] {dag.py:2919} INFO - Setting next_dagrun for tutorial to 2022-08-11T00:03:08.306047+00:00, run_after=2022-08-12T00:03:08.306047+00:00
[2022-08-12 00:03:08,458] {processor.py:161} INFO - Processing /home/airflow/.local/lib/python3.7/site-packages/airflow/example_dags/tutorial.py took 0.736 seconds
[2022-08-12 00:03:39,141] {processor.py:153} INFO - Started process (PID=17922) to work on /home/airflow/.local/lib/python3.7/site-packages/airflow/example_dags/tutorial.py
[2022-08-12 00:03:39,143] {processor.py:641} INFO - Processing file /home/airflow/.local/lib/python3.7/site-packages/airflow/example_dags/tutorial.py for tasks to queue
[2022-08-12 00:03:39,145] {logging_mixin.py:115} INFO - [2022-08-12 00:03:39,144] {dagbag.py:507} INFO - Filling up the DagBag from /home/airflow/.local/lib/python3.7/site-packages/airflow/example_dags/tutorial.py
[2022-08-12 00:03:39,159] {processor.py:651} INFO - DAG(s) dict_keys(['tutorial']) retrieved from /home/airflow/.local/lib/python3.7/site-packages/airflow/example_dags/tutorial.py
[2022-08-12 00:03:39,227] {logging_mixin.py:115} INFO - [2022-08-12 00:03:39,227] {dag.py:2371} INFO - Sync 1 DAGs
[2022-08-12 00:03:39,310] {logging_mixin.py:115} INFO - [2022-08-12 00:03:39,309] {dag.py:2919} INFO - Setting next_dagrun for tutorial to 2022-08-11T00:03:39.309069+00:00, run_after=2022-08-12T00:03:39.309069+00:00
[2022-08-12 00:03:39,343] {processor.py:161} INFO - Processing /home/airflow/.local/lib/python3.7/site-packages/airflow/example_dags/tutorial.py took 0.210 seconds
[2022-08-12 00:04:10,155] {processor.py:153} INFO - Started process (PID=17983) to work on /home/airflow/.local/lib/python3.7/site-packages/airflow/example_dags/tutorial.py
[2022-08-12 00:04:10,164] {processor.py:641} INFO - Processing file /home/airflow/.local/lib/python3.7/site-packages/airflow/example_dags/tutorial.py for tasks to queue
[2022-08-12 00:04:10,168] {logging_mixin.py:115} INFO - [2022-08-12 00:04:10,168] {dagbag.py:507} INFO - Filling up the DagBag from /home/airflow/.local/lib/python3.7/site-packages/airflow/example_dags/tutorial.py
[2022-08-12 00:04:10,234] {processor.py:651} INFO - DAG(s) dict_keys(['tutorial']) retrieved from /home/airflow/.local/lib/python3.7/site-packages/airflow/example_dags/tutorial.py
[2022-08-12 00:04:10,459] {logging_mixin.py:115} INFO - [2022-08-12 00:04:10,459] {dag.py:2371} INFO - Sync 1 DAGs
[2022-08-12 00:04:10,558] {logging_mixin.py:115} INFO - [2022-08-12 00:04:10,558] {dag.py:2919} INFO - Setting next_dagrun for tutorial to 2022-08-11T00:04:10.557803+00:00, run_after=2022-08-12T00:04:10.557803+00:00
[2022-08-12 00:04:10,613] {processor.py:161} INFO - Processing /home/airflow/.local/lib/python3.7/site-packages/airflow/example_dags/tutorial.py took 0.468 seconds
[2022-08-12 00:04:41,518] {processor.py:153} INFO - Started process (PID=18039) to work on /home/airflow/.local/lib/python3.7/site-packages/airflow/example_dags/tutorial.py
[2022-08-12 00:04:41,519] {processor.py:641} INFO - Processing file /home/airflow/.local/lib/python3.7/site-packages/airflow/example_dags/tutorial.py for tasks to queue
[2022-08-12 00:04:41,521] {logging_mixin.py:115} INFO - [2022-08-12 00:04:41,521] {dagbag.py:507} INFO - Filling up the DagBag from /home/airflow/.local/lib/python3.7/site-packages/airflow/example_dags/tutorial.py
[2022-08-12 00:04:41,533] {processor.py:651} INFO - DAG(s) dict_keys(['tutorial']) retrieved from /home/airflow/.local/lib/python3.7/site-packages/airflow/example_dags/tutorial.py
[2022-08-12 00:04:41,591] {logging_mixin.py:115} INFO - [2022-08-12 00:04:41,591] {dag.py:2371} INFO - Sync 1 DAGs
[2022-08-12 00:04:41,647] {logging_mixin.py:115} INFO - [2022-08-12 00:04:41,647] {dag.py:2919} INFO - Setting next_dagrun for tutorial to 2022-08-11T00:04:41.646529+00:00, run_after=2022-08-12T00:04:41.646529+00:00
[2022-08-12 00:04:41,679] {processor.py:161} INFO - Processing /home/airflow/.local/lib/python3.7/site-packages/airflow/example_dags/tutorial.py took 0.167 seconds
[2022-08-12 00:05:11,809] {processor.py:153} INFO - Started process (PID=18093) to work on /home/airflow/.local/lib/python3.7/site-packages/airflow/example_dags/tutorial.py
[2022-08-12 00:05:11,811] {processor.py:641} INFO - Processing file /home/airflow/.local/lib/python3.7/site-packages/airflow/example_dags/tutorial.py for tasks to queue
[2022-08-12 00:05:11,813] {logging_mixin.py:115} INFO - [2022-08-12 00:05:11,813] {dagbag.py:507} INFO - Filling up the DagBag from /home/airflow/.local/lib/python3.7/site-packages/airflow/example_dags/tutorial.py
[2022-08-12 00:05:11,828] {processor.py:651} INFO - DAG(s) dict_keys(['tutorial']) retrieved from /home/airflow/.local/lib/python3.7/site-packages/airflow/example_dags/tutorial.py
[2022-08-12 00:05:11,902] {logging_mixin.py:115} INFO - [2022-08-12 00:05:11,901] {dag.py:2371} INFO - Sync 1 DAGs
[2022-08-12 00:05:12,057] {logging_mixin.py:115} INFO - [2022-08-12 00:05:12,057] {dag.py:2919} INFO - Setting next_dagrun for tutorial to 2022-08-11T00:05:12.056503+00:00, run_after=2022-08-12T00:05:12.056503+00:00
[2022-08-12 00:05:12,122] {processor.py:161} INFO - Processing /home/airflow/.local/lib/python3.7/site-packages/airflow/example_dags/tutorial.py took 0.323 seconds
[2022-08-12 00:05:42,647] {processor.py:153} INFO - Started process (PID=18148) to work on /home/airflow/.local/lib/python3.7/site-packages/airflow/example_dags/tutorial.py
[2022-08-12 00:05:42,649] {processor.py:641} INFO - Processing file /home/airflow/.local/lib/python3.7/site-packages/airflow/example_dags/tutorial.py for tasks to queue
[2022-08-12 00:05:42,650] {logging_mixin.py:115} INFO - [2022-08-12 00:05:42,650] {dagbag.py:507} INFO - Filling up the DagBag from /home/airflow/.local/lib/python3.7/site-packages/airflow/example_dags/tutorial.py
[2022-08-12 00:05:42,665] {processor.py:651} INFO - DAG(s) dict_keys(['tutorial']) retrieved from /home/airflow/.local/lib/python3.7/site-packages/airflow/example_dags/tutorial.py
[2022-08-12 00:05:42,729] {logging_mixin.py:115} INFO - [2022-08-12 00:05:42,728] {dag.py:2371} INFO - Sync 1 DAGs
[2022-08-12 00:05:42,791] {logging_mixin.py:115} INFO - [2022-08-12 00:05:42,790] {dag.py:2919} INFO - Setting next_dagrun for tutorial to 2022-08-11T00:05:42.789960+00:00, run_after=2022-08-12T00:05:42.789960+00:00
[2022-08-12 00:05:42,833] {processor.py:161} INFO - Processing /home/airflow/.local/lib/python3.7/site-packages/airflow/example_dags/tutorial.py took 0.193 seconds
[2022-08-12 00:06:13,471] {processor.py:153} INFO - Started process (PID=18202) to work on /home/airflow/.local/lib/python3.7/site-packages/airflow/example_dags/tutorial.py
[2022-08-12 00:06:13,473] {processor.py:641} INFO - Processing file /home/airflow/.local/lib/python3.7/site-packages/airflow/example_dags/tutorial.py for tasks to queue
[2022-08-12 00:06:13,475] {logging_mixin.py:115} INFO - [2022-08-12 00:06:13,475] {dagbag.py:507} INFO - Filling up the DagBag from /home/airflow/.local/lib/python3.7/site-packages/airflow/example_dags/tutorial.py
[2022-08-12 00:06:13,496] {processor.py:651} INFO - DAG(s) dict_keys(['tutorial']) retrieved from /home/airflow/.local/lib/python3.7/site-packages/airflow/example_dags/tutorial.py
[2022-08-12 00:06:13,598] {logging_mixin.py:115} INFO - [2022-08-12 00:06:13,598] {dag.py:2371} INFO - Sync 1 DAGs
[2022-08-12 00:06:13,711] {logging_mixin.py:115} INFO - [2022-08-12 00:06:13,711] {dag.py:2919} INFO - Setting next_dagrun for tutorial to 2022-08-11T00:06:13.710855+00:00, run_after=2022-08-12T00:06:13.710855+00:00
[2022-08-12 00:06:13,760] {processor.py:161} INFO - Processing /home/airflow/.local/lib/python3.7/site-packages/airflow/example_dags/tutorial.py took 0.302 seconds
[2022-08-12 00:06:44,152] {processor.py:153} INFO - Started process (PID=18256) to work on /home/airflow/.local/lib/python3.7/site-packages/airflow/example_dags/tutorial.py
[2022-08-12 00:06:44,157] {processor.py:641} INFO - Processing file /home/airflow/.local/lib/python3.7/site-packages/airflow/example_dags/tutorial.py for tasks to queue
[2022-08-12 00:06:44,160] {logging_mixin.py:115} INFO - [2022-08-12 00:06:44,159] {dagbag.py:507} INFO - Filling up the DagBag from /home/airflow/.local/lib/python3.7/site-packages/airflow/example_dags/tutorial.py
[2022-08-12 00:06:44,178] {processor.py:651} INFO - DAG(s) dict_keys(['tutorial']) retrieved from /home/airflow/.local/lib/python3.7/site-packages/airflow/example_dags/tutorial.py
[2022-08-12 00:06:44,253] {logging_mixin.py:115} INFO - [2022-08-12 00:06:44,253] {dag.py:2371} INFO - Sync 1 DAGs
[2022-08-12 00:06:44,324] {logging_mixin.py:115} INFO - [2022-08-12 00:06:44,324] {dag.py:2919} INFO - Setting next_dagrun for tutorial to 2022-08-11T00:06:44.323635+00:00, run_after=2022-08-12T00:06:44.323635+00:00
[2022-08-12 00:06:44,390] {processor.py:161} INFO - Processing /home/airflow/.local/lib/python3.7/site-packages/airflow/example_dags/tutorial.py took 0.245 seconds
