[2022-08-12 11:54:33,644] {taskinstance.py:1159} INFO - Dependencies all met for <TaskInstance: ETL_Raízen.extract_sheets manual__2022-08-12T11:54:22.434506+00:00 [queued]>
[2022-08-12 11:54:33,658] {taskinstance.py:1159} INFO - Dependencies all met for <TaskInstance: ETL_Raízen.extract_sheets manual__2022-08-12T11:54:22.434506+00:00 [queued]>
[2022-08-12 11:54:33,659] {taskinstance.py:1356} INFO - 
--------------------------------------------------------------------------------
[2022-08-12 11:54:33,660] {taskinstance.py:1357} INFO - Starting attempt 1 of 1
[2022-08-12 11:54:33,660] {taskinstance.py:1358} INFO - 
--------------------------------------------------------------------------------
[2022-08-12 11:54:33,679] {taskinstance.py:1377} INFO - Executing <Task(PythonOperator): extract_sheets> on 2022-08-12 11:54:22.434506+00:00
[2022-08-12 11:54:33,687] {standard_task_runner.py:52} INFO - Started process 1576 to run task
[2022-08-12 11:54:33,691] {standard_task_runner.py:79} INFO - Running: ['***', 'tasks', 'run', 'ETL_Raízen', 'extract_sheets', 'manual__2022-08-12T11:54:22.434506+00:00', '--job-id', '183', '--raw', '--subdir', 'DAGS_FOLDER/ETL_Raizen.py', '--cfg-path', '/tmp/tmpw6_dq6s7', '--error-file', '/tmp/tmpl_nml74q']
[2022-08-12 11:54:33,693] {standard_task_runner.py:80} INFO - Job 183: Subtask extract_sheets
[2022-08-12 11:54:33,771] {task_command.py:369} INFO - Running <TaskInstance: ETL_Raízen.extract_sheets manual__2022-08-12T11:54:22.434506+00:00 [running]> on host 3c4d8e0d9450
[2022-08-12 11:54:33,869] {taskinstance.py:1571} INFO - Exporting the following env vars:
AIRFLOW_CTX_DAG_OWNER=***
AIRFLOW_CTX_DAG_ID=ETL_Raízen
AIRFLOW_CTX_TASK_ID=extract_sheets
AIRFLOW_CTX_EXECUTION_DATE=2022-08-12T11:54:22.434506+00:00
AIRFLOW_CTX_TRY_NUMBER=1
AIRFLOW_CTX_DAG_RUN_ID=manual__2022-08-12T11:54:22.434506+00:00
[2022-08-12 11:54:33,871] {ETL_Raizen.py:67} INFO - Extracting sheet DPCache_m3
[2022-08-12 11:54:38,403] {ETL_Raizen.py:70} INFO - Sheet DPCache_m3 succesfully extracted
[2022-08-12 11:54:38,404] {ETL_Raizen.py:67} INFO - Extracting sheet DPCache_m3_2
[2022-08-12 11:54:39,246] {ETL_Raizen.py:70} INFO - Sheet DPCache_m3_2 succesfully extracted
[2022-08-12 11:54:39,247] {python.py:173} INFO - Done. Returned value was: None
[2022-08-12 11:54:39,261] {taskinstance.py:1400} INFO - Marking task as SUCCESS. dag_id=ETL_Raízen, task_id=extract_sheets, execution_date=20220812T115422, start_date=20220812T115433, end_date=20220812T115439
[2022-08-12 11:54:39,299] {local_task_job.py:156} INFO - Task exited with return code 0
[2022-08-12 11:54:39,333] {local_task_job.py:273} INFO - 1 downstream tasks scheduled from follow-on schedule check
