[2022-08-13 12:30:37,902] {taskinstance.py:1159} INFO - Dependencies all met for <TaskInstance: ETL_Raízen.create_database_from_parquet scheduled__2022-08-13T11:30:00+00:00 [queued]>
[2022-08-13 12:30:37,920] {taskinstance.py:1159} INFO - Dependencies all met for <TaskInstance: ETL_Raízen.create_database_from_parquet scheduled__2022-08-13T11:30:00+00:00 [queued]>
[2022-08-13 12:30:37,921] {taskinstance.py:1356} INFO - 
--------------------------------------------------------------------------------
[2022-08-13 12:30:37,922] {taskinstance.py:1357} INFO - Starting attempt 1 of 1
[2022-08-13 12:30:37,922] {taskinstance.py:1358} INFO - 
--------------------------------------------------------------------------------
[2022-08-13 12:30:37,944] {taskinstance.py:1377} INFO - Executing <Task(PythonOperator): create_database_from_parquet> on 2022-08-13 11:30:00+00:00
[2022-08-13 12:30:37,951] {standard_task_runner.py:52} INFO - Started process 5185 to run task
[2022-08-13 12:30:37,955] {standard_task_runner.py:79} INFO - Running: ['***', 'tasks', 'run', 'ETL_Raízen', 'create_database_from_parquet', 'scheduled__2022-08-13T11:30:00+00:00', '--job-id', '377', '--raw', '--subdir', 'DAGS_FOLDER/ETL_Raizen.py', '--cfg-path', '/tmp/tmp123r8adl', '--error-file', '/tmp/tmpfwfp52zg']
[2022-08-13 12:30:37,957] {standard_task_runner.py:80} INFO - Job 377: Subtask create_database_from_parquet
[2022-08-13 12:30:38,035] {task_command.py:369} INFO - Running <TaskInstance: ETL_Raízen.create_database_from_parquet scheduled__2022-08-13T11:30:00+00:00 [running]> on host 4bbb34367c41
[2022-08-13 12:30:38,145] {taskinstance.py:1571} INFO - Exporting the following env vars:
AIRFLOW_CTX_DAG_OWNER=***
AIRFLOW_CTX_DAG_ID=ETL_Raízen
AIRFLOW_CTX_TASK_ID=create_database_from_parquet
AIRFLOW_CTX_EXECUTION_DATE=2022-08-13T11:30:00+00:00
AIRFLOW_CTX_TRY_NUMBER=1
AIRFLOW_CTX_DAG_RUN_ID=scheduled__2022-08-13T11:30:00+00:00
[2022-08-13 12:30:38,147] {ETL_Raizen.py:117} INFO - Creating database to insert data into table oil_derivative
[2022-08-13 12:30:38,990] {ETL_Raizen.py:126} INFO - Creating table oil_derivative
[2022-08-13 12:30:38,994] {ETL_Raizen.py:137} INFO - Inserting data into table oil_derivative
[2022-08-13 12:30:40,853] {ETL_Raizen.py:143} INFO - Checking if the data was successfully inserted into table oil_derivative with pandas
[2022-08-13 12:30:40,854] {ETL_Raizen.py:144} INFO - SELECT * FROM oil_derivative
[2022-08-13 12:30:41,004] {ETL_Raizen.py:146} INFO - Visual check:
[2022-08-13 12:30:41,024] {logging_mixin.py:115} INFO -          uf unit     volume           created_at           product year_month
0  RONDÔNIA   m3   2921.670  2022-08-13 12:30:20  ETANOL HIDRATADO    2000-01
1      ACRE   m3    676.230  2022-08-13 12:30:20  ETANOL HIDRATADO    2000-01
2  AMAZONAS   m3   1465.464  2022-08-13 12:30:20  ETANOL HIDRATADO    2000-01
3   RORAIMA   m3    143.150  2022-08-13 12:30:20  ETANOL HIDRATADO    2000-01
4      PARÁ   m3  30040.007  2022-08-13 12:30:20  ETANOL HIDRATADO    2000-01
[2022-08-13 12:30:41,041] {logging_mixin.py:115} INFO - uf            54432
unit          54432
volume        54432
created_at    54432
product       54432
year_month    54432
dtype: int64
[2022-08-13 12:30:41,042] {ETL_Raizen.py:117} INFO - Creating database to insert data into table diesel
[2022-08-13 12:30:41,175] {ETL_Raizen.py:126} INFO - Creating table diesel
[2022-08-13 12:30:41,178] {ETL_Raizen.py:137} INFO - Inserting data into table diesel
[2022-08-13 12:30:41,442] {ETL_Raizen.py:143} INFO - Checking if the data was successfully inserted into table diesel with pandas
[2022-08-13 12:30:41,443] {ETL_Raizen.py:144} INFO - SELECT * FROM diesel
[2022-08-13 12:30:41,481] {ETL_Raizen.py:146} INFO - Visual check:
[2022-08-13 12:30:41,494] {logging_mixin.py:115} INFO -          uf unit  ...               product year_month
0  RONDÔNIA   m3  ...  ÓLEO DIESEL MARÍTIMO    2013-01
1      ACRE   m3  ...  ÓLEO DIESEL MARÍTIMO    2013-01
2  AMAZONAS   m3  ...  ÓLEO DIESEL MARÍTIMO    2013-01
3   RORAIMA   m3  ...  ÓLEO DIESEL MARÍTIMO    2013-01
4      PARÁ   m3  ...  ÓLEO DIESEL MARÍTIMO    2013-01

[5 rows x 6 columns]
[2022-08-13 12:30:41,501] {logging_mixin.py:115} INFO - uf            12960
unit          12960
volume        12960
created_at    12960
product       12960
year_month    12960
dtype: int64
[2022-08-13 12:30:41,506] {python.py:173} INFO - Done. Returned value was: None
[2022-08-13 12:30:41,533] {taskinstance.py:1400} INFO - Marking task as SUCCESS. dag_id=ETL_Raízen, task_id=create_database_from_parquet, execution_date=20220813T113000, start_date=20220813T123037, end_date=20220813T123041
[2022-08-13 12:30:41,627] {local_task_job.py:156} INFO - Task exited with return code 0
[2022-08-13 12:30:41,702] {local_task_job.py:273} INFO - 0 downstream tasks scheduled from follow-on schedule check
