[2022-08-11 22:21:52,897] {taskinstance.py:1159} INFO - Dependencies all met for <TaskInstance: ETL_Raízen.download_raw_data manual__2022-08-11T22:21:40.083295+00:00 [queued]>
[2022-08-11 22:21:52,972] {taskinstance.py:1159} INFO - Dependencies all met for <TaskInstance: ETL_Raízen.download_raw_data manual__2022-08-11T22:21:40.083295+00:00 [queued]>
[2022-08-11 22:21:52,977] {taskinstance.py:1356} INFO - 
--------------------------------------------------------------------------------
[2022-08-11 22:21:52,982] {taskinstance.py:1357} INFO - Starting attempt 1 of 1
[2022-08-11 22:21:52,983] {taskinstance.py:1358} INFO - 
--------------------------------------------------------------------------------
[2022-08-11 22:21:53,225] {taskinstance.py:1377} INFO - Executing <Task(PythonOperator): download_raw_data> on 2022-08-11 22:21:40.083295+00:00
[2022-08-11 22:21:53,374] {standard_task_runner.py:52} INFO - Started process 2927 to run task
[2022-08-11 22:21:53,420] {standard_task_runner.py:79} INFO - Running: ['***', 'tasks', 'run', 'ETL_Raízen', 'download_raw_data', 'manual__2022-08-11T22:21:40.083295+00:00', '--job-id', '47', '--raw', '--subdir', 'DAGS_FOLDER/ETL_Raizen.py', '--cfg-path', '/tmp/tmp6gu_xguk', '--error-file', '/tmp/tmpgwmnzlkn']
[2022-08-11 22:21:53,430] {standard_task_runner.py:80} INFO - Job 47: Subtask download_raw_data
[2022-08-11 22:21:54,065] {task_command.py:369} INFO - Running <TaskInstance: ETL_Raízen.download_raw_data manual__2022-08-11T22:21:40.083295+00:00 [running]> on host 53e7d4a502e6
[2022-08-11 22:21:54,901] {taskinstance.py:1571} INFO - Exporting the following env vars:
AIRFLOW_CTX_DAG_OWNER=***
AIRFLOW_CTX_DAG_ID=ETL_Raízen
AIRFLOW_CTX_TASK_ID=download_raw_data
AIRFLOW_CTX_EXECUTION_DATE=2022-08-11T22:21:40.083295+00:00
AIRFLOW_CTX_TRY_NUMBER=1
AIRFLOW_CTX_DAG_RUN_ID=manual__2022-08-11T22:21:40.083295+00:00
[2022-08-11 22:21:54,905] {ETL_Raizen.py:41} INFO - Downloading .xls raw data
[2022-08-11 22:22:04,997] {ETL_Raizen.py:43} INFO - Succesfully downloaded .xls raw data
[2022-08-11 22:22:04,998] {python.py:173} INFO - Done. Returned value was: None
[2022-08-11 22:22:05,033] {taskinstance.py:1400} INFO - Marking task as SUCCESS. dag_id=ETL_Raízen, task_id=download_raw_data, execution_date=20220811T222140, start_date=20220811T222152, end_date=20220811T222205
[2022-08-11 22:22:05,106] {local_task_job.py:156} INFO - Task exited with return code 0
[2022-08-11 22:22:05,199] {local_task_job.py:273} INFO - 1 downstream tasks scheduled from follow-on schedule check
