[2022-08-12 23:27:59,135] {taskinstance.py:1159} INFO - Dependencies all met for <TaskInstance: ETL_Raízen.read_transform_and_save manual__2022-08-12T23:27:44.389207+00:00 [queued]>
[2022-08-12 23:27:59,151] {taskinstance.py:1159} INFO - Dependencies all met for <TaskInstance: ETL_Raízen.read_transform_and_save manual__2022-08-12T23:27:44.389207+00:00 [queued]>
[2022-08-12 23:27:59,152] {taskinstance.py:1356} INFO - 
--------------------------------------------------------------------------------
[2022-08-12 23:27:59,153] {taskinstance.py:1357} INFO - Starting attempt 1 of 1
[2022-08-12 23:27:59,154] {taskinstance.py:1358} INFO - 
--------------------------------------------------------------------------------
[2022-08-12 23:27:59,172] {taskinstance.py:1377} INFO - Executing <Task(PythonOperator): read_transform_and_save> on 2022-08-12 23:27:44.389207+00:00
[2022-08-12 23:27:59,178] {standard_task_runner.py:52} INFO - Started process 9973 to run task
[2022-08-12 23:27:59,182] {standard_task_runner.py:79} INFO - Running: ['***', 'tasks', 'run', 'ETL_Raízen', 'read_transform_and_save', 'manual__2022-08-12T23:27:44.389207+00:00', '--job-id', '266', '--raw', '--subdir', 'DAGS_FOLDER/ETL_Raizen.py', '--cfg-path', '/tmp/tmpjw7whcad', '--error-file', '/tmp/tmpijfbvurp']
[2022-08-12 23:27:59,183] {standard_task_runner.py:80} INFO - Job 266: Subtask read_transform_and_save
[2022-08-12 23:27:59,274] {task_command.py:369} INFO - Running <TaskInstance: ETL_Raízen.read_transform_and_save manual__2022-08-12T23:27:44.389207+00:00 [running]> on host 4bbb34367c41
[2022-08-12 23:27:59,479] {taskinstance.py:1571} INFO - Exporting the following env vars:
AIRFLOW_CTX_DAG_OWNER=***
AIRFLOW_CTX_DAG_ID=ETL_Raízen
AIRFLOW_CTX_TASK_ID=read_transform_and_save
AIRFLOW_CTX_EXECUTION_DATE=2022-08-12T23:27:44.389207+00:00
AIRFLOW_CTX_TRY_NUMBER=1
AIRFLOW_CTX_DAG_RUN_ID=manual__2022-08-12T23:27:44.389207+00:00
[2022-08-12 23:27:59,481] {ETL_Raizen.py:57} INFO - Processing data of sheet DPCache_m3
[2022-08-12 23:28:02,026] {ETL_Raizen.py:102} INFO - Data of sheet DPCache_m3 successfully processed
[2022-08-12 23:28:02,027] {ETL_Raizen.py:103} INFO - Visual check: 
[2022-08-12 23:28:02,038] {logging_mixin.py:115} INFO -       product        uf unit      volume year_month          created_at
0  GASOLINA C  RONDÔNIA   m3  136073.253    2000-01 2022-08-12 23:28:01
1  GASOLINA C      ACRE   m3    3358.346    2000-01 2022-08-12 23:28:01
2  GASOLINA C  AMAZONAS   m3   20766.918    2000-01 2022-08-12 23:28:01
3  GASOLINA C   RORAIMA   m3    3716.032    2000-01 2022-08-12 23:28:01
4  GASOLINA C      PARÁ   m3   29755.907    2000-01 2022-08-12 23:28:01
[2022-08-12 23:28:02,039] {ETL_Raizen.py:106} INFO - Saving processed data into parquet format
[2022-08-12 23:28:15,504] {ETL_Raizen.py:109} INFO - Data successfully saved
[2022-08-12 23:28:15,505] {ETL_Raizen.py:57} INFO - Processing data of sheet DPCache_m3_2
[2022-08-12 23:28:16,105] {ETL_Raizen.py:102} INFO - Data of sheet DPCache_m3_2 successfully processed
[2022-08-12 23:28:16,105] {ETL_Raizen.py:103} INFO - Visual check: 
[2022-08-12 23:28:16,122] {logging_mixin.py:115} INFO -             product        uf unit    volume year_month          created_at
0  ÓLEO DIESEL S-10  RONDÔNIA   m3  81453.67    2013-01 2022-08-12 23:28:16
1  ÓLEO DIESEL S-10      ACRE   m3   1483.00    2013-01 2022-08-12 23:28:16
2  ÓLEO DIESEL S-10  AMAZONAS   m3   6836.30    2013-01 2022-08-12 23:28:16
3  ÓLEO DIESEL S-10   RORAIMA   m3   1475.30    2013-01 2022-08-12 23:28:16
4  ÓLEO DIESEL S-10      PARÁ   m3  40913.48    2013-01 2022-08-12 23:28:16
[2022-08-12 23:28:16,122] {ETL_Raizen.py:106} INFO - Saving processed data into parquet format
[2022-08-12 23:28:18,933] {ETL_Raizen.py:109} INFO - Data successfully saved
[2022-08-12 23:28:18,934] {python.py:173} INFO - Done. Returned value was: None
[2022-08-12 23:28:18,951] {taskinstance.py:1400} INFO - Marking task as SUCCESS. dag_id=ETL_Raízen, task_id=read_transform_and_save, execution_date=20220812T232744, start_date=20220812T232759, end_date=20220812T232818
[2022-08-12 23:28:19,002] {local_task_job.py:156} INFO - Task exited with return code 0
[2022-08-12 23:28:19,042] {local_task_job.py:273} INFO - 1 downstream tasks scheduled from follow-on schedule check
