[2022-08-13 12:37:48,647] {taskinstance.py:1159} INFO - Dependencies all met for <TaskInstance: ETL_Raízen.create_database_from_parquet manual__2022-08-13T12:37:12.220665+00:00 [queued]>
[2022-08-13 12:37:48,663] {taskinstance.py:1159} INFO - Dependencies all met for <TaskInstance: ETL_Raízen.create_database_from_parquet manual__2022-08-13T12:37:12.220665+00:00 [queued]>
[2022-08-13 12:37:48,663] {taskinstance.py:1356} INFO - 
--------------------------------------------------------------------------------
[2022-08-13 12:37:48,663] {taskinstance.py:1357} INFO - Starting attempt 1 of 1
[2022-08-13 12:37:48,664] {taskinstance.py:1358} INFO - 
--------------------------------------------------------------------------------
[2022-08-13 12:37:48,680] {taskinstance.py:1377} INFO - Executing <Task(PythonOperator): create_database_from_parquet> on 2022-08-13 12:37:12.220665+00:00
[2022-08-13 12:37:48,686] {standard_task_runner.py:52} INFO - Started process 5647 to run task
[2022-08-13 12:37:48,689] {standard_task_runner.py:79} INFO - Running: ['***', 'tasks', 'run', 'ETL_Raízen', 'create_database_from_parquet', 'manual__2022-08-13T12:37:12.220665+00:00', '--job-id', '382', '--raw', '--subdir', 'DAGS_FOLDER/ETL_Raizen.py', '--cfg-path', '/tmp/tmpajna1i1_', '--error-file', '/tmp/tmphc88zhk0']
[2022-08-13 12:37:48,691] {standard_task_runner.py:80} INFO - Job 382: Subtask create_database_from_parquet
[2022-08-13 12:37:48,763] {task_command.py:369} INFO - Running <TaskInstance: ETL_Raízen.create_database_from_parquet manual__2022-08-13T12:37:12.220665+00:00 [running]> on host 4bbb34367c41
[2022-08-13 12:37:48,849] {taskinstance.py:1571} INFO - Exporting the following env vars:
AIRFLOW_CTX_DAG_OWNER=***
AIRFLOW_CTX_DAG_ID=ETL_Raízen
AIRFLOW_CTX_TASK_ID=create_database_from_parquet
AIRFLOW_CTX_EXECUTION_DATE=2022-08-13T12:37:12.220665+00:00
AIRFLOW_CTX_TRY_NUMBER=1
AIRFLOW_CTX_DAG_RUN_ID=manual__2022-08-13T12:37:12.220665+00:00
[2022-08-13 12:37:48,851] {ETL_Raizen.py:117} INFO - Creating database to insert data into table 'oil_derivative'
[2022-08-13 12:37:49,406] {ETL_Raizen.py:123} INFO - Dropping table 'oil_derivative' if exists
[2022-08-13 12:37:49,437] {ETL_Raizen.py:126} INFO - Table 'oil_derivative' successfully dropped
[2022-08-13 12:37:49,437] {ETL_Raizen.py:128} INFO - Creating table 'oil_derivative'
[2022-08-13 12:37:49,440] {ETL_Raizen.py:132} INFO - Table 'oil_derivative' successfylly created
[2022-08-13 12:37:49,440] {ETL_Raizen.py:140} INFO - Inserting data into table 'oil_derivative'
[2022-08-13 12:37:51,124] {ETL_Raizen.py:145} INFO - Data successfully inserted into table 'oil_derivative'
[2022-08-13 12:37:51,125] {ETL_Raizen.py:147} INFO - Checking if the data has been inserted correctly into table 'oil_derivative' with pandas
[2022-08-13 12:37:51,126] {ETL_Raizen.py:148} INFO - SELECT * FROM oil_derivative
[2022-08-13 12:37:51,263] {ETL_Raizen.py:150} INFO - Visual check:
[2022-08-13 12:37:51,279] {logging_mixin.py:115} INFO -          uf unit     volume           created_at           product year_month
0  RONDÔNIA   m3   2921.670  2022-08-13 12:37:26  ETANOL HIDRATADO    2000-01
1      ACRE   m3    676.230  2022-08-13 12:37:26  ETANOL HIDRATADO    2000-01
2  AMAZONAS   m3   1465.464  2022-08-13 12:37:26  ETANOL HIDRATADO    2000-01
3   RORAIMA   m3    143.150  2022-08-13 12:37:26  ETANOL HIDRATADO    2000-01
4      PARÁ   m3  30040.007  2022-08-13 12:37:26  ETANOL HIDRATADO    2000-01
[2022-08-13 12:37:51,279] {ETL_Raizen.py:152} INFO - Check completed successfully
[2022-08-13 12:37:51,280] {ETL_Raizen.py:117} INFO - Creating database to insert data into table 'diesel'
[2022-08-13 12:37:51,402] {ETL_Raizen.py:123} INFO - Dropping table 'diesel' if exists
[2022-08-13 12:37:51,413] {ETL_Raizen.py:126} INFO - Table 'diesel' successfully dropped
[2022-08-13 12:37:51,413] {ETL_Raizen.py:128} INFO - Creating table 'diesel'
[2022-08-13 12:37:51,418] {ETL_Raizen.py:132} INFO - Table 'diesel' successfylly created
[2022-08-13 12:37:51,418] {ETL_Raizen.py:140} INFO - Inserting data into table 'diesel'
[2022-08-13 12:37:51,720] {ETL_Raizen.py:145} INFO - Data successfully inserted into table 'diesel'
[2022-08-13 12:37:51,721] {ETL_Raizen.py:147} INFO - Checking if the data has been inserted correctly into table 'diesel' with pandas
[2022-08-13 12:37:51,722] {ETL_Raizen.py:148} INFO - SELECT * FROM diesel
[2022-08-13 12:37:51,764] {ETL_Raizen.py:150} INFO - Visual check:
[2022-08-13 12:37:51,776] {logging_mixin.py:115} INFO -          uf unit  ...               product year_month
0  RONDÔNIA   m3  ...  ÓLEO DIESEL MARÍTIMO    2013-01
1      ACRE   m3  ...  ÓLEO DIESEL MARÍTIMO    2013-01
2  AMAZONAS   m3  ...  ÓLEO DIESEL MARÍTIMO    2013-01
3   RORAIMA   m3  ...  ÓLEO DIESEL MARÍTIMO    2013-01
4      PARÁ   m3  ...  ÓLEO DIESEL MARÍTIMO    2013-01

[5 rows x 6 columns]
[2022-08-13 12:37:51,776] {ETL_Raizen.py:152} INFO - Check completed successfully
[2022-08-13 12:37:51,781] {python.py:173} INFO - Done. Returned value was: None
[2022-08-13 12:37:51,798] {taskinstance.py:1400} INFO - Marking task as SUCCESS. dag_id=ETL_Raízen, task_id=create_database_from_parquet, execution_date=20220813T123712, start_date=20220813T123748, end_date=20220813T123751
[2022-08-13 12:37:51,836] {local_task_job.py:156} INFO - Task exited with return code 0
[2022-08-13 12:37:51,882] {local_task_job.py:273} INFO - 0 downstream tasks scheduled from follow-on schedule check
