[2022-08-11 22:09:53,308] {taskinstance.py:1159} INFO - Dependencies all met for <TaskInstance: ETL_Raízen.convert_xls_into_xlsx manual__2022-08-11T22:09:36.044366+00:00 [queued]>
[2022-08-11 22:09:53,333] {taskinstance.py:1159} INFO - Dependencies all met for <TaskInstance: ETL_Raízen.convert_xls_into_xlsx manual__2022-08-11T22:09:36.044366+00:00 [queued]>
[2022-08-11 22:09:53,334] {taskinstance.py:1356} INFO - 
--------------------------------------------------------------------------------
[2022-08-11 22:09:53,335] {taskinstance.py:1357} INFO - Starting attempt 1 of 1
[2022-08-11 22:09:53,336] {taskinstance.py:1358} INFO - 
--------------------------------------------------------------------------------
[2022-08-11 22:09:53,383] {taskinstance.py:1377} INFO - Executing <Task(PythonOperator): convert_xls_into_xlsx> on 2022-08-11 22:09:36.044366+00:00
[2022-08-11 22:09:53,398] {standard_task_runner.py:52} INFO - Started process 2231 to run task
[2022-08-11 22:09:53,407] {standard_task_runner.py:79} INFO - Running: ['***', 'tasks', 'run', 'ETL_Raízen', 'convert_xls_into_xlsx', 'manual__2022-08-11T22:09:36.044366+00:00', '--job-id', '36', '--raw', '--subdir', 'DAGS_FOLDER/ETL_Raizen.py', '--cfg-path', '/tmp/tmpn98pug6k', '--error-file', '/tmp/tmpc2w6qey5']
[2022-08-11 22:09:53,414] {standard_task_runner.py:80} INFO - Job 36: Subtask convert_xls_into_xlsx
[2022-08-11 22:09:53,686] {task_command.py:369} INFO - Running <TaskInstance: ETL_Raízen.convert_xls_into_xlsx manual__2022-08-11T22:09:36.044366+00:00 [running]> on host 53e7d4a502e6
[2022-08-11 22:09:54,104] {taskinstance.py:1571} INFO - Exporting the following env vars:
AIRFLOW_CTX_DAG_OWNER=***
AIRFLOW_CTX_DAG_ID=ETL_Raízen
AIRFLOW_CTX_TASK_ID=convert_xls_into_xlsx
AIRFLOW_CTX_EXECUTION_DATE=2022-08-11T22:09:36.044366+00:00
AIRFLOW_CTX_TRY_NUMBER=1
AIRFLOW_CTX_DAG_RUN_ID=manual__2022-08-11T22:09:36.044366+00:00
[2022-08-11 22:09:54,119] {ETL_Raizen.py:48} INFO - Converting file .xls into .xlsx using libreoffice
[2022-08-11 22:09:55,891] {ETL_Raizen.py:50} INFO - File .xls succesfully converted into .xlsx
[2022-08-11 22:09:55,893] {python.py:173} INFO - Done. Returned value was: None
[2022-08-11 22:09:55,960] {taskinstance.py:1400} INFO - Marking task as SUCCESS. dag_id=ETL_Raízen, task_id=convert_xls_into_xlsx, execution_date=20220811T220936, start_date=20220811T220953, end_date=20220811T220955
[2022-08-11 22:09:56,095] {local_task_job.py:156} INFO - Task exited with return code 0
[2022-08-11 22:09:56,380] {local_task_job.py:273} INFO - 1 downstream tasks scheduled from follow-on schedule check
