[2022-08-13 11:30:02,092] {taskinstance.py:1159} INFO - Dependencies all met for <TaskInstance: ETL_Raízen.download_raw_data scheduled__2022-08-13T10:30:00+00:00 [queued]>
[2022-08-13 11:30:02,103] {taskinstance.py:1159} INFO - Dependencies all met for <TaskInstance: ETL_Raízen.download_raw_data scheduled__2022-08-13T10:30:00+00:00 [queued]>
[2022-08-13 11:30:02,104] {taskinstance.py:1356} INFO - 
--------------------------------------------------------------------------------
[2022-08-13 11:30:02,105] {taskinstance.py:1357} INFO - Starting attempt 1 of 1
[2022-08-13 11:30:02,105] {taskinstance.py:1358} INFO - 
--------------------------------------------------------------------------------
[2022-08-13 11:30:02,120] {taskinstance.py:1377} INFO - Executing <Task(PythonOperator): download_raw_data> on 2022-08-13 10:30:00+00:00
[2022-08-13 11:30:02,125] {standard_task_runner.py:52} INFO - Started process 617 to run task
[2022-08-13 11:30:02,128] {standard_task_runner.py:79} INFO - Running: ['***', 'tasks', 'run', 'ETL_Raízen', 'download_raw_data', 'scheduled__2022-08-13T10:30:00+00:00', '--job-id', '305', '--raw', '--subdir', 'DAGS_FOLDER/ETL_Raizen.py', '--cfg-path', '/tmp/tmpzadaqq0n', '--error-file', '/tmp/tmpqc9kkdx3']
[2022-08-13 11:30:02,130] {standard_task_runner.py:80} INFO - Job 305: Subtask download_raw_data
[2022-08-13 11:30:02,198] {task_command.py:369} INFO - Running <TaskInstance: ETL_Raízen.download_raw_data scheduled__2022-08-13T10:30:00+00:00 [running]> on host 4bbb34367c41
[2022-08-13 11:30:02,283] {taskinstance.py:1571} INFO - Exporting the following env vars:
AIRFLOW_CTX_DAG_OWNER=***
AIRFLOW_CTX_DAG_ID=ETL_Raízen
AIRFLOW_CTX_TASK_ID=download_raw_data
AIRFLOW_CTX_EXECUTION_DATE=2022-08-13T10:30:00+00:00
AIRFLOW_CTX_TRY_NUMBER=1
AIRFLOW_CTX_DAG_RUN_ID=scheduled__2022-08-13T10:30:00+00:00
[2022-08-13 11:30:02,285] {ETL_Raizen.py:40} INFO - Downloading .xls raw data
[2022-08-13 11:30:03,962] {ETL_Raizen.py:42} INFO - Succesfully downloaded .xls raw data
[2022-08-13 11:30:03,963] {python.py:173} INFO - Done. Returned value was: None
[2022-08-13 11:30:03,978] {taskinstance.py:1400} INFO - Marking task as SUCCESS. dag_id=ETL_Raízen, task_id=download_raw_data, execution_date=20220813T103000, start_date=20220813T113002, end_date=20220813T113003
[2022-08-13 11:30:04,029] {local_task_job.py:156} INFO - Task exited with return code 0
[2022-08-13 11:30:04,103] {local_task_job.py:273} INFO - 1 downstream tasks scheduled from follow-on schedule check
