[2022-08-13 12:28:58,706] {taskinstance.py:1159} INFO - Dependencies all met for <TaskInstance: ETL_Raízen.create_database_from_parquet manual__2022-08-13T12:28:25.753563+00:00 [queued]>
[2022-08-13 12:28:58,718] {taskinstance.py:1159} INFO - Dependencies all met for <TaskInstance: ETL_Raízen.create_database_from_parquet manual__2022-08-13T12:28:25.753563+00:00 [queued]>
[2022-08-13 12:28:58,719] {taskinstance.py:1356} INFO - 
--------------------------------------------------------------------------------
[2022-08-13 12:28:58,720] {taskinstance.py:1357} INFO - Starting attempt 1 of 1
[2022-08-13 12:28:58,721] {taskinstance.py:1358} INFO - 
--------------------------------------------------------------------------------
[2022-08-13 12:28:58,737] {taskinstance.py:1377} INFO - Executing <Task(PythonOperator): create_database_from_parquet> on 2022-08-13 12:28:25.753563+00:00
[2022-08-13 12:28:58,742] {standard_task_runner.py:52} INFO - Started process 4865 to run task
[2022-08-13 12:28:58,746] {standard_task_runner.py:79} INFO - Running: ['***', 'tasks', 'run', 'ETL_Raízen', 'create_database_from_parquet', 'manual__2022-08-13T12:28:25.753563+00:00', '--job-id', '367', '--raw', '--subdir', 'DAGS_FOLDER/ETL_Raizen.py', '--cfg-path', '/tmp/tmp2efzt7y9', '--error-file', '/tmp/tmp37iwnarv']
[2022-08-13 12:28:58,747] {standard_task_runner.py:80} INFO - Job 367: Subtask create_database_from_parquet
[2022-08-13 12:28:58,812] {task_command.py:369} INFO - Running <TaskInstance: ETL_Raízen.create_database_from_parquet manual__2022-08-13T12:28:25.753563+00:00 [running]> on host 4bbb34367c41
[2022-08-13 12:28:58,895] {taskinstance.py:1571} INFO - Exporting the following env vars:
AIRFLOW_CTX_DAG_OWNER=***
AIRFLOW_CTX_DAG_ID=ETL_Raízen
AIRFLOW_CTX_TASK_ID=create_database_from_parquet
AIRFLOW_CTX_EXECUTION_DATE=2022-08-13T12:28:25.753563+00:00
AIRFLOW_CTX_TRY_NUMBER=1
AIRFLOW_CTX_DAG_RUN_ID=manual__2022-08-13T12:28:25.753563+00:00
[2022-08-13 12:28:58,897] {ETL_Raizen.py:117} INFO - Creating database to insert data into table oil_derivative
[2022-08-13 12:28:59,456] {taskinstance.py:1889} ERROR - Task failed with exception
Traceback (most recent call last):
  File "/home/airflow/.local/lib/python3.7/site-packages/airflow/operators/python.py", line 171, in execute
    return_value = self.execute_callable()
  File "/home/airflow/.local/lib/python3.7/site-packages/airflow/operators/python.py", line 189, in execute_callable
    return self.python_callable(*self.op_args, **self.op_kwargs)
  File "/opt/airflow/dags/ETL_Raizen.py", line 123, in create_database_from_parquet
    cursor.execute("""DROP TABLE IF EXISTS {sheets[i]}""")
sqlite3.OperationalError: unrecognized token: "{"
[2022-08-13 12:28:59,471] {taskinstance.py:1400} INFO - Marking task as FAILED. dag_id=ETL_Raízen, task_id=create_database_from_parquet, execution_date=20220813T122825, start_date=20220813T122858, end_date=20220813T122859
[2022-08-13 12:28:59,487] {standard_task_runner.py:97} ERROR - Failed to execute job 367 for task create_database_from_parquet (unrecognized token: "{"; 4865)
[2022-08-13 12:28:59,522] {local_task_job.py:156} INFO - Task exited with return code 1
[2022-08-13 12:28:59,562] {local_task_job.py:273} INFO - 0 downstream tasks scheduled from follow-on schedule check
