[2022-08-12 10:00:16,280] {taskinstance.py:1159} INFO - Dependencies all met for <TaskInstance: ETL_Raízen.convert_xls_into_xlsx scheduled__2022-08-12T08:30:00+00:00 [queued]>
[2022-08-12 10:00:16,386] {taskinstance.py:1159} INFO - Dependencies all met for <TaskInstance: ETL_Raízen.convert_xls_into_xlsx scheduled__2022-08-12T08:30:00+00:00 [queued]>
[2022-08-12 10:00:16,388] {taskinstance.py:1356} INFO - 
--------------------------------------------------------------------------------
[2022-08-12 10:00:16,389] {taskinstance.py:1357} INFO - Starting attempt 1 of 1
[2022-08-12 10:00:16,391] {taskinstance.py:1358} INFO - 
--------------------------------------------------------------------------------
[2022-08-12 10:00:16,558] {taskinstance.py:1377} INFO - Executing <Task(PythonOperator): convert_xls_into_xlsx> on 2022-08-12 08:30:00+00:00
[2022-08-12 10:00:16,576] {standard_task_runner.py:52} INFO - Started process 131 to run task
[2022-08-12 10:00:16,598] {standard_task_runner.py:79} INFO - Running: ['***', 'tasks', 'run', 'ETL_Raízen', 'convert_xls_into_xlsx', 'scheduled__2022-08-12T08:30:00+00:00', '--job-id', '107', '--raw', '--subdir', 'DAGS_FOLDER/ETL_Raizen.py', '--cfg-path', '/tmp/tmpqsrv8556', '--error-file', '/tmp/tmpm55stzgp']
[2022-08-12 10:00:16,604] {standard_task_runner.py:80} INFO - Job 107: Subtask convert_xls_into_xlsx
[2022-08-12 10:00:17,038] {task_command.py:369} INFO - Running <TaskInstance: ETL_Raízen.convert_xls_into_xlsx scheduled__2022-08-12T08:30:00+00:00 [running]> on host 53e7d4a502e6
[2022-08-12 10:00:17,509] {taskinstance.py:1571} INFO - Exporting the following env vars:
AIRFLOW_CTX_DAG_OWNER=***
AIRFLOW_CTX_DAG_ID=ETL_Raízen
AIRFLOW_CTX_TASK_ID=convert_xls_into_xlsx
AIRFLOW_CTX_EXECUTION_DATE=2022-08-12T08:30:00+00:00
AIRFLOW_CTX_TRY_NUMBER=1
AIRFLOW_CTX_DAG_RUN_ID=scheduled__2022-08-12T08:30:00+00:00
[2022-08-12 10:00:17,520] {ETL_Raizen.py:48} INFO - Converting file .xls into .xlsx using libreoffice
[2022-08-12 10:01:15,544] {ETL_Raizen.py:50} INFO - File .xls succesfully converted into .xlsx
[2022-08-12 10:01:15,556] {python.py:173} INFO - Done. Returned value was: None
[2022-08-12 10:01:15,792] {taskinstance.py:1400} INFO - Marking task as SUCCESS. dag_id=ETL_Raízen, task_id=convert_xls_into_xlsx, execution_date=20220812T083000, start_date=20220812T100016, end_date=20220812T100115
[2022-08-12 10:01:15,998] {local_task_job.py:156} INFO - Task exited with return code 0
[2022-08-12 10:01:16,595] {local_task_job.py:273} INFO - 0 downstream tasks scheduled from follow-on schedule check
