[2022-08-12 11:17:15,771] {taskinstance.py:1159} INFO - Dependencies all met for <TaskInstance: ETL_Raízen.extract_sheets manual__2022-08-12T11:17:00.510115+00:00 [queued]>
[2022-08-12 11:17:15,784] {taskinstance.py:1159} INFO - Dependencies all met for <TaskInstance: ETL_Raízen.extract_sheets manual__2022-08-12T11:17:00.510115+00:00 [queued]>
[2022-08-12 11:17:15,785] {taskinstance.py:1356} INFO - 
--------------------------------------------------------------------------------
[2022-08-12 11:17:15,785] {taskinstance.py:1357} INFO - Starting attempt 1 of 1
[2022-08-12 11:17:15,786] {taskinstance.py:1358} INFO - 
--------------------------------------------------------------------------------
[2022-08-12 11:17:15,803] {taskinstance.py:1377} INFO - Executing <Task(PythonOperator): extract_sheets> on 2022-08-12 11:17:00.510115+00:00
[2022-08-12 11:17:15,809] {standard_task_runner.py:52} INFO - Started process 1245 to run task
[2022-08-12 11:17:15,813] {standard_task_runner.py:79} INFO - Running: ['***', 'tasks', 'run', 'ETL_Raízen', 'extract_sheets', 'manual__2022-08-12T11:17:00.510115+00:00', '--job-id', '146', '--raw', '--subdir', 'DAGS_FOLDER/ETL_Raizen.py', '--cfg-path', '/tmp/tmpai2zwbp3', '--error-file', '/tmp/tmpgvx76u54']
[2022-08-12 11:17:15,815] {standard_task_runner.py:80} INFO - Job 146: Subtask extract_sheets
[2022-08-12 11:17:15,879] {task_command.py:369} INFO - Running <TaskInstance: ETL_Raízen.extract_sheets manual__2022-08-12T11:17:00.510115+00:00 [running]> on host a471224fadbb
[2022-08-12 11:17:15,972] {taskinstance.py:1571} INFO - Exporting the following env vars:
AIRFLOW_CTX_DAG_OWNER=***
AIRFLOW_CTX_DAG_ID=ETL_Raízen
AIRFLOW_CTX_TASK_ID=extract_sheets
AIRFLOW_CTX_EXECUTION_DATE=2022-08-12T11:17:00.510115+00:00
AIRFLOW_CTX_TRY_NUMBER=1
AIRFLOW_CTX_DAG_RUN_ID=manual__2022-08-12T11:17:00.510115+00:00
[2022-08-12 11:17:15,974] {ETL_Raizen.py:68} INFO - Extracting sheet DPCache_m3
[2022-08-12 11:17:20,087] {ETL_Raizen.py:71} INFO - Sheet DPCache_m3 succesfully extracted
[2022-08-12 11:17:20,088] {ETL_Raizen.py:68} INFO - Extracting sheet DPCache_m3_2
[2022-08-12 11:17:21,064] {ETL_Raizen.py:71} INFO - Sheet DPCache_m3_2 succesfully extracted
[2022-08-12 11:17:21,065] {python.py:173} INFO - Done. Returned value was: None
[2022-08-12 11:17:21,085] {taskinstance.py:1400} INFO - Marking task as SUCCESS. dag_id=ETL_Raízen, task_id=extract_sheets, execution_date=20220812T111700, start_date=20220812T111715, end_date=20220812T111721
[2022-08-12 11:17:21,149] {local_task_job.py:156} INFO - Task exited with return code 0
[2022-08-12 11:17:21,203] {local_task_job.py:273} INFO - 1 downstream tasks scheduled from follow-on schedule check
