[2022-08-13 12:39:52,694] {taskinstance.py:1159} INFO - Dependencies all met for <TaskInstance: ETL_Raízen.create_database_from_parquet manual__2022-08-13T12:39:18.610467+00:00 [queued]>
[2022-08-13 12:39:52,709] {taskinstance.py:1159} INFO - Dependencies all met for <TaskInstance: ETL_Raízen.create_database_from_parquet manual__2022-08-13T12:39:18.610467+00:00 [queued]>
[2022-08-13 12:39:52,710] {taskinstance.py:1356} INFO - 
--------------------------------------------------------------------------------
[2022-08-13 12:39:52,711] {taskinstance.py:1357} INFO - Starting attempt 1 of 1
[2022-08-13 12:39:52,712] {taskinstance.py:1358} INFO - 
--------------------------------------------------------------------------------
[2022-08-13 12:39:52,728] {taskinstance.py:1377} INFO - Executing <Task(PythonOperator): create_database_from_parquet> on 2022-08-13 12:39:18.610467+00:00
[2022-08-13 12:39:52,734] {standard_task_runner.py:52} INFO - Started process 5871 to run task
[2022-08-13 12:39:52,738] {standard_task_runner.py:79} INFO - Running: ['***', 'tasks', 'run', 'ETL_Raízen', 'create_database_from_parquet', 'manual__2022-08-13T12:39:18.610467+00:00', '--job-id', '387', '--raw', '--subdir', 'DAGS_FOLDER/ETL_Raizen.py', '--cfg-path', '/tmp/tmpfun02n36', '--error-file', '/tmp/tmpllb24zrr']
[2022-08-13 12:39:52,740] {standard_task_runner.py:80} INFO - Job 387: Subtask create_database_from_parquet
[2022-08-13 12:39:52,815] {task_command.py:369} INFO - Running <TaskInstance: ETL_Raízen.create_database_from_parquet manual__2022-08-13T12:39:18.610467+00:00 [running]> on host 4bbb34367c41
[2022-08-13 12:39:52,893] {taskinstance.py:1571} INFO - Exporting the following env vars:
AIRFLOW_CTX_DAG_OWNER=***
AIRFLOW_CTX_DAG_ID=ETL_Raízen
AIRFLOW_CTX_TASK_ID=create_database_from_parquet
AIRFLOW_CTX_EXECUTION_DATE=2022-08-13T12:39:18.610467+00:00
AIRFLOW_CTX_TRY_NUMBER=1
AIRFLOW_CTX_DAG_RUN_ID=manual__2022-08-13T12:39:18.610467+00:00
[2022-08-13 12:39:52,894] {ETL_Raizen.py:117} INFO - Creating database to insert data into table 'oil_derivative'
[2022-08-13 12:39:53,473] {ETL_Raizen.py:123} INFO - Dropping table 'oil_derivative' if exists
[2022-08-13 12:39:53,506] {ETL_Raizen.py:126} INFO - Table 'oil_derivative' successfully dropped
[2022-08-13 12:39:53,507] {ETL_Raizen.py:128} INFO - Creating table 'oil_derivative'
[2022-08-13 12:39:53,510] {ETL_Raizen.py:132} INFO - Table 'oil_derivative' successfylly created
[2022-08-13 12:39:53,511] {ETL_Raizen.py:140} INFO - Inserting data into table 'oil_derivative'
[2022-08-13 12:39:55,239] {ETL_Raizen.py:145} INFO - Data successfully inserted into table 'oil_derivative'
[2022-08-13 12:39:55,239] {ETL_Raizen.py:147} INFO - Checking if the data has been inserted correctly into table 'oil_derivative' with pandas
[2022-08-13 12:39:55,240] {ETL_Raizen.py:148} INFO - SELECT * FROM oil_derivative
[2022-08-13 12:39:55,386] {ETL_Raizen.py:150} INFO - Visual check:
[2022-08-13 12:39:55,398] {logging_mixin.py:115} INFO -          uf unit     volume           created_at           product year_month
0  RONDÔNIA   m3   2921.670  2022-08-13 12:39:33  ETANOL HIDRATADO    2000-01
1      ACRE   m3    676.230  2022-08-13 12:39:33  ETANOL HIDRATADO    2000-01
2  AMAZONAS   m3   1465.464  2022-08-13 12:39:33  ETANOL HIDRATADO    2000-01
3   RORAIMA   m3    143.150  2022-08-13 12:39:33  ETANOL HIDRATADO    2000-01
4      PARÁ   m3  30040.007  2022-08-13 12:39:33  ETANOL HIDRATADO    2000-01
[2022-08-13 12:39:55,399] {ETL_Raizen.py:152} INFO - Check completed successfully
[2022-08-13 12:39:55,400] {ETL_Raizen.py:117} INFO - Creating database to insert data into table 'diesel'
[2022-08-13 12:39:55,510] {ETL_Raizen.py:123} INFO - Dropping table 'diesel' if exists
[2022-08-13 12:39:55,520] {ETL_Raizen.py:126} INFO - Table 'diesel' successfully dropped
[2022-08-13 12:39:55,520] {ETL_Raizen.py:128} INFO - Creating table 'diesel'
[2022-08-13 12:39:55,524] {ETL_Raizen.py:132} INFO - Table 'diesel' successfylly created
[2022-08-13 12:39:55,524] {ETL_Raizen.py:140} INFO - Inserting data into table 'diesel'
[2022-08-13 12:39:55,863] {ETL_Raizen.py:145} INFO - Data successfully inserted into table 'diesel'
[2022-08-13 12:39:55,864] {ETL_Raizen.py:147} INFO - Checking if the data has been inserted correctly into table 'diesel' with pandas
[2022-08-13 12:39:55,864] {ETL_Raizen.py:148} INFO - SELECT * FROM diesel
[2022-08-13 12:39:55,899] {ETL_Raizen.py:150} INFO - Visual check:
[2022-08-13 12:39:55,910] {logging_mixin.py:115} INFO -          uf unit  ...               product year_month
0  RONDÔNIA   m3  ...  ÓLEO DIESEL MARÍTIMO    2013-01
1      ACRE   m3  ...  ÓLEO DIESEL MARÍTIMO    2013-01
2  AMAZONAS   m3  ...  ÓLEO DIESEL MARÍTIMO    2013-01
3   RORAIMA   m3  ...  ÓLEO DIESEL MARÍTIMO    2013-01
4      PARÁ   m3  ...  ÓLEO DIESEL MARÍTIMO    2013-01

[5 rows x 6 columns]
[2022-08-13 12:39:55,910] {ETL_Raizen.py:152} INFO - Check completed successfully
[2022-08-13 12:39:55,913] {python.py:173} INFO - Done. Returned value was: None
[2022-08-13 12:39:55,928] {taskinstance.py:1400} INFO - Marking task as SUCCESS. dag_id=ETL_Raízen, task_id=create_database_from_parquet, execution_date=20220813T123918, start_date=20220813T123952, end_date=20220813T123955
[2022-08-13 12:39:55,966] {local_task_job.py:156} INFO - Task exited with return code 0
[2022-08-13 12:39:56,005] {local_task_job.py:273} INFO - 0 downstream tasks scheduled from follow-on schedule check
