[2022-08-11 23:42:06,478] {taskinstance.py:1159} INFO - Dependencies all met for <TaskInstance: ETL_Raízen.data_transformation_and_load scheduled__2022-08-11T22:30:00+00:00 [queued]>
[2022-08-11 23:42:06,525] {taskinstance.py:1159} INFO - Dependencies all met for <TaskInstance: ETL_Raízen.data_transformation_and_load scheduled__2022-08-11T22:30:00+00:00 [queued]>
[2022-08-11 23:42:06,526] {taskinstance.py:1356} INFO - 
--------------------------------------------------------------------------------
[2022-08-11 23:42:06,528] {taskinstance.py:1357} INFO - Starting attempt 1 of 1
[2022-08-11 23:42:06,529] {taskinstance.py:1358} INFO - 
--------------------------------------------------------------------------------
[2022-08-11 23:42:06,621] {taskinstance.py:1377} INFO - Executing <Task(PythonOperator): data_transformation_and_load> on 2022-08-11 22:30:00+00:00
[2022-08-11 23:42:06,657] {standard_task_runner.py:52} INFO - Started process 6765 to run task
[2022-08-11 23:42:06,667] {standard_task_runner.py:79} INFO - Running: ['***', 'tasks', 'run', 'ETL_Raízen', 'data_transformation_and_load', 'scheduled__2022-08-11T22:30:00+00:00', '--job-id', '94', '--raw', '--subdir', 'DAGS_FOLDER/ETL_Raizen.py', '--cfg-path', '/tmp/tmpejfyfwko', '--error-file', '/tmp/tmpbo4hge2o']
[2022-08-11 23:42:06,670] {standard_task_runner.py:80} INFO - Job 94: Subtask data_transformation_and_load
[2022-08-11 23:42:07,003] {task_command.py:369} INFO - Running <TaskInstance: ETL_Raízen.data_transformation_and_load scheduled__2022-08-11T22:30:00+00:00 [running]> on host 53e7d4a502e6
[2022-08-11 23:42:07,441] {taskinstance.py:1571} INFO - Exporting the following env vars:
AIRFLOW_CTX_DAG_OWNER=***
AIRFLOW_CTX_DAG_ID=ETL_Raízen
AIRFLOW_CTX_TASK_ID=data_transformation_and_load
AIRFLOW_CTX_EXECUTION_DATE=2022-08-11T22:30:00+00:00
AIRFLOW_CTX_TRY_NUMBER=1
AIRFLOW_CTX_DAG_RUN_ID=scheduled__2022-08-11T22:30:00+00:00
[2022-08-11 23:42:07,450] {ETL_Raizen.py:81} INFO - Processing data of sheet DPCache_m3
[2022-08-11 23:42:22,783] {ETL_Raizen.py:124} INFO - Data of sheet DPCache_m3 successfully processed
[2022-08-11 23:42:22,784] {ETL_Raizen.py:125} INFO - Visual check: 
[2022-08-11 23:42:22,829] {logging_mixin.py:115} INFO -       product        uf unit      volume year_month          created_at
0  GASOLINA C  RONDÔNIA   m3  136073.253 2000-01-01 2022-08-11 23:42:21
1  GASOLINA C      ACRE   m3    3358.346 2000-01-01 2022-08-11 23:42:21
2  GASOLINA C  AMAZONAS   m3   20766.918 2000-01-01 2022-08-11 23:42:21
3  GASOLINA C   RORAIMA   m3    3716.032 2000-01-01 2022-08-11 23:42:21
4  GASOLINA C      PARÁ   m3   29755.907 2000-01-01 2022-08-11 23:42:21
[2022-08-11 23:42:22,830] {ETL_Raizen.py:129} INFO - Saving processed data into parquet format
[2022-08-11 23:43:21,219] {ETL_Raizen.py:132} INFO - Data successfully saved
[2022-08-11 23:43:21,225] {ETL_Raizen.py:81} INFO - Processing data of sheet DPCache_m3_2
[2022-08-11 23:43:24,895] {ETL_Raizen.py:124} INFO - Data of sheet DPCache_m3_2 successfully processed
[2022-08-11 23:43:24,896] {ETL_Raizen.py:125} INFO - Visual check: 
[2022-08-11 23:43:24,933] {logging_mixin.py:115} INFO -             product        uf unit    volume year_month          created_at
0  ÓLEO DIESEL S-10  RONDÔNIA   m3  81453.67 2013-01-01 2022-08-11 23:43:24
1  ÓLEO DIESEL S-10      ACRE   m3   1483.00 2013-01-01 2022-08-11 23:43:24
2  ÓLEO DIESEL S-10  AMAZONAS   m3   6836.30 2013-01-01 2022-08-11 23:43:24
3  ÓLEO DIESEL S-10   RORAIMA   m3   1475.30 2013-01-01 2022-08-11 23:43:24
4  ÓLEO DIESEL S-10      PARÁ   m3  40913.48 2013-01-01 2022-08-11 23:43:24
[2022-08-11 23:43:24,934] {ETL_Raizen.py:129} INFO - Saving processed data into parquet format
[2022-08-11 23:43:39,776] {ETL_Raizen.py:132} INFO - Data successfully saved
[2022-08-11 23:43:39,778] {python.py:173} INFO - Done. Returned value was: None
[2022-08-11 23:43:39,839] {taskinstance.py:1400} INFO - Marking task as SUCCESS. dag_id=ETL_Raízen, task_id=data_transformation_and_load, execution_date=20220811T223000, start_date=20220811T234206, end_date=20220811T234339
[2022-08-11 23:43:39,984] {local_task_job.py:156} INFO - Task exited with return code 0
[2022-08-11 23:43:40,086] {local_task_job.py:273} INFO - 0 downstream tasks scheduled from follow-on schedule check
