[2022-08-11 22:33:20,144] {taskinstance.py:1159} INFO - Dependencies all met for <TaskInstance: ETL_Raízen.extract_sheets manual__2022-08-11T22:32:34.972598+00:00 [queued]>
[2022-08-11 22:33:20,182] {taskinstance.py:1159} INFO - Dependencies all met for <TaskInstance: ETL_Raízen.extract_sheets manual__2022-08-11T22:32:34.972598+00:00 [queued]>
[2022-08-11 22:33:20,183] {taskinstance.py:1356} INFO - 
--------------------------------------------------------------------------------
[2022-08-11 22:33:20,184] {taskinstance.py:1357} INFO - Starting attempt 1 of 1
[2022-08-11 22:33:20,185] {taskinstance.py:1358} INFO - 
--------------------------------------------------------------------------------
[2022-08-11 22:33:20,244] {taskinstance.py:1377} INFO - Executing <Task(PythonOperator): extract_sheets> on 2022-08-11 22:32:34.972598+00:00
[2022-08-11 22:33:20,259] {standard_task_runner.py:52} INFO - Started process 3651 to run task
[2022-08-11 22:33:20,267] {standard_task_runner.py:79} INFO - Running: ['***', 'tasks', 'run', 'ETL_Raízen', 'extract_sheets', 'manual__2022-08-11T22:32:34.972598+00:00', '--job-id', '57', '--raw', '--subdir', 'DAGS_FOLDER/ETL_Raizen.py', '--cfg-path', '/tmp/tmpzrve1p9o', '--error-file', '/tmp/tmpk9uy4o4y']
[2022-08-11 22:33:20,270] {standard_task_runner.py:80} INFO - Job 57: Subtask extract_sheets
[2022-08-11 22:33:20,477] {task_command.py:369} INFO - Running <TaskInstance: ETL_Raízen.extract_sheets manual__2022-08-11T22:32:34.972598+00:00 [running]> on host 53e7d4a502e6
[2022-08-11 22:33:21,026] {taskinstance.py:1571} INFO - Exporting the following env vars:
AIRFLOW_CTX_DAG_OWNER=***
AIRFLOW_CTX_DAG_ID=ETL_Raízen
AIRFLOW_CTX_TASK_ID=extract_sheets
AIRFLOW_CTX_EXECUTION_DATE=2022-08-11T22:32:34.972598+00:00
AIRFLOW_CTX_TRY_NUMBER=1
AIRFLOW_CTX_DAG_RUN_ID=manual__2022-08-11T22:32:34.972598+00:00
[2022-08-11 22:33:21,031] {ETL_Raizen.py:71} INFO - Extracting sheet DPCache_m3
[2022-08-11 22:36:40,851] {ETL_Raizen.py:74} INFO - Sheet DPCache_m3 succesfully extracted
[2022-08-11 22:36:40,854] {ETL_Raizen.py:71} INFO - Extracting sheet DPCache_m3_2
[2022-08-11 22:39:31,683] {ETL_Raizen.py:74} INFO - Sheet DPCache_m3_2 succesfully extracted
[2022-08-11 22:39:31,684] {python.py:173} INFO - Done. Returned value was: None
[2022-08-11 22:39:31,812] {taskinstance.py:1400} INFO - Marking task as SUCCESS. dag_id=ETL_Raízen, task_id=extract_sheets, execution_date=20220811T223234, start_date=20220811T223320, end_date=20220811T223931
[2022-08-11 22:39:32,160] {local_task_job.py:156} INFO - Task exited with return code 0
[2022-08-11 22:39:33,261] {local_task_job.py:273} INFO - 0 downstream tasks scheduled from follow-on schedule check
