[2022-08-12 11:48:28,667] {taskinstance.py:1159} INFO - Dependencies all met for <TaskInstance: ETL_Raízen.convert_xls_into_xlsx manual__2022-08-12T11:48:20.133107+00:00 [queued]>
[2022-08-12 11:48:28,681] {taskinstance.py:1159} INFO - Dependencies all met for <TaskInstance: ETL_Raízen.convert_xls_into_xlsx manual__2022-08-12T11:48:20.133107+00:00 [queued]>
[2022-08-12 11:48:28,682] {taskinstance.py:1356} INFO - 
--------------------------------------------------------------------------------
[2022-08-12 11:48:28,683] {taskinstance.py:1357} INFO - Starting attempt 1 of 1
[2022-08-12 11:48:28,684] {taskinstance.py:1358} INFO - 
--------------------------------------------------------------------------------
[2022-08-12 11:48:28,703] {taskinstance.py:1377} INFO - Executing <Task(PythonOperator): convert_xls_into_xlsx> on 2022-08-12 11:48:20.133107+00:00
[2022-08-12 11:48:28,710] {standard_task_runner.py:52} INFO - Started process 1114 to run task
[2022-08-12 11:48:28,714] {standard_task_runner.py:79} INFO - Running: ['***', 'tasks', 'run', 'ETL_Raízen', 'convert_xls_into_xlsx', 'manual__2022-08-12T11:48:20.133107+00:00', '--job-id', '177', '--raw', '--subdir', 'DAGS_FOLDER/ETL_Raizen.py', '--cfg-path', '/tmp/tmpgph7_52s', '--error-file', '/tmp/tmpd0h9sukv']
[2022-08-12 11:48:28,715] {standard_task_runner.py:80} INFO - Job 177: Subtask convert_xls_into_xlsx
[2022-08-12 11:48:28,793] {task_command.py:369} INFO - Running <TaskInstance: ETL_Raízen.convert_xls_into_xlsx manual__2022-08-12T11:48:20.133107+00:00 [running]> on host 3c4d8e0d9450
[2022-08-12 11:48:28,883] {taskinstance.py:1571} INFO - Exporting the following env vars:
AIRFLOW_CTX_DAG_OWNER=***
AIRFLOW_CTX_DAG_ID=ETL_Raízen
AIRFLOW_CTX_TASK_ID=convert_xls_into_xlsx
AIRFLOW_CTX_EXECUTION_DATE=2022-08-12T11:48:20.133107+00:00
AIRFLOW_CTX_TRY_NUMBER=1
AIRFLOW_CTX_DAG_RUN_ID=manual__2022-08-12T11:48:20.133107+00:00
[2022-08-12 11:48:28,885] {ETL_Raizen.py:47} INFO - Converting file .xls into .xlsx using libreoffice
[2022-08-12 11:48:31,751] {ETL_Raizen.py:49} INFO - File .xls succesfully converted into .xlsx
[2022-08-12 11:48:31,752] {python.py:173} INFO - Done. Returned value was: None
[2022-08-12 11:48:31,766] {taskinstance.py:1400} INFO - Marking task as SUCCESS. dag_id=ETL_Raízen, task_id=convert_xls_into_xlsx, execution_date=20220812T114820, start_date=20220812T114828, end_date=20220812T114831
[2022-08-12 11:48:31,823] {local_task_job.py:156} INFO - Task exited with return code 0
[2022-08-12 11:48:31,871] {local_task_job.py:273} INFO - 1 downstream tasks scheduled from follow-on schedule check
