[2022-08-12 10:01:27,987] {taskinstance.py:1159} INFO - Dependencies all met for <TaskInstance: ETL_Raízen.extract_sheets scheduled__2022-08-12T08:30:00+00:00 [queued]>
[2022-08-12 10:01:28,096] {taskinstance.py:1159} INFO - Dependencies all met for <TaskInstance: ETL_Raízen.extract_sheets scheduled__2022-08-12T08:30:00+00:00 [queued]>
[2022-08-12 10:01:28,123] {taskinstance.py:1356} INFO - 
--------------------------------------------------------------------------------
[2022-08-12 10:01:28,130] {taskinstance.py:1357} INFO - Starting attempt 1 of 1
[2022-08-12 10:01:28,132] {taskinstance.py:1358} INFO - 
--------------------------------------------------------------------------------
[2022-08-12 10:01:28,322] {taskinstance.py:1377} INFO - Executing <Task(PythonOperator): extract_sheets> on 2022-08-12 08:30:00+00:00
[2022-08-12 10:01:28,377] {standard_task_runner.py:52} INFO - Started process 332 to run task
[2022-08-12 10:01:28,443] {standard_task_runner.py:79} INFO - Running: ['***', 'tasks', 'run', 'ETL_Raízen', 'extract_sheets', 'scheduled__2022-08-12T08:30:00+00:00', '--job-id', '109', '--raw', '--subdir', 'DAGS_FOLDER/ETL_Raizen.py', '--cfg-path', '/tmp/tmptbi7n943', '--error-file', '/tmp/tmp3hpucots']
[2022-08-12 10:01:28,445] {standard_task_runner.py:80} INFO - Job 109: Subtask extract_sheets
[2022-08-12 10:01:28,879] {task_command.py:369} INFO - Running <TaskInstance: ETL_Raízen.extract_sheets scheduled__2022-08-12T08:30:00+00:00 [running]> on host 53e7d4a502e6
[2022-08-12 10:01:29,595] {taskinstance.py:1571} INFO - Exporting the following env vars:
AIRFLOW_CTX_DAG_OWNER=***
AIRFLOW_CTX_DAG_ID=ETL_Raízen
AIRFLOW_CTX_TASK_ID=extract_sheets
AIRFLOW_CTX_EXECUTION_DATE=2022-08-12T08:30:00+00:00
AIRFLOW_CTX_TRY_NUMBER=1
AIRFLOW_CTX_DAG_RUN_ID=scheduled__2022-08-12T08:30:00+00:00
[2022-08-12 10:01:29,601] {ETL_Raizen.py:71} INFO - Extracting sheet DPCache_m3
[2022-08-12 10:05:19,728] {ETL_Raizen.py:74} INFO - Sheet DPCache_m3 succesfully extracted
[2022-08-12 10:05:19,731] {ETL_Raizen.py:71} INFO - Extracting sheet DPCache_m3_2
