[2022-08-13 12:14:28,395] {taskinstance.py:1159} INFO - Dependencies all met for <TaskInstance: ETL_Raízen.download_raw_data manual__2022-08-13T12:14:24.476690+00:00 [queued]>
[2022-08-13 12:14:28,422] {taskinstance.py:1159} INFO - Dependencies all met for <TaskInstance: ETL_Raízen.download_raw_data manual__2022-08-13T12:14:24.476690+00:00 [queued]>
[2022-08-13 12:14:28,422] {taskinstance.py:1356} INFO - 
--------------------------------------------------------------------------------
[2022-08-13 12:14:28,423] {taskinstance.py:1357} INFO - Starting attempt 1 of 1
[2022-08-13 12:14:28,425] {taskinstance.py:1358} INFO - 
--------------------------------------------------------------------------------
[2022-08-13 12:14:28,458] {taskinstance.py:1377} INFO - Executing <Task(PythonOperator): download_raw_data> on 2022-08-13 12:14:24.476690+00:00
[2022-08-13 12:14:28,465] {standard_task_runner.py:52} INFO - Started process 3497 to run task
[2022-08-13 12:14:28,473] {standard_task_runner.py:79} INFO - Running: ['***', 'tasks', 'run', 'ETL_Raízen', 'download_raw_data', 'manual__2022-08-13T12:14:24.476690+00:00', '--job-id', '339', '--raw', '--subdir', 'DAGS_FOLDER/ETL_Raizen.py', '--cfg-path', '/tmp/tmps74_v5ko', '--error-file', '/tmp/tmpvw10omsu']
[2022-08-13 12:14:28,474] {standard_task_runner.py:80} INFO - Job 339: Subtask download_raw_data
[2022-08-13 12:14:28,597] {task_command.py:369} INFO - Running <TaskInstance: ETL_Raízen.download_raw_data manual__2022-08-13T12:14:24.476690+00:00 [running]> on host 4bbb34367c41
[2022-08-13 12:14:28,751] {taskinstance.py:1571} INFO - Exporting the following env vars:
AIRFLOW_CTX_DAG_OWNER=***
AIRFLOW_CTX_DAG_ID=ETL_Raízen
AIRFLOW_CTX_TASK_ID=download_raw_data
AIRFLOW_CTX_EXECUTION_DATE=2022-08-13T12:14:24.476690+00:00
AIRFLOW_CTX_TRY_NUMBER=1
AIRFLOW_CTX_DAG_RUN_ID=manual__2022-08-13T12:14:24.476690+00:00
[2022-08-13 12:14:28,754] {ETL_Raizen.py:40} INFO - Downloading .xls raw data
[2022-08-13 12:14:30,968] {ETL_Raizen.py:42} INFO - Succesfully downloaded .xls raw data
[2022-08-13 12:14:30,969] {python.py:173} INFO - Done. Returned value was: None
[2022-08-13 12:14:30,988] {taskinstance.py:1400} INFO - Marking task as SUCCESS. dag_id=ETL_Raízen, task_id=download_raw_data, execution_date=20220813T121424, start_date=20220813T121428, end_date=20220813T121430
[2022-08-13 12:14:31,021] {local_task_job.py:156} INFO - Task exited with return code 0
[2022-08-13 12:14:31,093] {local_task_job.py:273} INFO - 1 downstream tasks scheduled from follow-on schedule check
