[2022-08-11 22:49:14,061] {taskinstance.py:1159} INFO - Dependencies all met for <TaskInstance: ETL_Raízen.download_raw_data manual__2022-08-11T22:49:01.579235+00:00 [queued]>
[2022-08-11 22:49:14,117] {taskinstance.py:1159} INFO - Dependencies all met for <TaskInstance: ETL_Raízen.download_raw_data manual__2022-08-11T22:49:01.579235+00:00 [queued]>
[2022-08-11 22:49:14,121] {taskinstance.py:1356} INFO - 
--------------------------------------------------------------------------------
[2022-08-11 22:49:14,127] {taskinstance.py:1357} INFO - Starting attempt 1 of 1
[2022-08-11 22:49:14,128] {taskinstance.py:1358} INFO - 
--------------------------------------------------------------------------------
[2022-08-11 22:49:14,324] {taskinstance.py:1377} INFO - Executing <Task(PythonOperator): download_raw_data> on 2022-08-11 22:49:01.579235+00:00
[2022-08-11 22:49:14,348] {standard_task_runner.py:52} INFO - Started process 4300 to run task
[2022-08-11 22:49:14,364] {standard_task_runner.py:79} INFO - Running: ['***', 'tasks', 'run', 'ETL_Raízen', 'download_raw_data', 'manual__2022-08-11T22:49:01.579235+00:00', '--job-id', '66', '--raw', '--subdir', 'DAGS_FOLDER/ETL_Raizen.py', '--cfg-path', '/tmp/tmp1m_bsmka', '--error-file', '/tmp/tmpmaf2e_s0']
[2022-08-11 22:49:14,378] {standard_task_runner.py:80} INFO - Job 66: Subtask download_raw_data
[2022-08-11 22:49:14,799] {task_command.py:369} INFO - Running <TaskInstance: ETL_Raízen.download_raw_data manual__2022-08-11T22:49:01.579235+00:00 [running]> on host 53e7d4a502e6
[2022-08-11 22:49:15,476] {taskinstance.py:1571} INFO - Exporting the following env vars:
AIRFLOW_CTX_DAG_OWNER=***
AIRFLOW_CTX_DAG_ID=ETL_Raízen
AIRFLOW_CTX_TASK_ID=download_raw_data
AIRFLOW_CTX_EXECUTION_DATE=2022-08-11T22:49:01.579235+00:00
AIRFLOW_CTX_TRY_NUMBER=1
AIRFLOW_CTX_DAG_RUN_ID=manual__2022-08-11T22:49:01.579235+00:00
[2022-08-11 22:49:15,484] {ETL_Raizen.py:41} INFO - Downloading .xls raw data
[2022-08-11 22:49:19,935] {ETL_Raizen.py:43} INFO - Succesfully downloaded .xls raw data
[2022-08-11 22:49:19,939] {python.py:173} INFO - Done. Returned value was: None
[2022-08-11 22:49:20,012] {taskinstance.py:1400} INFO - Marking task as SUCCESS. dag_id=ETL_Raízen, task_id=download_raw_data, execution_date=20220811T224901, start_date=20220811T224914, end_date=20220811T224920
[2022-08-11 22:49:20,210] {local_task_job.py:156} INFO - Task exited with return code 0
[2022-08-11 22:49:20,431] {local_task_job.py:273} INFO - 1 downstream tasks scheduled from follow-on schedule check
