[2022-08-12 10:19:51,879] {taskinstance.py:1159} INFO - Dependencies all met for <TaskInstance: ETL_Raízen.creating_raw_data_dir manual__2022-08-12T10:19:47.865858+00:00 [queued]>
[2022-08-12 10:19:52,057] {taskinstance.py:1159} INFO - Dependencies all met for <TaskInstance: ETL_Raízen.creating_raw_data_dir manual__2022-08-12T10:19:47.865858+00:00 [queued]>
[2022-08-12 10:19:52,058] {taskinstance.py:1356} INFO - 
--------------------------------------------------------------------------------
[2022-08-12 10:19:52,059] {taskinstance.py:1357} INFO - Starting attempt 1 of 1
[2022-08-12 10:19:52,059] {taskinstance.py:1358} INFO - 
--------------------------------------------------------------------------------
[2022-08-12 10:19:52,095] {taskinstance.py:1377} INFO - Executing <Task(PythonOperator): creating_raw_data_dir> on 2022-08-12 10:19:47.865858+00:00
[2022-08-12 10:19:52,102] {standard_task_runner.py:52} INFO - Started process 112 to run task
[2022-08-12 10:19:52,107] {standard_task_runner.py:79} INFO - Running: ['***', 'tasks', 'run', 'ETL_Raízen', 'creating_raw_data_dir', 'manual__2022-08-12T10:19:47.865858+00:00', '--job-id', '112', '--raw', '--subdir', 'DAGS_FOLDER/ETL_Raizen.py', '--cfg-path', '/tmp/tmpwrz8fjt5', '--error-file', '/tmp/tmpm15vjqsw']
[2022-08-12 10:19:52,108] {standard_task_runner.py:80} INFO - Job 112: Subtask creating_raw_data_dir
[2022-08-12 10:19:52,201] {task_command.py:369} INFO - Running <TaskInstance: ETL_Raízen.creating_raw_data_dir manual__2022-08-12T10:19:47.865858+00:00 [running]> on host cc218c529e98
[2022-08-12 10:19:52,291] {taskinstance.py:1571} INFO - Exporting the following env vars:
AIRFLOW_CTX_DAG_OWNER=***
AIRFLOW_CTX_DAG_ID=ETL_Raízen
AIRFLOW_CTX_TASK_ID=creating_raw_data_dir
AIRFLOW_CTX_EXECUTION_DATE=2022-08-12T10:19:47.865858+00:00
AIRFLOW_CTX_TRY_NUMBER=1
AIRFLOW_CTX_DAG_RUN_ID=manual__2022-08-12T10:19:47.865858+00:00
[2022-08-12 10:19:52,294] {ETL_Raizen.py:31} INFO - Creating raw_data dir
[2022-08-12 10:19:52,304] {ETL_Raizen.py:33} INFO - Dir succesfully created
[2022-08-12 10:19:52,305] {python.py:173} INFO - Done. Returned value was: None
[2022-08-12 10:19:52,326] {taskinstance.py:1400} INFO - Marking task as SUCCESS. dag_id=ETL_Raízen, task_id=creating_raw_data_dir, execution_date=20220812T101947, start_date=20220812T101951, end_date=20220812T101952
[2022-08-12 10:19:52,360] {local_task_job.py:156} INFO - Task exited with return code 0
[2022-08-12 10:19:52,423] {local_task_job.py:273} INFO - 1 downstream tasks scheduled from follow-on schedule check
