[2022-08-12 12:15:40,231] {taskinstance.py:1159} INFO - Dependencies all met for <TaskInstance: ETL_Raízen.read_transform_and_load manual__2022-08-12T12:15:28.673941+00:00 [queued]>
[2022-08-12 12:15:40,241] {taskinstance.py:1159} INFO - Dependencies all met for <TaskInstance: ETL_Raízen.read_transform_and_load manual__2022-08-12T12:15:28.673941+00:00 [queued]>
[2022-08-12 12:15:40,242] {taskinstance.py:1356} INFO - 
--------------------------------------------------------------------------------
[2022-08-12 12:15:40,243] {taskinstance.py:1357} INFO - Starting attempt 1 of 1
[2022-08-12 12:15:40,243] {taskinstance.py:1358} INFO - 
--------------------------------------------------------------------------------
[2022-08-12 12:15:40,257] {taskinstance.py:1377} INFO - Executing <Task(PythonOperator): read_transform_and_load> on 2022-08-12 12:15:28.673941+00:00
[2022-08-12 12:15:40,263] {standard_task_runner.py:52} INFO - Started process 2974 to run task
[2022-08-12 12:15:40,267] {standard_task_runner.py:79} INFO - Running: ['***', 'tasks', 'run', 'ETL_Raízen', 'read_transform_and_load', 'manual__2022-08-12T12:15:28.673941+00:00', '--job-id', '202', '--raw', '--subdir', 'DAGS_FOLDER/ETL_Raizen.py', '--cfg-path', '/tmp/tmpyw9ry87h', '--error-file', '/tmp/tmp_f93qgqj']
[2022-08-12 12:15:40,268] {standard_task_runner.py:80} INFO - Job 202: Subtask read_transform_and_load
[2022-08-12 12:15:40,332] {task_command.py:369} INFO - Running <TaskInstance: ETL_Raízen.read_transform_and_load manual__2022-08-12T12:15:28.673941+00:00 [running]> on host 3c4d8e0d9450
[2022-08-12 12:15:40,411] {taskinstance.py:1571} INFO - Exporting the following env vars:
AIRFLOW_CTX_DAG_OWNER=***
AIRFLOW_CTX_DAG_ID=ETL_Raízen
AIRFLOW_CTX_TASK_ID=read_transform_and_load
AIRFLOW_CTX_EXECUTION_DATE=2022-08-12T12:15:28.673941+00:00
AIRFLOW_CTX_TRY_NUMBER=1
AIRFLOW_CTX_DAG_RUN_ID=manual__2022-08-12T12:15:28.673941+00:00
[2022-08-12 12:15:40,412] {ETL_Raizen.py:57} INFO - Processing data of sheet DPCache_m3
[2022-08-12 12:15:43,710] {ETL_Raizen.py:102} INFO - Data of sheet DPCache_m3 successfully processed
[2022-08-12 12:15:43,710] {ETL_Raizen.py:103} INFO - Visual check: 
[2022-08-12 12:15:43,721] {logging_mixin.py:115} INFO -       product        uf unit      volume year_month          created_at
0  GASOLINA C  RONDÔNIA   m3  136073.253    2000-01 2022-08-12 12:15:43
1  GASOLINA C      ACRE   m3    3358.346    2000-01 2022-08-12 12:15:43
2  GASOLINA C  AMAZONAS   m3   20766.918    2000-01 2022-08-12 12:15:43
3  GASOLINA C   RORAIMA   m3    3716.032    2000-01 2022-08-12 12:15:43
4  GASOLINA C      PARÁ   m3   29755.907    2000-01 2022-08-12 12:15:43
[2022-08-12 12:15:43,722] {ETL_Raizen.py:106} INFO - Saving processed data into parquet format
[2022-08-12 12:15:59,794] {ETL_Raizen.py:109} INFO - Data successfully saved
[2022-08-12 12:15:59,795] {ETL_Raizen.py:57} INFO - Processing data of sheet DPCache_m3_2
[2022-08-12 12:16:00,442] {ETL_Raizen.py:102} INFO - Data of sheet DPCache_m3_2 successfully processed
[2022-08-12 12:16:00,443] {ETL_Raizen.py:103} INFO - Visual check: 
[2022-08-12 12:16:00,452] {logging_mixin.py:115} INFO -             product        uf unit    volume year_month          created_at
0  ÓLEO DIESEL S-10  RONDÔNIA   m3  81453.67    2013-01 2022-08-12 12:16:00
1  ÓLEO DIESEL S-10      ACRE   m3   1483.00    2013-01 2022-08-12 12:16:00
2  ÓLEO DIESEL S-10  AMAZONAS   m3   6836.30    2013-01 2022-08-12 12:16:00
3  ÓLEO DIESEL S-10   RORAIMA   m3   1475.30    2013-01 2022-08-12 12:16:00
4  ÓLEO DIESEL S-10      PARÁ   m3  40913.48    2013-01 2022-08-12 12:16:00
[2022-08-12 12:16:00,453] {ETL_Raizen.py:106} INFO - Saving processed data into parquet format
[2022-08-12 12:16:04,386] {ETL_Raizen.py:109} INFO - Data successfully saved
[2022-08-12 12:16:04,387] {python.py:173} INFO - Done. Returned value was: None
[2022-08-12 12:16:04,403] {taskinstance.py:1400} INFO - Marking task as SUCCESS. dag_id=ETL_Raízen, task_id=read_transform_and_load, execution_date=20220812T121528, start_date=20220812T121540, end_date=20220812T121604
[2022-08-12 12:16:04,473] {local_task_job.py:156} INFO - Task exited with return code 0
[2022-08-12 12:16:04,503] {local_task_job.py:273} INFO - 0 downstream tasks scheduled from follow-on schedule check
