[2022-08-12 11:04:01,684] {taskinstance.py:1159} INFO - Dependencies all met for <TaskInstance: ETL_Raízen.creating_raw_data_dir manual__2022-08-12T11:03:58.044044+00:00 [queued]>
[2022-08-12 11:04:01,824] {taskinstance.py:1159} INFO - Dependencies all met for <TaskInstance: ETL_Raízen.creating_raw_data_dir manual__2022-08-12T11:03:58.044044+00:00 [queued]>
[2022-08-12 11:04:01,825] {taskinstance.py:1356} INFO - 
--------------------------------------------------------------------------------
[2022-08-12 11:04:01,826] {taskinstance.py:1357} INFO - Starting attempt 1 of 1
[2022-08-12 11:04:01,826] {taskinstance.py:1358} INFO - 
--------------------------------------------------------------------------------
[2022-08-12 11:04:01,841] {taskinstance.py:1377} INFO - Executing <Task(PythonOperator): creating_raw_data_dir> on 2022-08-12 11:03:58.044044+00:00
[2022-08-12 11:04:01,847] {standard_task_runner.py:52} INFO - Started process 103 to run task
[2022-08-12 11:04:01,852] {standard_task_runner.py:79} INFO - Running: ['***', 'tasks', 'run', 'ETL_Raízen', 'creating_raw_data_dir', 'manual__2022-08-12T11:03:58.044044+00:00', '--job-id', '124', '--raw', '--subdir', 'DAGS_FOLDER/ETL_Raizen.py', '--cfg-path', '/tmp/tmp2f0q6u2q', '--error-file', '/tmp/tmp8wk36ebs']
[2022-08-12 11:04:01,853] {standard_task_runner.py:80} INFO - Job 124: Subtask creating_raw_data_dir
[2022-08-12 11:04:01,926] {task_command.py:369} INFO - Running <TaskInstance: ETL_Raízen.creating_raw_data_dir manual__2022-08-12T11:03:58.044044+00:00 [running]> on host a471224fadbb
[2022-08-12 11:04:02,030] {taskinstance.py:1571} INFO - Exporting the following env vars:
AIRFLOW_CTX_DAG_OWNER=***
AIRFLOW_CTX_DAG_ID=ETL_Raízen
AIRFLOW_CTX_TASK_ID=creating_raw_data_dir
AIRFLOW_CTX_EXECUTION_DATE=2022-08-12T11:03:58.044044+00:00
AIRFLOW_CTX_TRY_NUMBER=1
AIRFLOW_CTX_DAG_RUN_ID=manual__2022-08-12T11:03:58.044044+00:00
[2022-08-12 11:04:02,032] {ETL_Raizen.py:31} INFO - Creating raw_data dir
[2022-08-12 11:04:02,047] {ETL_Raizen.py:33} INFO - Dir succesfully created
[2022-08-12 11:04:02,047] {python.py:173} INFO - Done. Returned value was: None
[2022-08-12 11:04:02,068] {taskinstance.py:1400} INFO - Marking task as SUCCESS. dag_id=ETL_Raízen, task_id=creating_raw_data_dir, execution_date=20220812T110358, start_date=20220812T110401, end_date=20220812T110402
[2022-08-12 11:04:02,105] {local_task_job.py:156} INFO - Task exited with return code 0
[2022-08-12 11:04:02,162] {local_task_job.py:273} INFO - 0 downstream tasks scheduled from follow-on schedule check
