[2022-08-13 11:36:19,672] {taskinstance.py:1159} INFO - Dependencies all met for <TaskInstance: ETL_Raízen.create_database_from_parquet manual__2022-08-13T11:35:37.697464+00:00 [queued]>
[2022-08-13 11:36:19,686] {taskinstance.py:1159} INFO - Dependencies all met for <TaskInstance: ETL_Raízen.create_database_from_parquet manual__2022-08-13T11:35:37.697464+00:00 [queued]>
[2022-08-13 11:36:19,687] {taskinstance.py:1356} INFO - 
--------------------------------------------------------------------------------
[2022-08-13 11:36:19,688] {taskinstance.py:1357} INFO - Starting attempt 1 of 1
[2022-08-13 11:36:19,689] {taskinstance.py:1358} INFO - 
--------------------------------------------------------------------------------
[2022-08-13 11:36:19,708] {taskinstance.py:1377} INFO - Executing <Task(PythonOperator): create_database_from_parquet> on 2022-08-13 11:35:37.697464+00:00
[2022-08-13 11:36:19,731] {standard_task_runner.py:52} INFO - Started process 1254 to run task
[2022-08-13 11:36:19,736] {standard_task_runner.py:79} INFO - Running: ['***', 'tasks', 'run', 'ETL_Raízen', 'create_database_from_parquet', 'manual__2022-08-13T11:35:37.697464+00:00', '--job-id', '318', '--raw', '--subdir', 'DAGS_FOLDER/ETL_Raizen.py', '--cfg-path', '/tmp/tmpy5j2ctp8', '--error-file', '/tmp/tmpulxo18ub']
[2022-08-13 11:36:19,737] {standard_task_runner.py:80} INFO - Job 318: Subtask create_database_from_parquet
[2022-08-13 11:36:19,826] {task_command.py:369} INFO - Running <TaskInstance: ETL_Raízen.create_database_from_parquet manual__2022-08-13T11:35:37.697464+00:00 [running]> on host 4bbb34367c41
[2022-08-13 11:36:19,924] {taskinstance.py:1571} INFO - Exporting the following env vars:
AIRFLOW_CTX_DAG_OWNER=***
AIRFLOW_CTX_DAG_ID=ETL_Raízen
AIRFLOW_CTX_TASK_ID=create_database_from_parquet
AIRFLOW_CTX_EXECUTION_DATE=2022-08-13T11:35:37.697464+00:00
AIRFLOW_CTX_TRY_NUMBER=1
AIRFLOW_CTX_DAG_RUN_ID=manual__2022-08-13T11:35:37.697464+00:00
[2022-08-13 11:36:22,692] {logging_mixin.py:115} INFO -          uf unit     volume           created_at           product year_month
0  RONDÔNIA   m3   2921.670  2022-08-12 23:32:49  ETANOL HIDRATADO    2000-01
1      ACRE   m3    676.230  2022-08-12 23:32:49  ETANOL HIDRATADO    2000-01
2  AMAZONAS   m3   1465.464  2022-08-12 23:32:49  ETANOL HIDRATADO    2000-01
3   RORAIMA   m3    143.150  2022-08-12 23:32:49  ETANOL HIDRATADO    2000-01
4      PARÁ   m3  30040.007  2022-08-12 23:32:49  ETANOL HIDRATADO    2000-01
[2022-08-13 11:36:23,372] {logging_mixin.py:115} INFO -          uf unit  ...               product year_month
0  RONDÔNIA   m3  ...  ÓLEO DIESEL MARÍTIMO    2013-01
1      ACRE   m3  ...  ÓLEO DIESEL MARÍTIMO    2013-01
2  AMAZONAS   m3  ...  ÓLEO DIESEL MARÍTIMO    2013-01
3   RORAIMA   m3  ...  ÓLEO DIESEL MARÍTIMO    2013-01
4      PARÁ   m3  ...  ÓLEO DIESEL MARÍTIMO    2013-01

[5 rows x 6 columns]
[2022-08-13 11:36:23,404] {python.py:173} INFO - Done. Returned value was: None
[2022-08-13 11:36:23,428] {taskinstance.py:1400} INFO - Marking task as SUCCESS. dag_id=ETL_Raízen, task_id=create_database_from_parquet, execution_date=20220813T113537, start_date=20220813T113619, end_date=20220813T113623
[2022-08-13 11:36:23,529] {local_task_job.py:156} INFO - Task exited with return code 0
[2022-08-13 11:36:23,592] {local_task_job.py:273} INFO - 0 downstream tasks scheduled from follow-on schedule check
