[2022-08-13 12:39:30,357] {taskinstance.py:1159} INFO - Dependencies all met for <TaskInstance: ETL_Raízen.read_transform_and_save manual__2022-08-13T12:39:18.610467+00:00 [queued]>
[2022-08-13 12:39:30,367] {taskinstance.py:1159} INFO - Dependencies all met for <TaskInstance: ETL_Raízen.read_transform_and_save manual__2022-08-13T12:39:18.610467+00:00 [queued]>
[2022-08-13 12:39:30,367] {taskinstance.py:1356} INFO - 
--------------------------------------------------------------------------------
[2022-08-13 12:39:30,368] {taskinstance.py:1357} INFO - Starting attempt 1 of 1
[2022-08-13 12:39:30,369] {taskinstance.py:1358} INFO - 
--------------------------------------------------------------------------------
[2022-08-13 12:39:30,383] {taskinstance.py:1377} INFO - Executing <Task(PythonOperator): read_transform_and_save> on 2022-08-13 12:39:18.610467+00:00
[2022-08-13 12:39:30,387] {standard_task_runner.py:52} INFO - Started process 5850 to run task
[2022-08-13 12:39:30,391] {standard_task_runner.py:79} INFO - Running: ['***', 'tasks', 'run', 'ETL_Raízen', 'read_transform_and_save', 'manual__2022-08-13T12:39:18.610467+00:00', '--job-id', '386', '--raw', '--subdir', 'DAGS_FOLDER/ETL_Raizen.py', '--cfg-path', '/tmp/tmpmbjs45xv', '--error-file', '/tmp/tmp_zw1ob8q']
[2022-08-13 12:39:30,392] {standard_task_runner.py:80} INFO - Job 386: Subtask read_transform_and_save
[2022-08-13 12:39:30,452] {task_command.py:369} INFO - Running <TaskInstance: ETL_Raízen.read_transform_and_save manual__2022-08-13T12:39:18.610467+00:00 [running]> on host 4bbb34367c41
[2022-08-13 12:39:30,553] {taskinstance.py:1571} INFO - Exporting the following env vars:
AIRFLOW_CTX_DAG_OWNER=***
AIRFLOW_CTX_DAG_ID=ETL_Raízen
AIRFLOW_CTX_TASK_ID=read_transform_and_save
AIRFLOW_CTX_EXECUTION_DATE=2022-08-13T12:39:18.610467+00:00
AIRFLOW_CTX_TRY_NUMBER=1
AIRFLOW_CTX_DAG_RUN_ID=manual__2022-08-13T12:39:18.610467+00:00
[2022-08-13 12:39:30,555] {ETL_Raizen.py:57} INFO - Processing data of sheet DPCache_m3
[2022-08-13 12:39:33,692] {ETL_Raizen.py:101} INFO - Data of sheet DPCache_m3 successfully processed
[2022-08-13 12:39:33,693] {ETL_Raizen.py:102} INFO - Visual check: 
[2022-08-13 12:39:33,704] {logging_mixin.py:115} INFO -       product        uf unit      volume year_month          created_at
0  GASOLINA C  RONDÔNIA   m3  136073.253    2000-01 2022-08-13 12:39:33
1  GASOLINA C      ACRE   m3    3358.346    2000-01 2022-08-13 12:39:33
2  GASOLINA C  AMAZONAS   m3   20766.918    2000-01 2022-08-13 12:39:33
3  GASOLINA C   RORAIMA   m3    3716.032    2000-01 2022-08-13 12:39:33
4  GASOLINA C      PARÁ   m3   29755.907    2000-01 2022-08-13 12:39:33
[2022-08-13 12:39:33,705] {ETL_Raizen.py:105} INFO - Saving processed data into parquet format
[2022-08-13 12:39:48,319] {ETL_Raizen.py:108} INFO - Data successfully saved
[2022-08-13 12:39:48,320] {ETL_Raizen.py:57} INFO - Processing data of sheet DPCache_m3_2
[2022-08-13 12:39:48,759] {ETL_Raizen.py:101} INFO - Data of sheet DPCache_m3_2 successfully processed
[2022-08-13 12:39:48,760] {ETL_Raizen.py:102} INFO - Visual check: 
[2022-08-13 12:39:48,767] {logging_mixin.py:115} INFO -             product        uf unit    volume year_month          created_at
0  ÓLEO DIESEL S-10  RONDÔNIA   m3  81453.67    2013-01 2022-08-13 12:39:48
1  ÓLEO DIESEL S-10      ACRE   m3   1483.00    2013-01 2022-08-13 12:39:48
2  ÓLEO DIESEL S-10  AMAZONAS   m3   6836.30    2013-01 2022-08-13 12:39:48
3  ÓLEO DIESEL S-10   RORAIMA   m3   1475.30    2013-01 2022-08-13 12:39:48
4  ÓLEO DIESEL S-10      PARÁ   m3  40913.48    2013-01 2022-08-13 12:39:48
[2022-08-13 12:39:48,768] {ETL_Raizen.py:105} INFO - Saving processed data into parquet format
[2022-08-13 12:39:52,099] {ETL_Raizen.py:108} INFO - Data successfully saved
[2022-08-13 12:39:52,101] {python.py:173} INFO - Done. Returned value was: None
[2022-08-13 12:39:52,152] {taskinstance.py:1400} INFO - Marking task as SUCCESS. dag_id=ETL_Raízen, task_id=read_transform_and_save, execution_date=20220813T123918, start_date=20220813T123930, end_date=20220813T123952
[2022-08-13 12:39:52,208] {local_task_job.py:156} INFO - Task exited with return code 0
[2022-08-13 12:39:52,246] {local_task_job.py:273} INFO - 0 downstream tasks scheduled from follow-on schedule check
