[2022-08-13 12:14:56,985] {taskinstance.py:1159} INFO - Dependencies all met for <TaskInstance: ETL_Raízen.create_database_from_parquet manual__2022-08-13T12:14:24.476690+00:00 [queued]>
[2022-08-13 12:14:57,001] {taskinstance.py:1159} INFO - Dependencies all met for <TaskInstance: ETL_Raízen.create_database_from_parquet manual__2022-08-13T12:14:24.476690+00:00 [queued]>
[2022-08-13 12:14:57,001] {taskinstance.py:1356} INFO - 
--------------------------------------------------------------------------------
[2022-08-13 12:14:57,002] {taskinstance.py:1357} INFO - Starting attempt 1 of 1
[2022-08-13 12:14:57,003] {taskinstance.py:1358} INFO - 
--------------------------------------------------------------------------------
[2022-08-13 12:14:57,022] {taskinstance.py:1377} INFO - Executing <Task(PythonOperator): create_database_from_parquet> on 2022-08-13 12:14:24.476690+00:00
[2022-08-13 12:14:57,030] {standard_task_runner.py:52} INFO - Started process 3633 to run task
[2022-08-13 12:14:57,033] {standard_task_runner.py:79} INFO - Running: ['***', 'tasks', 'run', 'ETL_Raízen', 'create_database_from_parquet', 'manual__2022-08-13T12:14:24.476690+00:00', '--job-id', '342', '--raw', '--subdir', 'DAGS_FOLDER/ETL_Raizen.py', '--cfg-path', '/tmp/tmpr5b5w7_2', '--error-file', '/tmp/tmp21ideau_']
[2022-08-13 12:14:57,035] {standard_task_runner.py:80} INFO - Job 342: Subtask create_database_from_parquet
[2022-08-13 12:14:57,104] {task_command.py:369} INFO - Running <TaskInstance: ETL_Raízen.create_database_from_parquet manual__2022-08-13T12:14:24.476690+00:00 [running]> on host 4bbb34367c41
[2022-08-13 12:14:57,190] {taskinstance.py:1571} INFO - Exporting the following env vars:
AIRFLOW_CTX_DAG_OWNER=***
AIRFLOW_CTX_DAG_ID=ETL_Raízen
AIRFLOW_CTX_TASK_ID=create_database_from_parquet
AIRFLOW_CTX_EXECUTION_DATE=2022-08-13T12:14:24.476690+00:00
AIRFLOW_CTX_TRY_NUMBER=1
AIRFLOW_CTX_DAG_RUN_ID=manual__2022-08-13T12:14:24.476690+00:00
[2022-08-13 12:14:57,194] {ETL_Raizen.py:117} INFO - Creating database to insert data into table oil_derivative
[2022-08-13 12:14:57,768] {ETL_Raizen.py:128} INFO - Creating table oil_derivative
[2022-08-13 12:14:57,771] {ETL_Raizen.py:133} INFO - Inserting data into table oil_derivative
[2022-08-13 12:14:57,785] {taskinstance.py:1889} ERROR - Task failed with exception
Traceback (most recent call last):
  File "/home/airflow/.local/lib/python3.7/site-packages/airflow/operators/python.py", line 171, in execute
    return_value = self.execute_callable()
  File "/home/airflow/.local/lib/python3.7/site-packages/airflow/operators/python.py", line 189, in execute_callable
    return self.python_callable(*self.op_args, **self.op_kwargs)
  File "/opt/airflow/dags/ETL_Raizen.py", line 136, in create_database_from_parquet
    VALUES("{row[1]}", "{row[2]}", "{row[3]}", {row[4]}, "{row[5]}", "{row[6]}")""")
sqlite3.OperationalError: near "12": syntax error
[2022-08-13 12:14:57,800] {taskinstance.py:1400} INFO - Marking task as FAILED. dag_id=ETL_Raízen, task_id=create_database_from_parquet, execution_date=20220813T121424, start_date=20220813T121456, end_date=20220813T121457
[2022-08-13 12:14:57,815] {standard_task_runner.py:97} ERROR - Failed to execute job 342 for task create_database_from_parquet (near "12": syntax error; 3633)
[2022-08-13 12:14:57,850] {local_task_job.py:156} INFO - Task exited with return code 1
[2022-08-13 12:14:57,893] {local_task_job.py:273} INFO - 0 downstream tasks scheduled from follow-on schedule check
