[2022-08-12 22:30:04,480] {taskinstance.py:1159} INFO - Dependencies all met for <TaskInstance: ETL_Raízen.creating_raw_data_dir scheduled__2022-08-12T21:30:00+00:00 [queued]>
[2022-08-12 22:30:04,504] {taskinstance.py:1159} INFO - Dependencies all met for <TaskInstance: ETL_Raízen.creating_raw_data_dir scheduled__2022-08-12T21:30:00+00:00 [queued]>
[2022-08-12 22:30:04,505] {taskinstance.py:1356} INFO - 
--------------------------------------------------------------------------------
[2022-08-12 22:30:04,506] {taskinstance.py:1357} INFO - Starting attempt 1 of 1
[2022-08-12 22:30:04,507] {taskinstance.py:1358} INFO - 
--------------------------------------------------------------------------------
[2022-08-12 22:30:04,530] {taskinstance.py:1377} INFO - Executing <Task(PythonOperator): creating_raw_data_dir> on 2022-08-12 21:30:00+00:00
[2022-08-12 22:30:04,538] {standard_task_runner.py:52} INFO - Started process 6890 to run task
[2022-08-12 22:30:04,545] {standard_task_runner.py:79} INFO - Running: ['***', 'tasks', 'run', 'ETL_Raízen', 'creating_raw_data_dir', 'scheduled__2022-08-12T21:30:00+00:00', '--job-id', '248', '--raw', '--subdir', 'DAGS_FOLDER/ETL_Raizen.py', '--cfg-path', '/tmp/tmp_380pq2u', '--error-file', '/tmp/tmpjipdui32']
[2022-08-12 22:30:04,546] {standard_task_runner.py:80} INFO - Job 248: Subtask creating_raw_data_dir
[2022-08-12 22:30:04,641] {task_command.py:369} INFO - Running <TaskInstance: ETL_Raízen.creating_raw_data_dir scheduled__2022-08-12T21:30:00+00:00 [running]> on host 4bbb34367c41
[2022-08-12 22:30:04,758] {taskinstance.py:1571} INFO - Exporting the following env vars:
AIRFLOW_CTX_DAG_OWNER=***
AIRFLOW_CTX_DAG_ID=ETL_Raízen
AIRFLOW_CTX_TASK_ID=creating_raw_data_dir
AIRFLOW_CTX_EXECUTION_DATE=2022-08-12T21:30:00+00:00
AIRFLOW_CTX_TRY_NUMBER=1
AIRFLOW_CTX_DAG_RUN_ID=scheduled__2022-08-12T21:30:00+00:00
[2022-08-12 22:30:04,762] {ETL_Raizen.py:27} INFO - Dir already exists
[2022-08-12 22:30:04,762] {python.py:173} INFO - Done. Returned value was: None
[2022-08-12 22:30:04,778] {taskinstance.py:1400} INFO - Marking task as SUCCESS. dag_id=ETL_Raízen, task_id=creating_raw_data_dir, execution_date=20220812T213000, start_date=20220812T223004, end_date=20220812T223004
[2022-08-12 22:30:04,841] {local_task_job.py:156} INFO - Task exited with return code 0
[2022-08-12 22:30:04,918] {local_task_job.py:273} INFO - 1 downstream tasks scheduled from follow-on schedule check
