[2022-08-12 23:23:04,028] {taskinstance.py:1159} INFO - Dependencies all met for <TaskInstance: ETL_Raízen.create_database_from_parquet manual__2022-08-12T23:22:29.198662+00:00 [queued]>
[2022-08-12 23:23:04,040] {taskinstance.py:1159} INFO - Dependencies all met for <TaskInstance: ETL_Raízen.create_database_from_parquet manual__2022-08-12T23:22:29.198662+00:00 [queued]>
[2022-08-12 23:23:04,041] {taskinstance.py:1356} INFO - 
--------------------------------------------------------------------------------
[2022-08-12 23:23:04,042] {taskinstance.py:1357} INFO - Starting attempt 1 of 1
[2022-08-12 23:23:04,043] {taskinstance.py:1358} INFO - 
--------------------------------------------------------------------------------
[2022-08-12 23:23:04,058] {taskinstance.py:1377} INFO - Executing <Task(PythonOperator): create_database_from_parquet> on 2022-08-12 23:22:29.198662+00:00
[2022-08-12 23:23:04,064] {standard_task_runner.py:52} INFO - Started process 9611 to run task
[2022-08-12 23:23:04,068] {standard_task_runner.py:79} INFO - Running: ['***', 'tasks', 'run', 'ETL_Raízen', 'create_database_from_parquet', 'manual__2022-08-12T23:22:29.198662+00:00', '--job-id', '262', '--raw', '--subdir', 'DAGS_FOLDER/ETL_Raizen.py', '--cfg-path', '/tmp/tmpe_owtsgq', '--error-file', '/tmp/tmpxff6p0uw']
[2022-08-12 23:23:04,070] {standard_task_runner.py:80} INFO - Job 262: Subtask create_database_from_parquet
[2022-08-12 23:23:04,142] {task_command.py:369} INFO - Running <TaskInstance: ETL_Raízen.create_database_from_parquet manual__2022-08-12T23:22:29.198662+00:00 [running]> on host 4bbb34367c41
[2022-08-12 23:23:04,224] {taskinstance.py:1571} INFO - Exporting the following env vars:
AIRFLOW_CTX_DAG_OWNER=***
AIRFLOW_CTX_DAG_ID=ETL_Raízen
AIRFLOW_CTX_TASK_ID=create_database_from_parquet
AIRFLOW_CTX_EXECUTION_DATE=2022-08-12T23:22:29.198662+00:00
AIRFLOW_CTX_TRY_NUMBER=1
AIRFLOW_CTX_DAG_RUN_ID=manual__2022-08-12T23:22:29.198662+00:00
[2022-08-12 23:23:04,226] {logging_mixin.py:115} INFO - DPCache_m3
[2022-08-12 23:23:05,468] {logging_mixin.py:115} INFO -          uf unit     volume          created_at           product year_month
0  RONDÔNIA   m3   2921.670 2022-08-12 23:22:44  ETANOL HIDRATADO    2000-01
1      ACRE   m3    676.230 2022-08-12 23:22:44  ETANOL HIDRATADO    2000-01
2  AMAZONAS   m3   1465.464 2022-08-12 23:22:44  ETANOL HIDRATADO    2000-01
3   RORAIMA   m3    143.150 2022-08-12 23:22:44  ETANOL HIDRATADO    2000-01
4      PARÁ   m3  30040.007 2022-08-12 23:22:44  ETANOL HIDRATADO    2000-01
[2022-08-12 23:23:05,468] {logging_mixin.py:115} INFO - DPCache_m3_2
[2022-08-12 23:23:05,691] {logging_mixin.py:115} INFO -          uf unit    volume          created_at               product year_month
0  RONDÔNIA   m3  2027.049 2022-08-12 23:22:58  ÓLEO DIESEL MARÍTIMO    2013-01
1      ACRE   m3    25.000 2022-08-12 23:22:58  ÓLEO DIESEL MARÍTIMO    2013-01
2  AMAZONAS   m3  8964.348 2022-08-12 23:22:58  ÓLEO DIESEL MARÍTIMO    2013-01
3   RORAIMA   m3    70.000 2022-08-12 23:22:58  ÓLEO DIESEL MARÍTIMO    2013-01
4      PARÁ   m3  7856.000 2022-08-12 23:22:58  ÓLEO DIESEL MARÍTIMO    2013-01
[2022-08-12 23:23:05,692] {python.py:173} INFO - Done. Returned value was: None
[2022-08-12 23:23:05,719] {taskinstance.py:1400} INFO - Marking task as SUCCESS. dag_id=ETL_Raízen, task_id=create_database_from_parquet, execution_date=20220812T232229, start_date=20220812T232304, end_date=20220812T232305
[2022-08-12 23:23:05,769] {local_task_job.py:156} INFO - Task exited with return code 0
[2022-08-12 23:23:05,818] {local_task_job.py:273} INFO - 0 downstream tasks scheduled from follow-on schedule check
