[2022-08-11 23:19:12,824] {taskinstance.py:1159} INFO - Dependencies all met for <TaskInstance: ETL_Raízen.extract_sheets manual__2022-08-11T23:18:23.214534+00:00 [queued]>
[2022-08-11 23:19:12,848] {taskinstance.py:1159} INFO - Dependencies all met for <TaskInstance: ETL_Raízen.extract_sheets manual__2022-08-11T23:18:23.214534+00:00 [queued]>
[2022-08-11 23:19:12,849] {taskinstance.py:1356} INFO - 
--------------------------------------------------------------------------------
[2022-08-11 23:19:12,850] {taskinstance.py:1357} INFO - Starting attempt 1 of 1
[2022-08-11 23:19:12,851] {taskinstance.py:1358} INFO - 
--------------------------------------------------------------------------------
[2022-08-11 23:19:12,879] {taskinstance.py:1377} INFO - Executing <Task(PythonOperator): extract_sheets> on 2022-08-11 23:18:23.214534+00:00
[2022-08-11 23:19:12,889] {standard_task_runner.py:52} INFO - Started process 5808 to run task
[2022-08-11 23:19:12,896] {standard_task_runner.py:79} INFO - Running: ['***', 'tasks', 'run', 'ETL_Raízen', 'extract_sheets', 'manual__2022-08-11T23:18:23.214534+00:00', '--job-id', '83', '--raw', '--subdir', 'DAGS_FOLDER/ETL_Raizen.py', '--cfg-path', '/tmp/tmpsfbtgoz9', '--error-file', '/tmp/tmpi_f1s_bm']
[2022-08-11 23:19:12,898] {standard_task_runner.py:80} INFO - Job 83: Subtask extract_sheets
[2022-08-11 23:19:13,022] {task_command.py:369} INFO - Running <TaskInstance: ETL_Raízen.extract_sheets manual__2022-08-11T23:18:23.214534+00:00 [running]> on host 53e7d4a502e6
[2022-08-11 23:19:13,177] {taskinstance.py:1571} INFO - Exporting the following env vars:
AIRFLOW_CTX_DAG_OWNER=***
AIRFLOW_CTX_DAG_ID=ETL_Raízen
AIRFLOW_CTX_TASK_ID=extract_sheets
AIRFLOW_CTX_EXECUTION_DATE=2022-08-11T23:18:23.214534+00:00
AIRFLOW_CTX_TRY_NUMBER=1
AIRFLOW_CTX_DAG_RUN_ID=manual__2022-08-11T23:18:23.214534+00:00
[2022-08-11 23:19:13,180] {ETL_Raizen.py:71} INFO - Extracting sheet DPCache_m3
[2022-08-11 23:22:03,782] {ETL_Raizen.py:74} INFO - Sheet DPCache_m3 succesfully extracted
[2022-08-11 23:22:03,788] {ETL_Raizen.py:71} INFO - Extracting sheet DPCache_m3_2
[2022-08-11 23:25:06,677] {ETL_Raizen.py:74} INFO - Sheet DPCache_m3_2 succesfully extracted
[2022-08-11 23:25:06,682] {python.py:173} INFO - Done. Returned value was: None
[2022-08-11 23:25:06,886] {taskinstance.py:1400} INFO - Marking task as SUCCESS. dag_id=ETL_Raízen, task_id=extract_sheets, execution_date=20220811T231823, start_date=20220811T231912, end_date=20220811T232506
[2022-08-11 23:25:07,182] {local_task_job.py:156} INFO - Task exited with return code 0
[2022-08-11 23:25:07,526] {local_task_job.py:273} INFO - 0 downstream tasks scheduled from follow-on schedule check
