[2022-08-12 11:57:06,328] {taskinstance.py:1159} INFO - Dependencies all met for <TaskInstance: ETL_Raízen.extract_sheets manual__2022-08-12T11:56:54.335343+00:00 [queued]>
[2022-08-12 11:57:06,339] {taskinstance.py:1159} INFO - Dependencies all met for <TaskInstance: ETL_Raízen.extract_sheets manual__2022-08-12T11:56:54.335343+00:00 [queued]>
[2022-08-12 11:57:06,340] {taskinstance.py:1356} INFO - 
--------------------------------------------------------------------------------
[2022-08-12 11:57:06,341] {taskinstance.py:1357} INFO - Starting attempt 1 of 1
[2022-08-12 11:57:06,342] {taskinstance.py:1358} INFO - 
--------------------------------------------------------------------------------
[2022-08-12 11:57:06,358] {taskinstance.py:1377} INFO - Executing <Task(PythonOperator): extract_sheets> on 2022-08-12 11:56:54.335343+00:00
[2022-08-12 11:57:06,365] {standard_task_runner.py:52} INFO - Started process 1805 to run task
[2022-08-12 11:57:06,368] {standard_task_runner.py:79} INFO - Running: ['***', 'tasks', 'run', 'ETL_Raízen', 'extract_sheets', 'manual__2022-08-12T11:56:54.335343+00:00', '--job-id', '188', '--raw', '--subdir', 'DAGS_FOLDER/ETL_Raizen.py', '--cfg-path', '/tmp/tmpi7rtp2mb', '--error-file', '/tmp/tmplkbio7ci']
[2022-08-12 11:57:06,370] {standard_task_runner.py:80} INFO - Job 188: Subtask extract_sheets
[2022-08-12 11:57:06,443] {task_command.py:369} INFO - Running <TaskInstance: ETL_Raízen.extract_sheets manual__2022-08-12T11:56:54.335343+00:00 [running]> on host 3c4d8e0d9450
[2022-08-12 11:57:06,605] {taskinstance.py:1571} INFO - Exporting the following env vars:
AIRFLOW_CTX_DAG_OWNER=***
AIRFLOW_CTX_DAG_ID=ETL_Raízen
AIRFLOW_CTX_TASK_ID=extract_sheets
AIRFLOW_CTX_EXECUTION_DATE=2022-08-12T11:56:54.335343+00:00
AIRFLOW_CTX_TRY_NUMBER=1
AIRFLOW_CTX_DAG_RUN_ID=manual__2022-08-12T11:56:54.335343+00:00
[2022-08-12 11:57:06,607] {ETL_Raizen.py:67} INFO - Extracting sheet DPCache_m3
[2022-08-12 11:57:11,597] {ETL_Raizen.py:70} INFO - Sheet DPCache_m3 succesfully extracted
[2022-08-12 11:57:11,598] {ETL_Raizen.py:67} INFO - Extracting sheet DPCache_m3_2
[2022-08-12 11:57:12,464] {ETL_Raizen.py:70} INFO - Sheet DPCache_m3_2 succesfully extracted
[2022-08-12 11:57:12,465] {python.py:173} INFO - Done. Returned value was: None
[2022-08-12 11:57:12,479] {taskinstance.py:1400} INFO - Marking task as SUCCESS. dag_id=ETL_Raízen, task_id=extract_sheets, execution_date=20220812T115654, start_date=20220812T115706, end_date=20220812T115712
[2022-08-12 11:57:12,510] {local_task_job.py:156} INFO - Task exited with return code 0
[2022-08-12 11:57:12,545] {local_task_job.py:273} INFO - 1 downstream tasks scheduled from follow-on schedule check
