[2022-08-13 12:19:33,416] {taskinstance.py:1159} INFO - Dependencies all met for <TaskInstance: ETL_Raízen.create_raw_data_dir manual__2022-08-13T12:19:31.927138+00:00 [queued]>
[2022-08-13 12:19:33,426] {taskinstance.py:1159} INFO - Dependencies all met for <TaskInstance: ETL_Raízen.create_raw_data_dir manual__2022-08-13T12:19:31.927138+00:00 [queued]>
[2022-08-13 12:19:33,427] {taskinstance.py:1356} INFO - 
--------------------------------------------------------------------------------
[2022-08-13 12:19:33,428] {taskinstance.py:1357} INFO - Starting attempt 1 of 1
[2022-08-13 12:19:33,429] {taskinstance.py:1358} INFO - 
--------------------------------------------------------------------------------
[2022-08-13 12:19:33,444] {taskinstance.py:1377} INFO - Executing <Task(PythonOperator): create_raw_data_dir> on 2022-08-13 12:19:31.927138+00:00
[2022-08-13 12:19:33,450] {standard_task_runner.py:52} INFO - Started process 3974 to run task
[2022-08-13 12:19:33,453] {standard_task_runner.py:79} INFO - Running: ['***', 'tasks', 'run', 'ETL_Raízen', 'create_raw_data_dir', 'manual__2022-08-13T12:19:31.927138+00:00', '--job-id', '348', '--raw', '--subdir', 'DAGS_FOLDER/ETL_Raizen.py', '--cfg-path', '/tmp/tmp41s123_h', '--error-file', '/tmp/tmpeenhkfpl']
[2022-08-13 12:19:33,455] {standard_task_runner.py:80} INFO - Job 348: Subtask create_raw_data_dir
[2022-08-13 12:19:33,529] {task_command.py:369} INFO - Running <TaskInstance: ETL_Raízen.create_raw_data_dir manual__2022-08-13T12:19:31.927138+00:00 [running]> on host 4bbb34367c41
[2022-08-13 12:19:33,612] {taskinstance.py:1571} INFO - Exporting the following env vars:
AIRFLOW_CTX_DAG_OWNER=***
AIRFLOW_CTX_DAG_ID=ETL_Raízen
AIRFLOW_CTX_TASK_ID=create_raw_data_dir
AIRFLOW_CTX_EXECUTION_DATE=2022-08-13T12:19:31.927138+00:00
AIRFLOW_CTX_TRY_NUMBER=1
AIRFLOW_CTX_DAG_RUN_ID=manual__2022-08-13T12:19:31.927138+00:00
[2022-08-13 12:19:33,614] {ETL_Raizen.py:27} INFO - Dir already exists
[2022-08-13 12:19:33,615] {python.py:173} INFO - Done. Returned value was: None
[2022-08-13 12:19:33,628] {taskinstance.py:1400} INFO - Marking task as SUCCESS. dag_id=ETL_Raízen, task_id=create_raw_data_dir, execution_date=20220813T121931, start_date=20220813T121933, end_date=20220813T121933
[2022-08-13 12:19:33,668] {local_task_job.py:156} INFO - Task exited with return code 0
[2022-08-13 12:19:33,717] {local_task_job.py:273} INFO - 1 downstream tasks scheduled from follow-on schedule check
