[2022-08-11 22:13:46,472] {taskinstance.py:1159} INFO - Dependencies all met for <TaskInstance: ETL_Raízen.extract_sheets manual__2022-08-11T22:13:17.287578+00:00 [queued]>
[2022-08-11 22:13:46,502] {taskinstance.py:1159} INFO - Dependencies all met for <TaskInstance: ETL_Raízen.extract_sheets manual__2022-08-11T22:13:17.287578+00:00 [queued]>
[2022-08-11 22:13:46,504] {taskinstance.py:1356} INFO - 
--------------------------------------------------------------------------------
[2022-08-11 22:13:46,505] {taskinstance.py:1357} INFO - Starting attempt 1 of 1
[2022-08-11 22:13:46,507] {taskinstance.py:1358} INFO - 
--------------------------------------------------------------------------------
[2022-08-11 22:13:46,561] {taskinstance.py:1377} INFO - Executing <Task(PythonOperator): extract_sheets> on 2022-08-11 22:13:17.287578+00:00
[2022-08-11 22:13:46,586] {standard_task_runner.py:52} INFO - Started process 2651 to run task
[2022-08-11 22:13:46,602] {standard_task_runner.py:79} INFO - Running: ['***', 'tasks', 'run', 'ETL_Raízen', 'extract_sheets', 'manual__2022-08-11T22:13:17.287578+00:00', '--job-id', '45', '--raw', '--subdir', 'DAGS_FOLDER/ETL_Raizen.py', '--cfg-path', '/tmp/tmp19jxizb9', '--error-file', '/tmp/tmpnhbemi8y']
[2022-08-11 22:13:46,605] {standard_task_runner.py:80} INFO - Job 45: Subtask extract_sheets
[2022-08-11 22:13:46,918] {task_command.py:369} INFO - Running <TaskInstance: ETL_Raízen.extract_sheets manual__2022-08-11T22:13:17.287578+00:00 [running]> on host 53e7d4a502e6
[2022-08-11 22:13:47,623] {taskinstance.py:1571} INFO - Exporting the following env vars:
AIRFLOW_CTX_DAG_OWNER=***
AIRFLOW_CTX_DAG_ID=ETL_Raízen
AIRFLOW_CTX_TASK_ID=extract_sheets
AIRFLOW_CTX_EXECUTION_DATE=2022-08-11T22:13:17.287578+00:00
AIRFLOW_CTX_TRY_NUMBER=1
AIRFLOW_CTX_DAG_RUN_ID=manual__2022-08-11T22:13:17.287578+00:00
[2022-08-11 22:16:35,227] {logging_mixin.py:115} INFO - wb = <openpyxl.workbook.workbook.Workbook object at 0x7f019213dcd0>
[2022-08-11 22:16:35,229] {logging_mixin.py:115} INFO - ['DPCache_m3']
[2022-08-11 22:19:31,857] {logging_mixin.py:115} INFO - wb = <openpyxl.workbook.workbook.Workbook object at 0x7f0187fbdb10>
[2022-08-11 22:19:31,860] {logging_mixin.py:115} INFO - ['DPCache_m3_2']
[2022-08-11 22:19:33,710] {python.py:173} INFO - Done. Returned value was: None
[2022-08-11 22:19:33,808] {taskinstance.py:1400} INFO - Marking task as SUCCESS. dag_id=ETL_Raízen, task_id=extract_sheets, execution_date=20220811T221317, start_date=20220811T221346, end_date=20220811T221933
[2022-08-11 22:19:34,003] {local_task_job.py:156} INFO - Task exited with return code 0
[2022-08-11 22:19:34,142] {local_task_job.py:273} INFO - 0 downstream tasks scheduled from follow-on schedule check
