[2022-08-12 23:22:42,509] {taskinstance.py:1159} INFO - Dependencies all met for <TaskInstance: ETL_Raízen.read_transform_and_save manual__2022-08-12T23:22:29.198662+00:00 [queued]>
[2022-08-12 23:22:42,522] {taskinstance.py:1159} INFO - Dependencies all met for <TaskInstance: ETL_Raízen.read_transform_and_save manual__2022-08-12T23:22:29.198662+00:00 [queued]>
[2022-08-12 23:22:42,522] {taskinstance.py:1356} INFO - 
--------------------------------------------------------------------------------
[2022-08-12 23:22:42,523] {taskinstance.py:1357} INFO - Starting attempt 1 of 1
[2022-08-12 23:22:42,524] {taskinstance.py:1358} INFO - 
--------------------------------------------------------------------------------
[2022-08-12 23:22:42,540] {taskinstance.py:1377} INFO - Executing <Task(PythonOperator): read_transform_and_save> on 2022-08-12 23:22:29.198662+00:00
[2022-08-12 23:22:42,546] {standard_task_runner.py:52} INFO - Started process 9590 to run task
[2022-08-12 23:22:42,551] {standard_task_runner.py:79} INFO - Running: ['***', 'tasks', 'run', 'ETL_Raízen', 'read_transform_and_save', 'manual__2022-08-12T23:22:29.198662+00:00', '--job-id', '261', '--raw', '--subdir', 'DAGS_FOLDER/ETL_Raizen.py', '--cfg-path', '/tmp/tmpny2oqy5f', '--error-file', '/tmp/tmpna26pbqx']
[2022-08-12 23:22:42,552] {standard_task_runner.py:80} INFO - Job 261: Subtask read_transform_and_save
[2022-08-12 23:22:42,617] {task_command.py:369} INFO - Running <TaskInstance: ETL_Raízen.read_transform_and_save manual__2022-08-12T23:22:29.198662+00:00 [running]> on host 4bbb34367c41
[2022-08-12 23:22:42,696] {taskinstance.py:1571} INFO - Exporting the following env vars:
AIRFLOW_CTX_DAG_OWNER=***
AIRFLOW_CTX_DAG_ID=ETL_Raízen
AIRFLOW_CTX_TASK_ID=read_transform_and_save
AIRFLOW_CTX_EXECUTION_DATE=2022-08-12T23:22:29.198662+00:00
AIRFLOW_CTX_TRY_NUMBER=1
AIRFLOW_CTX_DAG_RUN_ID=manual__2022-08-12T23:22:29.198662+00:00
[2022-08-12 23:22:42,698] {ETL_Raizen.py:57} INFO - Processing data of sheet DPCache_m3
[2022-08-12 23:22:44,877] {ETL_Raizen.py:102} INFO - Data of sheet DPCache_m3 successfully processed
[2022-08-12 23:22:44,878] {ETL_Raizen.py:103} INFO - Visual check: 
[2022-08-12 23:22:44,888] {logging_mixin.py:115} INFO -       product        uf unit      volume year_month          created_at
0  GASOLINA C  RONDÔNIA   m3  136073.253    2000-01 2022-08-12 23:22:44
1  GASOLINA C      ACRE   m3    3358.346    2000-01 2022-08-12 23:22:44
2  GASOLINA C  AMAZONAS   m3   20766.918    2000-01 2022-08-12 23:22:44
3  GASOLINA C   RORAIMA   m3    3716.032    2000-01 2022-08-12 23:22:44
4  GASOLINA C      PARÁ   m3   29755.907    2000-01 2022-08-12 23:22:44
[2022-08-12 23:22:44,889] {ETL_Raizen.py:106} INFO - Saving processed data into parquet format
[2022-08-12 23:22:58,440] {ETL_Raizen.py:109} INFO - Data successfully saved
[2022-08-12 23:22:58,441] {ETL_Raizen.py:57} INFO - Processing data of sheet DPCache_m3_2
[2022-08-12 23:22:58,980] {ETL_Raizen.py:102} INFO - Data of sheet DPCache_m3_2 successfully processed
[2022-08-12 23:22:58,981] {ETL_Raizen.py:103} INFO - Visual check: 
[2022-08-12 23:22:59,007] {logging_mixin.py:115} INFO -             product        uf unit    volume year_month          created_at
0  ÓLEO DIESEL S-10  RONDÔNIA   m3  81453.67    2013-01 2022-08-12 23:22:58
1  ÓLEO DIESEL S-10      ACRE   m3   1483.00    2013-01 2022-08-12 23:22:58
2  ÓLEO DIESEL S-10  AMAZONAS   m3   6836.30    2013-01 2022-08-12 23:22:58
3  ÓLEO DIESEL S-10   RORAIMA   m3   1475.30    2013-01 2022-08-12 23:22:58
4  ÓLEO DIESEL S-10      PARÁ   m3  40913.48    2013-01 2022-08-12 23:22:58
[2022-08-12 23:22:59,008] {ETL_Raizen.py:106} INFO - Saving processed data into parquet format
[2022-08-12 23:23:03,039] {ETL_Raizen.py:109} INFO - Data successfully saved
[2022-08-12 23:23:03,040] {python.py:173} INFO - Done. Returned value was: None
[2022-08-12 23:23:03,055] {taskinstance.py:1400} INFO - Marking task as SUCCESS. dag_id=ETL_Raízen, task_id=read_transform_and_save, execution_date=20220812T232229, start_date=20220812T232242, end_date=20220812T232303
[2022-08-12 23:23:03,087] {local_task_job.py:156} INFO - Task exited with return code 0
[2022-08-12 23:23:03,120] {local_task_job.py:273} INFO - 1 downstream tasks scheduled from follow-on schedule check
