[2022-08-12 12:16:59,857] {taskinstance.py:1159} INFO - Dependencies all met for <TaskInstance: ETL_Raízen.download_raw_data manual__2022-08-12T12:16:55.930307+00:00 [queued]>
[2022-08-12 12:16:59,878] {taskinstance.py:1159} INFO - Dependencies all met for <TaskInstance: ETL_Raízen.download_raw_data manual__2022-08-12T12:16:55.930307+00:00 [queued]>
[2022-08-12 12:16:59,879] {taskinstance.py:1356} INFO - 
--------------------------------------------------------------------------------
[2022-08-12 12:16:59,879] {taskinstance.py:1357} INFO - Starting attempt 1 of 1
[2022-08-12 12:16:59,880] {taskinstance.py:1358} INFO - 
--------------------------------------------------------------------------------
[2022-08-12 12:16:59,908] {taskinstance.py:1377} INFO - Executing <Task(PythonOperator): download_raw_data> on 2022-08-12 12:16:55.930307+00:00
[2022-08-12 12:16:59,916] {standard_task_runner.py:52} INFO - Started process 3034 to run task
[2022-08-12 12:16:59,923] {standard_task_runner.py:79} INFO - Running: ['***', 'tasks', 'run', 'ETL_Raízen', 'download_raw_data', 'manual__2022-08-12T12:16:55.930307+00:00', '--job-id', '204', '--raw', '--subdir', 'DAGS_FOLDER/ETL_Raizen.py', '--cfg-path', '/tmp/tmpuc2cp0vj', '--error-file', '/tmp/tmp1gjujcg5']
[2022-08-12 12:16:59,925] {standard_task_runner.py:80} INFO - Job 204: Subtask download_raw_data
[2022-08-12 12:17:00,024] {task_command.py:369} INFO - Running <TaskInstance: ETL_Raízen.download_raw_data manual__2022-08-12T12:16:55.930307+00:00 [running]> on host 3c4d8e0d9450
[2022-08-12 12:17:00,112] {taskinstance.py:1571} INFO - Exporting the following env vars:
AIRFLOW_CTX_DAG_OWNER=***
AIRFLOW_CTX_DAG_ID=ETL_Raízen
AIRFLOW_CTX_TASK_ID=download_raw_data
AIRFLOW_CTX_EXECUTION_DATE=2022-08-12T12:16:55.930307+00:00
AIRFLOW_CTX_TRY_NUMBER=1
AIRFLOW_CTX_DAG_RUN_ID=manual__2022-08-12T12:16:55.930307+00:00
[2022-08-12 12:17:00,114] {ETL_Raizen.py:40} INFO - Downloading .xls raw data
[2022-08-12 12:17:01,915] {ETL_Raizen.py:42} INFO - Succesfully downloaded .xls raw data
[2022-08-12 12:17:01,916] {python.py:173} INFO - Done. Returned value was: None
[2022-08-12 12:17:01,941] {taskinstance.py:1400} INFO - Marking task as SUCCESS. dag_id=ETL_Raízen, task_id=download_raw_data, execution_date=20220812T121655, start_date=20220812T121659, end_date=20220812T121701
[2022-08-12 12:17:01,990] {local_task_job.py:156} INFO - Task exited with return code 0
[2022-08-12 12:17:02,059] {local_task_job.py:273} INFO - 1 downstream tasks scheduled from follow-on schedule check
