[2022-08-12 10:30:16,745] {taskinstance.py:1159} INFO - Dependencies all met for <TaskInstance: ETL_Raízen.convert_xls_into_xlsx scheduled__2022-08-12T09:30:00+00:00 [queued]>
[2022-08-12 10:30:16,755] {taskinstance.py:1159} INFO - Dependencies all met for <TaskInstance: ETL_Raízen.convert_xls_into_xlsx scheduled__2022-08-12T09:30:00+00:00 [queued]>
[2022-08-12 10:30:16,756] {taskinstance.py:1356} INFO - 
--------------------------------------------------------------------------------
[2022-08-12 10:30:16,756] {taskinstance.py:1357} INFO - Starting attempt 1 of 1
[2022-08-12 10:30:16,757] {taskinstance.py:1358} INFO - 
--------------------------------------------------------------------------------
[2022-08-12 10:30:16,773] {taskinstance.py:1377} INFO - Executing <Task(PythonOperator): convert_xls_into_xlsx> on 2022-08-12 09:30:00+00:00
[2022-08-12 10:30:16,779] {standard_task_runner.py:52} INFO - Started process 718 to run task
[2022-08-12 10:30:16,783] {standard_task_runner.py:79} INFO - Running: ['***', 'tasks', 'run', 'ETL_Raízen', 'convert_xls_into_xlsx', 'scheduled__2022-08-12T09:30:00+00:00', '--job-id', '119', '--raw', '--subdir', 'DAGS_FOLDER/ETL_Raizen.py', '--cfg-path', '/tmp/tmpqah3p8v8', '--error-file', '/tmp/tmphy50mygd']
[2022-08-12 10:30:16,785] {standard_task_runner.py:80} INFO - Job 119: Subtask convert_xls_into_xlsx
[2022-08-12 10:30:16,849] {task_command.py:369} INFO - Running <TaskInstance: ETL_Raízen.convert_xls_into_xlsx scheduled__2022-08-12T09:30:00+00:00 [running]> on host cc218c529e98
[2022-08-12 10:30:16,924] {taskinstance.py:1571} INFO - Exporting the following env vars:
AIRFLOW_CTX_DAG_OWNER=***
AIRFLOW_CTX_DAG_ID=ETL_Raízen
AIRFLOW_CTX_TASK_ID=convert_xls_into_xlsx
AIRFLOW_CTX_EXECUTION_DATE=2022-08-12T09:30:00+00:00
AIRFLOW_CTX_TRY_NUMBER=1
AIRFLOW_CTX_DAG_RUN_ID=scheduled__2022-08-12T09:30:00+00:00
[2022-08-12 10:30:16,926] {ETL_Raizen.py:48} INFO - Converting file .xls into .xlsx using libreoffice
[2022-08-12 10:30:21,947] {ETL_Raizen.py:50} INFO - File .xls succesfully converted into .xlsx
[2022-08-12 10:30:21,948] {python.py:173} INFO - Done. Returned value was: None
[2022-08-12 10:30:21,969] {taskinstance.py:1400} INFO - Marking task as SUCCESS. dag_id=ETL_Raízen, task_id=convert_xls_into_xlsx, execution_date=20220812T093000, start_date=20220812T103016, end_date=20220812T103021
[2022-08-12 10:30:21,992] {local_task_job.py:156} INFO - Task exited with return code 0
[2022-08-12 10:30:22,030] {local_task_job.py:273} INFO - 1 downstream tasks scheduled from follow-on schedule check
