[2022-08-12 11:30:00,853] {taskinstance.py:1159} INFO - Dependencies all met for <TaskInstance: ETL_Raízen.creating_raw_data_dir scheduled__2022-08-12T10:30:00+00:00 [queued]>
[2022-08-12 11:30:00,864] {taskinstance.py:1159} INFO - Dependencies all met for <TaskInstance: ETL_Raízen.creating_raw_data_dir scheduled__2022-08-12T10:30:00+00:00 [queued]>
[2022-08-12 11:30:00,865] {taskinstance.py:1356} INFO - 
--------------------------------------------------------------------------------
[2022-08-12 11:30:00,866] {taskinstance.py:1357} INFO - Starting attempt 1 of 1
[2022-08-12 11:30:00,867] {taskinstance.py:1358} INFO - 
--------------------------------------------------------------------------------
[2022-08-12 11:30:00,883] {taskinstance.py:1377} INFO - Executing <Task(PythonOperator): creating_raw_data_dir> on 2022-08-12 10:30:00+00:00
[2022-08-12 11:30:00,889] {standard_task_runner.py:52} INFO - Started process 518 to run task
[2022-08-12 11:30:00,894] {standard_task_runner.py:79} INFO - Running: ['***', 'tasks', 'run', 'ETL_Raízen', 'creating_raw_data_dir', 'scheduled__2022-08-12T10:30:00+00:00', '--job-id', '154', '--raw', '--subdir', 'DAGS_FOLDER/ETL_Raizen.py', '--cfg-path', '/tmp/tmpom8yddjy', '--error-file', '/tmp/tmpjzg_98_p']
[2022-08-12 11:30:00,895] {standard_task_runner.py:80} INFO - Job 154: Subtask creating_raw_data_dir
[2022-08-12 11:30:00,975] {task_command.py:369} INFO - Running <TaskInstance: ETL_Raízen.creating_raw_data_dir scheduled__2022-08-12T10:30:00+00:00 [running]> on host 339bb6bdb89c
[2022-08-12 11:30:01,077] {taskinstance.py:1571} INFO - Exporting the following env vars:
AIRFLOW_CTX_DAG_OWNER=***
AIRFLOW_CTX_DAG_ID=ETL_Raízen
AIRFLOW_CTX_TASK_ID=creating_raw_data_dir
AIRFLOW_CTX_EXECUTION_DATE=2022-08-12T10:30:00+00:00
AIRFLOW_CTX_TRY_NUMBER=1
AIRFLOW_CTX_DAG_RUN_ID=scheduled__2022-08-12T10:30:00+00:00
[2022-08-12 11:30:01,079] {ETL_Raizen.py:27} INFO - Dir already exists
[2022-08-12 11:30:01,079] {python.py:173} INFO - Done. Returned value was: None
[2022-08-12 11:30:01,097] {taskinstance.py:1400} INFO - Marking task as SUCCESS. dag_id=ETL_Raízen, task_id=creating_raw_data_dir, execution_date=20220812T103000, start_date=20220812T113000, end_date=20220812T113001
[2022-08-12 11:30:01,146] {local_task_job.py:156} INFO - Task exited with return code 0
[2022-08-12 11:30:01,198] {local_task_job.py:273} INFO - 1 downstream tasks scheduled from follow-on schedule check
