[2022-08-13 12:06:19,436] {taskinstance.py:1159} INFO - Dependencies all met for <TaskInstance: ETL_Raízen.download_raw_data manual__2022-08-13T12:06:16.448300+00:00 [queued]>
[2022-08-13 12:06:19,450] {taskinstance.py:1159} INFO - Dependencies all met for <TaskInstance: ETL_Raízen.download_raw_data manual__2022-08-13T12:06:16.448300+00:00 [queued]>
[2022-08-13 12:06:19,451] {taskinstance.py:1356} INFO - 
--------------------------------------------------------------------------------
[2022-08-13 12:06:19,452] {taskinstance.py:1357} INFO - Starting attempt 1 of 1
[2022-08-13 12:06:19,453] {taskinstance.py:1358} INFO - 
--------------------------------------------------------------------------------
[2022-08-13 12:06:19,471] {taskinstance.py:1377} INFO - Executing <Task(PythonOperator): download_raw_data> on 2022-08-13 12:06:16.448300+00:00
[2022-08-13 12:06:19,477] {standard_task_runner.py:52} INFO - Started process 2880 to run task
[2022-08-13 12:06:19,482] {standard_task_runner.py:79} INFO - Running: ['***', 'tasks', 'run', 'ETL_Raízen', 'download_raw_data', 'manual__2022-08-13T12:06:16.448300+00:00', '--job-id', '330', '--raw', '--subdir', 'DAGS_FOLDER/ETL_Raizen.py', '--cfg-path', '/tmp/tmpqf631llz', '--error-file', '/tmp/tmpvzvbg47w']
[2022-08-13 12:06:19,484] {standard_task_runner.py:80} INFO - Job 330: Subtask download_raw_data
[2022-08-13 12:06:19,577] {task_command.py:369} INFO - Running <TaskInstance: ETL_Raízen.download_raw_data manual__2022-08-13T12:06:16.448300+00:00 [running]> on host 4bbb34367c41
[2022-08-13 12:06:19,691] {taskinstance.py:1571} INFO - Exporting the following env vars:
AIRFLOW_CTX_DAG_OWNER=***
AIRFLOW_CTX_DAG_ID=ETL_Raízen
AIRFLOW_CTX_TASK_ID=download_raw_data
AIRFLOW_CTX_EXECUTION_DATE=2022-08-13T12:06:16.448300+00:00
AIRFLOW_CTX_TRY_NUMBER=1
AIRFLOW_CTX_DAG_RUN_ID=manual__2022-08-13T12:06:16.448300+00:00
[2022-08-13 12:06:19,692] {ETL_Raizen.py:40} INFO - Downloading .xls raw data
[2022-08-13 12:06:29,287] {ETL_Raizen.py:42} INFO - Succesfully downloaded .xls raw data
[2022-08-13 12:06:29,288] {python.py:173} INFO - Done. Returned value was: None
[2022-08-13 12:06:29,303] {taskinstance.py:1400} INFO - Marking task as SUCCESS. dag_id=ETL_Raízen, task_id=download_raw_data, execution_date=20220813T120616, start_date=20220813T120619, end_date=20220813T120629
[2022-08-13 12:06:29,323] {local_task_job.py:156} INFO - Task exited with return code 0
[2022-08-13 12:06:29,364] {local_task_job.py:273} INFO - 1 downstream tasks scheduled from follow-on schedule check
