[2022-08-11 23:35:43,370] {taskinstance.py:1159} INFO - Dependencies all met for <TaskInstance: ETL_Raízen.extract_sheets manual__2022-08-11T23:34:54.412100+00:00 [queued]>
[2022-08-11 23:35:43,435] {taskinstance.py:1159} INFO - Dependencies all met for <TaskInstance: ETL_Raízen.extract_sheets manual__2022-08-11T23:34:54.412100+00:00 [queued]>
[2022-08-11 23:35:43,437] {taskinstance.py:1356} INFO - 
--------------------------------------------------------------------------------
[2022-08-11 23:35:43,438] {taskinstance.py:1357} INFO - Starting attempt 1 of 1
[2022-08-11 23:35:43,442] {taskinstance.py:1358} INFO - 
--------------------------------------------------------------------------------
[2022-08-11 23:35:43,529] {taskinstance.py:1377} INFO - Executing <Task(PythonOperator): extract_sheets> on 2022-08-11 23:34:54.412100+00:00
[2022-08-11 23:35:43,568] {standard_task_runner.py:52} INFO - Started process 6548 to run task
[2022-08-11 23:35:43,595] {standard_task_runner.py:79} INFO - Running: ['***', 'tasks', 'run', 'ETL_Raízen', 'extract_sheets', 'manual__2022-08-11T23:34:54.412100+00:00', '--job-id', '91', '--raw', '--subdir', 'DAGS_FOLDER/ETL_Raizen.py', '--cfg-path', '/tmp/tmpa3hk633q', '--error-file', '/tmp/tmpm3vy0ur_']
[2022-08-11 23:35:43,610] {standard_task_runner.py:80} INFO - Job 91: Subtask extract_sheets
[2022-08-11 23:35:43,966] {task_command.py:369} INFO - Running <TaskInstance: ETL_Raízen.extract_sheets manual__2022-08-11T23:34:54.412100+00:00 [running]> on host 53e7d4a502e6
[2022-08-11 23:35:44,325] {taskinstance.py:1571} INFO - Exporting the following env vars:
AIRFLOW_CTX_DAG_OWNER=***
AIRFLOW_CTX_DAG_ID=ETL_Raízen
AIRFLOW_CTX_TASK_ID=extract_sheets
AIRFLOW_CTX_EXECUTION_DATE=2022-08-11T23:34:54.412100+00:00
AIRFLOW_CTX_TRY_NUMBER=1
AIRFLOW_CTX_DAG_RUN_ID=manual__2022-08-11T23:34:54.412100+00:00
[2022-08-11 23:35:44,330] {ETL_Raizen.py:71} INFO - Extracting sheet DPCache_m3
[2022-08-11 23:39:13,051] {ETL_Raizen.py:74} INFO - Sheet DPCache_m3 succesfully extracted
[2022-08-11 23:39:13,064] {ETL_Raizen.py:71} INFO - Extracting sheet DPCache_m3_2
[2022-08-11 23:42:00,307] {ETL_Raizen.py:74} INFO - Sheet DPCache_m3_2 succesfully extracted
[2022-08-11 23:42:00,308] {python.py:173} INFO - Done. Returned value was: None
[2022-08-11 23:42:00,387] {taskinstance.py:1400} INFO - Marking task as SUCCESS. dag_id=ETL_Raízen, task_id=extract_sheets, execution_date=20220811T233454, start_date=20220811T233543, end_date=20220811T234200
[2022-08-11 23:42:00,567] {local_task_job.py:156} INFO - Task exited with return code 0
[2022-08-11 23:42:00,859] {local_task_job.py:273} INFO - 1 downstream tasks scheduled from follow-on schedule check
