[2022-08-12 10:32:40,370] {taskinstance.py:1159} INFO - Dependencies all met for <TaskInstance: ETL_Raízen.data_transformation_and_load scheduled__2022-08-12T09:30:00+00:00 [queued]>
[2022-08-12 10:32:40,380] {taskinstance.py:1159} INFO - Dependencies all met for <TaskInstance: ETL_Raízen.data_transformation_and_load scheduled__2022-08-12T09:30:00+00:00 [queued]>
[2022-08-12 10:32:40,380] {taskinstance.py:1356} INFO - 
--------------------------------------------------------------------------------
[2022-08-12 10:32:40,381] {taskinstance.py:1357} INFO - Starting attempt 1 of 1
[2022-08-12 10:32:40,382] {taskinstance.py:1358} INFO - 
--------------------------------------------------------------------------------
[2022-08-12 10:32:40,397] {taskinstance.py:1377} INFO - Executing <Task(PythonOperator): data_transformation_and_load> on 2022-08-12 09:30:00+00:00
[2022-08-12 10:32:40,403] {standard_task_runner.py:52} INFO - Started process 926 to run task
[2022-08-12 10:32:40,407] {standard_task_runner.py:79} INFO - Running: ['***', 'tasks', 'run', 'ETL_Raízen', 'data_transformation_and_load', 'scheduled__2022-08-12T09:30:00+00:00', '--job-id', '121', '--raw', '--subdir', 'DAGS_FOLDER/ETL_Raizen.py', '--cfg-path', '/tmp/tmp4w4j_zdt', '--error-file', '/tmp/tmpqdc2tsg3']
[2022-08-12 10:32:40,409] {standard_task_runner.py:80} INFO - Job 121: Subtask data_transformation_and_load
[2022-08-12 10:32:40,534] {task_command.py:369} INFO - Running <TaskInstance: ETL_Raízen.data_transformation_and_load scheduled__2022-08-12T09:30:00+00:00 [running]> on host cc218c529e98
[2022-08-12 10:32:40,629] {taskinstance.py:1571} INFO - Exporting the following env vars:
AIRFLOW_CTX_DAG_OWNER=***
AIRFLOW_CTX_DAG_ID=ETL_Raízen
AIRFLOW_CTX_TASK_ID=data_transformation_and_load
AIRFLOW_CTX_EXECUTION_DATE=2022-08-12T09:30:00+00:00
AIRFLOW_CTX_TRY_NUMBER=1
AIRFLOW_CTX_DAG_RUN_ID=scheduled__2022-08-12T09:30:00+00:00
[2022-08-12 10:32:40,631] {ETL_Raizen.py:81} INFO - Processing data of sheet DPCache_m3
[2022-08-12 10:32:44,322] {ETL_Raizen.py:124} INFO - Data of sheet DPCache_m3 successfully processed
[2022-08-12 10:32:44,323] {ETL_Raizen.py:125} INFO - Visual check: 
[2022-08-12 10:32:44,337] {logging_mixin.py:115} INFO -       product        uf unit      volume year_month          created_at
0  GASOLINA C  RONDÔNIA   m3  136073.253    2000-01 2022-08-12 10:32:43
1  GASOLINA C      ACRE   m3    3358.346    2000-01 2022-08-12 10:32:43
2  GASOLINA C  AMAZONAS   m3   20766.918    2000-01 2022-08-12 10:32:43
3  GASOLINA C   RORAIMA   m3    3716.032    2000-01 2022-08-12 10:32:43
4  GASOLINA C      PARÁ   m3   29755.907    2000-01 2022-08-12 10:32:43
[2022-08-12 10:32:44,338] {ETL_Raizen.py:129} INFO - Saving processed data into parquet format
[2022-08-12 10:32:59,711] {ETL_Raizen.py:132} INFO - Data successfully saved
[2022-08-12 10:32:59,712] {ETL_Raizen.py:81} INFO - Processing data of sheet DPCache_m3_2
[2022-08-12 10:33:00,480] {ETL_Raizen.py:124} INFO - Data of sheet DPCache_m3_2 successfully processed
[2022-08-12 10:33:00,481] {ETL_Raizen.py:125} INFO - Visual check: 
[2022-08-12 10:33:00,491] {logging_mixin.py:115} INFO -             product        uf unit    volume year_month          created_at
0  ÓLEO DIESEL S-10  RONDÔNIA   m3  81453.67    2013-01 2022-08-12 10:33:00
1  ÓLEO DIESEL S-10      ACRE   m3   1483.00    2013-01 2022-08-12 10:33:00
2  ÓLEO DIESEL S-10  AMAZONAS   m3   6836.30    2013-01 2022-08-12 10:33:00
3  ÓLEO DIESEL S-10   RORAIMA   m3   1475.30    2013-01 2022-08-12 10:33:00
4  ÓLEO DIESEL S-10      PARÁ   m3  40913.48    2013-01 2022-08-12 10:33:00
[2022-08-12 10:33:00,492] {ETL_Raizen.py:129} INFO - Saving processed data into parquet format
[2022-08-12 10:33:03,708] {ETL_Raizen.py:132} INFO - Data successfully saved
[2022-08-12 10:33:03,710] {python.py:173} INFO - Done. Returned value was: None
[2022-08-12 10:33:03,725] {taskinstance.py:1400} INFO - Marking task as SUCCESS. dag_id=ETL_Raízen, task_id=data_transformation_and_load, execution_date=20220812T093000, start_date=20220812T103240, end_date=20220812T103303
[2022-08-12 10:33:03,768] {local_task_job.py:156} INFO - Task exited with return code 0
[2022-08-12 10:33:03,802] {local_task_job.py:273} INFO - 0 downstream tasks scheduled from follow-on schedule check
