[2022-08-11 22:59:10,248] {taskinstance.py:1159} INFO - Dependencies all met for <TaskInstance: ETL_Raízen.extract_sheets manual__2022-08-11T22:58:30.968638+00:00 [queued]>
[2022-08-11 22:59:10,277] {taskinstance.py:1159} INFO - Dependencies all met for <TaskInstance: ETL_Raízen.extract_sheets manual__2022-08-11T22:58:30.968638+00:00 [queued]>
[2022-08-11 22:59:10,278] {taskinstance.py:1356} INFO - 
--------------------------------------------------------------------------------
[2022-08-11 22:59:10,279] {taskinstance.py:1357} INFO - Starting attempt 1 of 1
[2022-08-11 22:59:10,280] {taskinstance.py:1358} INFO - 
--------------------------------------------------------------------------------
[2022-08-11 22:59:10,318] {taskinstance.py:1377} INFO - Executing <Task(PythonOperator): extract_sheets> on 2022-08-11 22:58:30.968638+00:00
[2022-08-11 22:59:10,329] {standard_task_runner.py:52} INFO - Started process 4867 to run task
[2022-08-11 22:59:10,336] {standard_task_runner.py:79} INFO - Running: ['***', 'tasks', 'run', 'ETL_Raízen', 'extract_sheets', 'manual__2022-08-11T22:58:30.968638+00:00', '--job-id', '73', '--raw', '--subdir', 'DAGS_FOLDER/ETL_Raizen.py', '--cfg-path', '/tmp/tmpxxez8wu0', '--error-file', '/tmp/tmp38k3gkxm']
[2022-08-11 22:59:10,338] {standard_task_runner.py:80} INFO - Job 73: Subtask extract_sheets
[2022-08-11 22:59:10,485] {task_command.py:369} INFO - Running <TaskInstance: ETL_Raízen.extract_sheets manual__2022-08-11T22:58:30.968638+00:00 [running]> on host 53e7d4a502e6
[2022-08-11 22:59:10,680] {taskinstance.py:1571} INFO - Exporting the following env vars:
AIRFLOW_CTX_DAG_OWNER=***
AIRFLOW_CTX_DAG_ID=ETL_Raízen
AIRFLOW_CTX_TASK_ID=extract_sheets
AIRFLOW_CTX_EXECUTION_DATE=2022-08-11T22:58:30.968638+00:00
AIRFLOW_CTX_TRY_NUMBER=1
AIRFLOW_CTX_DAG_RUN_ID=manual__2022-08-11T22:58:30.968638+00:00
[2022-08-11 22:59:10,685] {ETL_Raizen.py:71} INFO - Extracting sheet DPCache_m3
[2022-08-11 23:01:37,678] {ETL_Raizen.py:74} INFO - Sheet DPCache_m3 succesfully extracted
[2022-08-11 23:01:37,681] {ETL_Raizen.py:71} INFO - Extracting sheet DPCache_m3_2
[2022-08-11 23:04:39,600] {ETL_Raizen.py:74} INFO - Sheet DPCache_m3_2 succesfully extracted
[2022-08-11 23:04:39,602] {python.py:173} INFO - Done. Returned value was: None
[2022-08-11 23:04:39,643] {taskinstance.py:1400} INFO - Marking task as SUCCESS. dag_id=ETL_Raízen, task_id=extract_sheets, execution_date=20220811T225830, start_date=20220811T225910, end_date=20220811T230439
[2022-08-11 23:04:39,806] {local_task_job.py:156} INFO - Task exited with return code 0
[2022-08-11 23:04:39,946] {local_task_job.py:273} INFO - 0 downstream tasks scheduled from follow-on schedule check
