[2022-08-11 23:50:50,109] {taskinstance.py:1159} INFO - Dependencies all met for <TaskInstance: ETL_Raízen.data_transformation_and_load manual__2022-08-11T23:44:45.811252+00:00 [queued]>
[2022-08-11 23:50:50,136] {taskinstance.py:1159} INFO - Dependencies all met for <TaskInstance: ETL_Raízen.data_transformation_and_load manual__2022-08-11T23:44:45.811252+00:00 [queued]>
[2022-08-11 23:50:50,137] {taskinstance.py:1356} INFO - 
--------------------------------------------------------------------------------
[2022-08-11 23:50:50,138] {taskinstance.py:1357} INFO - Starting attempt 1 of 1
[2022-08-11 23:50:50,139] {taskinstance.py:1358} INFO - 
--------------------------------------------------------------------------------
[2022-08-11 23:50:50,201] {taskinstance.py:1377} INFO - Executing <Task(PythonOperator): data_transformation_and_load> on 2022-08-11 23:44:45.811252+00:00
[2022-08-11 23:50:50,213] {standard_task_runner.py:52} INFO - Started process 7169 to run task
[2022-08-11 23:50:50,222] {standard_task_runner.py:79} INFO - Running: ['***', 'tasks', 'run', 'ETL_Raízen', 'data_transformation_and_load', 'manual__2022-08-11T23:44:45.811252+00:00', '--job-id', '99', '--raw', '--subdir', 'DAGS_FOLDER/ETL_Raizen.py', '--cfg-path', '/tmp/tmpsju7x550', '--error-file', '/tmp/tmphw6umre3']
[2022-08-11 23:50:50,225] {standard_task_runner.py:80} INFO - Job 99: Subtask data_transformation_and_load
[2022-08-11 23:50:50,459] {task_command.py:369} INFO - Running <TaskInstance: ETL_Raízen.data_transformation_and_load manual__2022-08-11T23:44:45.811252+00:00 [running]> on host 53e7d4a502e6
[2022-08-11 23:50:50,794] {taskinstance.py:1571} INFO - Exporting the following env vars:
AIRFLOW_CTX_DAG_OWNER=***
AIRFLOW_CTX_DAG_ID=ETL_Raízen
AIRFLOW_CTX_TASK_ID=data_transformation_and_load
AIRFLOW_CTX_EXECUTION_DATE=2022-08-11T23:44:45.811252+00:00
AIRFLOW_CTX_TRY_NUMBER=1
AIRFLOW_CTX_DAG_RUN_ID=manual__2022-08-11T23:44:45.811252+00:00
[2022-08-11 23:50:50,807] {ETL_Raizen.py:81} INFO - Processing data of sheet DPCache_m3
[2022-08-11 23:50:59,484] {ETL_Raizen.py:124} INFO - Data of sheet DPCache_m3 successfully processed
[2022-08-11 23:50:59,485] {ETL_Raizen.py:125} INFO - Visual check: 
[2022-08-11 23:50:59,517] {logging_mixin.py:115} INFO -       product        uf unit      volume year_month          created_at
0  GASOLINA C  RONDÔNIA   m3  136073.253    2000-01 2022-08-11 23:50:58
1  GASOLINA C      ACRE   m3    3358.346    2000-01 2022-08-11 23:50:58
2  GASOLINA C  AMAZONAS   m3   20766.918    2000-01 2022-08-11 23:50:58
3  GASOLINA C   RORAIMA   m3    3716.032    2000-01 2022-08-11 23:50:58
4  GASOLINA C      PARÁ   m3   29755.907    2000-01 2022-08-11 23:50:58
[2022-08-11 23:50:59,518] {ETL_Raizen.py:129} INFO - Saving processed data into parquet format
[2022-08-11 23:51:52,560] {ETL_Raizen.py:132} INFO - Data successfully saved
[2022-08-11 23:51:52,563] {ETL_Raizen.py:81} INFO - Processing data of sheet DPCache_m3_2
[2022-08-11 23:51:53,977] {ETL_Raizen.py:124} INFO - Data of sheet DPCache_m3_2 successfully processed
[2022-08-11 23:51:53,978] {ETL_Raizen.py:125} INFO - Visual check: 
[2022-08-11 23:51:54,014] {logging_mixin.py:115} INFO -             product        uf unit    volume year_month          created_at
0  ÓLEO DIESEL S-10  RONDÔNIA   m3  81453.67    2013-01 2022-08-11 23:51:53
1  ÓLEO DIESEL S-10      ACRE   m3   1483.00    2013-01 2022-08-11 23:51:53
2  ÓLEO DIESEL S-10  AMAZONAS   m3   6836.30    2013-01 2022-08-11 23:51:53
3  ÓLEO DIESEL S-10   RORAIMA   m3   1475.30    2013-01 2022-08-11 23:51:53
4  ÓLEO DIESEL S-10      PARÁ   m3  40913.48    2013-01 2022-08-11 23:51:53
[2022-08-11 23:51:54,016] {ETL_Raizen.py:129} INFO - Saving processed data into parquet format
[2022-08-11 23:52:06,425] {ETL_Raizen.py:132} INFO - Data successfully saved
[2022-08-11 23:52:06,428] {python.py:173} INFO - Done. Returned value was: None
[2022-08-11 23:52:06,483] {taskinstance.py:1400} INFO - Marking task as SUCCESS. dag_id=ETL_Raízen, task_id=data_transformation_and_load, execution_date=20220811T234445, start_date=20220811T235050, end_date=20220811T235206
[2022-08-11 23:52:06,555] {local_task_job.py:156} INFO - Task exited with return code 0
[2022-08-11 23:52:06,638] {local_task_job.py:273} INFO - 0 downstream tasks scheduled from follow-on schedule check
