[2022-08-11 23:42:06,392] {taskinstance.py:1159} INFO - Dependencies all met for <TaskInstance: ETL_Raízen.data_transformation_and_load manual__2022-08-11T23:34:54.412100+00:00 [queued]>
[2022-08-11 23:42:06,427] {taskinstance.py:1159} INFO - Dependencies all met for <TaskInstance: ETL_Raízen.data_transformation_and_load manual__2022-08-11T23:34:54.412100+00:00 [queued]>
[2022-08-11 23:42:06,428] {taskinstance.py:1356} INFO - 
--------------------------------------------------------------------------------
[2022-08-11 23:42:06,429] {taskinstance.py:1357} INFO - Starting attempt 1 of 1
[2022-08-11 23:42:06,430] {taskinstance.py:1358} INFO - 
--------------------------------------------------------------------------------
[2022-08-11 23:42:06,513] {taskinstance.py:1377} INFO - Executing <Task(PythonOperator): data_transformation_and_load> on 2022-08-11 23:34:54.412100+00:00
[2022-08-11 23:42:06,543] {standard_task_runner.py:52} INFO - Started process 6764 to run task
[2022-08-11 23:42:06,546] {standard_task_runner.py:79} INFO - Running: ['***', 'tasks', 'run', 'ETL_Raízen', 'data_transformation_and_load', 'manual__2022-08-11T23:34:54.412100+00:00', '--job-id', '93', '--raw', '--subdir', 'DAGS_FOLDER/ETL_Raizen.py', '--cfg-path', '/tmp/tmpv175xjyp', '--error-file', '/tmp/tmpmcyq4zzg']
[2022-08-11 23:42:06,549] {standard_task_runner.py:80} INFO - Job 93: Subtask data_transformation_and_load
[2022-08-11 23:42:06,892] {task_command.py:369} INFO - Running <TaskInstance: ETL_Raízen.data_transformation_and_load manual__2022-08-11T23:34:54.412100+00:00 [running]> on host 53e7d4a502e6
[2022-08-11 23:42:07,338] {taskinstance.py:1571} INFO - Exporting the following env vars:
AIRFLOW_CTX_DAG_OWNER=***
AIRFLOW_CTX_DAG_ID=ETL_Raízen
AIRFLOW_CTX_TASK_ID=data_transformation_and_load
AIRFLOW_CTX_EXECUTION_DATE=2022-08-11T23:34:54.412100+00:00
AIRFLOW_CTX_TRY_NUMBER=1
AIRFLOW_CTX_DAG_RUN_ID=manual__2022-08-11T23:34:54.412100+00:00
[2022-08-11 23:42:07,347] {ETL_Raizen.py:81} INFO - Processing data of sheet DPCache_m3
[2022-08-11 23:42:17,721] {ETL_Raizen.py:124} INFO - Data of sheet DPCache_m3 successfully processed
[2022-08-11 23:42:17,722] {ETL_Raizen.py:125} INFO - Visual check: 
[2022-08-11 23:42:17,744] {logging_mixin.py:115} INFO -       product        uf unit      volume year_month          created_at
0  GASOLINA C  RONDÔNIA   m3  136073.253 2000-01-01 2022-08-11 23:42:16
1  GASOLINA C      ACRE   m3    3358.346 2000-01-01 2022-08-11 23:42:16
2  GASOLINA C  AMAZONAS   m3   20766.918 2000-01-01 2022-08-11 23:42:16
3  GASOLINA C   RORAIMA   m3    3716.032 2000-01-01 2022-08-11 23:42:16
4  GASOLINA C      PARÁ   m3   29755.907 2000-01-01 2022-08-11 23:42:16
[2022-08-11 23:42:17,745] {ETL_Raizen.py:129} INFO - Saving processed data into parquet format
[2022-08-11 23:43:12,666] {ETL_Raizen.py:132} INFO - Data successfully saved
[2022-08-11 23:43:12,669] {ETL_Raizen.py:81} INFO - Processing data of sheet DPCache_m3_2
[2022-08-11 23:43:14,850] {ETL_Raizen.py:124} INFO - Data of sheet DPCache_m3_2 successfully processed
[2022-08-11 23:43:14,851] {ETL_Raizen.py:125} INFO - Visual check: 
[2022-08-11 23:43:14,893] {logging_mixin.py:115} INFO -             product        uf unit    volume year_month          created_at
0  ÓLEO DIESEL S-10  RONDÔNIA   m3  81453.67 2013-01-01 2022-08-11 23:43:14
1  ÓLEO DIESEL S-10      ACRE   m3   1483.00 2013-01-01 2022-08-11 23:43:14
2  ÓLEO DIESEL S-10  AMAZONAS   m3   6836.30 2013-01-01 2022-08-11 23:43:14
3  ÓLEO DIESEL S-10   RORAIMA   m3   1475.30 2013-01-01 2022-08-11 23:43:14
4  ÓLEO DIESEL S-10      PARÁ   m3  40913.48 2013-01-01 2022-08-11 23:43:14
[2022-08-11 23:43:14,894] {ETL_Raizen.py:129} INFO - Saving processed data into parquet format
[2022-08-11 23:43:31,930] {ETL_Raizen.py:132} INFO - Data successfully saved
[2022-08-11 23:43:31,934] {python.py:173} INFO - Done. Returned value was: None
[2022-08-11 23:43:32,010] {taskinstance.py:1400} INFO - Marking task as SUCCESS. dag_id=ETL_Raízen, task_id=data_transformation_and_load, execution_date=20220811T233454, start_date=20220811T234206, end_date=20220811T234332
[2022-08-11 23:43:32,252] {local_task_job.py:156} INFO - Task exited with return code 0
[2022-08-11 23:43:32,395] {local_task_job.py:273} INFO - 0 downstream tasks scheduled from follow-on schedule check
