[2022-08-11 22:40:33,988] {taskinstance.py:1159} INFO - Dependencies all met for <TaskInstance: ETL_Raízen.convert_xls_into_xlsx manual__2022-08-11T22:40:18.066568+00:00 [queued]>
[2022-08-11 22:40:34,031] {taskinstance.py:1159} INFO - Dependencies all met for <TaskInstance: ETL_Raízen.convert_xls_into_xlsx manual__2022-08-11T22:40:18.066568+00:00 [queued]>
[2022-08-11 22:40:34,032] {taskinstance.py:1356} INFO - 
--------------------------------------------------------------------------------
[2022-08-11 22:40:34,033] {taskinstance.py:1357} INFO - Starting attempt 1 of 1
[2022-08-11 22:40:34,035] {taskinstance.py:1358} INFO - 
--------------------------------------------------------------------------------
[2022-08-11 22:40:34,101] {taskinstance.py:1377} INFO - Executing <Task(PythonOperator): convert_xls_into_xlsx> on 2022-08-11 22:40:18.066568+00:00
[2022-08-11 22:40:34,138] {standard_task_runner.py:52} INFO - Started process 3903 to run task
[2022-08-11 22:40:34,165] {standard_task_runner.py:79} INFO - Running: ['***', 'tasks', 'run', 'ETL_Raízen', 'convert_xls_into_xlsx', 'manual__2022-08-11T22:40:18.066568+00:00', '--job-id', '62', '--raw', '--subdir', 'DAGS_FOLDER/ETL_Raizen.py', '--cfg-path', '/tmp/tmpo5412lw1', '--error-file', '/tmp/tmpl0h_1lm4']
[2022-08-11 22:40:34,171] {standard_task_runner.py:80} INFO - Job 62: Subtask convert_xls_into_xlsx
[2022-08-11 22:40:34,493] {task_command.py:369} INFO - Running <TaskInstance: ETL_Raízen.convert_xls_into_xlsx manual__2022-08-11T22:40:18.066568+00:00 [running]> on host 53e7d4a502e6
[2022-08-11 22:40:34,926] {taskinstance.py:1571} INFO - Exporting the following env vars:
AIRFLOW_CTX_DAG_OWNER=***
AIRFLOW_CTX_DAG_ID=ETL_Raízen
AIRFLOW_CTX_TASK_ID=convert_xls_into_xlsx
AIRFLOW_CTX_EXECUTION_DATE=2022-08-11T22:40:18.066568+00:00
AIRFLOW_CTX_TRY_NUMBER=1
AIRFLOW_CTX_DAG_RUN_ID=manual__2022-08-11T22:40:18.066568+00:00
[2022-08-11 22:40:34,931] {ETL_Raizen.py:48} INFO - Converting file .xls into .xlsx using libreoffice
[2022-08-11 22:41:01,591] {ETL_Raizen.py:50} INFO - File .xls succesfully converted into .xlsx
[2022-08-11 22:41:01,592] {python.py:173} INFO - Done. Returned value was: None
[2022-08-11 22:41:01,645] {taskinstance.py:1400} INFO - Marking task as SUCCESS. dag_id=ETL_Raízen, task_id=convert_xls_into_xlsx, execution_date=20220811T224018, start_date=20220811T224033, end_date=20220811T224101
[2022-08-11 22:41:01,713] {local_task_job.py:156} INFO - Task exited with return code 0
[2022-08-11 22:41:01,860] {local_task_job.py:273} INFO - 1 downstream tasks scheduled from follow-on schedule check
