[2022-08-13 11:25:40,548] {taskinstance.py:1159} INFO - Dependencies all met for <TaskInstance: ETL_Raízen.create_raw_data_dir scheduled__2022-08-13T09:30:00+00:00 [queued]>
[2022-08-13 11:25:40,585] {taskinstance.py:1159} INFO - Dependencies all met for <TaskInstance: ETL_Raízen.create_raw_data_dir scheduled__2022-08-13T09:30:00+00:00 [queued]>
[2022-08-13 11:25:40,586] {taskinstance.py:1356} INFO - 
--------------------------------------------------------------------------------
[2022-08-13 11:25:40,587] {taskinstance.py:1357} INFO - Starting attempt 1 of 1
[2022-08-13 11:25:40,588] {taskinstance.py:1358} INFO - 
--------------------------------------------------------------------------------
[2022-08-13 11:25:40,630] {taskinstance.py:1377} INFO - Executing <Task(PythonOperator): create_raw_data_dir> on 2022-08-13 09:30:00+00:00
[2022-08-13 11:25:40,660] {standard_task_runner.py:52} INFO - Started process 76 to run task
[2022-08-13 11:25:40,684] {standard_task_runner.py:79} INFO - Running: ['***', 'tasks', 'run', 'ETL_Raízen', 'create_raw_data_dir', 'scheduled__2022-08-13T09:30:00+00:00', '--job-id', '290', '--raw', '--subdir', 'DAGS_FOLDER/ETL_Raizen.py', '--cfg-path', '/tmp/tmpssg959xf', '--error-file', '/tmp/tmpnjuokvci']
[2022-08-13 11:25:40,686] {standard_task_runner.py:80} INFO - Job 290: Subtask create_raw_data_dir
[2022-08-13 11:25:40,882] {task_command.py:369} INFO - Running <TaskInstance: ETL_Raízen.create_raw_data_dir scheduled__2022-08-13T09:30:00+00:00 [running]> on host 4bbb34367c41
[2022-08-13 11:25:42,081] {taskinstance.py:1571} INFO - Exporting the following env vars:
AIRFLOW_CTX_DAG_OWNER=***
AIRFLOW_CTX_DAG_ID=ETL_Raízen
AIRFLOW_CTX_TASK_ID=create_raw_data_dir
AIRFLOW_CTX_EXECUTION_DATE=2022-08-13T09:30:00+00:00
AIRFLOW_CTX_TRY_NUMBER=1
AIRFLOW_CTX_DAG_RUN_ID=scheduled__2022-08-13T09:30:00+00:00
[2022-08-13 11:25:42,096] {ETL_Raizen.py:27} INFO - Dir already exists
[2022-08-13 11:25:42,100] {python.py:173} INFO - Done. Returned value was: None
[2022-08-13 11:25:42,186] {taskinstance.py:1400} INFO - Marking task as SUCCESS. dag_id=ETL_Raízen, task_id=create_raw_data_dir, execution_date=20220813T093000, start_date=20220813T112540, end_date=20220813T112542
[2022-08-13 11:25:42,437] {local_task_job.py:156} INFO - Task exited with return code 0
[2022-08-13 11:25:43,309] {local_task_job.py:273} INFO - 1 downstream tasks scheduled from follow-on schedule check
