[2022-08-11 22:13:25,713] {taskinstance.py:1159} INFO - Dependencies all met for <TaskInstance: ETL_Raízen.download_raw_data manual__2022-08-11T22:13:17.287578+00:00 [queued]>
[2022-08-11 22:13:25,744] {taskinstance.py:1159} INFO - Dependencies all met for <TaskInstance: ETL_Raízen.download_raw_data manual__2022-08-11T22:13:17.287578+00:00 [queued]>
[2022-08-11 22:13:25,745] {taskinstance.py:1356} INFO - 
--------------------------------------------------------------------------------
[2022-08-11 22:13:25,747] {taskinstance.py:1357} INFO - Starting attempt 1 of 1
[2022-08-11 22:13:25,748] {taskinstance.py:1358} INFO - 
--------------------------------------------------------------------------------
[2022-08-11 22:13:25,793] {taskinstance.py:1377} INFO - Executing <Task(PythonOperator): download_raw_data> on 2022-08-11 22:13:17.287578+00:00
[2022-08-11 22:13:25,805] {standard_task_runner.py:52} INFO - Started process 2524 to run task
[2022-08-11 22:13:25,813] {standard_task_runner.py:79} INFO - Running: ['***', 'tasks', 'run', 'ETL_Raízen', 'download_raw_data', 'manual__2022-08-11T22:13:17.287578+00:00', '--job-id', '43', '--raw', '--subdir', 'DAGS_FOLDER/ETL_Raizen.py', '--cfg-path', '/tmp/tmpb66_fhl3', '--error-file', '/tmp/tmptu486jrj']
[2022-08-11 22:13:25,816] {standard_task_runner.py:80} INFO - Job 43: Subtask download_raw_data
[2022-08-11 22:13:25,989] {task_command.py:369} INFO - Running <TaskInstance: ETL_Raízen.download_raw_data manual__2022-08-11T22:13:17.287578+00:00 [running]> on host 53e7d4a502e6
[2022-08-11 22:13:26,371] {taskinstance.py:1571} INFO - Exporting the following env vars:
AIRFLOW_CTX_DAG_OWNER=***
AIRFLOW_CTX_DAG_ID=ETL_Raízen
AIRFLOW_CTX_TASK_ID=download_raw_data
AIRFLOW_CTX_EXECUTION_DATE=2022-08-11T22:13:17.287578+00:00
AIRFLOW_CTX_TRY_NUMBER=1
AIRFLOW_CTX_DAG_RUN_ID=manual__2022-08-11T22:13:17.287578+00:00
[2022-08-11 22:13:26,378] {ETL_Raizen.py:41} INFO - Downloading .xls raw data
[2022-08-11 22:13:28,732] {ETL_Raizen.py:43} INFO - Succesfully downloaded .xls raw data
[2022-08-11 22:13:28,733] {python.py:173} INFO - Done. Returned value was: None
[2022-08-11 22:13:28,792] {taskinstance.py:1400} INFO - Marking task as SUCCESS. dag_id=ETL_Raízen, task_id=download_raw_data, execution_date=20220811T221317, start_date=20220811T221325, end_date=20220811T221328
[2022-08-11 22:13:28,884] {local_task_job.py:156} INFO - Task exited with return code 0
[2022-08-11 22:13:29,087] {local_task_job.py:273} INFO - 1 downstream tasks scheduled from follow-on schedule check
