[2022-08-13 11:43:28,658] {taskinstance.py:1159} INFO - Dependencies all met for <TaskInstance: ETL_Raízen.create_raw_data_dir manual__2022-08-13T11:43:27.898917+00:00 [queued]>
[2022-08-13 11:43:28,670] {taskinstance.py:1159} INFO - Dependencies all met for <TaskInstance: ETL_Raízen.create_raw_data_dir manual__2022-08-13T11:43:27.898917+00:00 [queued]>
[2022-08-13 11:43:28,670] {taskinstance.py:1356} INFO - 
--------------------------------------------------------------------------------
[2022-08-13 11:43:28,671] {taskinstance.py:1357} INFO - Starting attempt 1 of 1
[2022-08-13 11:43:28,671] {taskinstance.py:1358} INFO - 
--------------------------------------------------------------------------------
[2022-08-13 11:43:28,687] {taskinstance.py:1377} INFO - Executing <Task(PythonOperator): create_raw_data_dir> on 2022-08-13 11:43:27.898917+00:00
[2022-08-13 11:43:28,692] {standard_task_runner.py:52} INFO - Started process 1715 to run task
[2022-08-13 11:43:28,695] {standard_task_runner.py:79} INFO - Running: ['***', 'tasks', 'run', 'ETL_Raízen', 'create_raw_data_dir', 'manual__2022-08-13T11:43:27.898917+00:00', '--job-id', '324', '--raw', '--subdir', 'DAGS_FOLDER/ETL_Raizen.py', '--cfg-path', '/tmp/tmpfzopi47p', '--error-file', '/tmp/tmpcpek2502']
[2022-08-13 11:43:28,696] {standard_task_runner.py:80} INFO - Job 324: Subtask create_raw_data_dir
[2022-08-13 11:43:28,770] {task_command.py:369} INFO - Running <TaskInstance: ETL_Raízen.create_raw_data_dir manual__2022-08-13T11:43:27.898917+00:00 [running]> on host 4bbb34367c41
[2022-08-13 11:43:28,856] {taskinstance.py:1571} INFO - Exporting the following env vars:
AIRFLOW_CTX_DAG_OWNER=***
AIRFLOW_CTX_DAG_ID=ETL_Raízen
AIRFLOW_CTX_TASK_ID=create_raw_data_dir
AIRFLOW_CTX_EXECUTION_DATE=2022-08-13T11:43:27.898917+00:00
AIRFLOW_CTX_TRY_NUMBER=1
AIRFLOW_CTX_DAG_RUN_ID=manual__2022-08-13T11:43:27.898917+00:00
[2022-08-13 11:43:28,858] {ETL_Raizen.py:27} INFO - Dir already exists
[2022-08-13 11:43:28,859] {python.py:173} INFO - Done. Returned value was: None
[2022-08-13 11:43:28,874] {taskinstance.py:1400} INFO - Marking task as SUCCESS. dag_id=ETL_Raízen, task_id=create_raw_data_dir, execution_date=20220813T114327, start_date=20220813T114328, end_date=20220813T114328
[2022-08-13 11:43:28,908] {local_task_job.py:156} INFO - Task exited with return code 0
[2022-08-13 11:43:28,955] {local_task_job.py:273} INFO - 1 downstream tasks scheduled from follow-on schedule check
