[2022-08-12 23:27:46,618] {taskinstance.py:1159} INFO - Dependencies all met for <TaskInstance: ETL_Raízen.download_raw_data manual__2022-08-12T23:27:44.389207+00:00 [queued]>
[2022-08-12 23:27:46,631] {taskinstance.py:1159} INFO - Dependencies all met for <TaskInstance: ETL_Raízen.download_raw_data manual__2022-08-12T23:27:44.389207+00:00 [queued]>
[2022-08-12 23:27:46,632] {taskinstance.py:1356} INFO - 
--------------------------------------------------------------------------------
[2022-08-12 23:27:46,633] {taskinstance.py:1357} INFO - Starting attempt 1 of 1
[2022-08-12 23:27:46,634] {taskinstance.py:1358} INFO - 
--------------------------------------------------------------------------------
[2022-08-12 23:27:46,651] {taskinstance.py:1377} INFO - Executing <Task(PythonOperator): download_raw_data> on 2022-08-12 23:27:44.389207+00:00
[2022-08-12 23:27:46,657] {standard_task_runner.py:52} INFO - Started process 9850 to run task
[2022-08-12 23:27:46,661] {standard_task_runner.py:79} INFO - Running: ['***', 'tasks', 'run', 'ETL_Raízen', 'download_raw_data', 'manual__2022-08-12T23:27:44.389207+00:00', '--job-id', '264', '--raw', '--subdir', 'DAGS_FOLDER/ETL_Raizen.py', '--cfg-path', '/tmp/tmpq13der7r', '--error-file', '/tmp/tmpmia2h63e']
[2022-08-12 23:27:46,662] {standard_task_runner.py:80} INFO - Job 264: Subtask download_raw_data
[2022-08-12 23:27:46,738] {task_command.py:369} INFO - Running <TaskInstance: ETL_Raízen.download_raw_data manual__2022-08-12T23:27:44.389207+00:00 [running]> on host 4bbb34367c41
[2022-08-12 23:27:46,845] {taskinstance.py:1571} INFO - Exporting the following env vars:
AIRFLOW_CTX_DAG_OWNER=***
AIRFLOW_CTX_DAG_ID=ETL_Raízen
AIRFLOW_CTX_TASK_ID=download_raw_data
AIRFLOW_CTX_EXECUTION_DATE=2022-08-12T23:27:44.389207+00:00
AIRFLOW_CTX_TRY_NUMBER=1
AIRFLOW_CTX_DAG_RUN_ID=manual__2022-08-12T23:27:44.389207+00:00
[2022-08-12 23:27:46,846] {ETL_Raizen.py:40} INFO - Downloading .xls raw data
[2022-08-12 23:27:53,628] {ETL_Raizen.py:42} INFO - Succesfully downloaded .xls raw data
[2022-08-12 23:27:53,629] {python.py:173} INFO - Done. Returned value was: None
[2022-08-12 23:27:53,644] {taskinstance.py:1400} INFO - Marking task as SUCCESS. dag_id=ETL_Raízen, task_id=download_raw_data, execution_date=20220812T232744, start_date=20220812T232746, end_date=20220812T232753
[2022-08-12 23:27:53,676] {local_task_job.py:156} INFO - Task exited with return code 0
[2022-08-12 23:27:53,719] {local_task_job.py:273} INFO - 1 downstream tasks scheduled from follow-on schedule check
