[2022-08-11 22:02:41,058] {taskinstance.py:1159} INFO - Dependencies all met for <TaskInstance: ETL_Raízen.creating_raw_data_dir manual__2022-08-11T22:02:37.754995+00:00 [queued]>
[2022-08-11 22:02:41,082] {taskinstance.py:1159} INFO - Dependencies all met for <TaskInstance: ETL_Raízen.creating_raw_data_dir manual__2022-08-11T22:02:37.754995+00:00 [queued]>
[2022-08-11 22:02:41,083] {taskinstance.py:1356} INFO - 
--------------------------------------------------------------------------------
[2022-08-11 22:02:41,084] {taskinstance.py:1357} INFO - Starting attempt 1 of 1
[2022-08-11 22:02:41,085] {taskinstance.py:1358} INFO - 
--------------------------------------------------------------------------------
[2022-08-11 22:02:41,122] {taskinstance.py:1377} INFO - Executing <Task(PythonOperator): creating_raw_data_dir> on 2022-08-11 22:02:37.754995+00:00
[2022-08-11 22:02:41,133] {standard_task_runner.py:52} INFO - Started process 1863 to run task
[2022-08-11 22:02:41,140] {standard_task_runner.py:79} INFO - Running: ['***', 'tasks', 'run', 'ETL_Raízen', 'creating_raw_data_dir', 'manual__2022-08-11T22:02:37.754995+00:00', '--job-id', '27', '--raw', '--subdir', 'DAGS_FOLDER/ETL_Raizen.py', '--cfg-path', '/tmp/tmp28rz9zqv', '--error-file', '/tmp/tmpbfzcy4pu']
[2022-08-11 22:02:41,142] {standard_task_runner.py:80} INFO - Job 27: Subtask creating_raw_data_dir
[2022-08-11 22:02:41,352] {task_command.py:369} INFO - Running <TaskInstance: ETL_Raízen.creating_raw_data_dir manual__2022-08-11T22:02:37.754995+00:00 [running]> on host 53e7d4a502e6
[2022-08-11 22:02:41,582] {taskinstance.py:1571} INFO - Exporting the following env vars:
AIRFLOW_CTX_DAG_OWNER=***
AIRFLOW_CTX_DAG_ID=ETL_Raízen
AIRFLOW_CTX_TASK_ID=creating_raw_data_dir
AIRFLOW_CTX_EXECUTION_DATE=2022-08-11T22:02:37.754995+00:00
AIRFLOW_CTX_TRY_NUMBER=1
AIRFLOW_CTX_DAG_RUN_ID=manual__2022-08-11T22:02:37.754995+00:00
[2022-08-11 22:02:41,587] {ETL_Raizen.py:28} INFO - Dir already exists
[2022-08-11 22:02:41,588] {python.py:173} INFO - Done. Returned value was: None
[2022-08-11 22:02:41,631] {taskinstance.py:1400} INFO - Marking task as SUCCESS. dag_id=ETL_Raízen, task_id=creating_raw_data_dir, execution_date=20220811T220237, start_date=20220811T220241, end_date=20220811T220241
[2022-08-11 22:02:41,676] {local_task_job.py:156} INFO - Task exited with return code 0
[2022-08-11 22:02:41,802] {local_task_job.py:273} INFO - 1 downstream tasks scheduled from follow-on schedule check
