[2022-08-12 11:17:04,175] {taskinstance.py:1159} INFO - Dependencies all met for <TaskInstance: ETL_Raízen.download_raw_data manual__2022-08-12T11:17:00.510115+00:00 [queued]>
[2022-08-12 11:17:04,197] {taskinstance.py:1159} INFO - Dependencies all met for <TaskInstance: ETL_Raízen.download_raw_data manual__2022-08-12T11:17:00.510115+00:00 [queued]>
[2022-08-12 11:17:04,198] {taskinstance.py:1356} INFO - 
--------------------------------------------------------------------------------
[2022-08-12 11:17:04,199] {taskinstance.py:1357} INFO - Starting attempt 1 of 1
[2022-08-12 11:17:04,199] {taskinstance.py:1358} INFO - 
--------------------------------------------------------------------------------
[2022-08-12 11:17:04,220] {taskinstance.py:1377} INFO - Executing <Task(PythonOperator): download_raw_data> on 2022-08-12 11:17:00.510115+00:00
[2022-08-12 11:17:04,227] {standard_task_runner.py:52} INFO - Started process 1130 to run task
[2022-08-12 11:17:04,232] {standard_task_runner.py:79} INFO - Running: ['***', 'tasks', 'run', 'ETL_Raízen', 'download_raw_data', 'manual__2022-08-12T11:17:00.510115+00:00', '--job-id', '144', '--raw', '--subdir', 'DAGS_FOLDER/ETL_Raizen.py', '--cfg-path', '/tmp/tmpkkz07x4t', '--error-file', '/tmp/tmp3_0zqzzg']
[2022-08-12 11:17:04,233] {standard_task_runner.py:80} INFO - Job 144: Subtask download_raw_data
[2022-08-12 11:17:04,312] {task_command.py:369} INFO - Running <TaskInstance: ETL_Raízen.download_raw_data manual__2022-08-12T11:17:00.510115+00:00 [running]> on host a471224fadbb
[2022-08-12 11:17:04,422] {taskinstance.py:1571} INFO - Exporting the following env vars:
AIRFLOW_CTX_DAG_OWNER=***
AIRFLOW_CTX_DAG_ID=ETL_Raízen
AIRFLOW_CTX_TASK_ID=download_raw_data
AIRFLOW_CTX_EXECUTION_DATE=2022-08-12T11:17:00.510115+00:00
AIRFLOW_CTX_TRY_NUMBER=1
AIRFLOW_CTX_DAG_RUN_ID=manual__2022-08-12T11:17:00.510115+00:00
[2022-08-12 11:17:04,424] {ETL_Raizen.py:40} INFO - Downloading .xls raw data
[2022-08-12 11:17:09,803] {ETL_Raizen.py:42} INFO - Succesfully downloaded .xls raw data
[2022-08-12 11:17:09,804] {python.py:173} INFO - Done. Returned value was: None
[2022-08-12 11:17:09,831] {taskinstance.py:1400} INFO - Marking task as SUCCESS. dag_id=ETL_Raízen, task_id=download_raw_data, execution_date=20220812T111700, start_date=20220812T111704, end_date=20220812T111709
[2022-08-12 11:17:09,866] {local_task_job.py:156} INFO - Task exited with return code 0
[2022-08-12 11:17:09,935] {local_task_job.py:273} INFO - 1 downstream tasks scheduled from follow-on schedule check
