[2022-08-12 11:15:54,960] {taskinstance.py:1159} INFO - Dependencies all met for <TaskInstance: ETL_Raízen.data_transformation_and_load manual__2022-08-12T11:15:36.213607+00:00 [queued]>
[2022-08-12 11:15:54,976] {taskinstance.py:1159} INFO - Dependencies all met for <TaskInstance: ETL_Raízen.data_transformation_and_load manual__2022-08-12T11:15:36.213607+00:00 [queued]>
[2022-08-12 11:15:54,977] {taskinstance.py:1356} INFO - 
--------------------------------------------------------------------------------
[2022-08-12 11:15:54,978] {taskinstance.py:1357} INFO - Starting attempt 1 of 1
[2022-08-12 11:15:54,978] {taskinstance.py:1358} INFO - 
--------------------------------------------------------------------------------
[2022-08-12 11:15:55,001] {taskinstance.py:1377} INFO - Executing <Task(PythonOperator): data_transformation_and_load> on 2022-08-12 11:15:36.213607+00:00
[2022-08-12 11:15:55,008] {standard_task_runner.py:52} INFO - Started process 1070 to run task
[2022-08-12 11:15:55,012] {standard_task_runner.py:79} INFO - Running: ['***', 'tasks', 'run', 'ETL_Raízen', 'data_transformation_and_load', 'manual__2022-08-12T11:15:36.213607+00:00', '--job-id', '142', '--raw', '--subdir', 'DAGS_FOLDER/ETL_Raizen.py', '--cfg-path', '/tmp/tmpjuhulkaj', '--error-file', '/tmp/tmps_5bppac']
[2022-08-12 11:15:55,013] {standard_task_runner.py:80} INFO - Job 142: Subtask data_transformation_and_load
[2022-08-12 11:15:55,095] {task_command.py:369} INFO - Running <TaskInstance: ETL_Raízen.data_transformation_and_load manual__2022-08-12T11:15:36.213607+00:00 [running]> on host a471224fadbb
[2022-08-12 11:15:55,216] {taskinstance.py:1571} INFO - Exporting the following env vars:
AIRFLOW_CTX_DAG_OWNER=***
AIRFLOW_CTX_DAG_ID=ETL_Raízen
AIRFLOW_CTX_TASK_ID=data_transformation_and_load
AIRFLOW_CTX_EXECUTION_DATE=2022-08-12T11:15:36.213607+00:00
AIRFLOW_CTX_TRY_NUMBER=1
AIRFLOW_CTX_DAG_RUN_ID=manual__2022-08-12T11:15:36.213607+00:00
[2022-08-12 11:15:55,218] {ETL_Raizen.py:79} INFO - Processing data of sheet DPCache_m3
[2022-08-12 11:15:59,257] {ETL_Raizen.py:122} INFO - Data of sheet DPCache_m3 successfully processed
[2022-08-12 11:15:59,258] {ETL_Raizen.py:123} INFO - Visual check: 
[2022-08-12 11:15:59,271] {logging_mixin.py:115} INFO -       product        uf unit  volume       year_month          created_at
0  GASOLINA C  RONDÔNIA   m3     0.0  2000-Unnamed: 0 2022-08-12 11:15:58
1  GASOLINA C      ACRE   m3     1.0  2000-Unnamed: 0 2022-08-12 11:15:58
2  GASOLINA C  AMAZONAS   m3     2.0  2000-Unnamed: 0 2022-08-12 11:15:58
3  GASOLINA C   RORAIMA   m3     3.0  2000-Unnamed: 0 2022-08-12 11:15:58
4  GASOLINA C      PARÁ   m3     4.0  2000-Unnamed: 0 2022-08-12 11:15:58
[2022-08-12 11:15:59,271] {ETL_Raizen.py:127} INFO - Saving processed data into parquet format
[2022-08-12 11:16:16,139] {ETL_Raizen.py:130} INFO - Data successfully saved
[2022-08-12 11:16:16,139] {ETL_Raizen.py:79} INFO - Processing data of sheet DPCache_m3_2
[2022-08-12 11:16:16,687] {ETL_Raizen.py:122} INFO - Data of sheet DPCache_m3_2 successfully processed
[2022-08-12 11:16:16,688] {ETL_Raizen.py:123} INFO - Visual check: 
[2022-08-12 11:16:16,706] {logging_mixin.py:115} INFO -             product        uf unit  volume       year_month          created_at
0  ÓLEO DIESEL S-10  RONDÔNIA   m3     0.0  2013-Unnamed: 0 2022-08-12 11:16:16
1  ÓLEO DIESEL S-10      ACRE   m3     1.0  2013-Unnamed: 0 2022-08-12 11:16:16
2  ÓLEO DIESEL S-10  AMAZONAS   m3     2.0  2013-Unnamed: 0 2022-08-12 11:16:16
3  ÓLEO DIESEL S-10   RORAIMA   m3     3.0  2013-Unnamed: 0 2022-08-12 11:16:16
4  ÓLEO DIESEL S-10      PARÁ   m3     4.0  2013-Unnamed: 0 2022-08-12 11:16:16
[2022-08-12 11:16:16,707] {ETL_Raizen.py:127} INFO - Saving processed data into parquet format
[2022-08-12 11:16:20,211] {ETL_Raizen.py:130} INFO - Data successfully saved
[2022-08-12 11:16:20,212] {python.py:173} INFO - Done. Returned value was: None
[2022-08-12 11:16:20,231] {taskinstance.py:1400} INFO - Marking task as SUCCESS. dag_id=ETL_Raízen, task_id=data_transformation_and_load, execution_date=20220812T111536, start_date=20220812T111554, end_date=20220812T111620
[2022-08-12 11:16:20,279] {local_task_job.py:156} INFO - Task exited with return code 0
[2022-08-12 11:16:20,318] {local_task_job.py:273} INFO - 0 downstream tasks scheduled from follow-on schedule check
