[2022-08-13 12:29:29,748] {taskinstance.py:1159} INFO - Dependencies all met for <TaskInstance: ETL_Raízen.download_raw_data manual__2022-08-13T12:29:27.176848+00:00 [queued]>
[2022-08-13 12:29:29,763] {taskinstance.py:1159} INFO - Dependencies all met for <TaskInstance: ETL_Raízen.download_raw_data manual__2022-08-13T12:29:27.176848+00:00 [queued]>
[2022-08-13 12:29:29,764] {taskinstance.py:1356} INFO - 
--------------------------------------------------------------------------------
[2022-08-13 12:29:29,765] {taskinstance.py:1357} INFO - Starting attempt 1 of 1
[2022-08-13 12:29:29,765] {taskinstance.py:1358} INFO - 
--------------------------------------------------------------------------------
[2022-08-13 12:29:29,784] {taskinstance.py:1377} INFO - Executing <Task(PythonOperator): download_raw_data> on 2022-08-13 12:29:27.176848+00:00
[2022-08-13 12:29:29,790] {standard_task_runner.py:52} INFO - Started process 4914 to run task
[2022-08-13 12:29:29,794] {standard_task_runner.py:79} INFO - Running: ['***', 'tasks', 'run', 'ETL_Raízen', 'download_raw_data', 'manual__2022-08-13T12:29:27.176848+00:00', '--job-id', '369', '--raw', '--subdir', 'DAGS_FOLDER/ETL_Raizen.py', '--cfg-path', '/tmp/tmpggyjfa2b', '--error-file', '/tmp/tmp12pytfsr']
[2022-08-13 12:29:29,795] {standard_task_runner.py:80} INFO - Job 369: Subtask download_raw_data
[2022-08-13 12:29:29,872] {task_command.py:369} INFO - Running <TaskInstance: ETL_Raízen.download_raw_data manual__2022-08-13T12:29:27.176848+00:00 [running]> on host 4bbb34367c41
[2022-08-13 12:29:29,965] {taskinstance.py:1571} INFO - Exporting the following env vars:
AIRFLOW_CTX_DAG_OWNER=***
AIRFLOW_CTX_DAG_ID=ETL_Raízen
AIRFLOW_CTX_TASK_ID=download_raw_data
AIRFLOW_CTX_EXECUTION_DATE=2022-08-13T12:29:27.176848+00:00
AIRFLOW_CTX_TRY_NUMBER=1
AIRFLOW_CTX_DAG_RUN_ID=manual__2022-08-13T12:29:27.176848+00:00
[2022-08-13 12:29:29,966] {ETL_Raizen.py:40} INFO - Downloading .xls raw data
[2022-08-13 12:29:32,703] {ETL_Raizen.py:42} INFO - Succesfully downloaded .xls raw data
[2022-08-13 12:29:32,704] {python.py:173} INFO - Done. Returned value was: None
[2022-08-13 12:29:32,721] {taskinstance.py:1400} INFO - Marking task as SUCCESS. dag_id=ETL_Raízen, task_id=download_raw_data, execution_date=20220813T122927, start_date=20220813T122929, end_date=20220813T122932
[2022-08-13 12:29:32,740] {local_task_job.py:156} INFO - Task exited with return code 0
[2022-08-13 12:29:32,805] {local_task_job.py:273} INFO - 0 downstream tasks scheduled from follow-on schedule check
