[2022-08-11 23:06:54,509] {taskinstance.py:1159} INFO - Dependencies all met for <TaskInstance: ETL_Raízen.download_raw_data manual__2022-08-11T23:06:44.886293+00:00 [queued]>
[2022-08-11 23:06:54,533] {taskinstance.py:1159} INFO - Dependencies all met for <TaskInstance: ETL_Raízen.download_raw_data manual__2022-08-11T23:06:44.886293+00:00 [queued]>
[2022-08-11 23:06:54,535] {taskinstance.py:1356} INFO - 
--------------------------------------------------------------------------------
[2022-08-11 23:06:54,536] {taskinstance.py:1357} INFO - Starting attempt 1 of 1
[2022-08-11 23:06:54,537] {taskinstance.py:1358} INFO - 
--------------------------------------------------------------------------------
[2022-08-11 23:06:54,598] {taskinstance.py:1377} INFO - Executing <Task(PythonOperator): download_raw_data> on 2022-08-11 23:06:44.886293+00:00
[2022-08-11 23:06:54,620] {standard_task_runner.py:52} INFO - Started process 5133 to run task
[2022-08-11 23:06:54,648] {standard_task_runner.py:79} INFO - Running: ['***', 'tasks', 'run', 'ETL_Raízen', 'download_raw_data', 'manual__2022-08-11T23:06:44.886293+00:00', '--job-id', '76', '--raw', '--subdir', 'DAGS_FOLDER/ETL_Raizen.py', '--cfg-path', '/tmp/tmpdp25fv6w', '--error-file', '/tmp/tmpnzs2ooqr']
[2022-08-11 23:06:54,653] {standard_task_runner.py:80} INFO - Job 76: Subtask download_raw_data
[2022-08-11 23:06:54,842] {task_command.py:369} INFO - Running <TaskInstance: ETL_Raízen.download_raw_data manual__2022-08-11T23:06:44.886293+00:00 [running]> on host 53e7d4a502e6
[2022-08-11 23:06:55,265] {taskinstance.py:1571} INFO - Exporting the following env vars:
AIRFLOW_CTX_DAG_OWNER=***
AIRFLOW_CTX_DAG_ID=ETL_Raízen
AIRFLOW_CTX_TASK_ID=download_raw_data
AIRFLOW_CTX_EXECUTION_DATE=2022-08-11T23:06:44.886293+00:00
AIRFLOW_CTX_TRY_NUMBER=1
AIRFLOW_CTX_DAG_RUN_ID=manual__2022-08-11T23:06:44.886293+00:00
[2022-08-11 23:06:55,287] {ETL_Raizen.py:41} INFO - Downloading .xls raw data
[2022-08-11 23:06:58,459] {ETL_Raizen.py:43} INFO - Succesfully downloaded .xls raw data
[2022-08-11 23:06:58,460] {python.py:173} INFO - Done. Returned value was: None
[2022-08-11 23:06:58,593] {taskinstance.py:1400} INFO - Marking task as SUCCESS. dag_id=ETL_Raízen, task_id=download_raw_data, execution_date=20220811T230644, start_date=20220811T230654, end_date=20220811T230658
[2022-08-11 23:06:58,678] {local_task_job.py:156} INFO - Task exited with return code 0
[2022-08-11 23:06:58,822] {local_task_job.py:273} INFO - 1 downstream tasks scheduled from follow-on schedule check
