[2022-08-11 23:34:53,535] {taskinstance.py:1159} INFO - Dependencies all met for <TaskInstance: ETL_Raízen.creating_raw_data_dir scheduled__2022-08-11T22:30:00+00:00 [queued]>
[2022-08-11 23:34:53,573] {taskinstance.py:1159} INFO - Dependencies all met for <TaskInstance: ETL_Raízen.creating_raw_data_dir scheduled__2022-08-11T22:30:00+00:00 [queued]>
[2022-08-11 23:34:53,575] {taskinstance.py:1356} INFO - 
--------------------------------------------------------------------------------
[2022-08-11 23:34:53,578] {taskinstance.py:1357} INFO - Starting attempt 1 of 1
[2022-08-11 23:34:53,579] {taskinstance.py:1358} INFO - 
--------------------------------------------------------------------------------
[2022-08-11 23:34:53,654] {taskinstance.py:1377} INFO - Executing <Task(PythonOperator): creating_raw_data_dir> on 2022-08-11 22:30:00+00:00
[2022-08-11 23:34:53,671] {standard_task_runner.py:52} INFO - Started process 6364 to run task
[2022-08-11 23:34:53,681] {standard_task_runner.py:79} INFO - Running: ['***', 'tasks', 'run', 'ETL_Raízen', 'creating_raw_data_dir', 'scheduled__2022-08-11T22:30:00+00:00', '--job-id', '85', '--raw', '--subdir', 'DAGS_FOLDER/ETL_Raizen.py', '--cfg-path', '/tmp/tmpmur7wtrs', '--error-file', '/tmp/tmpa4ym6cse']
[2022-08-11 23:34:53,704] {standard_task_runner.py:80} INFO - Job 85: Subtask creating_raw_data_dir
[2022-08-11 23:34:54,169] {task_command.py:369} INFO - Running <TaskInstance: ETL_Raízen.creating_raw_data_dir scheduled__2022-08-11T22:30:00+00:00 [running]> on host 53e7d4a502e6
[2022-08-11 23:34:54,844] {taskinstance.py:1571} INFO - Exporting the following env vars:
AIRFLOW_CTX_DAG_OWNER=***
AIRFLOW_CTX_DAG_ID=ETL_Raízen
AIRFLOW_CTX_TASK_ID=creating_raw_data_dir
AIRFLOW_CTX_EXECUTION_DATE=2022-08-11T22:30:00+00:00
AIRFLOW_CTX_TRY_NUMBER=1
AIRFLOW_CTX_DAG_RUN_ID=scheduled__2022-08-11T22:30:00+00:00
[2022-08-11 23:34:54,864] {ETL_Raizen.py:28} INFO - Dir already exists
[2022-08-11 23:34:54,865] {python.py:173} INFO - Done. Returned value was: None
[2022-08-11 23:34:54,987] {taskinstance.py:1400} INFO - Marking task as SUCCESS. dag_id=ETL_Raízen, task_id=creating_raw_data_dir, execution_date=20220811T223000, start_date=20220811T233453, end_date=20220811T233454
[2022-08-11 23:34:55,165] {local_task_job.py:156} INFO - Task exited with return code 0
[2022-08-11 23:34:55,429] {local_task_job.py:273} INFO - 1 downstream tasks scheduled from follow-on schedule check
