[2022-08-11 23:04:44,540] {taskinstance.py:1159} INFO - Dependencies all met for <TaskInstance: ETL_Raízen.data_transformation manual__2022-08-11T22:58:30.968638+00:00 [queued]>
[2022-08-11 23:04:44,565] {taskinstance.py:1159} INFO - Dependencies all met for <TaskInstance: ETL_Raízen.data_transformation manual__2022-08-11T22:58:30.968638+00:00 [queued]>
[2022-08-11 23:04:44,566] {taskinstance.py:1356} INFO - 
--------------------------------------------------------------------------------
[2022-08-11 23:04:44,567] {taskinstance.py:1357} INFO - Starting attempt 1 of 1
[2022-08-11 23:04:44,568] {taskinstance.py:1358} INFO - 
--------------------------------------------------------------------------------
[2022-08-11 23:04:44,611] {taskinstance.py:1377} INFO - Executing <Task(PythonOperator): data_transformation> on 2022-08-11 22:58:30.968638+00:00
[2022-08-11 23:04:44,622] {standard_task_runner.py:52} INFO - Started process 5052 to run task
[2022-08-11 23:04:44,631] {standard_task_runner.py:79} INFO - Running: ['***', 'tasks', 'run', 'ETL_Raízen', 'data_transformation', 'manual__2022-08-11T22:58:30.968638+00:00', '--job-id', '74', '--raw', '--subdir', 'DAGS_FOLDER/ETL_Raizen.py', '--cfg-path', '/tmp/tmpaipx8ydl', '--error-file', '/tmp/tmp0chu4uum']
[2022-08-11 23:04:44,634] {standard_task_runner.py:80} INFO - Job 74: Subtask data_transformation
[2022-08-11 23:04:44,792] {task_command.py:369} INFO - Running <TaskInstance: ETL_Raízen.data_transformation manual__2022-08-11T22:58:30.968638+00:00 [running]> on host 53e7d4a502e6
[2022-08-11 23:04:44,984] {taskinstance.py:1571} INFO - Exporting the following env vars:
AIRFLOW_CTX_DAG_OWNER=***
AIRFLOW_CTX_DAG_ID=ETL_Raízen
AIRFLOW_CTX_TASK_ID=data_transformation
AIRFLOW_CTX_EXECUTION_DATE=2022-08-11T22:58:30.968638+00:00
AIRFLOW_CTX_TRY_NUMBER=1
AIRFLOW_CTX_DAG_RUN_ID=manual__2022-08-11T22:58:30.968638+00:00
[2022-08-11 23:04:44,989] {ETL_Raizen.py:81} INFO - Processing data of sheet DPCache_m3
[2022-08-11 23:04:44,993] {taskinstance.py:1889} ERROR - Task failed with exception
Traceback (most recent call last):
  File "/home/airflow/.local/lib/python3.7/site-packages/airflow/operators/python.py", line 171, in execute
    return_value = self.execute_callable()
  File "/home/airflow/.local/lib/python3.7/site-packages/airflow/operators/python.py", line 189, in execute_callable
    return self.python_callable(*self.op_args, **self.op_kwargs)
  File "/opt/airflow/dags/ETL_Raizen.py", line 82, in data_transformation
    df = pd.read_excel('./{i}.xlsx')
  File "/home/airflow/.local/lib/python3.7/site-packages/pandas/util/_decorators.py", line 311, in wrapper
    return func(*args, **kwargs)
  File "/home/airflow/.local/lib/python3.7/site-packages/pandas/io/excel/_base.py", line 364, in read_excel
    io = ExcelFile(io, storage_options=storage_options, engine=engine)
  File "/home/airflow/.local/lib/python3.7/site-packages/pandas/io/excel/_base.py", line 1192, in __init__
    content_or_path=path_or_buffer, storage_options=storage_options
  File "/home/airflow/.local/lib/python3.7/site-packages/pandas/io/excel/_base.py", line 1071, in inspect_excel_format
    content_or_path, "rb", storage_options=storage_options, is_text=False
  File "/home/airflow/.local/lib/python3.7/site-packages/pandas/io/common.py", line 711, in get_handle
    handle = open(handle, ioargs.mode)
FileNotFoundError: [Errno 2] No such file or directory: './{i}.xlsx'
[2022-08-11 23:04:45,027] {taskinstance.py:1400} INFO - Marking task as FAILED. dag_id=ETL_Raízen, task_id=data_transformation, execution_date=20220811T225830, start_date=20220811T230444, end_date=20220811T230445
[2022-08-11 23:04:45,056] {standard_task_runner.py:97} ERROR - Failed to execute job 74 for task data_transformation ([Errno 2] No such file or directory: './{i}.xlsx'; 5052)
[2022-08-11 23:04:45,090] {local_task_job.py:156} INFO - Task exited with return code 1
[2022-08-11 23:04:45,167] {local_task_job.py:273} INFO - 0 downstream tasks scheduled from follow-on schedule check
