[2022-08-11 23:06:47,998] {taskinstance.py:1159} INFO - Dependencies all met for <TaskInstance: ETL_Raízen.creating_raw_data_dir manual__2022-08-11T23:06:44.886293+00:00 [queued]>
[2022-08-11 23:06:48,029] {taskinstance.py:1159} INFO - Dependencies all met for <TaskInstance: ETL_Raízen.creating_raw_data_dir manual__2022-08-11T23:06:44.886293+00:00 [queued]>
[2022-08-11 23:06:48,030] {taskinstance.py:1356} INFO - 
--------------------------------------------------------------------------------
[2022-08-11 23:06:48,031] {taskinstance.py:1357} INFO - Starting attempt 1 of 1
[2022-08-11 23:06:48,032] {taskinstance.py:1358} INFO - 
--------------------------------------------------------------------------------
[2022-08-11 23:06:48,068] {taskinstance.py:1377} INFO - Executing <Task(PythonOperator): creating_raw_data_dir> on 2022-08-11 23:06:44.886293+00:00
[2022-08-11 23:06:48,080] {standard_task_runner.py:52} INFO - Started process 5130 to run task
[2022-08-11 23:06:48,085] {standard_task_runner.py:79} INFO - Running: ['***', 'tasks', 'run', 'ETL_Raízen', 'creating_raw_data_dir', 'manual__2022-08-11T23:06:44.886293+00:00', '--job-id', '75', '--raw', '--subdir', 'DAGS_FOLDER/ETL_Raizen.py', '--cfg-path', '/tmp/tmpimlaukqb', '--error-file', '/tmp/tmpxu4fwwf1']
[2022-08-11 23:06:48,087] {standard_task_runner.py:80} INFO - Job 75: Subtask creating_raw_data_dir
[2022-08-11 23:06:48,204] {task_command.py:369} INFO - Running <TaskInstance: ETL_Raízen.creating_raw_data_dir manual__2022-08-11T23:06:44.886293+00:00 [running]> on host 53e7d4a502e6
[2022-08-11 23:06:48,380] {taskinstance.py:1571} INFO - Exporting the following env vars:
AIRFLOW_CTX_DAG_OWNER=***
AIRFLOW_CTX_DAG_ID=ETL_Raízen
AIRFLOW_CTX_TASK_ID=creating_raw_data_dir
AIRFLOW_CTX_EXECUTION_DATE=2022-08-11T23:06:44.886293+00:00
AIRFLOW_CTX_TRY_NUMBER=1
AIRFLOW_CTX_DAG_RUN_ID=manual__2022-08-11T23:06:44.886293+00:00
[2022-08-11 23:06:48,383] {ETL_Raizen.py:28} INFO - Dir already exists
[2022-08-11 23:06:48,384] {python.py:173} INFO - Done. Returned value was: None
[2022-08-11 23:06:51,204] {taskinstance.py:1400} INFO - Marking task as SUCCESS. dag_id=ETL_Raízen, task_id=creating_raw_data_dir, execution_date=20220811T230644, start_date=20220811T230648, end_date=20220811T230651
[2022-08-11 23:06:51,275] {local_task_job.py:156} INFO - Task exited with return code 0
[2022-08-11 23:06:51,368] {local_task_job.py:273} INFO - 1 downstream tasks scheduled from follow-on schedule check
