[2022-08-12 11:27:49,136] {taskinstance.py:1159} INFO - Dependencies all met for <TaskInstance: ETL_Raízen.download_raw_data manual__2022-08-12T11:27:43.735965+00:00 [queued]>
[2022-08-12 11:27:49,148] {taskinstance.py:1159} INFO - Dependencies all met for <TaskInstance: ETL_Raízen.download_raw_data manual__2022-08-12T11:27:43.735965+00:00 [queued]>
[2022-08-12 11:27:49,149] {taskinstance.py:1356} INFO - 
--------------------------------------------------------------------------------
[2022-08-12 11:27:49,150] {taskinstance.py:1357} INFO - Starting attempt 1 of 1
[2022-08-12 11:27:49,150] {taskinstance.py:1358} INFO - 
--------------------------------------------------------------------------------
[2022-08-12 11:27:49,169] {taskinstance.py:1377} INFO - Executing <Task(PythonOperator): download_raw_data> on 2022-08-12 11:27:43.735965+00:00
[2022-08-12 11:27:49,176] {standard_task_runner.py:52} INFO - Started process 307 to run task
[2022-08-12 11:27:49,181] {standard_task_runner.py:79} INFO - Running: ['***', 'tasks', 'run', 'ETL_Raízen', 'download_raw_data', 'manual__2022-08-12T11:27:43.735965+00:00', '--job-id', '151', '--raw', '--subdir', 'DAGS_FOLDER/ETL_Raizen.py', '--cfg-path', '/tmp/tmp9r6o_i69', '--error-file', '/tmp/tmpezne45sq']
[2022-08-12 11:27:49,182] {standard_task_runner.py:80} INFO - Job 151: Subtask download_raw_data
[2022-08-12 11:27:49,260] {task_command.py:369} INFO - Running <TaskInstance: ETL_Raízen.download_raw_data manual__2022-08-12T11:27:43.735965+00:00 [running]> on host 339bb6bdb89c
[2022-08-12 11:27:49,383] {taskinstance.py:1571} INFO - Exporting the following env vars:
AIRFLOW_CTX_DAG_OWNER=***
AIRFLOW_CTX_DAG_ID=ETL_Raízen
AIRFLOW_CTX_TASK_ID=download_raw_data
AIRFLOW_CTX_EXECUTION_DATE=2022-08-12T11:27:43.735965+00:00
AIRFLOW_CTX_TRY_NUMBER=1
AIRFLOW_CTX_DAG_RUN_ID=manual__2022-08-12T11:27:43.735965+00:00
[2022-08-12 11:27:49,385] {ETL_Raizen.py:40} INFO - Downloading .xls raw data
[2022-08-12 11:27:51,671] {ETL_Raizen.py:42} INFO - Succesfully downloaded .xls raw data
[2022-08-12 11:27:51,672] {python.py:173} INFO - Done. Returned value was: None
[2022-08-12 11:27:51,704] {taskinstance.py:1400} INFO - Marking task as SUCCESS. dag_id=ETL_Raízen, task_id=download_raw_data, execution_date=20220812T112743, start_date=20220812T112749, end_date=20220812T112751
[2022-08-12 11:27:51,815] {local_task_job.py:156} INFO - Task exited with return code 0
[2022-08-12 11:27:51,893] {local_task_job.py:273} INFO - 1 downstream tasks scheduled from follow-on schedule check
