[2022-08-12 11:09:44,016] {taskinstance.py:1159} INFO - Dependencies all met for <TaskInstance: ETL_Raízen.extract_sheets manual__2022-08-12T11:09:30.533518+00:00 [queued]>
[2022-08-12 11:09:44,025] {taskinstance.py:1159} INFO - Dependencies all met for <TaskInstance: ETL_Raízen.extract_sheets manual__2022-08-12T11:09:30.533518+00:00 [queued]>
[2022-08-12 11:09:44,026] {taskinstance.py:1356} INFO - 
--------------------------------------------------------------------------------
[2022-08-12 11:09:44,027] {taskinstance.py:1357} INFO - Starting attempt 1 of 1
[2022-08-12 11:09:44,028] {taskinstance.py:1358} INFO - 
--------------------------------------------------------------------------------
[2022-08-12 11:09:44,045] {taskinstance.py:1377} INFO - Executing <Task(PythonOperator): extract_sheets> on 2022-08-12 11:09:30.533518+00:00
[2022-08-12 11:09:44,051] {standard_task_runner.py:52} INFO - Started process 681 to run task
[2022-08-12 11:09:44,055] {standard_task_runner.py:79} INFO - Running: ['***', 'tasks', 'run', 'ETL_Raízen', 'extract_sheets', 'manual__2022-08-12T11:09:30.533518+00:00', '--job-id', '136', '--raw', '--subdir', 'DAGS_FOLDER/ETL_Raizen.py', '--cfg-path', '/tmp/tmp60ras6z8', '--error-file', '/tmp/tmpq89tekcs']
[2022-08-12 11:09:44,057] {standard_task_runner.py:80} INFO - Job 136: Subtask extract_sheets
[2022-08-12 11:09:44,124] {task_command.py:369} INFO - Running <TaskInstance: ETL_Raízen.extract_sheets manual__2022-08-12T11:09:30.533518+00:00 [running]> on host a471224fadbb
[2022-08-12 11:09:44,195] {taskinstance.py:1571} INFO - Exporting the following env vars:
AIRFLOW_CTX_DAG_OWNER=***
AIRFLOW_CTX_DAG_ID=ETL_Raízen
AIRFLOW_CTX_TASK_ID=extract_sheets
AIRFLOW_CTX_EXECUTION_DATE=2022-08-12T11:09:30.533518+00:00
AIRFLOW_CTX_TRY_NUMBER=1
AIRFLOW_CTX_DAG_RUN_ID=manual__2022-08-12T11:09:30.533518+00:00
[2022-08-12 11:09:44,197] {ETL_Raizen.py:69} INFO - Extracting sheet DPCache_m3
[2022-08-12 11:09:48,127] {ETL_Raizen.py:72} INFO - Sheet DPCache_m3 succesfully extracted
[2022-08-12 11:09:48,128] {ETL_Raizen.py:69} INFO - Extracting sheet DPCache_m3_2
[2022-08-12 11:09:49,271] {ETL_Raizen.py:72} INFO - Sheet DPCache_m3_2 succesfully extracted
[2022-08-12 11:09:49,272] {python.py:173} INFO - Done. Returned value was: None
[2022-08-12 11:09:49,288] {taskinstance.py:1400} INFO - Marking task as SUCCESS. dag_id=ETL_Raízen, task_id=extract_sheets, execution_date=20220812T110930, start_date=20220812T110944, end_date=20220812T110949
[2022-08-12 11:09:49,349] {local_task_job.py:156} INFO - Task exited with return code 0
[2022-08-12 11:09:49,395] {local_task_job.py:273} INFO - 1 downstream tasks scheduled from follow-on schedule check
