[2022-08-11 22:49:06,005] {taskinstance.py:1159} INFO - Dependencies all met for <TaskInstance: ETL_Raízen.creating_raw_data_dir manual__2022-08-11T22:49:01.579235+00:00 [queued]>
[2022-08-11 22:49:06,037] {taskinstance.py:1159} INFO - Dependencies all met for <TaskInstance: ETL_Raízen.creating_raw_data_dir manual__2022-08-11T22:49:01.579235+00:00 [queued]>
[2022-08-11 22:49:06,038] {taskinstance.py:1356} INFO - 
--------------------------------------------------------------------------------
[2022-08-11 22:49:06,039] {taskinstance.py:1357} INFO - Starting attempt 1 of 1
[2022-08-11 22:49:06,040] {taskinstance.py:1358} INFO - 
--------------------------------------------------------------------------------
[2022-08-11 22:49:06,121] {taskinstance.py:1377} INFO - Executing <Task(PythonOperator): creating_raw_data_dir> on 2022-08-11 22:49:01.579235+00:00
[2022-08-11 22:49:06,136] {standard_task_runner.py:52} INFO - Started process 4297 to run task
[2022-08-11 22:49:06,155] {standard_task_runner.py:79} INFO - Running: ['***', 'tasks', 'run', 'ETL_Raízen', 'creating_raw_data_dir', 'manual__2022-08-11T22:49:01.579235+00:00', '--job-id', '65', '--raw', '--subdir', 'DAGS_FOLDER/ETL_Raizen.py', '--cfg-path', '/tmp/tmp0ynxdfdp', '--error-file', '/tmp/tmp2qp4cf1s']
[2022-08-11 22:49:06,158] {standard_task_runner.py:80} INFO - Job 65: Subtask creating_raw_data_dir
[2022-08-11 22:49:06,481] {task_command.py:369} INFO - Running <TaskInstance: ETL_Raízen.creating_raw_data_dir manual__2022-08-11T22:49:01.579235+00:00 [running]> on host 53e7d4a502e6
[2022-08-11 22:49:06,903] {taskinstance.py:1571} INFO - Exporting the following env vars:
AIRFLOW_CTX_DAG_OWNER=***
AIRFLOW_CTX_DAG_ID=ETL_Raízen
AIRFLOW_CTX_TASK_ID=creating_raw_data_dir
AIRFLOW_CTX_EXECUTION_DATE=2022-08-11T22:49:01.579235+00:00
AIRFLOW_CTX_TRY_NUMBER=1
AIRFLOW_CTX_DAG_RUN_ID=manual__2022-08-11T22:49:01.579235+00:00
[2022-08-11 22:49:06,907] {ETL_Raizen.py:28} INFO - Dir already exists
[2022-08-11 22:49:06,909] {python.py:173} INFO - Done. Returned value was: None
[2022-08-11 22:49:06,957] {taskinstance.py:1400} INFO - Marking task as SUCCESS. dag_id=ETL_Raízen, task_id=creating_raw_data_dir, execution_date=20220811T224901, start_date=20220811T224906, end_date=20220811T224906
[2022-08-11 22:49:07,085] {local_task_job.py:156} INFO - Task exited with return code 0
[2022-08-11 22:49:07,288] {local_task_job.py:273} INFO - 0 downstream tasks scheduled from follow-on schedule check
