[2022-08-13 11:35:40,475] {taskinstance.py:1159} INFO - Dependencies all met for <TaskInstance: ETL_Raízen.download_raw_data manual__2022-08-13T11:35:37.697464+00:00 [queued]>
[2022-08-13 11:35:40,492] {taskinstance.py:1159} INFO - Dependencies all met for <TaskInstance: ETL_Raízen.download_raw_data manual__2022-08-13T11:35:37.697464+00:00 [queued]>
[2022-08-13 11:35:40,493] {taskinstance.py:1356} INFO - 
--------------------------------------------------------------------------------
[2022-08-13 11:35:40,494] {taskinstance.py:1357} INFO - Starting attempt 1 of 1
[2022-08-13 11:35:40,495] {taskinstance.py:1358} INFO - 
--------------------------------------------------------------------------------
[2022-08-13 11:35:40,515] {taskinstance.py:1377} INFO - Executing <Task(PythonOperator): download_raw_data> on 2022-08-13 11:35:37.697464+00:00
[2022-08-13 11:35:40,522] {standard_task_runner.py:52} INFO - Started process 1125 to run task
[2022-08-13 11:35:40,526] {standard_task_runner.py:79} INFO - Running: ['***', 'tasks', 'run', 'ETL_Raízen', 'download_raw_data', 'manual__2022-08-13T11:35:37.697464+00:00', '--job-id', '315', '--raw', '--subdir', 'DAGS_FOLDER/ETL_Raizen.py', '--cfg-path', '/tmp/tmpb6e6xoaq', '--error-file', '/tmp/tmphnynjam_']
[2022-08-13 11:35:40,528] {standard_task_runner.py:80} INFO - Job 315: Subtask download_raw_data
[2022-08-13 11:35:40,621] {task_command.py:369} INFO - Running <TaskInstance: ETL_Raízen.download_raw_data manual__2022-08-13T11:35:37.697464+00:00 [running]> on host 4bbb34367c41
[2022-08-13 11:35:40,738] {taskinstance.py:1571} INFO - Exporting the following env vars:
AIRFLOW_CTX_DAG_OWNER=***
AIRFLOW_CTX_DAG_ID=ETL_Raízen
AIRFLOW_CTX_TASK_ID=download_raw_data
AIRFLOW_CTX_EXECUTION_DATE=2022-08-13T11:35:37.697464+00:00
AIRFLOW_CTX_TRY_NUMBER=1
AIRFLOW_CTX_DAG_RUN_ID=manual__2022-08-13T11:35:37.697464+00:00
[2022-08-13 11:35:40,740] {ETL_Raizen.py:40} INFO - Downloading .xls raw data
[2022-08-13 11:35:53,029] {ETL_Raizen.py:42} INFO - Succesfully downloaded .xls raw data
[2022-08-13 11:35:53,029] {python.py:173} INFO - Done. Returned value was: None
[2022-08-13 11:35:53,045] {taskinstance.py:1400} INFO - Marking task as SUCCESS. dag_id=ETL_Raízen, task_id=download_raw_data, execution_date=20220813T113537, start_date=20220813T113540, end_date=20220813T113553
[2022-08-13 11:35:53,070] {local_task_job.py:156} INFO - Task exited with return code 0
[2022-08-13 11:35:53,112] {local_task_job.py:273} INFO - 1 downstream tasks scheduled from follow-on schedule check
