[2022-08-11 22:07:20,259] {taskinstance.py:1159} INFO - Dependencies all met for <TaskInstance: ETL_Raízen.download_raw_data manual__2022-08-11T22:07:10.439460+00:00 [queued]>
[2022-08-11 22:07:20,287] {taskinstance.py:1159} INFO - Dependencies all met for <TaskInstance: ETL_Raízen.download_raw_data manual__2022-08-11T22:07:10.439460+00:00 [queued]>
[2022-08-11 22:07:20,288] {taskinstance.py:1356} INFO - 
--------------------------------------------------------------------------------
[2022-08-11 22:07:20,289] {taskinstance.py:1357} INFO - Starting attempt 1 of 1
[2022-08-11 22:07:20,289] {taskinstance.py:1358} INFO - 
--------------------------------------------------------------------------------
[2022-08-11 22:07:20,327] {taskinstance.py:1377} INFO - Executing <Task(PythonOperator): download_raw_data> on 2022-08-11 22:07:10.439460+00:00
[2022-08-11 22:07:20,357] {standard_task_runner.py:52} INFO - Started process 2085 to run task
[2022-08-11 22:07:20,368] {standard_task_runner.py:79} INFO - Running: ['***', 'tasks', 'run', 'ETL_Raízen', 'download_raw_data', 'manual__2022-08-11T22:07:10.439460+00:00', '--job-id', '31', '--raw', '--subdir', 'DAGS_FOLDER/ETL_Raizen.py', '--cfg-path', '/tmp/tmpbgghv9b0', '--error-file', '/tmp/tmphcc8ykwl']
[2022-08-11 22:07:20,370] {standard_task_runner.py:80} INFO - Job 31: Subtask download_raw_data
[2022-08-11 22:07:20,530] {task_command.py:369} INFO - Running <TaskInstance: ETL_Raízen.download_raw_data manual__2022-08-11T22:07:10.439460+00:00 [running]> on host 53e7d4a502e6
[2022-08-11 22:07:21,115] {taskinstance.py:1571} INFO - Exporting the following env vars:
AIRFLOW_CTX_DAG_OWNER=***
AIRFLOW_CTX_DAG_ID=ETL_Raízen
AIRFLOW_CTX_TASK_ID=download_raw_data
AIRFLOW_CTX_EXECUTION_DATE=2022-08-11T22:07:10.439460+00:00
AIRFLOW_CTX_TRY_NUMBER=1
AIRFLOW_CTX_DAG_RUN_ID=manual__2022-08-11T22:07:10.439460+00:00
[2022-08-11 22:07:21,138] {ETL_Raizen.py:41} INFO - Downloading .xls raw data
[2022-08-11 22:07:25,144] {ETL_Raizen.py:43} INFO - Succesfully downloaded .xls raw data
[2022-08-11 22:07:25,146] {python.py:173} INFO - Done. Returned value was: None
[2022-08-11 22:07:25,208] {taskinstance.py:1400} INFO - Marking task as SUCCESS. dag_id=ETL_Raízen, task_id=download_raw_data, execution_date=20220811T220710, start_date=20220811T220720, end_date=20220811T220725
[2022-08-11 22:07:25,255] {local_task_job.py:156} INFO - Task exited with return code 0
[2022-08-11 22:07:25,376] {local_task_job.py:273} INFO - 1 downstream tasks scheduled from follow-on schedule check
