[2022-08-11 23:45:26,850] {taskinstance.py:1159} INFO - Dependencies all met for <TaskInstance: ETL_Raízen.extract_sheets manual__2022-08-11T23:44:45.811252+00:00 [queued]>
[2022-08-11 23:45:26,873] {taskinstance.py:1159} INFO - Dependencies all met for <TaskInstance: ETL_Raízen.extract_sheets manual__2022-08-11T23:44:45.811252+00:00 [queued]>
[2022-08-11 23:45:26,874] {taskinstance.py:1356} INFO - 
--------------------------------------------------------------------------------
[2022-08-11 23:45:26,875] {taskinstance.py:1357} INFO - Starting attempt 1 of 1
[2022-08-11 23:45:26,876] {taskinstance.py:1358} INFO - 
--------------------------------------------------------------------------------
[2022-08-11 23:45:26,922] {taskinstance.py:1377} INFO - Executing <Task(PythonOperator): extract_sheets> on 2022-08-11 23:44:45.811252+00:00
[2022-08-11 23:45:26,934] {standard_task_runner.py:52} INFO - Started process 6977 to run task
[2022-08-11 23:45:26,943] {standard_task_runner.py:79} INFO - Running: ['***', 'tasks', 'run', 'ETL_Raízen', 'extract_sheets', 'manual__2022-08-11T23:44:45.811252+00:00', '--job-id', '98', '--raw', '--subdir', 'DAGS_FOLDER/ETL_Raizen.py', '--cfg-path', '/tmp/tmp90p_3abd', '--error-file', '/tmp/tmp19pusine']
[2022-08-11 23:45:26,946] {standard_task_runner.py:80} INFO - Job 98: Subtask extract_sheets
[2022-08-11 23:45:27,229] {task_command.py:369} INFO - Running <TaskInstance: ETL_Raízen.extract_sheets manual__2022-08-11T23:44:45.811252+00:00 [running]> on host 53e7d4a502e6
[2022-08-11 23:45:27,959] {taskinstance.py:1571} INFO - Exporting the following env vars:
AIRFLOW_CTX_DAG_OWNER=***
AIRFLOW_CTX_DAG_ID=ETL_Raízen
AIRFLOW_CTX_TASK_ID=extract_sheets
AIRFLOW_CTX_EXECUTION_DATE=2022-08-11T23:44:45.811252+00:00
AIRFLOW_CTX_TRY_NUMBER=1
AIRFLOW_CTX_DAG_RUN_ID=manual__2022-08-11T23:44:45.811252+00:00
[2022-08-11 23:45:27,971] {ETL_Raizen.py:71} INFO - Extracting sheet DPCache_m3
[2022-08-11 23:48:13,888] {ETL_Raizen.py:74} INFO - Sheet DPCache_m3 succesfully extracted
[2022-08-11 23:48:13,891] {ETL_Raizen.py:71} INFO - Extracting sheet DPCache_m3_2
[2022-08-11 23:50:46,309] {ETL_Raizen.py:74} INFO - Sheet DPCache_m3_2 succesfully extracted
[2022-08-11 23:50:46,311] {python.py:173} INFO - Done. Returned value was: None
[2022-08-11 23:50:46,340] {taskinstance.py:1400} INFO - Marking task as SUCCESS. dag_id=ETL_Raízen, task_id=extract_sheets, execution_date=20220811T234445, start_date=20220811T234526, end_date=20220811T235046
[2022-08-11 23:50:46,443] {local_task_job.py:156} INFO - Task exited with return code 0
[2022-08-11 23:50:46,515] {local_task_job.py:273} INFO - 1 downstream tasks scheduled from follow-on schedule check
