[2022-08-13 11:33:47,537] {taskinstance.py:1159} INFO - Dependencies all met for <TaskInstance: ETL_Raízen.convert_xls_into_xlsx manual__2022-08-13T11:33:32.469419+00:00 [queued]>
[2022-08-13 11:33:47,550] {taskinstance.py:1159} INFO - Dependencies all met for <TaskInstance: ETL_Raízen.convert_xls_into_xlsx manual__2022-08-13T11:33:32.469419+00:00 [queued]>
[2022-08-13 11:33:47,551] {taskinstance.py:1356} INFO - 
--------------------------------------------------------------------------------
[2022-08-13 11:33:47,551] {taskinstance.py:1357} INFO - Starting attempt 1 of 1
[2022-08-13 11:33:47,552] {taskinstance.py:1358} INFO - 
--------------------------------------------------------------------------------
[2022-08-13 11:33:47,568] {taskinstance.py:1377} INFO - Executing <Task(PythonOperator): convert_xls_into_xlsx> on 2022-08-13 11:33:32.469419+00:00
[2022-08-13 11:33:47,573] {standard_task_runner.py:52} INFO - Started process 926 to run task
[2022-08-13 11:33:47,577] {standard_task_runner.py:79} INFO - Running: ['***', 'tasks', 'run', 'ETL_Raízen', 'convert_xls_into_xlsx', 'manual__2022-08-13T11:33:32.469419+00:00', '--job-id', '311', '--raw', '--subdir', 'DAGS_FOLDER/ETL_Raizen.py', '--cfg-path', '/tmp/tmpuhp_oppr', '--error-file', '/tmp/tmpylf554_k']
[2022-08-13 11:33:47,578] {standard_task_runner.py:80} INFO - Job 311: Subtask convert_xls_into_xlsx
[2022-08-13 11:33:47,649] {task_command.py:369} INFO - Running <TaskInstance: ETL_Raízen.convert_xls_into_xlsx manual__2022-08-13T11:33:32.469419+00:00 [running]> on host 4bbb34367c41
[2022-08-13 11:33:47,749] {taskinstance.py:1571} INFO - Exporting the following env vars:
AIRFLOW_CTX_DAG_OWNER=***
AIRFLOW_CTX_DAG_ID=ETL_Raízen
AIRFLOW_CTX_TASK_ID=convert_xls_into_xlsx
AIRFLOW_CTX_EXECUTION_DATE=2022-08-13T11:33:32.469419+00:00
AIRFLOW_CTX_TRY_NUMBER=1
AIRFLOW_CTX_DAG_RUN_ID=manual__2022-08-13T11:33:32.469419+00:00
[2022-08-13 11:33:47,751] {ETL_Raizen.py:47} INFO - Converting file .xls into .xlsx using libreoffice
[2022-08-13 11:33:51,524] {ETL_Raizen.py:49} INFO - File .xls succesfully converted into .xlsx
[2022-08-13 11:33:51,525] {python.py:173} INFO - Done. Returned value was: None
[2022-08-13 11:33:51,538] {taskinstance.py:1400} INFO - Marking task as SUCCESS. dag_id=ETL_Raízen, task_id=convert_xls_into_xlsx, execution_date=20220813T113332, start_date=20220813T113347, end_date=20220813T113351
[2022-08-13 11:33:51,571] {local_task_job.py:156} INFO - Task exited with return code 0
[2022-08-13 11:33:51,621] {local_task_job.py:273} INFO - 1 downstream tasks scheduled from follow-on schedule check
