[2022-08-12 19:47:12,887] {taskinstance.py:1159} INFO - Dependencies all met for <TaskInstance: ETL_Raízen.download_raw_data scheduled__2022-08-12T11:30:00+00:00 [queued]>
[2022-08-12 19:47:12,915] {taskinstance.py:1159} INFO - Dependencies all met for <TaskInstance: ETL_Raízen.download_raw_data scheduled__2022-08-12T11:30:00+00:00 [queued]>
[2022-08-12 19:47:12,922] {taskinstance.py:1356} INFO - 
--------------------------------------------------------------------------------
[2022-08-12 19:47:12,923] {taskinstance.py:1357} INFO - Starting attempt 1 of 1
[2022-08-12 19:47:12,924] {taskinstance.py:1358} INFO - 
--------------------------------------------------------------------------------
[2022-08-12 19:47:12,974] {taskinstance.py:1377} INFO - Executing <Task(PythonOperator): download_raw_data> on 2022-08-12 11:30:00+00:00
[2022-08-12 19:47:12,993] {standard_task_runner.py:52} INFO - Started process 84 to run task
[2022-08-12 19:47:13,000] {standard_task_runner.py:79} INFO - Running: ['***', 'tasks', 'run', 'ETL_Raízen', 'download_raw_data', 'scheduled__2022-08-12T11:30:00+00:00', '--job-id', '212', '--raw', '--subdir', 'DAGS_FOLDER/ETL_Raizen.py', '--cfg-path', '/tmp/tmpa34ixont', '--error-file', '/tmp/tmpb489afch']
[2022-08-12 19:47:13,010] {standard_task_runner.py:80} INFO - Job 212: Subtask download_raw_data
[2022-08-12 19:47:13,208] {task_command.py:369} INFO - Running <TaskInstance: ETL_Raízen.download_raw_data scheduled__2022-08-12T11:30:00+00:00 [running]> on host 3c4d8e0d9450
[2022-08-12 19:47:13,408] {taskinstance.py:1571} INFO - Exporting the following env vars:
AIRFLOW_CTX_DAG_OWNER=***
AIRFLOW_CTX_DAG_ID=ETL_Raízen
AIRFLOW_CTX_TASK_ID=download_raw_data
AIRFLOW_CTX_EXECUTION_DATE=2022-08-12T11:30:00+00:00
AIRFLOW_CTX_TRY_NUMBER=1
AIRFLOW_CTX_DAG_RUN_ID=scheduled__2022-08-12T11:30:00+00:00
[2022-08-12 19:47:13,411] {ETL_Raizen.py:40} INFO - Downloading .xls raw data
[2022-08-12 19:47:21,593] {ETL_Raizen.py:42} INFO - Succesfully downloaded .xls raw data
[2022-08-12 19:47:21,593] {python.py:173} INFO - Done. Returned value was: None
[2022-08-12 19:47:21,633] {taskinstance.py:1400} INFO - Marking task as SUCCESS. dag_id=ETL_Raízen, task_id=download_raw_data, execution_date=20220812T113000, start_date=20220812T194712, end_date=20220812T194721
[2022-08-12 19:47:21,733] {local_task_job.py:156} INFO - Task exited with return code 0
[2022-08-12 19:47:21,798] {local_task_job.py:273} INFO - 1 downstream tasks scheduled from follow-on schedule check
