[2022-08-12 23:37:09,642] {taskinstance.py:1159} INFO - Dependencies all met for <TaskInstance: ETL_Raízen.create_database_from_parquet manual__2022-08-12T23:36:06.330325+00:00 [queued]>
[2022-08-12 23:37:09,658] {taskinstance.py:1159} INFO - Dependencies all met for <TaskInstance: ETL_Raízen.create_database_from_parquet manual__2022-08-12T23:36:06.330325+00:00 [queued]>
[2022-08-12 23:37:09,658] {taskinstance.py:1356} INFO - 
--------------------------------------------------------------------------------
[2022-08-12 23:37:09,659] {taskinstance.py:1357} INFO - Starting attempt 1 of 1
[2022-08-12 23:37:09,659] {taskinstance.py:1358} INFO - 
--------------------------------------------------------------------------------
[2022-08-12 23:37:09,677] {taskinstance.py:1377} INFO - Executing <Task(PythonOperator): create_database_from_parquet> on 2022-08-12 23:36:06.330325+00:00
[2022-08-12 23:37:09,683] {standard_task_runner.py:52} INFO - Started process 10662 to run task
[2022-08-12 23:37:09,687] {standard_task_runner.py:79} INFO - Running: ['***', 'tasks', 'run', 'ETL_Raízen', 'create_database_from_parquet', 'manual__2022-08-12T23:36:06.330325+00:00', '--job-id', '281', '--raw', '--subdir', 'DAGS_FOLDER/ETL_Raizen.py', '--cfg-path', '/tmp/tmpjbdl773a', '--error-file', '/tmp/tmpjc8y6ig2']
[2022-08-12 23:37:09,689] {standard_task_runner.py:80} INFO - Job 281: Subtask create_database_from_parquet
[2022-08-12 23:37:09,770] {task_command.py:369} INFO - Running <TaskInstance: ETL_Raízen.create_database_from_parquet manual__2022-08-12T23:36:06.330325+00:00 [running]> on host 4bbb34367c41
[2022-08-12 23:37:09,872] {taskinstance.py:1571} INFO - Exporting the following env vars:
AIRFLOW_CTX_DAG_OWNER=***
AIRFLOW_CTX_DAG_ID=ETL_Raízen
AIRFLOW_CTX_TASK_ID=create_database_from_parquet
AIRFLOW_CTX_EXECUTION_DATE=2022-08-12T23:36:06.330325+00:00
AIRFLOW_CTX_TRY_NUMBER=1
AIRFLOW_CTX_DAG_RUN_ID=manual__2022-08-12T23:36:06.330325+00:00
[2022-08-12 23:37:09,874] {logging_mixin.py:115} INFO - DPCache_m3
[2022-08-12 23:37:11,815] {logging_mixin.py:115} INFO -          uf unit     volume           created_at           product year_month
0  RONDÔNIA   m3   2921.670  2022-08-12 23:32:49  ETANOL HIDRATADO    2000-01
1      ACRE   m3    676.230  2022-08-12 23:32:49  ETANOL HIDRATADO    2000-01
2  AMAZONAS   m3   1465.464  2022-08-12 23:32:49  ETANOL HIDRATADO    2000-01
3   RORAIMA   m3    143.150  2022-08-12 23:32:49  ETANOL HIDRATADO    2000-01
4      PARÁ   m3  30040.007  2022-08-12 23:32:49  ETANOL HIDRATADO    2000-01
[2022-08-12 23:37:11,816] {logging_mixin.py:115} INFO - DPCache_m3_2
[2022-08-12 23:37:12,075] {taskinstance.py:1889} ERROR - Task failed with exception
Traceback (most recent call last):
  File "/home/airflow/.local/lib/python3.7/site-packages/airflow/operators/python.py", line 171, in execute
    return_value = self.execute_callable()
  File "/home/airflow/.local/lib/python3.7/site-packages/airflow/operators/python.py", line 189, in execute_callable
    return self.python_callable(*self.op_args, **self.op_kwargs)
  File "/opt/airflow/dags/ETL_Raizen.py", line 130, in create_database_from_parquet
    VALUES("{row[1]}", "{row[2]}", {row[3]}, "{row[4]}", "{row[5]}", "{row[6]}")""")
sqlite3.OperationalError: no such table: oil_derivative
[2022-08-12 23:37:12,089] {taskinstance.py:1400} INFO - Marking task as FAILED. dag_id=ETL_Raízen, task_id=create_database_from_parquet, execution_date=20220812T233606, start_date=20220812T233709, end_date=20220812T233712
[2022-08-12 23:37:12,102] {standard_task_runner.py:97} ERROR - Failed to execute job 281 for task create_database_from_parquet (no such table: oil_derivative; 10662)
[2022-08-12 23:37:12,151] {local_task_job.py:156} INFO - Task exited with return code 1
[2022-08-12 23:37:12,187] {local_task_job.py:273} INFO - 0 downstream tasks scheduled from follow-on schedule check
