[2022-08-13 12:14:35,385] {taskinstance.py:1159} INFO - Dependencies all met for <TaskInstance: ETL_Raízen.read_transform_and_save manual__2022-08-13T12:14:24.476690+00:00 [queued]>
[2022-08-13 12:14:35,399] {taskinstance.py:1159} INFO - Dependencies all met for <TaskInstance: ETL_Raízen.read_transform_and_save manual__2022-08-13T12:14:24.476690+00:00 [queued]>
[2022-08-13 12:14:35,400] {taskinstance.py:1356} INFO - 
--------------------------------------------------------------------------------
[2022-08-13 12:14:35,401] {taskinstance.py:1357} INFO - Starting attempt 1 of 1
[2022-08-13 12:14:35,402] {taskinstance.py:1358} INFO - 
--------------------------------------------------------------------------------
[2022-08-13 12:14:35,420] {taskinstance.py:1377} INFO - Executing <Task(PythonOperator): read_transform_and_save> on 2022-08-13 12:14:24.476690+00:00
[2022-08-13 12:14:35,426] {standard_task_runner.py:52} INFO - Started process 3611 to run task
[2022-08-13 12:14:35,431] {standard_task_runner.py:79} INFO - Running: ['***', 'tasks', 'run', 'ETL_Raízen', 'read_transform_and_save', 'manual__2022-08-13T12:14:24.476690+00:00', '--job-id', '341', '--raw', '--subdir', 'DAGS_FOLDER/ETL_Raizen.py', '--cfg-path', '/tmp/tmpwh9yznic', '--error-file', '/tmp/tmpawvklluz']
[2022-08-13 12:14:35,433] {standard_task_runner.py:80} INFO - Job 341: Subtask read_transform_and_save
[2022-08-13 12:14:35,515] {task_command.py:369} INFO - Running <TaskInstance: ETL_Raízen.read_transform_and_save manual__2022-08-13T12:14:24.476690+00:00 [running]> on host 4bbb34367c41
[2022-08-13 12:14:35,618] {taskinstance.py:1571} INFO - Exporting the following env vars:
AIRFLOW_CTX_DAG_OWNER=***
AIRFLOW_CTX_DAG_ID=ETL_Raízen
AIRFLOW_CTX_TASK_ID=read_transform_and_save
AIRFLOW_CTX_EXECUTION_DATE=2022-08-13T12:14:24.476690+00:00
AIRFLOW_CTX_TRY_NUMBER=1
AIRFLOW_CTX_DAG_RUN_ID=manual__2022-08-13T12:14:24.476690+00:00
[2022-08-13 12:14:35,620] {ETL_Raizen.py:57} INFO - Processing data of sheet DPCache_m3
[2022-08-13 12:14:38,016] {ETL_Raizen.py:101} INFO - Data of sheet DPCache_m3 successfully processed
[2022-08-13 12:14:38,017] {ETL_Raizen.py:102} INFO - Visual check: 
[2022-08-13 12:14:38,030] {logging_mixin.py:115} INFO -       product        uf unit      volume year_month          created_at
0  GASOLINA C  RONDÔNIA   m3  136073.253    2000-01 2022-08-13 12:14:37
1  GASOLINA C      ACRE   m3    3358.346    2000-01 2022-08-13 12:14:37
2  GASOLINA C  AMAZONAS   m3   20766.918    2000-01 2022-08-13 12:14:37
3  GASOLINA C   RORAIMA   m3    3716.032    2000-01 2022-08-13 12:14:37
4  GASOLINA C      PARÁ   m3   29755.907    2000-01 2022-08-13 12:14:37
[2022-08-13 12:14:38,031] {ETL_Raizen.py:105} INFO - Saving processed data into parquet format
[2022-08-13 12:14:51,686] {ETL_Raizen.py:108} INFO - Data successfully saved
[2022-08-13 12:14:51,687] {ETL_Raizen.py:57} INFO - Processing data of sheet DPCache_m3_2
[2022-08-13 12:14:52,647] {ETL_Raizen.py:101} INFO - Data of sheet DPCache_m3_2 successfully processed
[2022-08-13 12:14:52,648] {ETL_Raizen.py:102} INFO - Visual check: 
[2022-08-13 12:14:52,664] {logging_mixin.py:115} INFO -             product        uf unit    volume year_month          created_at
0  ÓLEO DIESEL S-10  RONDÔNIA   m3  81453.67    2013-01 2022-08-13 12:14:52
1  ÓLEO DIESEL S-10      ACRE   m3   1483.00    2013-01 2022-08-13 12:14:52
2  ÓLEO DIESEL S-10  AMAZONAS   m3   6836.30    2013-01 2022-08-13 12:14:52
3  ÓLEO DIESEL S-10   RORAIMA   m3   1475.30    2013-01 2022-08-13 12:14:52
4  ÓLEO DIESEL S-10      PARÁ   m3  40913.48    2013-01 2022-08-13 12:14:52
[2022-08-13 12:14:52,665] {ETL_Raizen.py:105} INFO - Saving processed data into parquet format
[2022-08-13 12:14:56,194] {ETL_Raizen.py:108} INFO - Data successfully saved
[2022-08-13 12:14:56,195] {python.py:173} INFO - Done. Returned value was: None
[2022-08-13 12:14:56,208] {taskinstance.py:1400} INFO - Marking task as SUCCESS. dag_id=ETL_Raízen, task_id=read_transform_and_save, execution_date=20220813T121424, start_date=20220813T121435, end_date=20220813T121456
[2022-08-13 12:14:56,249] {local_task_job.py:156} INFO - Task exited with return code 0
[2022-08-13 12:14:56,287] {local_task_job.py:273} INFO - 1 downstream tasks scheduled from follow-on schedule check
