[2022-08-12 10:30:23,308] {taskinstance.py:1159} INFO - Dependencies all met for <TaskInstance: ETL_Raízen.extract_sheets scheduled__2022-08-12T09:30:00+00:00 [queued]>
[2022-08-12 10:30:23,320] {taskinstance.py:1159} INFO - Dependencies all met for <TaskInstance: ETL_Raízen.extract_sheets scheduled__2022-08-12T09:30:00+00:00 [queued]>
[2022-08-12 10:30:23,320] {taskinstance.py:1356} INFO - 
--------------------------------------------------------------------------------
[2022-08-12 10:30:23,321] {taskinstance.py:1357} INFO - Starting attempt 1 of 1
[2022-08-12 10:30:23,322] {taskinstance.py:1358} INFO - 
--------------------------------------------------------------------------------
[2022-08-12 10:30:23,338] {taskinstance.py:1377} INFO - Executing <Task(PythonOperator): extract_sheets> on 2022-08-12 09:30:00+00:00
[2022-08-12 10:30:23,345] {standard_task_runner.py:52} INFO - Started process 831 to run task
[2022-08-12 10:30:23,349] {standard_task_runner.py:79} INFO - Running: ['***', 'tasks', 'run', 'ETL_Raízen', 'extract_sheets', 'scheduled__2022-08-12T09:30:00+00:00', '--job-id', '120', '--raw', '--subdir', 'DAGS_FOLDER/ETL_Raizen.py', '--cfg-path', '/tmp/tmp9xi7dv4b', '--error-file', '/tmp/tmph00zdj7x']
[2022-08-12 10:30:23,350] {standard_task_runner.py:80} INFO - Job 120: Subtask extract_sheets
[2022-08-12 10:30:23,417] {task_command.py:369} INFO - Running <TaskInstance: ETL_Raízen.extract_sheets scheduled__2022-08-12T09:30:00+00:00 [running]> on host cc218c529e98
[2022-08-12 10:30:23,495] {taskinstance.py:1571} INFO - Exporting the following env vars:
AIRFLOW_CTX_DAG_OWNER=***
AIRFLOW_CTX_DAG_ID=ETL_Raízen
AIRFLOW_CTX_TASK_ID=extract_sheets
AIRFLOW_CTX_EXECUTION_DATE=2022-08-12T09:30:00+00:00
AIRFLOW_CTX_TRY_NUMBER=1
AIRFLOW_CTX_DAG_RUN_ID=scheduled__2022-08-12T09:30:00+00:00
[2022-08-12 10:30:23,497] {ETL_Raizen.py:71} INFO - Extracting sheet DPCache_m3
[2022-08-12 10:31:30,199] {ETL_Raizen.py:74} INFO - Sheet DPCache_m3 succesfully extracted
[2022-08-12 10:31:30,201] {ETL_Raizen.py:71} INFO - Extracting sheet DPCache_m3_2
[2022-08-12 10:32:38,660] {ETL_Raizen.py:74} INFO - Sheet DPCache_m3_2 succesfully extracted
[2022-08-12 10:32:38,662] {python.py:173} INFO - Done. Returned value was: None
[2022-08-12 10:32:38,677] {taskinstance.py:1400} INFO - Marking task as SUCCESS. dag_id=ETL_Raízen, task_id=extract_sheets, execution_date=20220812T093000, start_date=20220812T103023, end_date=20220812T103238
[2022-08-12 10:32:38,748] {local_task_job.py:156} INFO - Task exited with return code 0
[2022-08-12 10:32:38,787] {local_task_job.py:273} INFO - 1 downstream tasks scheduled from follow-on schedule check
