[2022-08-11 23:12:35,528] {taskinstance.py:1159} INFO - Dependencies all met for <TaskInstance: ETL_Raízen.data_transformation manual__2022-08-11T23:06:44.886293+00:00 [queued]>
[2022-08-11 23:12:35,557] {taskinstance.py:1159} INFO - Dependencies all met for <TaskInstance: ETL_Raízen.data_transformation manual__2022-08-11T23:06:44.886293+00:00 [queued]>
[2022-08-11 23:12:35,558] {taskinstance.py:1356} INFO - 
--------------------------------------------------------------------------------
[2022-08-11 23:12:35,559] {taskinstance.py:1357} INFO - Starting attempt 1 of 1
[2022-08-11 23:12:35,560] {taskinstance.py:1358} INFO - 
--------------------------------------------------------------------------------
[2022-08-11 23:12:35,600] {taskinstance.py:1377} INFO - Executing <Task(PythonOperator): data_transformation> on 2022-08-11 23:06:44.886293+00:00
[2022-08-11 23:12:35,614] {standard_task_runner.py:52} INFO - Started process 5460 to run task
[2022-08-11 23:12:35,624] {standard_task_runner.py:79} INFO - Running: ['***', 'tasks', 'run', 'ETL_Raízen', 'data_transformation', 'manual__2022-08-11T23:06:44.886293+00:00', '--job-id', '79', '--raw', '--subdir', 'DAGS_FOLDER/ETL_Raizen.py', '--cfg-path', '/tmp/tmpklzg7q25', '--error-file', '/tmp/tmp1o0zg6w8']
[2022-08-11 23:12:35,626] {standard_task_runner.py:80} INFO - Job 79: Subtask data_transformation
[2022-08-11 23:12:35,762] {task_command.py:369} INFO - Running <TaskInstance: ETL_Raízen.data_transformation manual__2022-08-11T23:06:44.886293+00:00 [running]> on host 53e7d4a502e6
[2022-08-11 23:12:36,006] {taskinstance.py:1571} INFO - Exporting the following env vars:
AIRFLOW_CTX_DAG_OWNER=***
AIRFLOW_CTX_DAG_ID=ETL_Raízen
AIRFLOW_CTX_TASK_ID=data_transformation
AIRFLOW_CTX_EXECUTION_DATE=2022-08-11T23:06:44.886293+00:00
AIRFLOW_CTX_TRY_NUMBER=1
AIRFLOW_CTX_DAG_RUN_ID=manual__2022-08-11T23:06:44.886293+00:00
[2022-08-11 23:12:36,014] {ETL_Raizen.py:81} INFO - Processing data of sheet DPCache_m3
[2022-08-11 23:12:41,726] {logging_mixin.py:115} INFO -       product        uf unit      volume year_month          created_at
0  GASOLINA C  RONDÔNIA   m3  136073.253    2000-01 2022-08-11 23:12:41
1  GASOLINA C      ACRE   m3    3358.346    2000-01 2022-08-11 23:12:41
2  GASOLINA C  AMAZONAS   m3   20766.918    2000-01 2022-08-11 23:12:41
3  GASOLINA C   RORAIMA   m3    3716.032    2000-01 2022-08-11 23:12:41
4  GASOLINA C      PARÁ   m3   29755.907    2000-01 2022-08-11 23:12:41
[2022-08-11 23:12:41,727] {ETL_Raizen.py:81} INFO - Processing data of sheet DPCache_m3_2
[2022-08-11 23:12:42,793] {logging_mixin.py:115} INFO -             product        uf unit    volume year_month          created_at
0  ÓLEO DIESEL S-10  RONDÔNIA   m3  81453.67    2013-01 2022-08-11 23:12:42
1  ÓLEO DIESEL S-10      ACRE   m3   1483.00    2013-01 2022-08-11 23:12:42
2  ÓLEO DIESEL S-10  AMAZONAS   m3   6836.30    2013-01 2022-08-11 23:12:42
3  ÓLEO DIESEL S-10   RORAIMA   m3   1475.30    2013-01 2022-08-11 23:12:42
4  ÓLEO DIESEL S-10      PARÁ   m3  40913.48    2013-01 2022-08-11 23:12:42
[2022-08-11 23:12:42,795] {python.py:173} INFO - Done. Returned value was: None
[2022-08-11 23:12:42,829] {taskinstance.py:1400} INFO - Marking task as SUCCESS. dag_id=ETL_Raízen, task_id=data_transformation, execution_date=20220811T230644, start_date=20220811T231235, end_date=20220811T231242
[2022-08-11 23:12:42,915] {local_task_job.py:156} INFO - Task exited with return code 0
[2022-08-11 23:12:42,963] {local_task_job.py:273} INFO - 0 downstream tasks scheduled from follow-on schedule check
