[2022-08-13 12:23:28,043] {taskinstance.py:1159} INFO - Dependencies all met for <TaskInstance: ETL_Raízen.create_database_from_parquet manual__2022-08-13T12:22:47.808690+00:00 [queued]>
[2022-08-13 12:23:28,060] {taskinstance.py:1159} INFO - Dependencies all met for <TaskInstance: ETL_Raízen.create_database_from_parquet manual__2022-08-13T12:22:47.808690+00:00 [queued]>
[2022-08-13 12:23:28,061] {taskinstance.py:1356} INFO - 
--------------------------------------------------------------------------------
[2022-08-13 12:23:28,061] {taskinstance.py:1357} INFO - Starting attempt 1 of 1
[2022-08-13 12:23:28,062] {taskinstance.py:1358} INFO - 
--------------------------------------------------------------------------------
[2022-08-13 12:23:28,089] {taskinstance.py:1377} INFO - Executing <Task(PythonOperator): create_database_from_parquet> on 2022-08-13 12:22:47.808690+00:00
[2022-08-13 12:23:28,095] {standard_task_runner.py:52} INFO - Started process 4493 to run task
[2022-08-13 12:23:28,102] {standard_task_runner.py:79} INFO - Running: ['***', 'tasks', 'run', 'ETL_Raízen', 'create_database_from_parquet', 'manual__2022-08-13T12:22:47.808690+00:00', '--job-id', '362', '--raw', '--subdir', 'DAGS_FOLDER/ETL_Raizen.py', '--cfg-path', '/tmp/tmpgbw4pgpr', '--error-file', '/tmp/tmpin1nfzrk']
[2022-08-13 12:23:28,105] {standard_task_runner.py:80} INFO - Job 362: Subtask create_database_from_parquet
[2022-08-13 12:23:28,198] {task_command.py:369} INFO - Running <TaskInstance: ETL_Raízen.create_database_from_parquet manual__2022-08-13T12:22:47.808690+00:00 [running]> on host 4bbb34367c41
[2022-08-13 12:23:28,336] {taskinstance.py:1571} INFO - Exporting the following env vars:
AIRFLOW_CTX_DAG_OWNER=***
AIRFLOW_CTX_DAG_ID=ETL_Raízen
AIRFLOW_CTX_TASK_ID=create_database_from_parquet
AIRFLOW_CTX_EXECUTION_DATE=2022-08-13T12:22:47.808690+00:00
AIRFLOW_CTX_TRY_NUMBER=1
AIRFLOW_CTX_DAG_RUN_ID=manual__2022-08-13T12:22:47.808690+00:00
[2022-08-13 12:23:28,338] {ETL_Raizen.py:117} INFO - Creating database to insert data into table oil_derivative
[2022-08-13 12:23:29,147] {ETL_Raizen.py:123} INFO - Creating table oil_derivative
[2022-08-13 12:23:29,149] {logging_mixin.py:115} INFO - Index(['uf', 'unit', 'volume', 'created_at', 'product', 'year_month'], dtype='object')
[2022-08-13 12:23:29,150] {ETL_Raizen.py:134} INFO - Inserting data into table oil_derivative
[2022-08-13 12:23:30,917] {ETL_Raizen.py:140} INFO - Checking if the data was successfully inserted into table oil_derivative with pandas
[2022-08-13 12:23:30,918] {ETL_Raizen.py:141} INFO - SELECT * FROM oil_derivative
[2022-08-13 12:23:32,948] {ETL_Raizen.py:143} INFO - Visual check:
[2022-08-13 12:23:32,962] {logging_mixin.py:115} INFO -          uf unit     volume           created_at           product year_month
0  RONDÔNIA   m3   2921.670  2022-08-12 23:32:49  ETANOL HIDRATADO    2000-01
1      ACRE   m3    676.230  2022-08-12 23:32:49  ETANOL HIDRATADO    2000-01
2  AMAZONAS   m3   1465.464  2022-08-12 23:32:49  ETANOL HIDRATADO    2000-01
3   RORAIMA   m3    143.150  2022-08-12 23:32:49  ETANOL HIDRATADO    2000-01
4      PARÁ   m3  30040.007  2022-08-12 23:32:49  ETANOL HIDRATADO    2000-01
[2022-08-13 12:23:33,165] {logging_mixin.py:115} INFO - uf            707616
unit          707616
volume        707616
created_at    707616
product       707616
year_month    707616
dtype: int64
[2022-08-13 12:23:33,165] {ETL_Raizen.py:117} INFO - Creating database to insert data into table diesel
[2022-08-13 12:23:33,257] {ETL_Raizen.py:123} INFO - Creating table diesel
[2022-08-13 12:23:33,258] {logging_mixin.py:115} INFO - Index(['uf', 'unit', 'volume', 'created_at', 'product', 'year_month'], dtype='object')
[2022-08-13 12:23:33,259] {ETL_Raizen.py:134} INFO - Inserting data into table diesel
[2022-08-13 12:23:33,475] {ETL_Raizen.py:140} INFO - Checking if the data was successfully inserted into table diesel with pandas
[2022-08-13 12:23:33,476] {ETL_Raizen.py:141} INFO - SELECT * FROM diesel
[2022-08-13 12:23:33,835] {ETL_Raizen.py:143} INFO - Visual check:
[2022-08-13 12:23:33,845] {logging_mixin.py:115} INFO -          uf unit  ...               product year_month
0  RONDÔNIA   m3  ...  ÓLEO DIESEL MARÍTIMO    2013-01
1      ACRE   m3  ...  ÓLEO DIESEL MARÍTIMO    2013-01
2  AMAZONAS   m3  ...  ÓLEO DIESEL MARÍTIMO    2013-01
3   RORAIMA   m3  ...  ÓLEO DIESEL MARÍTIMO    2013-01
4      PARÁ   m3  ...  ÓLEO DIESEL MARÍTIMO    2013-01

[5 rows x 6 columns]
[2022-08-13 12:23:33,878] {logging_mixin.py:115} INFO - uf            142560
unit          142560
volume        142560
created_at    142560
product       142560
year_month    142560
dtype: int64
[2022-08-13 12:23:33,913] {python.py:173} INFO - Done. Returned value was: None
[2022-08-13 12:23:33,943] {taskinstance.py:1400} INFO - Marking task as SUCCESS. dag_id=ETL_Raízen, task_id=create_database_from_parquet, execution_date=20220813T122247, start_date=20220813T122328, end_date=20220813T122333
[2022-08-13 12:23:33,978] {local_task_job.py:156} INFO - Task exited with return code 0
[2022-08-13 12:23:34,017] {local_task_job.py:273} INFO - 0 downstream tasks scheduled from follow-on schedule check
