[2022-08-12 11:56:56,147] {taskinstance.py:1159} INFO - Dependencies all met for <TaskInstance: ETL_Raízen.creating_raw_data_dir manual__2022-08-12T11:56:54.335343+00:00 [queued]>
[2022-08-12 11:56:56,166] {taskinstance.py:1159} INFO - Dependencies all met for <TaskInstance: ETL_Raízen.creating_raw_data_dir manual__2022-08-12T11:56:54.335343+00:00 [queued]>
[2022-08-12 11:56:56,167] {taskinstance.py:1356} INFO - 
--------------------------------------------------------------------------------
[2022-08-12 11:56:56,168] {taskinstance.py:1357} INFO - Starting attempt 1 of 1
[2022-08-12 11:56:56,168] {taskinstance.py:1358} INFO - 
--------------------------------------------------------------------------------
[2022-08-12 11:56:56,191] {taskinstance.py:1377} INFO - Executing <Task(PythonOperator): creating_raw_data_dir> on 2022-08-12 11:56:54.335343+00:00
[2022-08-12 11:56:56,200] {standard_task_runner.py:52} INFO - Started process 1690 to run task
[2022-08-12 11:56:56,205] {standard_task_runner.py:79} INFO - Running: ['***', 'tasks', 'run', 'ETL_Raízen', 'creating_raw_data_dir', 'manual__2022-08-12T11:56:54.335343+00:00', '--job-id', '185', '--raw', '--subdir', 'DAGS_FOLDER/ETL_Raizen.py', '--cfg-path', '/tmp/tmpzjh_4ugn', '--error-file', '/tmp/tmpxnmeinu7']
[2022-08-12 11:56:56,207] {standard_task_runner.py:80} INFO - Job 185: Subtask creating_raw_data_dir
[2022-08-12 11:56:56,301] {task_command.py:369} INFO - Running <TaskInstance: ETL_Raízen.creating_raw_data_dir manual__2022-08-12T11:56:54.335343+00:00 [running]> on host 3c4d8e0d9450
[2022-08-12 11:56:56,417] {taskinstance.py:1571} INFO - Exporting the following env vars:
AIRFLOW_CTX_DAG_OWNER=***
AIRFLOW_CTX_DAG_ID=ETL_Raízen
AIRFLOW_CTX_TASK_ID=creating_raw_data_dir
AIRFLOW_CTX_EXECUTION_DATE=2022-08-12T11:56:54.335343+00:00
AIRFLOW_CTX_TRY_NUMBER=1
AIRFLOW_CTX_DAG_RUN_ID=manual__2022-08-12T11:56:54.335343+00:00
[2022-08-12 11:56:56,419] {ETL_Raizen.py:27} INFO - Dir already exists
[2022-08-12 11:56:56,420] {python.py:173} INFO - Done. Returned value was: None
[2022-08-12 11:56:56,449] {taskinstance.py:1400} INFO - Marking task as SUCCESS. dag_id=ETL_Raízen, task_id=creating_raw_data_dir, execution_date=20220812T115654, start_date=20220812T115656, end_date=20220812T115656
[2022-08-12 11:56:56,499] {local_task_job.py:156} INFO - Task exited with return code 0
[2022-08-12 11:56:56,555] {local_task_job.py:273} INFO - 0 downstream tasks scheduled from follow-on schedule check
