[2022-08-12 20:30:11,273] {taskinstance.py:1159} INFO - Dependencies all met for <TaskInstance: ETL_Raízen.read_transform_and_save scheduled__2022-08-12T19:30:00+00:00 [queued]>
[2022-08-12 20:30:11,289] {taskinstance.py:1159} INFO - Dependencies all met for <TaskInstance: ETL_Raízen.read_transform_and_save scheduled__2022-08-12T19:30:00+00:00 [queued]>
[2022-08-12 20:30:11,290] {taskinstance.py:1356} INFO - 
--------------------------------------------------------------------------------
[2022-08-12 20:30:11,291] {taskinstance.py:1357} INFO - Starting attempt 1 of 1
[2022-08-12 20:30:11,291] {taskinstance.py:1358} INFO - 
--------------------------------------------------------------------------------
[2022-08-12 20:30:11,306] {taskinstance.py:1377} INFO - Executing <Task(PythonOperator): read_transform_and_save> on 2022-08-12 19:30:00+00:00
[2022-08-12 20:30:11,312] {standard_task_runner.py:52} INFO - Started process 1193 to run task
[2022-08-12 20:30:11,316] {standard_task_runner.py:79} INFO - Running: ['***', 'tasks', 'run', 'ETL_Raízen', 'read_transform_and_save', 'scheduled__2022-08-12T19:30:00+00:00', '--job-id', '231', '--raw', '--subdir', 'DAGS_FOLDER/ETL_Raizen.py', '--cfg-path', '/tmp/tmpc0ecsimw', '--error-file', '/tmp/tmp0p6ty6za']
[2022-08-12 20:30:11,317] {standard_task_runner.py:80} INFO - Job 231: Subtask read_transform_and_save
[2022-08-12 20:30:11,380] {task_command.py:369} INFO - Running <TaskInstance: ETL_Raízen.read_transform_and_save scheduled__2022-08-12T19:30:00+00:00 [running]> on host 4bbb34367c41
[2022-08-12 20:30:11,461] {taskinstance.py:1571} INFO - Exporting the following env vars:
AIRFLOW_CTX_DAG_OWNER=***
AIRFLOW_CTX_DAG_ID=ETL_Raízen
AIRFLOW_CTX_TASK_ID=read_transform_and_save
AIRFLOW_CTX_EXECUTION_DATE=2022-08-12T19:30:00+00:00
AIRFLOW_CTX_TRY_NUMBER=1
AIRFLOW_CTX_DAG_RUN_ID=scheduled__2022-08-12T19:30:00+00:00
[2022-08-12 20:30:11,463] {ETL_Raizen.py:57} INFO - Processing data of sheet DPCache_m3
[2022-08-12 20:30:13,369] {ETL_Raizen.py:102} INFO - Data of sheet DPCache_m3 successfully processed
[2022-08-12 20:30:13,370] {ETL_Raizen.py:103} INFO - Visual check: 
[2022-08-12 20:30:13,381] {logging_mixin.py:115} INFO -       product        uf unit      volume year_month          created_at
0  GASOLINA C  RONDÔNIA   m3  136073.253    2000-01 2022-08-12 20:30:12
1  GASOLINA C      ACRE   m3    3358.346    2000-01 2022-08-12 20:30:12
2  GASOLINA C  AMAZONAS   m3   20766.918    2000-01 2022-08-12 20:30:12
3  GASOLINA C   RORAIMA   m3    3716.032    2000-01 2022-08-12 20:30:12
4  GASOLINA C      PARÁ   m3   29755.907    2000-01 2022-08-12 20:30:12
[2022-08-12 20:30:13,382] {ETL_Raizen.py:106} INFO - Saving processed data into parquet format
[2022-08-12 20:30:25,316] {ETL_Raizen.py:109} INFO - Data successfully saved
[2022-08-12 20:30:25,317] {ETL_Raizen.py:57} INFO - Processing data of sheet DPCache_m3_2
[2022-08-12 20:30:25,884] {ETL_Raizen.py:102} INFO - Data of sheet DPCache_m3_2 successfully processed
[2022-08-12 20:30:25,885] {ETL_Raizen.py:103} INFO - Visual check: 
[2022-08-12 20:30:25,896] {logging_mixin.py:115} INFO -             product        uf unit    volume year_month          created_at
0  ÓLEO DIESEL S-10  RONDÔNIA   m3  81453.67    2013-01 2022-08-12 20:30:25
1  ÓLEO DIESEL S-10      ACRE   m3   1483.00    2013-01 2022-08-12 20:30:25
2  ÓLEO DIESEL S-10  AMAZONAS   m3   6836.30    2013-01 2022-08-12 20:30:25
3  ÓLEO DIESEL S-10   RORAIMA   m3   1475.30    2013-01 2022-08-12 20:30:25
4  ÓLEO DIESEL S-10      PARÁ   m3  40913.48    2013-01 2022-08-12 20:30:25
[2022-08-12 20:30:25,897] {ETL_Raizen.py:106} INFO - Saving processed data into parquet format
[2022-08-12 20:30:28,257] {ETL_Raizen.py:109} INFO - Data successfully saved
[2022-08-12 20:30:28,258] {python.py:173} INFO - Done. Returned value was: None
[2022-08-12 20:30:28,275] {taskinstance.py:1400} INFO - Marking task as SUCCESS. dag_id=ETL_Raízen, task_id=read_transform_and_save, execution_date=20220812T193000, start_date=20220812T203011, end_date=20220812T203028
[2022-08-12 20:30:28,317] {local_task_job.py:156} INFO - Task exited with return code 0
[2022-08-12 20:30:28,361] {local_task_job.py:273} INFO - 1 downstream tasks scheduled from follow-on schedule check
