[2022-08-11 22:10:00,673] {taskinstance.py:1159} INFO - Dependencies all met for <TaskInstance: ETL_Raízen.extract_sheets manual__2022-08-11T22:09:36.044366+00:00 [queued]>
[2022-08-11 22:10:00,723] {taskinstance.py:1159} INFO - Dependencies all met for <TaskInstance: ETL_Raízen.extract_sheets manual__2022-08-11T22:09:36.044366+00:00 [queued]>
[2022-08-11 22:10:00,725] {taskinstance.py:1356} INFO - 
--------------------------------------------------------------------------------
[2022-08-11 22:10:00,730] {taskinstance.py:1357} INFO - Starting attempt 1 of 1
[2022-08-11 22:10:00,732] {taskinstance.py:1358} INFO - 
--------------------------------------------------------------------------------
[2022-08-11 22:10:00,793] {taskinstance.py:1377} INFO - Executing <Task(PythonOperator): extract_sheets> on 2022-08-11 22:09:36.044366+00:00
[2022-08-11 22:10:00,810] {standard_task_runner.py:52} INFO - Started process 2280 to run task
[2022-08-11 22:10:00,819] {standard_task_runner.py:79} INFO - Running: ['***', 'tasks', 'run', 'ETL_Raízen', 'extract_sheets', 'manual__2022-08-11T22:09:36.044366+00:00', '--job-id', '37', '--raw', '--subdir', 'DAGS_FOLDER/ETL_Raizen.py', '--cfg-path', '/tmp/tmp4v23wfp7', '--error-file', '/tmp/tmpuso1kyz6']
[2022-08-11 22:10:00,821] {standard_task_runner.py:80} INFO - Job 37: Subtask extract_sheets
[2022-08-11 22:10:01,139] {task_command.py:369} INFO - Running <TaskInstance: ETL_Raízen.extract_sheets manual__2022-08-11T22:09:36.044366+00:00 [running]> on host 53e7d4a502e6
[2022-08-11 22:10:01,668] {taskinstance.py:1571} INFO - Exporting the following env vars:
AIRFLOW_CTX_DAG_OWNER=***
AIRFLOW_CTX_DAG_ID=ETL_Raízen
AIRFLOW_CTX_TASK_ID=extract_sheets
AIRFLOW_CTX_EXECUTION_DATE=2022-08-11T22:09:36.044366+00:00
AIRFLOW_CTX_TRY_NUMBER=1
AIRFLOW_CTX_DAG_RUN_ID=manual__2022-08-11T22:09:36.044366+00:00
[2022-08-11 22:10:01,674] {taskinstance.py:1889} ERROR - Task failed with exception
Traceback (most recent call last):
  File "/home/airflow/.local/lib/python3.7/site-packages/airflow/operators/python.py", line 171, in execute
    return_value = self.execute_callable()
  File "/home/airflow/.local/lib/python3.7/site-packages/airflow/operators/python.py", line 189, in execute_callable
    return self.python_callable(*self.op_args, **self.op_kwargs)
  File "/opt/airflow/dags/ETL_Raizen.py", line 72, in extract_sheets
    wb = read_xlsx_file()
  File "/opt/airflow/dags/ETL_Raizen.py", line 54, in read_xlsx_file
    wb = load_workbook("raw_data/vendas-combustiveis-m3.xlsx")
  File "/home/airflow/.local/lib/python3.7/site-packages/openpyxl/reader/excel.py", line 316, in load_workbook
    data_only, keep_links)
  File "/home/airflow/.local/lib/python3.7/site-packages/openpyxl/reader/excel.py", line 124, in __init__
    self.archive = _validate_archive(fn)
  File "/home/airflow/.local/lib/python3.7/site-packages/openpyxl/reader/excel.py", line 96, in _validate_archive
    archive = ZipFile(filename, 'r')
  File "/usr/local/lib/python3.7/zipfile.py", line 1240, in __init__
    self.fp = io.open(file, filemode)
FileNotFoundError: [Errno 2] No such file or directory: 'raw_data/vendas-combustiveis-m3.xlsx'
[2022-08-11 22:10:01,796] {taskinstance.py:1400} INFO - Marking task as FAILED. dag_id=ETL_Raízen, task_id=extract_sheets, execution_date=20220811T220936, start_date=20220811T221000, end_date=20220811T221001
[2022-08-11 22:10:01,905] {standard_task_runner.py:97} ERROR - Failed to execute job 37 for task extract_sheets ([Errno 2] No such file or directory: 'raw_data/vendas-combustiveis-m3.xlsx'; 2280)
[2022-08-11 22:10:01,973] {local_task_job.py:156} INFO - Task exited with return code 1
[2022-08-11 22:10:02,208] {local_task_job.py:273} INFO - 0 downstream tasks scheduled from follow-on schedule check
