[2022-08-13 11:26:03,489] {taskinstance.py:1159} INFO - Dependencies all met for <TaskInstance: ETL_Raízen.convert_xls_into_xlsx scheduled__2022-08-12T23:30:00+00:00 [queued]>
[2022-08-13 11:26:03,512] {taskinstance.py:1159} INFO - Dependencies all met for <TaskInstance: ETL_Raízen.convert_xls_into_xlsx scheduled__2022-08-12T23:30:00+00:00 [queued]>
[2022-08-13 11:26:03,513] {taskinstance.py:1356} INFO - 
--------------------------------------------------------------------------------
[2022-08-13 11:26:03,513] {taskinstance.py:1357} INFO - Starting attempt 1 of 1
[2022-08-13 11:26:03,514] {taskinstance.py:1358} INFO - 
--------------------------------------------------------------------------------
[2022-08-13 11:26:03,544] {taskinstance.py:1377} INFO - Executing <Task(PythonOperator): convert_xls_into_xlsx> on 2022-08-12 23:30:00+00:00
[2022-08-13 11:26:03,551] {standard_task_runner.py:52} INFO - Started process 136 to run task
[2022-08-13 11:26:03,556] {standard_task_runner.py:79} INFO - Running: ['***', 'tasks', 'run', 'ETL_Raízen', 'convert_xls_into_xlsx', 'scheduled__2022-08-12T23:30:00+00:00', '--job-id', '294', '--raw', '--subdir', 'DAGS_FOLDER/ETL_Raizen.py', '--cfg-path', '/tmp/tmpiwcun6eh', '--error-file', '/tmp/tmp4ozmymjb']
[2022-08-13 11:26:03,558] {standard_task_runner.py:80} INFO - Job 294: Subtask convert_xls_into_xlsx
[2022-08-13 11:26:03,656] {task_command.py:369} INFO - Running <TaskInstance: ETL_Raízen.convert_xls_into_xlsx scheduled__2022-08-12T23:30:00+00:00 [running]> on host 4bbb34367c41
[2022-08-13 11:26:03,760] {taskinstance.py:1571} INFO - Exporting the following env vars:
AIRFLOW_CTX_DAG_OWNER=***
AIRFLOW_CTX_DAG_ID=ETL_Raízen
AIRFLOW_CTX_TASK_ID=convert_xls_into_xlsx
AIRFLOW_CTX_EXECUTION_DATE=2022-08-12T23:30:00+00:00
AIRFLOW_CTX_TRY_NUMBER=1
AIRFLOW_CTX_DAG_RUN_ID=scheduled__2022-08-12T23:30:00+00:00
[2022-08-13 11:26:03,761] {ETL_Raizen.py:47} INFO - Converting file .xls into .xlsx using libreoffice
[2022-08-13 11:26:08,849] {ETL_Raizen.py:49} INFO - File .xls succesfully converted into .xlsx
[2022-08-13 11:26:08,850] {python.py:173} INFO - Done. Returned value was: None
[2022-08-13 11:26:08,870] {taskinstance.py:1400} INFO - Marking task as SUCCESS. dag_id=ETL_Raízen, task_id=convert_xls_into_xlsx, execution_date=20220812T233000, start_date=20220813T112603, end_date=20220813T112608
[2022-08-13 11:26:08,917] {local_task_job.py:156} INFO - Task exited with return code 0
[2022-08-13 11:26:08,981] {local_task_job.py:273} INFO - 1 downstream tasks scheduled from follow-on schedule check
