[2022-08-12 09:59:59,260] {taskinstance.py:1159} INFO - Dependencies all met for <TaskInstance: ETL_Raízen.download_raw_data scheduled__2022-08-12T08:30:00+00:00 [queued]>
[2022-08-12 09:59:59,320] {taskinstance.py:1159} INFO - Dependencies all met for <TaskInstance: ETL_Raízen.download_raw_data scheduled__2022-08-12T08:30:00+00:00 [queued]>
[2022-08-12 09:59:59,322] {taskinstance.py:1356} INFO - 
--------------------------------------------------------------------------------
[2022-08-12 09:59:59,323] {taskinstance.py:1357} INFO - Starting attempt 1 of 1
[2022-08-12 09:59:59,324] {taskinstance.py:1358} INFO - 
--------------------------------------------------------------------------------
[2022-08-12 09:59:59,496] {taskinstance.py:1377} INFO - Executing <Task(PythonOperator): download_raw_data> on 2022-08-12 08:30:00+00:00
[2022-08-12 09:59:59,540] {standard_task_runner.py:52} INFO - Started process 120 to run task
[2022-08-12 09:59:59,531] {standard_task_runner.py:79} INFO - Running: ['***', 'tasks', 'run', 'ETL_Raízen', 'download_raw_data', 'scheduled__2022-08-12T08:30:00+00:00', '--job-id', '105', '--raw', '--subdir', 'DAGS_FOLDER/ETL_Raizen.py', '--cfg-path', '/tmp/tmp_ocz7im2', '--error-file', '/tmp/tmppsj2d7be']
[2022-08-12 09:59:59,580] {standard_task_runner.py:80} INFO - Job 105: Subtask download_raw_data
[2022-08-12 10:00:00,581] {task_command.py:369} INFO - Running <TaskInstance: ETL_Raízen.download_raw_data scheduled__2022-08-12T08:30:00+00:00 [running]> on host 53e7d4a502e6
[2022-08-12 10:00:01,815] {taskinstance.py:1571} INFO - Exporting the following env vars:
AIRFLOW_CTX_DAG_OWNER=***
AIRFLOW_CTX_DAG_ID=ETL_Raízen
AIRFLOW_CTX_TASK_ID=download_raw_data
AIRFLOW_CTX_EXECUTION_DATE=2022-08-12T08:30:00+00:00
AIRFLOW_CTX_TRY_NUMBER=1
AIRFLOW_CTX_DAG_RUN_ID=scheduled__2022-08-12T08:30:00+00:00
[2022-08-12 10:00:01,828] {ETL_Raizen.py:41} INFO - Downloading .xls raw data
[2022-08-12 10:00:07,243] {ETL_Raizen.py:43} INFO - Succesfully downloaded .xls raw data
[2022-08-12 10:00:07,243] {python.py:173} INFO - Done. Returned value was: None
[2022-08-12 10:00:07,326] {taskinstance.py:1400} INFO - Marking task as SUCCESS. dag_id=ETL_Raízen, task_id=download_raw_data, execution_date=20220812T083000, start_date=20220812T095959, end_date=20220812T100007
[2022-08-12 10:00:07,471] {local_task_job.py:156} INFO - Task exited with return code 0
[2022-08-12 10:00:07,795] {local_task_job.py:273} INFO - 1 downstream tasks scheduled from follow-on schedule check
