[2022-08-12 09:59:59,141] {taskinstance.py:1159} INFO - Dependencies all met for <TaskInstance: ETL_Raízen.download_raw_data scheduled__2022-08-11T23:30:00+00:00 [queued]>
[2022-08-12 09:59:59,213] {taskinstance.py:1159} INFO - Dependencies all met for <TaskInstance: ETL_Raízen.download_raw_data scheduled__2022-08-11T23:30:00+00:00 [queued]>
[2022-08-12 09:59:59,214] {taskinstance.py:1356} INFO - 
--------------------------------------------------------------------------------
[2022-08-12 09:59:59,220] {taskinstance.py:1357} INFO - Starting attempt 1 of 1
[2022-08-12 09:59:59,221] {taskinstance.py:1358} INFO - 
--------------------------------------------------------------------------------
[2022-08-12 09:59:59,344] {taskinstance.py:1377} INFO - Executing <Task(PythonOperator): download_raw_data> on 2022-08-11 23:30:00+00:00
[2022-08-12 09:59:59,366] {standard_task_runner.py:52} INFO - Started process 119 to run task
[2022-08-12 09:59:59,389] {standard_task_runner.py:79} INFO - Running: ['***', 'tasks', 'run', 'ETL_Raízen', 'download_raw_data', 'scheduled__2022-08-11T23:30:00+00:00', '--job-id', '104', '--raw', '--subdir', 'DAGS_FOLDER/ETL_Raizen.py', '--cfg-path', '/tmp/tmpnj9cs47j', '--error-file', '/tmp/tmpm9jodsrm']
[2022-08-12 09:59:59,417] {standard_task_runner.py:80} INFO - Job 104: Subtask download_raw_data
[2022-08-12 09:59:59,842] {task_command.py:369} INFO - Running <TaskInstance: ETL_Raízen.download_raw_data scheduled__2022-08-11T23:30:00+00:00 [running]> on host 53e7d4a502e6
[2022-08-12 10:00:01,424] {taskinstance.py:1571} INFO - Exporting the following env vars:
AIRFLOW_CTX_DAG_OWNER=***
AIRFLOW_CTX_DAG_ID=ETL_Raízen
AIRFLOW_CTX_TASK_ID=download_raw_data
AIRFLOW_CTX_EXECUTION_DATE=2022-08-11T23:30:00+00:00
AIRFLOW_CTX_TRY_NUMBER=1
AIRFLOW_CTX_DAG_RUN_ID=scheduled__2022-08-11T23:30:00+00:00
[2022-08-12 10:00:01,430] {ETL_Raizen.py:41} INFO - Downloading .xls raw data
[2022-08-12 10:00:07,740] {ETL_Raizen.py:43} INFO - Succesfully downloaded .xls raw data
[2022-08-12 10:00:07,760] {python.py:173} INFO - Done. Returned value was: None
[2022-08-12 10:00:07,827] {taskinstance.py:1400} INFO - Marking task as SUCCESS. dag_id=ETL_Raízen, task_id=download_raw_data, execution_date=20220811T233000, start_date=20220812T095959, end_date=20220812T100007
[2022-08-12 10:00:07,967] {local_task_job.py:156} INFO - Task exited with return code 0
[2022-08-12 10:00:08,143] {local_task_job.py:273} INFO - 1 downstream tasks scheduled from follow-on schedule check
