[2022-08-12 23:20:15,305] {taskinstance.py:1159} INFO - Dependencies all met for <TaskInstance: ETL_Raízen.download_raw_data manual__2022-08-12T23:20:09.135867+00:00 [queued]>
[2022-08-12 23:20:15,324] {taskinstance.py:1159} INFO - Dependencies all met for <TaskInstance: ETL_Raízen.download_raw_data manual__2022-08-12T23:20:09.135867+00:00 [queued]>
[2022-08-12 23:20:15,325] {taskinstance.py:1356} INFO - 
--------------------------------------------------------------------------------
[2022-08-12 23:20:15,326] {taskinstance.py:1357} INFO - Starting attempt 1 of 1
[2022-08-12 23:20:15,327] {taskinstance.py:1358} INFO - 
--------------------------------------------------------------------------------
[2022-08-12 23:20:15,354] {taskinstance.py:1377} INFO - Executing <Task(PythonOperator): download_raw_data> on 2022-08-12 23:20:09.135867+00:00
[2022-08-12 23:20:15,369] {standard_task_runner.py:52} INFO - Started process 9265 to run task
[2022-08-12 23:20:15,370] {standard_task_runner.py:79} INFO - Running: ['***', 'tasks', 'run', 'ETL_Raízen', 'download_raw_data', 'manual__2022-08-12T23:20:09.135867+00:00', '--job-id', '254', '--raw', '--subdir', 'DAGS_FOLDER/ETL_Raizen.py', '--cfg-path', '/tmp/tmpeh4b7b08', '--error-file', '/tmp/tmpij0bzlv6']
[2022-08-12 23:20:15,381] {standard_task_runner.py:80} INFO - Job 254: Subtask download_raw_data
[2022-08-12 23:20:15,502] {task_command.py:369} INFO - Running <TaskInstance: ETL_Raízen.download_raw_data manual__2022-08-12T23:20:09.135867+00:00 [running]> on host 4bbb34367c41
[2022-08-12 23:20:15,653] {taskinstance.py:1571} INFO - Exporting the following env vars:
AIRFLOW_CTX_DAG_OWNER=***
AIRFLOW_CTX_DAG_ID=ETL_Raízen
AIRFLOW_CTX_TASK_ID=download_raw_data
AIRFLOW_CTX_EXECUTION_DATE=2022-08-12T23:20:09.135867+00:00
AIRFLOW_CTX_TRY_NUMBER=1
AIRFLOW_CTX_DAG_RUN_ID=manual__2022-08-12T23:20:09.135867+00:00
[2022-08-12 23:20:15,656] {ETL_Raizen.py:40} INFO - Downloading .xls raw data
[2022-08-12 23:20:20,840] {ETL_Raizen.py:42} INFO - Succesfully downloaded .xls raw data
[2022-08-12 23:20:20,841] {python.py:173} INFO - Done. Returned value was: None
[2022-08-12 23:20:20,868] {taskinstance.py:1400} INFO - Marking task as SUCCESS. dag_id=ETL_Raízen, task_id=download_raw_data, execution_date=20220812T232009, start_date=20220812T232015, end_date=20220812T232020
[2022-08-12 23:20:20,924] {local_task_job.py:156} INFO - Task exited with return code 0
[2022-08-12 23:20:21,064] {local_task_job.py:273} INFO - 1 downstream tasks scheduled from follow-on schedule check
