[2022-08-12 10:00:16,300] {taskinstance.py:1159} INFO - Dependencies all met for <TaskInstance: ETL_Raízen.convert_xls_into_xlsx scheduled__2022-08-11T23:30:00+00:00 [queued]>
[2022-08-12 10:00:16,397] {taskinstance.py:1159} INFO - Dependencies all met for <TaskInstance: ETL_Raízen.convert_xls_into_xlsx scheduled__2022-08-11T23:30:00+00:00 [queued]>
[2022-08-12 10:00:16,402] {taskinstance.py:1356} INFO - 
--------------------------------------------------------------------------------
[2022-08-12 10:00:16,404] {taskinstance.py:1357} INFO - Starting attempt 1 of 1
[2022-08-12 10:00:16,414] {taskinstance.py:1358} INFO - 
--------------------------------------------------------------------------------
[2022-08-12 10:00:16,540] {taskinstance.py:1377} INFO - Executing <Task(PythonOperator): convert_xls_into_xlsx> on 2022-08-11 23:30:00+00:00
[2022-08-12 10:00:16,588] {standard_task_runner.py:52} INFO - Started process 132 to run task
[2022-08-12 10:00:16,602] {standard_task_runner.py:79} INFO - Running: ['***', 'tasks', 'run', 'ETL_Raízen', 'convert_xls_into_xlsx', 'scheduled__2022-08-11T23:30:00+00:00', '--job-id', '106', '--raw', '--subdir', 'DAGS_FOLDER/ETL_Raizen.py', '--cfg-path', '/tmp/tmpgqqccrc5', '--error-file', '/tmp/tmprf19e73t']
[2022-08-12 10:00:16,614] {standard_task_runner.py:80} INFO - Job 106: Subtask convert_xls_into_xlsx
[2022-08-12 10:00:16,925] {task_command.py:369} INFO - Running <TaskInstance: ETL_Raízen.convert_xls_into_xlsx scheduled__2022-08-11T23:30:00+00:00 [running]> on host 53e7d4a502e6
[2022-08-12 10:00:17,334] {taskinstance.py:1571} INFO - Exporting the following env vars:
AIRFLOW_CTX_DAG_OWNER=***
AIRFLOW_CTX_DAG_ID=ETL_Raízen
AIRFLOW_CTX_TASK_ID=convert_xls_into_xlsx
AIRFLOW_CTX_EXECUTION_DATE=2022-08-11T23:30:00+00:00
AIRFLOW_CTX_TRY_NUMBER=1
AIRFLOW_CTX_DAG_RUN_ID=scheduled__2022-08-11T23:30:00+00:00
[2022-08-12 10:00:17,340] {ETL_Raizen.py:48} INFO - Converting file .xls into .xlsx using libreoffice
[2022-08-12 10:01:15,568] {ETL_Raizen.py:50} INFO - File .xls succesfully converted into .xlsx
[2022-08-12 10:01:15,584] {python.py:173} INFO - Done. Returned value was: None
[2022-08-12 10:01:15,851] {taskinstance.py:1400} INFO - Marking task as SUCCESS. dag_id=ETL_Raízen, task_id=convert_xls_into_xlsx, execution_date=20220811T233000, start_date=20220812T100016, end_date=20220812T100115
[2022-08-12 10:01:16,218] {local_task_job.py:156} INFO - Task exited with return code 0
[2022-08-12 10:01:16,624] {local_task_job.py:273} INFO - 0 downstream tasks scheduled from follow-on schedule check
