[2022-08-13 12:19:34,732] {taskinstance.py:1159} INFO - Dependencies all met for <TaskInstance: ETL_Raízen.download_raw_data manual__2022-08-13T12:19:31.927138+00:00 [queued]>
[2022-08-13 12:19:34,746] {taskinstance.py:1159} INFO - Dependencies all met for <TaskInstance: ETL_Raízen.download_raw_data manual__2022-08-13T12:19:31.927138+00:00 [queued]>
[2022-08-13 12:19:34,748] {taskinstance.py:1356} INFO - 
--------------------------------------------------------------------------------
[2022-08-13 12:19:34,749] {taskinstance.py:1357} INFO - Starting attempt 1 of 1
[2022-08-13 12:19:34,750] {taskinstance.py:1358} INFO - 
--------------------------------------------------------------------------------
[2022-08-13 12:19:34,768] {taskinstance.py:1377} INFO - Executing <Task(PythonOperator): download_raw_data> on 2022-08-13 12:19:31.927138+00:00
[2022-08-13 12:19:34,773] {standard_task_runner.py:52} INFO - Started process 3977 to run task
[2022-08-13 12:19:34,777] {standard_task_runner.py:79} INFO - Running: ['***', 'tasks', 'run', 'ETL_Raízen', 'download_raw_data', 'manual__2022-08-13T12:19:31.927138+00:00', '--job-id', '349', '--raw', '--subdir', 'DAGS_FOLDER/ETL_Raizen.py', '--cfg-path', '/tmp/tmp5t44n2cu', '--error-file', '/tmp/tmp539_u4x4']
[2022-08-13 12:19:34,778] {standard_task_runner.py:80} INFO - Job 349: Subtask download_raw_data
[2022-08-13 12:19:34,852] {task_command.py:369} INFO - Running <TaskInstance: ETL_Raízen.download_raw_data manual__2022-08-13T12:19:31.927138+00:00 [running]> on host 4bbb34367c41
[2022-08-13 12:19:35,021] {taskinstance.py:1571} INFO - Exporting the following env vars:
AIRFLOW_CTX_DAG_OWNER=***
AIRFLOW_CTX_DAG_ID=ETL_Raízen
AIRFLOW_CTX_TASK_ID=download_raw_data
AIRFLOW_CTX_EXECUTION_DATE=2022-08-13T12:19:31.927138+00:00
AIRFLOW_CTX_TRY_NUMBER=1
AIRFLOW_CTX_DAG_RUN_ID=manual__2022-08-13T12:19:31.927138+00:00
[2022-08-13 12:19:35,023] {ETL_Raizen.py:40} INFO - Downloading .xls raw data
[2022-08-13 12:19:37,660] {ETL_Raizen.py:42} INFO - Succesfully downloaded .xls raw data
[2022-08-13 12:19:37,661] {python.py:173} INFO - Done. Returned value was: None
[2022-08-13 12:19:37,679] {taskinstance.py:1400} INFO - Marking task as SUCCESS. dag_id=ETL_Raízen, task_id=download_raw_data, execution_date=20220813T121931, start_date=20220813T121934, end_date=20220813T121937
[2022-08-13 12:19:37,728] {local_task_job.py:156} INFO - Task exited with return code 0
[2022-08-13 12:19:37,782] {local_task_job.py:273} INFO - 1 downstream tasks scheduled from follow-on schedule check
