[2022-08-12 11:15:48,509] {taskinstance.py:1159} INFO - Dependencies all met for <TaskInstance: ETL_Raízen.extract_sheets manual__2022-08-12T11:15:36.213607+00:00 [queued]>
[2022-08-12 11:15:48,520] {taskinstance.py:1159} INFO - Dependencies all met for <TaskInstance: ETL_Raízen.extract_sheets manual__2022-08-12T11:15:36.213607+00:00 [queued]>
[2022-08-12 11:15:48,521] {taskinstance.py:1356} INFO - 
--------------------------------------------------------------------------------
[2022-08-12 11:15:48,522] {taskinstance.py:1357} INFO - Starting attempt 1 of 1
[2022-08-12 11:15:48,523] {taskinstance.py:1358} INFO - 
--------------------------------------------------------------------------------
[2022-08-12 11:15:48,538] {taskinstance.py:1377} INFO - Executing <Task(PythonOperator): extract_sheets> on 2022-08-12 11:15:36.213607+00:00
[2022-08-12 11:15:48,546] {standard_task_runner.py:52} INFO - Started process 1067 to run task
[2022-08-12 11:15:48,550] {standard_task_runner.py:79} INFO - Running: ['***', 'tasks', 'run', 'ETL_Raízen', 'extract_sheets', 'manual__2022-08-12T11:15:36.213607+00:00', '--job-id', '141', '--raw', '--subdir', 'DAGS_FOLDER/ETL_Raizen.py', '--cfg-path', '/tmp/tmpluv86fgh', '--error-file', '/tmp/tmpq8rp95g8']
[2022-08-12 11:15:48,552] {standard_task_runner.py:80} INFO - Job 141: Subtask extract_sheets
[2022-08-12 11:15:48,617] {task_command.py:369} INFO - Running <TaskInstance: ETL_Raízen.extract_sheets manual__2022-08-12T11:15:36.213607+00:00 [running]> on host a471224fadbb
[2022-08-12 11:15:48,700] {taskinstance.py:1571} INFO - Exporting the following env vars:
AIRFLOW_CTX_DAG_OWNER=***
AIRFLOW_CTX_DAG_ID=ETL_Raízen
AIRFLOW_CTX_TASK_ID=extract_sheets
AIRFLOW_CTX_EXECUTION_DATE=2022-08-12T11:15:36.213607+00:00
AIRFLOW_CTX_TRY_NUMBER=1
AIRFLOW_CTX_DAG_RUN_ID=manual__2022-08-12T11:15:36.213607+00:00
[2022-08-12 11:15:48,702] {ETL_Raizen.py:68} INFO - Extracting sheet DPCache_m3
[2022-08-12 11:15:52,763] {ETL_Raizen.py:71} INFO - Sheet DPCache_m3 succesfully extracted
[2022-08-12 11:15:52,764] {ETL_Raizen.py:68} INFO - Extracting sheet DPCache_m3_2
[2022-08-12 11:15:53,649] {ETL_Raizen.py:71} INFO - Sheet DPCache_m3_2 succesfully extracted
[2022-08-12 11:15:53,650] {python.py:173} INFO - Done. Returned value was: None
[2022-08-12 11:15:53,665] {taskinstance.py:1400} INFO - Marking task as SUCCESS. dag_id=ETL_Raízen, task_id=extract_sheets, execution_date=20220812T111536, start_date=20220812T111548, end_date=20220812T111553
[2022-08-12 11:15:53,722] {local_task_job.py:156} INFO - Task exited with return code 0
[2022-08-12 11:15:53,766] {local_task_job.py:273} INFO - 1 downstream tasks scheduled from follow-on schedule check
