[2022-08-11 22:47:00,971] {taskinstance.py:1159} INFO - Dependencies all met for <TaskInstance: ETL_Raízen.data_transformation manual__2022-08-11T22:40:18.066568+00:00 [queued]>
[2022-08-11 22:47:00,998] {taskinstance.py:1159} INFO - Dependencies all met for <TaskInstance: ETL_Raízen.data_transformation manual__2022-08-11T22:40:18.066568+00:00 [queued]>
[2022-08-11 22:47:00,998] {taskinstance.py:1356} INFO - 
--------------------------------------------------------------------------------
[2022-08-11 22:47:00,999] {taskinstance.py:1357} INFO - Starting attempt 1 of 1
[2022-08-11 22:47:01,000] {taskinstance.py:1358} INFO - 
--------------------------------------------------------------------------------
[2022-08-11 22:47:01,040] {taskinstance.py:1377} INFO - Executing <Task(PythonOperator): data_transformation> on 2022-08-11 22:40:18.066568+00:00
[2022-08-11 22:47:01,055] {standard_task_runner.py:52} INFO - Started process 4219 to run task
[2022-08-11 22:47:01,062] {standard_task_runner.py:79} INFO - Running: ['***', 'tasks', 'run', 'ETL_Raízen', 'data_transformation', 'manual__2022-08-11T22:40:18.066568+00:00', '--job-id', '64', '--raw', '--subdir', 'DAGS_FOLDER/ETL_Raizen.py', '--cfg-path', '/tmp/tmpy6xpggrb', '--error-file', '/tmp/tmp4_fx8p9x']
[2022-08-11 22:47:01,064] {standard_task_runner.py:80} INFO - Job 64: Subtask data_transformation
[2022-08-11 22:47:01,203] {task_command.py:369} INFO - Running <TaskInstance: ETL_Raízen.data_transformation manual__2022-08-11T22:40:18.066568+00:00 [running]> on host 53e7d4a502e6
[2022-08-11 22:47:01,573] {taskinstance.py:1571} INFO - Exporting the following env vars:
AIRFLOW_CTX_DAG_OWNER=***
AIRFLOW_CTX_DAG_ID=ETL_Raízen
AIRFLOW_CTX_TASK_ID=data_transformation
AIRFLOW_CTX_EXECUTION_DATE=2022-08-11T22:40:18.066568+00:00
AIRFLOW_CTX_TRY_NUMBER=1
AIRFLOW_CTX_DAG_RUN_ID=manual__2022-08-11T22:40:18.066568+00:00
[2022-08-11 22:47:01,582] {ETL_Raizen.py:81} INFO - Processing data of sheet DPCache_m3
[2022-08-11 22:47:01,588] {taskinstance.py:1889} ERROR - Task failed with exception
Traceback (most recent call last):
  File "/home/airflow/.local/lib/python3.7/site-packages/airflow/operators/python.py", line 171, in execute
    return_value = self.execute_callable()
  File "/home/airflow/.local/lib/python3.7/site-packages/airflow/operators/python.py", line 189, in execute_callable
    return self.python_callable(*self.op_args, **self.op_kwargs)
  File "/opt/airflow/dags/ETL_Raizen.py", line 82, in data_transformation
    df = pd.read_excel('./{i}.xlsx')
  File "/home/airflow/.local/lib/python3.7/site-packages/pandas/util/_decorators.py", line 311, in wrapper
    return func(*args, **kwargs)
  File "/home/airflow/.local/lib/python3.7/site-packages/pandas/io/excel/_base.py", line 364, in read_excel
    io = ExcelFile(io, storage_options=storage_options, engine=engine)
  File "/home/airflow/.local/lib/python3.7/site-packages/pandas/io/excel/_base.py", line 1192, in __init__
    content_or_path=path_or_buffer, storage_options=storage_options
  File "/home/airflow/.local/lib/python3.7/site-packages/pandas/io/excel/_base.py", line 1071, in inspect_excel_format
    content_or_path, "rb", storage_options=storage_options, is_text=False
  File "/home/airflow/.local/lib/python3.7/site-packages/pandas/io/common.py", line 711, in get_handle
    handle = open(handle, ioargs.mode)
FileNotFoundError: [Errno 2] No such file or directory: './{i}.xlsx'
[2022-08-11 22:47:01,628] {taskinstance.py:1400} INFO - Marking task as FAILED. dag_id=ETL_Raízen, task_id=data_transformation, execution_date=20220811T224018, start_date=20220811T224700, end_date=20220811T224701
[2022-08-11 22:47:01,659] {standard_task_runner.py:97} ERROR - Failed to execute job 64 for task data_transformation ([Errno 2] No such file or directory: './{i}.xlsx'; 4219)
[2022-08-11 22:47:01,732] {local_task_job.py:156} INFO - Task exited with return code 1
[2022-08-11 22:47:01,855] {local_task_job.py:273} INFO - 0 downstream tasks scheduled from follow-on schedule check
