[2022-08-12 19:47:12,743] {taskinstance.py:1159} INFO - Dependencies all met for <TaskInstance: ETL_Raízen.download_raw_data scheduled__2022-08-12T18:30:00+00:00 [queued]>
[2022-08-12 19:47:12,767] {taskinstance.py:1159} INFO - Dependencies all met for <TaskInstance: ETL_Raízen.download_raw_data scheduled__2022-08-12T18:30:00+00:00 [queued]>
[2022-08-12 19:47:12,768] {taskinstance.py:1356} INFO - 
--------------------------------------------------------------------------------
[2022-08-12 19:47:12,769] {taskinstance.py:1357} INFO - Starting attempt 1 of 1
[2022-08-12 19:47:12,770] {taskinstance.py:1358} INFO - 
--------------------------------------------------------------------------------
[2022-08-12 19:47:12,818] {taskinstance.py:1377} INFO - Executing <Task(PythonOperator): download_raw_data> on 2022-08-12 18:30:00+00:00
[2022-08-12 19:47:12,832] {standard_task_runner.py:52} INFO - Started process 83 to run task
[2022-08-12 19:47:12,844] {standard_task_runner.py:79} INFO - Running: ['***', 'tasks', 'run', 'ETL_Raízen', 'download_raw_data', 'scheduled__2022-08-12T18:30:00+00:00', '--job-id', '211', '--raw', '--subdir', 'DAGS_FOLDER/ETL_Raizen.py', '--cfg-path', '/tmp/tmpwextgo86', '--error-file', '/tmp/tmpz86lhkv2']
[2022-08-12 19:47:12,846] {standard_task_runner.py:80} INFO - Job 211: Subtask download_raw_data
[2022-08-12 19:47:13,067] {task_command.py:369} INFO - Running <TaskInstance: ETL_Raízen.download_raw_data scheduled__2022-08-12T18:30:00+00:00 [running]> on host 3c4d8e0d9450
[2022-08-12 19:47:13,311] {taskinstance.py:1571} INFO - Exporting the following env vars:
AIRFLOW_CTX_DAG_OWNER=***
AIRFLOW_CTX_DAG_ID=ETL_Raízen
AIRFLOW_CTX_TASK_ID=download_raw_data
AIRFLOW_CTX_EXECUTION_DATE=2022-08-12T18:30:00+00:00
AIRFLOW_CTX_TRY_NUMBER=1
AIRFLOW_CTX_DAG_RUN_ID=scheduled__2022-08-12T18:30:00+00:00
[2022-08-12 19:47:13,314] {ETL_Raizen.py:40} INFO - Downloading .xls raw data
[2022-08-12 19:47:23,938] {ETL_Raizen.py:42} INFO - Succesfully downloaded .xls raw data
[2022-08-12 19:47:23,938] {python.py:173} INFO - Done. Returned value was: None
[2022-08-12 19:47:23,961] {taskinstance.py:1400} INFO - Marking task as SUCCESS. dag_id=ETL_Raízen, task_id=download_raw_data, execution_date=20220812T183000, start_date=20220812T194712, end_date=20220812T194723
[2022-08-12 19:47:24,023] {local_task_job.py:156} INFO - Task exited with return code 0
[2022-08-12 19:47:24,070] {local_task_job.py:273} INFO - 1 downstream tasks scheduled from follow-on schedule check
