[2022-08-12 11:15:39,697] {taskinstance.py:1159} INFO - Dependencies all met for <TaskInstance: ETL_Raízen.download_raw_data manual__2022-08-12T11:15:36.213607+00:00 [queued]>
[2022-08-12 11:15:39,708] {taskinstance.py:1159} INFO - Dependencies all met for <TaskInstance: ETL_Raízen.download_raw_data manual__2022-08-12T11:15:36.213607+00:00 [queued]>
[2022-08-12 11:15:39,709] {taskinstance.py:1356} INFO - 
--------------------------------------------------------------------------------
[2022-08-12 11:15:39,711] {taskinstance.py:1357} INFO - Starting attempt 1 of 1
[2022-08-12 11:15:39,711] {taskinstance.py:1358} INFO - 
--------------------------------------------------------------------------------
[2022-08-12 11:15:39,728] {taskinstance.py:1377} INFO - Executing <Task(PythonOperator): download_raw_data> on 2022-08-12 11:15:36.213607+00:00
[2022-08-12 11:15:39,735] {standard_task_runner.py:52} INFO - Started process 960 to run task
[2022-08-12 11:15:39,739] {standard_task_runner.py:79} INFO - Running: ['***', 'tasks', 'run', 'ETL_Raízen', 'download_raw_data', 'manual__2022-08-12T11:15:36.213607+00:00', '--job-id', '139', '--raw', '--subdir', 'DAGS_FOLDER/ETL_Raizen.py', '--cfg-path', '/tmp/tmpbp9nmnng', '--error-file', '/tmp/tmpfy951o1z']
[2022-08-12 11:15:39,740] {standard_task_runner.py:80} INFO - Job 139: Subtask download_raw_data
[2022-08-12 11:15:39,811] {task_command.py:369} INFO - Running <TaskInstance: ETL_Raízen.download_raw_data manual__2022-08-12T11:15:36.213607+00:00 [running]> on host a471224fadbb
[2022-08-12 11:15:39,918] {taskinstance.py:1571} INFO - Exporting the following env vars:
AIRFLOW_CTX_DAG_OWNER=***
AIRFLOW_CTX_DAG_ID=ETL_Raízen
AIRFLOW_CTX_TASK_ID=download_raw_data
AIRFLOW_CTX_EXECUTION_DATE=2022-08-12T11:15:36.213607+00:00
AIRFLOW_CTX_TRY_NUMBER=1
AIRFLOW_CTX_DAG_RUN_ID=manual__2022-08-12T11:15:36.213607+00:00
[2022-08-12 11:15:39,920] {ETL_Raizen.py:40} INFO - Downloading .xls raw data
[2022-08-12 11:15:42,255] {ETL_Raizen.py:42} INFO - Succesfully downloaded .xls raw data
[2022-08-12 11:15:42,256] {python.py:173} INFO - Done. Returned value was: None
[2022-08-12 11:15:42,277] {taskinstance.py:1400} INFO - Marking task as SUCCESS. dag_id=ETL_Raízen, task_id=download_raw_data, execution_date=20220812T111536, start_date=20220812T111539, end_date=20220812T111542
[2022-08-12 11:15:42,330] {local_task_job.py:156} INFO - Task exited with return code 0
[2022-08-12 11:15:42,402] {local_task_job.py:273} INFO - 1 downstream tasks scheduled from follow-on schedule check
