[2022-08-12 10:20:11,121] {taskinstance.py:1159} INFO - Dependencies all met for <TaskInstance: ETL_Raízen.extract_sheets manual__2022-08-12T10:19:47.865858+00:00 [queued]>
[2022-08-12 10:20:11,134] {taskinstance.py:1159} INFO - Dependencies all met for <TaskInstance: ETL_Raízen.extract_sheets manual__2022-08-12T10:19:47.865858+00:00 [queued]>
[2022-08-12 10:20:11,134] {taskinstance.py:1356} INFO - 
--------------------------------------------------------------------------------
[2022-08-12 10:20:11,135] {taskinstance.py:1357} INFO - Starting attempt 1 of 1
[2022-08-12 10:20:11,135] {taskinstance.py:1358} INFO - 
--------------------------------------------------------------------------------
[2022-08-12 10:20:11,155] {taskinstance.py:1377} INFO - Executing <Task(PythonOperator): extract_sheets> on 2022-08-12 10:19:47.865858+00:00
[2022-08-12 10:20:11,162] {standard_task_runner.py:52} INFO - Started process 251 to run task
[2022-08-12 10:20:11,167] {standard_task_runner.py:79} INFO - Running: ['***', 'tasks', 'run', 'ETL_Raízen', 'extract_sheets', 'manual__2022-08-12T10:19:47.865858+00:00', '--job-id', '115', '--raw', '--subdir', 'DAGS_FOLDER/ETL_Raizen.py', '--cfg-path', '/tmp/tmptgkq0z4n', '--error-file', '/tmp/tmpoarmi90n']
[2022-08-12 10:20:11,168] {standard_task_runner.py:80} INFO - Job 115: Subtask extract_sheets
[2022-08-12 10:20:11,241] {task_command.py:369} INFO - Running <TaskInstance: ETL_Raízen.extract_sheets manual__2022-08-12T10:19:47.865858+00:00 [running]> on host cc218c529e98
[2022-08-12 10:20:11,318] {taskinstance.py:1571} INFO - Exporting the following env vars:
AIRFLOW_CTX_DAG_OWNER=***
AIRFLOW_CTX_DAG_ID=ETL_Raízen
AIRFLOW_CTX_TASK_ID=extract_sheets
AIRFLOW_CTX_EXECUTION_DATE=2022-08-12T10:19:47.865858+00:00
AIRFLOW_CTX_TRY_NUMBER=1
AIRFLOW_CTX_DAG_RUN_ID=manual__2022-08-12T10:19:47.865858+00:00
[2022-08-12 10:20:11,320] {ETL_Raizen.py:71} INFO - Extracting sheet DPCache_m3
[2022-08-12 10:21:13,133] {ETL_Raizen.py:74} INFO - Sheet DPCache_m3 succesfully extracted
[2022-08-12 10:21:13,134] {ETL_Raizen.py:71} INFO - Extracting sheet DPCache_m3_2
[2022-08-12 10:22:18,585] {ETL_Raizen.py:74} INFO - Sheet DPCache_m3_2 succesfully extracted
[2022-08-12 10:22:18,588] {python.py:173} INFO - Done. Returned value was: None
[2022-08-12 10:22:18,609] {taskinstance.py:1400} INFO - Marking task as SUCCESS. dag_id=ETL_Raízen, task_id=extract_sheets, execution_date=20220812T101947, start_date=20220812T102011, end_date=20220812T102218
[2022-08-12 10:22:18,690] {local_task_job.py:156} INFO - Task exited with return code 0
[2022-08-12 10:22:18,731] {local_task_job.py:273} INFO - 1 downstream tasks scheduled from follow-on schedule check
