[2022-08-11 22:07:33,355] {taskinstance.py:1159} INFO - Dependencies all met for <TaskInstance: ETL_Raízen.extract_sheets manual__2022-08-11T22:07:10.439460+00:00 [queued]>
[2022-08-11 22:07:33,376] {taskinstance.py:1159} INFO - Dependencies all met for <TaskInstance: ETL_Raízen.extract_sheets manual__2022-08-11T22:07:10.439460+00:00 [queued]>
[2022-08-11 22:07:33,377] {taskinstance.py:1356} INFO - 
--------------------------------------------------------------------------------
[2022-08-11 22:07:33,378] {taskinstance.py:1357} INFO - Starting attempt 1 of 1
[2022-08-11 22:07:33,379] {taskinstance.py:1358} INFO - 
--------------------------------------------------------------------------------
[2022-08-11 22:07:33,423] {taskinstance.py:1377} INFO - Executing <Task(PythonOperator): extract_sheets> on 2022-08-11 22:07:10.439460+00:00
[2022-08-11 22:07:33,436] {standard_task_runner.py:52} INFO - Started process 2138 to run task
[2022-08-11 22:07:33,443] {standard_task_runner.py:79} INFO - Running: ['***', 'tasks', 'run', 'ETL_Raízen', 'extract_sheets', 'manual__2022-08-11T22:07:10.439460+00:00', '--job-id', '33', '--raw', '--subdir', 'DAGS_FOLDER/ETL_Raizen.py', '--cfg-path', '/tmp/tmpfl_utxy4', '--error-file', '/tmp/tmplohq_6n7']
[2022-08-11 22:07:33,445] {standard_task_runner.py:80} INFO - Job 33: Subtask extract_sheets
[2022-08-11 22:07:33,582] {task_command.py:369} INFO - Running <TaskInstance: ETL_Raízen.extract_sheets manual__2022-08-11T22:07:10.439460+00:00 [running]> on host 53e7d4a502e6
[2022-08-11 22:07:33,835] {taskinstance.py:1571} INFO - Exporting the following env vars:
AIRFLOW_CTX_DAG_OWNER=***
AIRFLOW_CTX_DAG_ID=ETL_Raízen
AIRFLOW_CTX_TASK_ID=extract_sheets
AIRFLOW_CTX_EXECUTION_DATE=2022-08-11T22:07:10.439460+00:00
AIRFLOW_CTX_TRY_NUMBER=1
AIRFLOW_CTX_DAG_RUN_ID=manual__2022-08-11T22:07:10.439460+00:00
[2022-08-11 22:07:33,858] {taskinstance.py:1889} ERROR - Task failed with exception
Traceback (most recent call last):
  File "/home/airflow/.local/lib/python3.7/site-packages/airflow/operators/python.py", line 171, in execute
    return_value = self.execute_callable()
  File "/home/airflow/.local/lib/python3.7/site-packages/airflow/operators/python.py", line 189, in execute_callable
    return self.python_callable(*self.op_args, **self.op_kwargs)
TypeError: extract_sheets() missing 1 required positional argument: 'list_specific_sheets'
[2022-08-11 22:07:33,970] {taskinstance.py:1400} INFO - Marking task as FAILED. dag_id=ETL_Raízen, task_id=extract_sheets, execution_date=20220811T220710, start_date=20220811T220733, end_date=20220811T220733
[2022-08-11 22:07:34,074] {standard_task_runner.py:97} ERROR - Failed to execute job 33 for task extract_sheets (extract_sheets() missing 1 required positional argument: 'list_specific_sheets'; 2138)
[2022-08-11 22:07:34,153] {local_task_job.py:156} INFO - Task exited with return code 1
[2022-08-11 22:07:34,363] {local_task_job.py:273} INFO - 0 downstream tasks scheduled from follow-on schedule check
