[2022-08-12 11:30:06,418] {taskinstance.py:1159} INFO - Dependencies all met for <TaskInstance: ETL_Raízen.convert_xls_into_xlsx scheduled__2022-08-12T10:30:00+00:00 [queued]>
[2022-08-12 11:30:06,429] {taskinstance.py:1159} INFO - Dependencies all met for <TaskInstance: ETL_Raízen.convert_xls_into_xlsx scheduled__2022-08-12T10:30:00+00:00 [queued]>
[2022-08-12 11:30:06,430] {taskinstance.py:1356} INFO - 
--------------------------------------------------------------------------------
[2022-08-12 11:30:06,430] {taskinstance.py:1357} INFO - Starting attempt 1 of 1
[2022-08-12 11:30:06,431] {taskinstance.py:1358} INFO - 
--------------------------------------------------------------------------------
[2022-08-12 11:30:06,448] {taskinstance.py:1377} INFO - Executing <Task(PythonOperator): convert_xls_into_xlsx> on 2022-08-12 10:30:00+00:00
[2022-08-12 11:30:06,495] {standard_task_runner.py:52} INFO - Started process 526 to run task
[2022-08-12 11:30:06,502] {standard_task_runner.py:79} INFO - Running: ['***', 'tasks', 'run', 'ETL_Raízen', 'convert_xls_into_xlsx', 'scheduled__2022-08-12T10:30:00+00:00', '--job-id', '156', '--raw', '--subdir', 'DAGS_FOLDER/ETL_Raizen.py', '--cfg-path', '/tmp/tmptz_mydiv', '--error-file', '/tmp/tmpza5tphut']
[2022-08-12 11:30:06,503] {standard_task_runner.py:80} INFO - Job 156: Subtask convert_xls_into_xlsx
[2022-08-12 11:30:06,595] {task_command.py:369} INFO - Running <TaskInstance: ETL_Raízen.convert_xls_into_xlsx scheduled__2022-08-12T10:30:00+00:00 [running]> on host 339bb6bdb89c
[2022-08-12 11:30:06,678] {taskinstance.py:1571} INFO - Exporting the following env vars:
AIRFLOW_CTX_DAG_OWNER=***
AIRFLOW_CTX_DAG_ID=ETL_Raízen
AIRFLOW_CTX_TASK_ID=convert_xls_into_xlsx
AIRFLOW_CTX_EXECUTION_DATE=2022-08-12T10:30:00+00:00
AIRFLOW_CTX_TRY_NUMBER=1
AIRFLOW_CTX_DAG_RUN_ID=scheduled__2022-08-12T10:30:00+00:00
[2022-08-12 11:30:06,679] {ETL_Raizen.py:46} INFO - Converting file .xls into .xlsx using libreoffice
[2022-08-12 11:30:09,318] {ETL_Raizen.py:48} INFO - File .xls succesfully converted into .xlsx
[2022-08-12 11:30:09,319] {python.py:173} INFO - Done. Returned value was: None
[2022-08-12 11:30:09,332] {taskinstance.py:1400} INFO - Marking task as SUCCESS. dag_id=ETL_Raízen, task_id=convert_xls_into_xlsx, execution_date=20220812T103000, start_date=20220812T113006, end_date=20220812T113009
[2022-08-12 11:30:09,368] {local_task_job.py:156} INFO - Task exited with return code 0
[2022-08-12 11:30:09,418] {local_task_job.py:273} INFO - 1 downstream tasks scheduled from follow-on schedule check
