[2022-08-13 12:18:15,445] {taskinstance.py:1159} INFO - Dependencies all met for <TaskInstance: ETL_Raízen.create_database_from_parquet manual__2022-08-13T12:17:33.304434+00:00 [queued]>
[2022-08-13 12:18:15,483] {taskinstance.py:1159} INFO - Dependencies all met for <TaskInstance: ETL_Raízen.create_database_from_parquet manual__2022-08-13T12:17:33.304434+00:00 [queued]>
[2022-08-13 12:18:15,488] {taskinstance.py:1356} INFO - 
--------------------------------------------------------------------------------
[2022-08-13 12:18:15,493] {taskinstance.py:1357} INFO - Starting attempt 1 of 1
[2022-08-13 12:18:15,494] {taskinstance.py:1358} INFO - 
--------------------------------------------------------------------------------
[2022-08-13 12:18:15,540] {taskinstance.py:1377} INFO - Executing <Task(PythonOperator): create_database_from_parquet> on 2022-08-13 12:17:33.304434+00:00
[2022-08-13 12:18:15,549] {standard_task_runner.py:52} INFO - Started process 3892 to run task
[2022-08-13 12:18:15,559] {standard_task_runner.py:79} INFO - Running: ['***', 'tasks', 'run', 'ETL_Raízen', 'create_database_from_parquet', 'manual__2022-08-13T12:17:33.304434+00:00', '--job-id', '347', '--raw', '--subdir', 'DAGS_FOLDER/ETL_Raizen.py', '--cfg-path', '/tmp/tmpj7xq7jz2', '--error-file', '/tmp/tmp33yaudfj']
[2022-08-13 12:18:15,562] {standard_task_runner.py:80} INFO - Job 347: Subtask create_database_from_parquet
[2022-08-13 12:18:15,692] {task_command.py:369} INFO - Running <TaskInstance: ETL_Raízen.create_database_from_parquet manual__2022-08-13T12:17:33.304434+00:00 [running]> on host 4bbb34367c41
[2022-08-13 12:18:15,859] {taskinstance.py:1571} INFO - Exporting the following env vars:
AIRFLOW_CTX_DAG_OWNER=***
AIRFLOW_CTX_DAG_ID=ETL_Raízen
AIRFLOW_CTX_TASK_ID=create_database_from_parquet
AIRFLOW_CTX_EXECUTION_DATE=2022-08-13T12:17:33.304434+00:00
AIRFLOW_CTX_TRY_NUMBER=1
AIRFLOW_CTX_DAG_RUN_ID=manual__2022-08-13T12:17:33.304434+00:00
[2022-08-13 12:18:15,862] {ETL_Raizen.py:117} INFO - Creating database to insert data into table oil_derivative
[2022-08-13 12:18:16,621] {logging_mixin.py:115} INFO - Index(['uf', 'unit', 'volume', 'created_at', 'product', 'year_month'], dtype='object')
[2022-08-13 12:18:16,622] {ETL_Raizen.py:129} INFO - Creating table oil_derivative
[2022-08-13 12:18:16,622] {ETL_Raizen.py:134} INFO - Inserting data into table oil_derivative
[2022-08-13 12:18:16,645] {taskinstance.py:1889} ERROR - Task failed with exception
Traceback (most recent call last):
  File "/home/airflow/.local/lib/python3.7/site-packages/airflow/operators/python.py", line 171, in execute
    return_value = self.execute_callable()
  File "/home/airflow/.local/lib/python3.7/site-packages/airflow/operators/python.py", line 189, in execute_callable
    return self.python_callable(*self.op_args, **self.op_kwargs)
  File "/opt/airflow/dags/ETL_Raizen.py", line 137, in create_database_from_parquet
    VALUES("{row[1]}", "{row[2]}", "{row[3]}", {row[4]}, "{row[5]}", "{row[6]}")""")
sqlite3.OperationalError: near "12": syntax error
[2022-08-13 12:18:16,661] {taskinstance.py:1400} INFO - Marking task as FAILED. dag_id=ETL_Raízen, task_id=create_database_from_parquet, execution_date=20220813T121733, start_date=20220813T121815, end_date=20220813T121816
[2022-08-13 12:18:16,681] {standard_task_runner.py:97} ERROR - Failed to execute job 347 for task create_database_from_parquet (near "12": syntax error; 3892)
[2022-08-13 12:18:16,738] {local_task_job.py:156} INFO - Task exited with return code 1
[2022-08-13 12:18:16,784] {local_task_job.py:273} INFO - 0 downstream tasks scheduled from follow-on schedule check
