[2022-08-11 22:07:15,630] {taskinstance.py:1159} INFO - Dependencies all met for <TaskInstance: ETL_Raízen.creating_raw_data_dir manual__2022-08-11T22:07:10.439460+00:00 [queued]>
[2022-08-11 22:07:15,677] {taskinstance.py:1159} INFO - Dependencies all met for <TaskInstance: ETL_Raízen.creating_raw_data_dir manual__2022-08-11T22:07:10.439460+00:00 [queued]>
[2022-08-11 22:07:15,679] {taskinstance.py:1356} INFO - 
--------------------------------------------------------------------------------
[2022-08-11 22:07:15,680] {taskinstance.py:1357} INFO - Starting attempt 1 of 1
[2022-08-11 22:07:15,681] {taskinstance.py:1358} INFO - 
--------------------------------------------------------------------------------
[2022-08-11 22:07:15,749] {taskinstance.py:1377} INFO - Executing <Task(PythonOperator): creating_raw_data_dir> on 2022-08-11 22:07:10.439460+00:00
[2022-08-11 22:07:15,765] {standard_task_runner.py:52} INFO - Started process 2080 to run task
[2022-08-11 22:07:15,779] {standard_task_runner.py:79} INFO - Running: ['***', 'tasks', 'run', 'ETL_Raízen', 'creating_raw_data_dir', 'manual__2022-08-11T22:07:10.439460+00:00', '--job-id', '30', '--raw', '--subdir', 'DAGS_FOLDER/ETL_Raizen.py', '--cfg-path', '/tmp/tmpqqez88ht', '--error-file', '/tmp/tmp1rw97vat']
[2022-08-11 22:07:15,784] {standard_task_runner.py:80} INFO - Job 30: Subtask creating_raw_data_dir
[2022-08-11 22:07:16,030] {task_command.py:369} INFO - Running <TaskInstance: ETL_Raízen.creating_raw_data_dir manual__2022-08-11T22:07:10.439460+00:00 [running]> on host 53e7d4a502e6
[2022-08-11 22:07:16,375] {taskinstance.py:1571} INFO - Exporting the following env vars:
AIRFLOW_CTX_DAG_OWNER=***
AIRFLOW_CTX_DAG_ID=ETL_Raízen
AIRFLOW_CTX_TASK_ID=creating_raw_data_dir
AIRFLOW_CTX_EXECUTION_DATE=2022-08-11T22:07:10.439460+00:00
AIRFLOW_CTX_TRY_NUMBER=1
AIRFLOW_CTX_DAG_RUN_ID=manual__2022-08-11T22:07:10.439460+00:00
[2022-08-11 22:07:16,379] {ETL_Raizen.py:28} INFO - Dir already exists
[2022-08-11 22:07:16,385] {python.py:173} INFO - Done. Returned value was: None
[2022-08-11 22:07:16,429] {taskinstance.py:1400} INFO - Marking task as SUCCESS. dag_id=ETL_Raízen, task_id=creating_raw_data_dir, execution_date=20220811T220710, start_date=20220811T220715, end_date=20220811T220716
[2022-08-11 22:07:16,499] {local_task_job.py:156} INFO - Task exited with return code 0
[2022-08-11 22:07:16,674] {local_task_job.py:273} INFO - 1 downstream tasks scheduled from follow-on schedule check
