[2022-08-12 23:31:42,764] {taskinstance.py:1159} INFO - Dependencies all met for <TaskInstance: ETL_Raízen.download_raw_data manual__2022-08-12T23:31:39.663111+00:00 [queued]>
[2022-08-12 23:31:42,780] {taskinstance.py:1159} INFO - Dependencies all met for <TaskInstance: ETL_Raízen.download_raw_data manual__2022-08-12T23:31:39.663111+00:00 [queued]>
[2022-08-12 23:31:42,781] {taskinstance.py:1356} INFO - 
--------------------------------------------------------------------------------
[2022-08-12 23:31:42,782] {taskinstance.py:1357} INFO - Starting attempt 1 of 1
[2022-08-12 23:31:42,782] {taskinstance.py:1358} INFO - 
--------------------------------------------------------------------------------
[2022-08-12 23:31:42,809] {taskinstance.py:1377} INFO - Executing <Task(PythonOperator): download_raw_data> on 2022-08-12 23:31:39.663111+00:00
[2022-08-12 23:31:42,816] {standard_task_runner.py:52} INFO - Started process 10174 to run task
[2022-08-12 23:31:42,822] {standard_task_runner.py:79} INFO - Running: ['***', 'tasks', 'run', 'ETL_Raízen', 'download_raw_data', 'manual__2022-08-12T23:31:39.663111+00:00', '--job-id', '273', '--raw', '--subdir', 'DAGS_FOLDER/ETL_Raizen.py', '--cfg-path', '/tmp/tmp5ao4i7cj', '--error-file', '/tmp/tmpvp4c_0iw']
[2022-08-12 23:31:42,824] {standard_task_runner.py:80} INFO - Job 273: Subtask download_raw_data
[2022-08-12 23:31:42,916] {task_command.py:369} INFO - Running <TaskInstance: ETL_Raízen.download_raw_data manual__2022-08-12T23:31:39.663111+00:00 [running]> on host 4bbb34367c41
[2022-08-12 23:31:43,035] {taskinstance.py:1571} INFO - Exporting the following env vars:
AIRFLOW_CTX_DAG_OWNER=***
AIRFLOW_CTX_DAG_ID=ETL_Raízen
AIRFLOW_CTX_TASK_ID=download_raw_data
AIRFLOW_CTX_EXECUTION_DATE=2022-08-12T23:31:39.663111+00:00
AIRFLOW_CTX_TRY_NUMBER=1
AIRFLOW_CTX_DAG_RUN_ID=manual__2022-08-12T23:31:39.663111+00:00
[2022-08-12 23:31:43,037] {ETL_Raizen.py:40} INFO - Downloading .xls raw data
[2022-08-12 23:32:39,429] {ETL_Raizen.py:42} INFO - Succesfully downloaded .xls raw data
[2022-08-12 23:32:39,430] {python.py:173} INFO - Done. Returned value was: None
[2022-08-12 23:32:39,454] {taskinstance.py:1400} INFO - Marking task as SUCCESS. dag_id=ETL_Raízen, task_id=download_raw_data, execution_date=20220812T233139, start_date=20220812T233142, end_date=20220812T233239
[2022-08-12 23:32:39,510] {local_task_job.py:156} INFO - Task exited with return code 0
[2022-08-12 23:32:39,561] {local_task_job.py:273} INFO - 1 downstream tasks scheduled from follow-on schedule check
