[2022-08-11 22:32:42,562] {taskinstance.py:1159} INFO - Dependencies all met for <TaskInstance: ETL_Raízen.creating_raw_data_dir manual__2022-08-11T22:32:34.972598+00:00 [queued]>
[2022-08-11 22:32:42,633] {taskinstance.py:1159} INFO - Dependencies all met for <TaskInstance: ETL_Raízen.creating_raw_data_dir manual__2022-08-11T22:32:34.972598+00:00 [queued]>
[2022-08-11 22:32:42,634] {taskinstance.py:1356} INFO - 
--------------------------------------------------------------------------------
[2022-08-11 22:32:42,635] {taskinstance.py:1357} INFO - Starting attempt 1 of 1
[2022-08-11 22:32:42,636] {taskinstance.py:1358} INFO - 
--------------------------------------------------------------------------------
[2022-08-11 22:32:42,816] {taskinstance.py:1377} INFO - Executing <Task(PythonOperator): creating_raw_data_dir> on 2022-08-11 22:32:34.972598+00:00
[2022-08-11 22:32:42,833] {standard_task_runner.py:52} INFO - Started process 3518 to run task
[2022-08-11 22:32:42,849] {standard_task_runner.py:79} INFO - Running: ['***', 'tasks', 'run', 'ETL_Raízen', 'creating_raw_data_dir', 'manual__2022-08-11T22:32:34.972598+00:00', '--job-id', '54', '--raw', '--subdir', 'DAGS_FOLDER/ETL_Raizen.py', '--cfg-path', '/tmp/tmp09lrqzkf', '--error-file', '/tmp/tmp4tsdms6y']
[2022-08-11 22:32:42,852] {standard_task_runner.py:80} INFO - Job 54: Subtask creating_raw_data_dir
[2022-08-11 22:32:43,108] {task_command.py:369} INFO - Running <TaskInstance: ETL_Raízen.creating_raw_data_dir manual__2022-08-11T22:32:34.972598+00:00 [running]> on host 53e7d4a502e6
[2022-08-11 22:32:43,365] {taskinstance.py:1571} INFO - Exporting the following env vars:
AIRFLOW_CTX_DAG_OWNER=***
AIRFLOW_CTX_DAG_ID=ETL_Raízen
AIRFLOW_CTX_TASK_ID=creating_raw_data_dir
AIRFLOW_CTX_EXECUTION_DATE=2022-08-11T22:32:34.972598+00:00
AIRFLOW_CTX_TRY_NUMBER=1
AIRFLOW_CTX_DAG_RUN_ID=manual__2022-08-11T22:32:34.972598+00:00
[2022-08-11 22:32:43,375] {ETL_Raizen.py:28} INFO - Dir already exists
[2022-08-11 22:32:43,376] {python.py:173} INFO - Done. Returned value was: None
[2022-08-11 22:32:43,415] {taskinstance.py:1400} INFO - Marking task as SUCCESS. dag_id=ETL_Raízen, task_id=creating_raw_data_dir, execution_date=20220811T223234, start_date=20220811T223242, end_date=20220811T223243
[2022-08-11 22:32:43,502] {local_task_job.py:156} INFO - Task exited with return code 0
[2022-08-11 22:32:43,732] {local_task_job.py:273} INFO - 1 downstream tasks scheduled from follow-on schedule check
