[2022-08-12 11:09:51,019] {taskinstance.py:1159} INFO - Dependencies all met for <TaskInstance: ETL_Raízen.data_transformation_and_load manual__2022-08-12T11:09:30.533518+00:00 [queued]>
[2022-08-12 11:09:51,046] {taskinstance.py:1159} INFO - Dependencies all met for <TaskInstance: ETL_Raízen.data_transformation_and_load manual__2022-08-12T11:09:30.533518+00:00 [queued]>
[2022-08-12 11:09:51,047] {taskinstance.py:1356} INFO - 
--------------------------------------------------------------------------------
[2022-08-12 11:09:51,049] {taskinstance.py:1357} INFO - Starting attempt 1 of 1
[2022-08-12 11:09:51,050] {taskinstance.py:1358} INFO - 
--------------------------------------------------------------------------------
[2022-08-12 11:09:51,080] {taskinstance.py:1377} INFO - Executing <Task(PythonOperator): data_transformation_and_load> on 2022-08-12 11:09:30.533518+00:00
[2022-08-12 11:09:51,104] {standard_task_runner.py:52} INFO - Started process 693 to run task
[2022-08-12 11:09:51,110] {standard_task_runner.py:79} INFO - Running: ['***', 'tasks', 'run', 'ETL_Raízen', 'data_transformation_and_load', 'manual__2022-08-12T11:09:30.533518+00:00', '--job-id', '137', '--raw', '--subdir', 'DAGS_FOLDER/ETL_Raizen.py', '--cfg-path', '/tmp/tmp00qq8xug', '--error-file', '/tmp/tmp4l1vowcx']
[2022-08-12 11:09:51,112] {standard_task_runner.py:80} INFO - Job 137: Subtask data_transformation_and_load
[2022-08-12 11:09:51,235] {task_command.py:369} INFO - Running <TaskInstance: ETL_Raízen.data_transformation_and_load manual__2022-08-12T11:09:30.533518+00:00 [running]> on host a471224fadbb
[2022-08-12 11:09:51,328] {taskinstance.py:1571} INFO - Exporting the following env vars:
AIRFLOW_CTX_DAG_OWNER=***
AIRFLOW_CTX_DAG_ID=ETL_Raízen
AIRFLOW_CTX_TASK_ID=data_transformation_and_load
AIRFLOW_CTX_EXECUTION_DATE=2022-08-12T11:09:30.533518+00:00
AIRFLOW_CTX_TRY_NUMBER=1
AIRFLOW_CTX_DAG_RUN_ID=manual__2022-08-12T11:09:30.533518+00:00
[2022-08-12 11:09:51,330] {ETL_Raizen.py:80} INFO - Processing data of sheet DPCache_m3
[2022-08-12 11:09:53,823] {ETL_Raizen.py:123} INFO - Data of sheet DPCache_m3 successfully processed
[2022-08-12 11:09:53,824] {ETL_Raizen.py:124} INFO - Visual check: 
[2022-08-12 11:09:53,835] {logging_mixin.py:115} INFO -       product        uf unit  volume       year_month          created_at
0  GASOLINA C  RONDÔNIA   m3     0.0  2000-Unnamed: 0 2022-08-12 11:09:53
1  GASOLINA C      ACRE   m3     1.0  2000-Unnamed: 0 2022-08-12 11:09:53
2  GASOLINA C  AMAZONAS   m3     2.0  2000-Unnamed: 0 2022-08-12 11:09:53
3  GASOLINA C   RORAIMA   m3     3.0  2000-Unnamed: 0 2022-08-12 11:09:53
4  GASOLINA C      PARÁ   m3     4.0  2000-Unnamed: 0 2022-08-12 11:09:53
[2022-08-12 11:09:53,835] {ETL_Raizen.py:128} INFO - Saving processed data into parquet format
[2022-08-12 11:10:08,906] {ETL_Raizen.py:131} INFO - Data successfully saved
[2022-08-12 11:10:08,907] {ETL_Raizen.py:80} INFO - Processing data of sheet DPCache_m3_2
[2022-08-12 11:10:09,344] {ETL_Raizen.py:123} INFO - Data of sheet DPCache_m3_2 successfully processed
[2022-08-12 11:10:09,345] {ETL_Raizen.py:124} INFO - Visual check: 
[2022-08-12 11:10:09,353] {logging_mixin.py:115} INFO -             product        uf unit  volume       year_month          created_at
0  ÓLEO DIESEL S-10  RONDÔNIA   m3     0.0  2013-Unnamed: 0 2022-08-12 11:10:09
1  ÓLEO DIESEL S-10      ACRE   m3     1.0  2013-Unnamed: 0 2022-08-12 11:10:09
2  ÓLEO DIESEL S-10  AMAZONAS   m3     2.0  2013-Unnamed: 0 2022-08-12 11:10:09
3  ÓLEO DIESEL S-10   RORAIMA   m3     3.0  2013-Unnamed: 0 2022-08-12 11:10:09
4  ÓLEO DIESEL S-10      PARÁ   m3     4.0  2013-Unnamed: 0 2022-08-12 11:10:09
[2022-08-12 11:10:09,353] {ETL_Raizen.py:128} INFO - Saving processed data into parquet format
[2022-08-12 11:10:12,120] {ETL_Raizen.py:131} INFO - Data successfully saved
[2022-08-12 11:10:12,121] {python.py:173} INFO - Done. Returned value was: None
[2022-08-12 11:10:12,134] {taskinstance.py:1400} INFO - Marking task as SUCCESS. dag_id=ETL_Raízen, task_id=data_transformation_and_load, execution_date=20220812T110930, start_date=20220812T110951, end_date=20220812T111012
[2022-08-12 11:10:12,167] {local_task_job.py:156} INFO - Task exited with return code 0
[2022-08-12 11:10:12,195] {local_task_job.py:273} INFO - 0 downstream tasks scheduled from follow-on schedule check
