[2022-08-12 12:06:59,578] {taskinstance.py:1159} INFO - Dependencies all met for <TaskInstance: ETL_Raízen.extract_sheets manual__2022-08-12T12:06:45.586983+00:00 [queued]>
[2022-08-12 12:06:59,592] {taskinstance.py:1159} INFO - Dependencies all met for <TaskInstance: ETL_Raízen.extract_sheets manual__2022-08-12T12:06:45.586983+00:00 [queued]>
[2022-08-12 12:06:59,593] {taskinstance.py:1356} INFO - 
--------------------------------------------------------------------------------
[2022-08-12 12:06:59,594] {taskinstance.py:1357} INFO - Starting attempt 1 of 1
[2022-08-12 12:06:59,594] {taskinstance.py:1358} INFO - 
--------------------------------------------------------------------------------
[2022-08-12 12:06:59,615] {taskinstance.py:1377} INFO - Executing <Task(PythonOperator): extract_sheets> on 2022-08-12 12:06:45.586983+00:00
[2022-08-12 12:06:59,622] {standard_task_runner.py:52} INFO - Started process 2368 to run task
[2022-08-12 12:06:59,626] {standard_task_runner.py:79} INFO - Running: ['***', 'tasks', 'run', 'ETL_Raízen', 'extract_sheets', 'manual__2022-08-12T12:06:45.586983+00:00', '--job-id', '193', '--raw', '--subdir', 'DAGS_FOLDER/ETL_Raizen.py', '--cfg-path', '/tmp/tmpv07_tjvt', '--error-file', '/tmp/tmp40cwl804']
[2022-08-12 12:06:59,627] {standard_task_runner.py:80} INFO - Job 193: Subtask extract_sheets
[2022-08-12 12:06:59,703] {task_command.py:369} INFO - Running <TaskInstance: ETL_Raízen.extract_sheets manual__2022-08-12T12:06:45.586983+00:00 [running]> on host 3c4d8e0d9450
[2022-08-12 12:06:59,799] {taskinstance.py:1571} INFO - Exporting the following env vars:
AIRFLOW_CTX_DAG_OWNER=***
AIRFLOW_CTX_DAG_ID=ETL_Raízen
AIRFLOW_CTX_TASK_ID=extract_sheets
AIRFLOW_CTX_EXECUTION_DATE=2022-08-12T12:06:45.586983+00:00
AIRFLOW_CTX_TRY_NUMBER=1
AIRFLOW_CTX_DAG_RUN_ID=manual__2022-08-12T12:06:45.586983+00:00
[2022-08-12 12:06:59,802] {ETL_Raizen.py:67} INFO - Extracting sheet DPCache_m3
[2022-08-12 12:07:04,109] {ETL_Raizen.py:70} INFO - Sheet DPCache_m3 succesfully extracted
[2022-08-12 12:07:04,110] {ETL_Raizen.py:67} INFO - Extracting sheet DPCache_m3_2
[2022-08-12 12:07:04,993] {ETL_Raizen.py:70} INFO - Sheet DPCache_m3_2 succesfully extracted
[2022-08-12 12:07:04,994] {python.py:173} INFO - Done. Returned value was: None
[2022-08-12 12:07:05,011] {taskinstance.py:1400} INFO - Marking task as SUCCESS. dag_id=ETL_Raízen, task_id=extract_sheets, execution_date=20220812T120645, start_date=20220812T120659, end_date=20220812T120705
[2022-08-12 12:07:05,043] {local_task_job.py:156} INFO - Task exited with return code 0
[2022-08-12 12:07:05,088] {local_task_job.py:273} INFO - 1 downstream tasks scheduled from follow-on schedule check
