[2022-08-12 23:29:59,995] {taskinstance.py:1159} INFO - Dependencies all met for <TaskInstance: ETL_Raízen.create_raw_data_dir manual__2022-08-12T23:29:58.921584+00:00 [queued]>
[2022-08-12 23:30:00,009] {taskinstance.py:1159} INFO - Dependencies all met for <TaskInstance: ETL_Raízen.create_raw_data_dir manual__2022-08-12T23:29:58.921584+00:00 [queued]>
[2022-08-12 23:30:00,011] {taskinstance.py:1356} INFO - 
--------------------------------------------------------------------------------
[2022-08-12 23:30:00,012] {taskinstance.py:1357} INFO - Starting attempt 1 of 1
[2022-08-12 23:30:00,014] {taskinstance.py:1358} INFO - 
--------------------------------------------------------------------------------
[2022-08-12 23:30:00,038] {taskinstance.py:1377} INFO - Executing <Task(PythonOperator): create_raw_data_dir> on 2022-08-12 23:29:58.921584+00:00
[2022-08-12 23:30:00,044] {standard_task_runner.py:52} INFO - Started process 10086 to run task
[2022-08-12 23:30:00,048] {standard_task_runner.py:79} INFO - Running: ['***', 'tasks', 'run', 'ETL_Raízen', 'create_raw_data_dir', 'manual__2022-08-12T23:29:58.921584+00:00', '--job-id', '268', '--raw', '--subdir', 'DAGS_FOLDER/ETL_Raizen.py', '--cfg-path', '/tmp/tmpwan5igk7', '--error-file', '/tmp/tmpxp6uojlv']
[2022-08-12 23:30:00,049] {standard_task_runner.py:80} INFO - Job 268: Subtask create_raw_data_dir
[2022-08-12 23:30:00,124] {task_command.py:369} INFO - Running <TaskInstance: ETL_Raízen.create_raw_data_dir manual__2022-08-12T23:29:58.921584+00:00 [running]> on host 4bbb34367c41
[2022-08-12 23:30:00,208] {taskinstance.py:1571} INFO - Exporting the following env vars:
AIRFLOW_CTX_DAG_OWNER=***
AIRFLOW_CTX_DAG_ID=ETL_Raízen
AIRFLOW_CTX_TASK_ID=create_raw_data_dir
AIRFLOW_CTX_EXECUTION_DATE=2022-08-12T23:29:58.921584+00:00
AIRFLOW_CTX_TRY_NUMBER=1
AIRFLOW_CTX_DAG_RUN_ID=manual__2022-08-12T23:29:58.921584+00:00
[2022-08-12 23:30:00,211] {ETL_Raizen.py:27} INFO - Dir already exists
[2022-08-12 23:30:00,211] {python.py:173} INFO - Done. Returned value was: None
[2022-08-12 23:30:00,225] {taskinstance.py:1400} INFO - Marking task as SUCCESS. dag_id=ETL_Raízen, task_id=create_raw_data_dir, execution_date=20220812T232958, start_date=20220812T232959, end_date=20220812T233000
[2022-08-12 23:30:00,262] {local_task_job.py:156} INFO - Task exited with return code 0
[2022-08-12 23:30:00,308] {local_task_job.py:273} INFO - 1 downstream tasks scheduled from follow-on schedule check
