[2022-08-12 11:05:41,940] {taskinstance.py:1159} INFO - Dependencies all met for <TaskInstance: ETL_Raízen.download_raw_data manual__2022-08-12T11:05:39.412257+00:00 [queued]>
[2022-08-12 11:05:41,953] {taskinstance.py:1159} INFO - Dependencies all met for <TaskInstance: ETL_Raízen.download_raw_data manual__2022-08-12T11:05:39.412257+00:00 [queued]>
[2022-08-12 11:05:41,954] {taskinstance.py:1356} INFO - 
--------------------------------------------------------------------------------
[2022-08-12 11:05:41,955] {taskinstance.py:1357} INFO - Starting attempt 1 of 1
[2022-08-12 11:05:41,956] {taskinstance.py:1358} INFO - 
--------------------------------------------------------------------------------
[2022-08-12 11:05:41,975] {taskinstance.py:1377} INFO - Executing <Task(PythonOperator): download_raw_data> on 2022-08-12 11:05:39.412257+00:00
[2022-08-12 11:05:41,984] {standard_task_runner.py:52} INFO - Started process 282 to run task
[2022-08-12 11:05:41,989] {standard_task_runner.py:79} INFO - Running: ['***', 'tasks', 'run', 'ETL_Raízen', 'download_raw_data', 'manual__2022-08-12T11:05:39.412257+00:00', '--job-id', '129', '--raw', '--subdir', 'DAGS_FOLDER/ETL_Raizen.py', '--cfg-path', '/tmp/tmpcbxn2f94', '--error-file', '/tmp/tmplhs4ndxp']
[2022-08-12 11:05:41,991] {standard_task_runner.py:80} INFO - Job 129: Subtask download_raw_data
[2022-08-12 11:05:42,080] {task_command.py:369} INFO - Running <TaskInstance: ETL_Raízen.download_raw_data manual__2022-08-12T11:05:39.412257+00:00 [running]> on host a471224fadbb
[2022-08-12 11:05:42,258] {taskinstance.py:1571} INFO - Exporting the following env vars:
AIRFLOW_CTX_DAG_OWNER=***
AIRFLOW_CTX_DAG_ID=ETL_Raízen
AIRFLOW_CTX_TASK_ID=download_raw_data
AIRFLOW_CTX_EXECUTION_DATE=2022-08-12T11:05:39.412257+00:00
AIRFLOW_CTX_TRY_NUMBER=1
AIRFLOW_CTX_DAG_RUN_ID=manual__2022-08-12T11:05:39.412257+00:00
[2022-08-12 11:05:42,261] {ETL_Raizen.py:41} INFO - Downloading .xls raw data
[2022-08-12 11:05:46,214] {ETL_Raizen.py:43} INFO - Succesfully downloaded .xls raw data
[2022-08-12 11:05:46,215] {python.py:173} INFO - Done. Returned value was: None
[2022-08-12 11:05:46,235] {taskinstance.py:1400} INFO - Marking task as SUCCESS. dag_id=ETL_Raízen, task_id=download_raw_data, execution_date=20220812T110539, start_date=20220812T110541, end_date=20220812T110546
[2022-08-12 11:05:46,267] {local_task_job.py:156} INFO - Task exited with return code 0
[2022-08-12 11:05:46,331] {local_task_job.py:273} INFO - 1 downstream tasks scheduled from follow-on schedule check
