[2022-08-11 22:50:03,687] {taskinstance.py:1159} INFO - Dependencies all met for <TaskInstance: ETL_Raízen.extract_sheets manual__2022-08-11T22:49:01.579235+00:00 [queued]>
[2022-08-11 22:50:03,734] {taskinstance.py:1159} INFO - Dependencies all met for <TaskInstance: ETL_Raízen.extract_sheets manual__2022-08-11T22:49:01.579235+00:00 [queued]>
[2022-08-11 22:50:03,737] {taskinstance.py:1356} INFO - 
--------------------------------------------------------------------------------
[2022-08-11 22:50:03,738] {taskinstance.py:1357} INFO - Starting attempt 1 of 1
[2022-08-11 22:50:03,748] {taskinstance.py:1358} INFO - 
--------------------------------------------------------------------------------
[2022-08-11 22:50:04,046] {taskinstance.py:1377} INFO - Executing <Task(PythonOperator): extract_sheets> on 2022-08-11 22:49:01.579235+00:00
[2022-08-11 22:50:04,232] {standard_task_runner.py:52} INFO - Started process 4453 to run task
[2022-08-11 22:50:04,367] {standard_task_runner.py:79} INFO - Running: ['***', 'tasks', 'run', 'ETL_Raízen', 'extract_sheets', 'manual__2022-08-11T22:49:01.579235+00:00', '--job-id', '68', '--raw', '--subdir', 'DAGS_FOLDER/ETL_Raizen.py', '--cfg-path', '/tmp/tmpo_2nllsw', '--error-file', '/tmp/tmprj451c0k']
[2022-08-11 22:50:04,386] {standard_task_runner.py:80} INFO - Job 68: Subtask extract_sheets
[2022-08-11 22:50:05,295] {task_command.py:369} INFO - Running <TaskInstance: ETL_Raízen.extract_sheets manual__2022-08-11T22:49:01.579235+00:00 [running]> on host 53e7d4a502e6
[2022-08-11 22:50:06,015] {taskinstance.py:1571} INFO - Exporting the following env vars:
AIRFLOW_CTX_DAG_OWNER=***
AIRFLOW_CTX_DAG_ID=ETL_Raízen
AIRFLOW_CTX_TASK_ID=extract_sheets
AIRFLOW_CTX_EXECUTION_DATE=2022-08-11T22:49:01.579235+00:00
AIRFLOW_CTX_TRY_NUMBER=1
AIRFLOW_CTX_DAG_RUN_ID=manual__2022-08-11T22:49:01.579235+00:00
[2022-08-11 22:50:06,038] {ETL_Raizen.py:71} INFO - Extracting sheet DPCache_m3
[2022-08-11 22:52:56,562] {ETL_Raizen.py:74} INFO - Sheet DPCache_m3 succesfully extracted
[2022-08-11 22:52:56,574] {ETL_Raizen.py:71} INFO - Extracting sheet DPCache_m3_2
[2022-08-11 22:55:24,093] {ETL_Raizen.py:74} INFO - Sheet DPCache_m3_2 succesfully extracted
[2022-08-11 22:55:24,095] {python.py:173} INFO - Done. Returned value was: None
[2022-08-11 22:55:24,132] {taskinstance.py:1400} INFO - Marking task as SUCCESS. dag_id=ETL_Raízen, task_id=extract_sheets, execution_date=20220811T224901, start_date=20220811T225003, end_date=20220811T225524
[2022-08-11 22:55:24,225] {local_task_job.py:156} INFO - Task exited with return code 0
[2022-08-11 22:55:24,387] {local_task_job.py:273} INFO - 1 downstream tasks scheduled from follow-on schedule check
