[2022-08-11 22:22:30,304] {taskinstance.py:1159} INFO - Dependencies all met for <TaskInstance: ETL_Raízen.extract_sheets manual__2022-08-11T22:21:40.083295+00:00 [queued]>
[2022-08-11 22:22:30,338] {taskinstance.py:1159} INFO - Dependencies all met for <TaskInstance: ETL_Raízen.extract_sheets manual__2022-08-11T22:21:40.083295+00:00 [queued]>
[2022-08-11 22:22:30,339] {taskinstance.py:1356} INFO - 
--------------------------------------------------------------------------------
[2022-08-11 22:22:30,340] {taskinstance.py:1357} INFO - Starting attempt 1 of 1
[2022-08-11 22:22:30,341] {taskinstance.py:1358} INFO - 
--------------------------------------------------------------------------------
[2022-08-11 22:22:30,396] {taskinstance.py:1377} INFO - Executing <Task(PythonOperator): extract_sheets> on 2022-08-11 22:21:40.083295+00:00
[2022-08-11 22:22:30,411] {standard_task_runner.py:52} INFO - Started process 3062 to run task
[2022-08-11 22:22:30,424] {standard_task_runner.py:79} INFO - Running: ['***', 'tasks', 'run', 'ETL_Raízen', 'extract_sheets', 'manual__2022-08-11T22:21:40.083295+00:00', '--job-id', '49', '--raw', '--subdir', 'DAGS_FOLDER/ETL_Raizen.py', '--cfg-path', '/tmp/tmp3m2s15l4', '--error-file', '/tmp/tmpru_wy2ur']
[2022-08-11 22:22:30,427] {standard_task_runner.py:80} INFO - Job 49: Subtask extract_sheets
[2022-08-11 22:22:30,618] {task_command.py:369} INFO - Running <TaskInstance: ETL_Raízen.extract_sheets manual__2022-08-11T22:21:40.083295+00:00 [running]> on host 53e7d4a502e6
[2022-08-11 22:22:31,099] {taskinstance.py:1571} INFO - Exporting the following env vars:
AIRFLOW_CTX_DAG_OWNER=***
AIRFLOW_CTX_DAG_ID=ETL_Raízen
AIRFLOW_CTX_TASK_ID=extract_sheets
AIRFLOW_CTX_EXECUTION_DATE=2022-08-11T22:21:40.083295+00:00
AIRFLOW_CTX_TRY_NUMBER=1
AIRFLOW_CTX_DAG_RUN_ID=manual__2022-08-11T22:21:40.083295+00:00
[2022-08-11 22:22:31,147] {ETL_Raizen.py:71} INFO - Extracting sheet DPCache_m3
[2022-08-11 22:25:24,678] {logging_mixin.py:115} INFO - wb = <openpyxl.workbook.workbook.Workbook object at 0x7f0192148a90>
[2022-08-11 22:25:30,577] {ETL_Raizen.py:74} INFO - Sheet DPCache_m3 succesfully extracted
[2022-08-11 22:25:30,581] {ETL_Raizen.py:71} INFO - Extracting sheet DPCache_m3_2
[2022-08-11 22:28:26,420] {logging_mixin.py:115} INFO - wb = <openpyxl.workbook.workbook.Workbook object at 0x7f0187a83c50>
[2022-08-11 22:28:28,281] {ETL_Raizen.py:74} INFO - Sheet DPCache_m3_2 succesfully extracted
[2022-08-11 22:28:28,283] {python.py:173} INFO - Done. Returned value was: None
[2022-08-11 22:28:28,339] {taskinstance.py:1400} INFO - Marking task as SUCCESS. dag_id=ETL_Raízen, task_id=extract_sheets, execution_date=20220811T222140, start_date=20220811T222230, end_date=20220811T222828
[2022-08-11 22:28:28,523] {local_task_job.py:156} INFO - Task exited with return code 0
[2022-08-11 22:28:28,717] {local_task_job.py:273} INFO - 0 downstream tasks scheduled from follow-on schedule check
