[2022-08-13 12:23:06,531] {taskinstance.py:1159} INFO - Dependencies all met for <TaskInstance: ETL_Raízen.read_transform_and_save manual__2022-08-13T12:22:47.808690+00:00 [queued]>
[2022-08-13 12:23:06,544] {taskinstance.py:1159} INFO - Dependencies all met for <TaskInstance: ETL_Raízen.read_transform_and_save manual__2022-08-13T12:22:47.808690+00:00 [queued]>
[2022-08-13 12:23:06,545] {taskinstance.py:1356} INFO - 
--------------------------------------------------------------------------------
[2022-08-13 12:23:06,546] {taskinstance.py:1357} INFO - Starting attempt 1 of 1
[2022-08-13 12:23:06,547] {taskinstance.py:1358} INFO - 
--------------------------------------------------------------------------------
[2022-08-13 12:23:06,567] {taskinstance.py:1377} INFO - Executing <Task(PythonOperator): read_transform_and_save> on 2022-08-13 12:22:47.808690+00:00
[2022-08-13 12:23:06,574] {standard_task_runner.py:52} INFO - Started process 4481 to run task
[2022-08-13 12:23:06,578] {standard_task_runner.py:79} INFO - Running: ['***', 'tasks', 'run', 'ETL_Raízen', 'read_transform_and_save', 'manual__2022-08-13T12:22:47.808690+00:00', '--job-id', '361', '--raw', '--subdir', 'DAGS_FOLDER/ETL_Raizen.py', '--cfg-path', '/tmp/tmpnqz8gwym', '--error-file', '/tmp/tmpqbp2g2jx']
[2022-08-13 12:23:06,579] {standard_task_runner.py:80} INFO - Job 361: Subtask read_transform_and_save
[2022-08-13 12:23:06,654] {task_command.py:369} INFO - Running <TaskInstance: ETL_Raízen.read_transform_and_save manual__2022-08-13T12:22:47.808690+00:00 [running]> on host 4bbb34367c41
[2022-08-13 12:23:06,746] {taskinstance.py:1571} INFO - Exporting the following env vars:
AIRFLOW_CTX_DAG_OWNER=***
AIRFLOW_CTX_DAG_ID=ETL_Raízen
AIRFLOW_CTX_TASK_ID=read_transform_and_save
AIRFLOW_CTX_EXECUTION_DATE=2022-08-13T12:22:47.808690+00:00
AIRFLOW_CTX_TRY_NUMBER=1
AIRFLOW_CTX_DAG_RUN_ID=manual__2022-08-13T12:22:47.808690+00:00
[2022-08-13 12:23:06,748] {ETL_Raizen.py:57} INFO - Processing data of sheet DPCache_m3
[2022-08-13 12:23:09,201] {ETL_Raizen.py:101} INFO - Data of sheet DPCache_m3 successfully processed
[2022-08-13 12:23:09,202] {ETL_Raizen.py:102} INFO - Visual check: 
[2022-08-13 12:23:09,212] {logging_mixin.py:115} INFO -       product        uf unit      volume year_month          created_at
0  GASOLINA C  RONDÔNIA   m3  136073.253    2000-01 2022-08-13 12:23:08
1  GASOLINA C      ACRE   m3    3358.346    2000-01 2022-08-13 12:23:08
2  GASOLINA C  AMAZONAS   m3   20766.918    2000-01 2022-08-13 12:23:08
3  GASOLINA C   RORAIMA   m3    3716.032    2000-01 2022-08-13 12:23:08
4  GASOLINA C      PARÁ   m3   29755.907    2000-01 2022-08-13 12:23:08
[2022-08-13 12:23:09,213] {ETL_Raizen.py:105} INFO - Saving processed data into parquet format
[2022-08-13 12:23:23,320] {ETL_Raizen.py:108} INFO - Data successfully saved
[2022-08-13 12:23:23,320] {ETL_Raizen.py:57} INFO - Processing data of sheet DPCache_m3_2
[2022-08-13 12:23:23,823] {ETL_Raizen.py:101} INFO - Data of sheet DPCache_m3_2 successfully processed
[2022-08-13 12:23:23,824] {ETL_Raizen.py:102} INFO - Visual check: 
[2022-08-13 12:23:23,834] {logging_mixin.py:115} INFO -             product        uf unit    volume year_month          created_at
0  ÓLEO DIESEL S-10  RONDÔNIA   m3  81453.67    2013-01 2022-08-13 12:23:23
1  ÓLEO DIESEL S-10      ACRE   m3   1483.00    2013-01 2022-08-13 12:23:23
2  ÓLEO DIESEL S-10  AMAZONAS   m3   6836.30    2013-01 2022-08-13 12:23:23
3  ÓLEO DIESEL S-10   RORAIMA   m3   1475.30    2013-01 2022-08-13 12:23:23
4  ÓLEO DIESEL S-10      PARÁ   m3  40913.48    2013-01 2022-08-13 12:23:23
[2022-08-13 12:23:23,835] {ETL_Raizen.py:105} INFO - Saving processed data into parquet format
[2022-08-13 12:23:26,694] {ETL_Raizen.py:108} INFO - Data successfully saved
[2022-08-13 12:23:26,695] {python.py:173} INFO - Done. Returned value was: None
[2022-08-13 12:23:26,710] {taskinstance.py:1400} INFO - Marking task as SUCCESS. dag_id=ETL_Raízen, task_id=read_transform_and_save, execution_date=20220813T122247, start_date=20220813T122306, end_date=20220813T122326
[2022-08-13 12:23:26,757] {local_task_job.py:156} INFO - Task exited with return code 0
[2022-08-13 12:23:26,800] {local_task_job.py:273} INFO - 1 downstream tasks scheduled from follow-on schedule check
