[2022-08-12 12:17:03,431] {taskinstance.py:1159} INFO - Dependencies all met for <TaskInstance: ETL_Raízen.convert_xls_into_xlsx manual__2022-08-12T12:16:55.930307+00:00 [queued]>
[2022-08-12 12:17:03,445] {taskinstance.py:1159} INFO - Dependencies all met for <TaskInstance: ETL_Raízen.convert_xls_into_xlsx manual__2022-08-12T12:16:55.930307+00:00 [queued]>
[2022-08-12 12:17:03,445] {taskinstance.py:1356} INFO - 
--------------------------------------------------------------------------------
[2022-08-12 12:17:03,446] {taskinstance.py:1357} INFO - Starting attempt 1 of 1
[2022-08-12 12:17:03,446] {taskinstance.py:1358} INFO - 
--------------------------------------------------------------------------------
[2022-08-12 12:17:03,464] {taskinstance.py:1377} INFO - Executing <Task(PythonOperator): convert_xls_into_xlsx> on 2022-08-12 12:16:55.930307+00:00
[2022-08-12 12:17:03,471] {standard_task_runner.py:52} INFO - Started process 3046 to run task
[2022-08-12 12:17:03,476] {standard_task_runner.py:79} INFO - Running: ['***', 'tasks', 'run', 'ETL_Raízen', 'convert_xls_into_xlsx', 'manual__2022-08-12T12:16:55.930307+00:00', '--job-id', '205', '--raw', '--subdir', 'DAGS_FOLDER/ETL_Raizen.py', '--cfg-path', '/tmp/tmp03dvlizn', '--error-file', '/tmp/tmpoon8lupd']
[2022-08-12 12:17:03,477] {standard_task_runner.py:80} INFO - Job 205: Subtask convert_xls_into_xlsx
[2022-08-12 12:17:03,559] {task_command.py:369} INFO - Running <TaskInstance: ETL_Raízen.convert_xls_into_xlsx manual__2022-08-12T12:16:55.930307+00:00 [running]> on host 3c4d8e0d9450
[2022-08-12 12:17:03,663] {taskinstance.py:1571} INFO - Exporting the following env vars:
AIRFLOW_CTX_DAG_OWNER=***
AIRFLOW_CTX_DAG_ID=ETL_Raízen
AIRFLOW_CTX_TASK_ID=convert_xls_into_xlsx
AIRFLOW_CTX_EXECUTION_DATE=2022-08-12T12:16:55.930307+00:00
AIRFLOW_CTX_TRY_NUMBER=1
AIRFLOW_CTX_DAG_RUN_ID=manual__2022-08-12T12:16:55.930307+00:00
[2022-08-12 12:17:03,665] {ETL_Raizen.py:47} INFO - Converting file .xls into .xlsx using libreoffice
[2022-08-12 12:17:08,262] {ETL_Raizen.py:49} INFO - File .xls succesfully converted into .xlsx
[2022-08-12 12:17:08,263] {python.py:173} INFO - Done. Returned value was: None
[2022-08-12 12:17:08,286] {taskinstance.py:1400} INFO - Marking task as SUCCESS. dag_id=ETL_Raízen, task_id=convert_xls_into_xlsx, execution_date=20220812T121655, start_date=20220812T121703, end_date=20220812T121708
[2022-08-12 12:17:08,321] {local_task_job.py:156} INFO - Task exited with return code 0
[2022-08-12 12:17:08,397] {local_task_job.py:273} INFO - 1 downstream tasks scheduled from follow-on schedule check
