[2022-08-12 21:30:03,957] {taskinstance.py:1159} INFO - Dependencies all met for <TaskInstance: ETL_Raízen.download_raw_data scheduled__2022-08-12T20:30:00+00:00 [queued]>
[2022-08-12 21:30:03,972] {taskinstance.py:1159} INFO - Dependencies all met for <TaskInstance: ETL_Raízen.download_raw_data scheduled__2022-08-12T20:30:00+00:00 [queued]>
[2022-08-12 21:30:03,973] {taskinstance.py:1356} INFO - 
--------------------------------------------------------------------------------
[2022-08-12 21:30:03,974] {taskinstance.py:1357} INFO - Starting attempt 1 of 1
[2022-08-12 21:30:03,974] {taskinstance.py:1358} INFO - 
--------------------------------------------------------------------------------
[2022-08-12 21:30:03,995] {taskinstance.py:1377} INFO - Executing <Task(PythonOperator): download_raw_data> on 2022-08-12 20:30:00+00:00
[2022-08-12 21:30:04,002] {standard_task_runner.py:52} INFO - Started process 4124 to run task
[2022-08-12 21:30:04,006] {standard_task_runner.py:79} INFO - Running: ['***', 'tasks', 'run', 'ETL_Raízen', 'download_raw_data', 'scheduled__2022-08-12T20:30:00+00:00', '--job-id', '244', '--raw', '--subdir', 'DAGS_FOLDER/ETL_Raizen.py', '--cfg-path', '/tmp/tmp0stacq73', '--error-file', '/tmp/tmp_suanxxh']
[2022-08-12 21:30:04,008] {standard_task_runner.py:80} INFO - Job 244: Subtask download_raw_data
[2022-08-12 21:30:04,097] {task_command.py:369} INFO - Running <TaskInstance: ETL_Raízen.download_raw_data scheduled__2022-08-12T20:30:00+00:00 [running]> on host 4bbb34367c41
[2022-08-12 21:30:04,200] {taskinstance.py:1571} INFO - Exporting the following env vars:
AIRFLOW_CTX_DAG_OWNER=***
AIRFLOW_CTX_DAG_ID=ETL_Raízen
AIRFLOW_CTX_TASK_ID=download_raw_data
AIRFLOW_CTX_EXECUTION_DATE=2022-08-12T20:30:00+00:00
AIRFLOW_CTX_TRY_NUMBER=1
AIRFLOW_CTX_DAG_RUN_ID=scheduled__2022-08-12T20:30:00+00:00
[2022-08-12 21:30:04,202] {ETL_Raizen.py:40} INFO - Downloading .xls raw data
[2022-08-12 21:30:11,883] {ETL_Raizen.py:42} INFO - Succesfully downloaded .xls raw data
[2022-08-12 21:30:11,884] {python.py:173} INFO - Done. Returned value was: None
[2022-08-12 21:30:11,906] {taskinstance.py:1400} INFO - Marking task as SUCCESS. dag_id=ETL_Raízen, task_id=download_raw_data, execution_date=20220812T203000, start_date=20220812T213003, end_date=20220812T213011
[2022-08-12 21:30:11,968] {local_task_job.py:156} INFO - Task exited with return code 0
[2022-08-12 21:30:12,023] {local_task_job.py:273} INFO - 1 downstream tasks scheduled from follow-on schedule check
