[2022-08-12 20:30:28,913] {taskinstance.py:1159} INFO - Dependencies all met for <TaskInstance: ETL_Raízen.create_pet_table scheduled__2022-08-12T19:30:00+00:00 [queued]>
[2022-08-12 20:30:28,924] {taskinstance.py:1159} INFO - Dependencies all met for <TaskInstance: ETL_Raízen.create_pet_table scheduled__2022-08-12T19:30:00+00:00 [queued]>
[2022-08-12 20:30:28,925] {taskinstance.py:1356} INFO - 
--------------------------------------------------------------------------------
[2022-08-12 20:30:28,926] {taskinstance.py:1357} INFO - Starting attempt 1 of 1
[2022-08-12 20:30:28,926] {taskinstance.py:1358} INFO - 
--------------------------------------------------------------------------------
[2022-08-12 20:30:28,941] {taskinstance.py:1377} INFO - Executing <Task(PostgresOperator): create_pet_table> on 2022-08-12 19:30:00+00:00
[2022-08-12 20:30:28,947] {standard_task_runner.py:52} INFO - Started process 1205 to run task
[2022-08-12 20:30:28,950] {standard_task_runner.py:79} INFO - Running: ['***', 'tasks', 'run', 'ETL_Raízen', 'create_pet_table', 'scheduled__2022-08-12T19:30:00+00:00', '--job-id', '232', '--raw', '--subdir', 'DAGS_FOLDER/ETL_Raizen.py', '--cfg-path', '/tmp/tmpvf5zva33', '--error-file', '/tmp/tmpohiiv_mg']
[2022-08-12 20:30:28,952] {standard_task_runner.py:80} INFO - Job 232: Subtask create_pet_table
[2022-08-12 20:30:29,021] {task_command.py:369} INFO - Running <TaskInstance: ETL_Raízen.create_pet_table scheduled__2022-08-12T19:30:00+00:00 [running]> on host 4bbb34367c41
[2022-08-12 20:30:29,103] {taskinstance.py:1571} INFO - Exporting the following env vars:
AIRFLOW_CTX_DAG_OWNER=***
AIRFLOW_CTX_DAG_ID=ETL_Raízen
AIRFLOW_CTX_TASK_ID=create_pet_table
AIRFLOW_CTX_EXECUTION_DATE=2022-08-12T19:30:00+00:00
AIRFLOW_CTX_TRY_NUMBER=1
AIRFLOW_CTX_DAG_RUN_ID=scheduled__2022-08-12T19:30:00+00:00
[2022-08-12 20:30:29,131] {taskinstance.py:1889} ERROR - Task failed with exception
Traceback (most recent call last):
  File "/home/airflow/.local/lib/python3.7/site-packages/airflow/providers/postgres/operators/postgres.py", line 92, in execute
    self.hook.run(self.sql, self.autocommit, parameters=self.parameters)
  File "/home/airflow/.local/lib/python3.7/site-packages/airflow/hooks/dbapi.py", line 181, in run
    with closing(self.get_conn()) as conn:
  File "/home/airflow/.local/lib/python3.7/site-packages/airflow/providers/postgres/hooks/postgres.py", line 86, in get_conn
    conn = deepcopy(self.connection or self.get_connection(conn_id))
  File "/home/airflow/.local/lib/python3.7/site-packages/airflow/hooks/base.py", line 67, in get_connection
    conn = Connection.get_connection_from_secrets(conn_id)
  File "/home/airflow/.local/lib/python3.7/site-packages/airflow/models/connection.py", line 430, in get_connection_from_secrets
    raise AirflowNotFoundException(f"The conn_id `{conn_id}` isn't defined")
airflow.exceptions.AirflowNotFoundException: The conn_id `postgres_default` isn't defined
[2022-08-12 20:30:29,135] {taskinstance.py:1400} INFO - Marking task as FAILED. dag_id=ETL_Raízen, task_id=create_pet_table, execution_date=20220812T193000, start_date=20220812T203028, end_date=20220812T203029
[2022-08-12 20:30:29,148] {standard_task_runner.py:97} ERROR - Failed to execute job 232 for task create_pet_table (The conn_id `postgres_default` isn't defined; 1205)
[2022-08-12 20:30:29,165] {local_task_job.py:156} INFO - Task exited with return code 1
[2022-08-12 20:30:29,209] {local_task_job.py:273} INFO - 0 downstream tasks scheduled from follow-on schedule check
