[2022-08-13 12:21:08,969] {taskinstance.py:1159} INFO - Dependencies all met for <TaskInstance: ETL_Raízen.download_raw_data manual__2022-08-13T12:21:06.062043+00:00 [queued]>
[2022-08-13 12:21:08,983] {taskinstance.py:1159} INFO - Dependencies all met for <TaskInstance: ETL_Raízen.download_raw_data manual__2022-08-13T12:21:06.062043+00:00 [queued]>
[2022-08-13 12:21:08,984] {taskinstance.py:1356} INFO - 
--------------------------------------------------------------------------------
[2022-08-13 12:21:08,985] {taskinstance.py:1357} INFO - Starting attempt 1 of 1
[2022-08-13 12:21:08,986] {taskinstance.py:1358} INFO - 
--------------------------------------------------------------------------------
[2022-08-13 12:21:09,006] {taskinstance.py:1377} INFO - Executing <Task(PythonOperator): download_raw_data> on 2022-08-13 12:21:06.062043+00:00
[2022-08-13 12:21:09,012] {standard_task_runner.py:52} INFO - Started process 4165 to run task
[2022-08-13 12:21:09,016] {standard_task_runner.py:79} INFO - Running: ['***', 'tasks', 'run', 'ETL_Raízen', 'download_raw_data', 'manual__2022-08-13T12:21:06.062043+00:00', '--job-id', '354', '--raw', '--subdir', 'DAGS_FOLDER/ETL_Raizen.py', '--cfg-path', '/tmp/tmpc_3lj11v', '--error-file', '/tmp/tmpl9oyvf41']
[2022-08-13 12:21:09,017] {standard_task_runner.py:80} INFO - Job 354: Subtask download_raw_data
[2022-08-13 12:21:09,087] {task_command.py:369} INFO - Running <TaskInstance: ETL_Raízen.download_raw_data manual__2022-08-13T12:21:06.062043+00:00 [running]> on host 4bbb34367c41
[2022-08-13 12:21:09,189] {taskinstance.py:1571} INFO - Exporting the following env vars:
AIRFLOW_CTX_DAG_OWNER=***
AIRFLOW_CTX_DAG_ID=ETL_Raízen
AIRFLOW_CTX_TASK_ID=download_raw_data
AIRFLOW_CTX_EXECUTION_DATE=2022-08-13T12:21:06.062043+00:00
AIRFLOW_CTX_TRY_NUMBER=1
AIRFLOW_CTX_DAG_RUN_ID=manual__2022-08-13T12:21:06.062043+00:00
[2022-08-13 12:21:09,191] {ETL_Raizen.py:40} INFO - Downloading .xls raw data
[2022-08-13 12:21:12,150] {ETL_Raizen.py:42} INFO - Succesfully downloaded .xls raw data
[2022-08-13 12:21:12,151] {python.py:173} INFO - Done. Returned value was: None
[2022-08-13 12:21:12,165] {taskinstance.py:1400} INFO - Marking task as SUCCESS. dag_id=ETL_Raízen, task_id=download_raw_data, execution_date=20220813T122106, start_date=20220813T122108, end_date=20220813T122112
[2022-08-13 12:21:12,206] {local_task_job.py:156} INFO - Task exited with return code 0
[2022-08-13 12:21:12,264] {local_task_job.py:273} INFO - 1 downstream tasks scheduled from follow-on schedule check
