[2022-08-12 11:34:45,866] {taskinstance.py:1159} INFO - Dependencies all met for <TaskInstance: ETL_Raízen.data_transformation_and_load manual__2022-08-12T11:34:20.819579+00:00 [queued]>
[2022-08-12 11:34:45,879] {taskinstance.py:1159} INFO - Dependencies all met for <TaskInstance: ETL_Raízen.data_transformation_and_load manual__2022-08-12T11:34:20.819579+00:00 [queued]>
[2022-08-12 11:34:45,880] {taskinstance.py:1356} INFO - 
--------------------------------------------------------------------------------
[2022-08-12 11:34:45,881] {taskinstance.py:1357} INFO - Starting attempt 1 of 1
[2022-08-12 11:34:45,882] {taskinstance.py:1358} INFO - 
--------------------------------------------------------------------------------
[2022-08-12 11:34:45,908] {taskinstance.py:1377} INFO - Executing <Task(PythonOperator): data_transformation_and_load> on 2022-08-12 11:34:20.819579+00:00
[2022-08-12 11:34:45,917] {standard_task_runner.py:52} INFO - Started process 247 to run task
[2022-08-12 11:34:45,922] {standard_task_runner.py:79} INFO - Running: ['***', 'tasks', 'run', 'ETL_Raízen', 'data_transformation_and_load', 'manual__2022-08-12T11:34:20.819579+00:00', '--job-id', '164', '--raw', '--subdir', 'DAGS_FOLDER/ETL_Raizen.py', '--cfg-path', '/tmp/tmpvt95ppci', '--error-file', '/tmp/tmphgh6v0q8']
[2022-08-12 11:34:45,925] {standard_task_runner.py:80} INFO - Job 164: Subtask data_transformation_and_load
[2022-08-12 11:34:46,163] {task_command.py:369} INFO - Running <TaskInstance: ETL_Raízen.data_transformation_and_load manual__2022-08-12T11:34:20.819579+00:00 [running]> on host 3c4d8e0d9450
[2022-08-12 11:34:46,333] {taskinstance.py:1571} INFO - Exporting the following env vars:
AIRFLOW_CTX_DAG_OWNER=***
AIRFLOW_CTX_DAG_ID=ETL_Raízen
AIRFLOW_CTX_TASK_ID=data_transformation_and_load
AIRFLOW_CTX_EXECUTION_DATE=2022-08-12T11:34:20.819579+00:00
AIRFLOW_CTX_TRY_NUMBER=1
AIRFLOW_CTX_DAG_RUN_ID=manual__2022-08-12T11:34:20.819579+00:00
[2022-08-12 11:34:46,336] {ETL_Raizen.py:78} INFO - Processing data of sheet DPCache_m3
[2022-08-12 11:34:49,336] {ETL_Raizen.py:121} INFO - Data of sheet DPCache_m3 successfully processed
[2022-08-12 11:34:49,337] {ETL_Raizen.py:122} INFO - Visual check: 
[2022-08-12 11:34:49,352] {logging_mixin.py:115} INFO -       product        uf unit  volume       year_month          created_at
0  GASOLINA C  RONDÔNIA   m3     0.0  2000-Unnamed: 0 2022-08-12 11:34:48
1  GASOLINA C      ACRE   m3     1.0  2000-Unnamed: 0 2022-08-12 11:34:48
2  GASOLINA C  AMAZONAS   m3     2.0  2000-Unnamed: 0 2022-08-12 11:34:48
3  GASOLINA C   RORAIMA   m3     3.0  2000-Unnamed: 0 2022-08-12 11:34:48
4  GASOLINA C      PARÁ   m3     4.0  2000-Unnamed: 0 2022-08-12 11:34:48
[2022-08-12 11:34:49,364] {logging_mixin.py:115} INFO - product       58968
uf            58968
unit          58968
volume        58968
year_month    58968
created_at    58968
dtype: int64
[2022-08-12 11:34:49,365] {ETL_Raizen.py:126} INFO - Saving processed data into parquet format
[2022-08-12 11:35:08,389] {ETL_Raizen.py:129} INFO - Data successfully saved
[2022-08-12 11:35:08,390] {ETL_Raizen.py:78} INFO - Processing data of sheet DPCache_m3_2
[2022-08-12 11:35:09,109] {ETL_Raizen.py:121} INFO - Data of sheet DPCache_m3_2 successfully processed
[2022-08-12 11:35:09,110] {ETL_Raizen.py:122} INFO - Visual check: 
[2022-08-12 11:35:09,122] {logging_mixin.py:115} INFO -             product        uf unit  volume       year_month          created_at
0  ÓLEO DIESEL S-10  RONDÔNIA   m3     0.0  2013-Unnamed: 0 2022-08-12 11:35:08
1  ÓLEO DIESEL S-10      ACRE   m3     1.0  2013-Unnamed: 0 2022-08-12 11:35:08
2  ÓLEO DIESEL S-10  AMAZONAS   m3     2.0  2013-Unnamed: 0 2022-08-12 11:35:08
3  ÓLEO DIESEL S-10   RORAIMA   m3     3.0  2013-Unnamed: 0 2022-08-12 11:35:08
4  ÓLEO DIESEL S-10      PARÁ   m3     4.0  2013-Unnamed: 0 2022-08-12 11:35:08
[2022-08-12 11:35:09,128] {logging_mixin.py:115} INFO - product       14040
uf            14040
unit          14040
volume        14040
year_month    14040
created_at    14040
dtype: int64
[2022-08-12 11:35:09,129] {ETL_Raizen.py:126} INFO - Saving processed data into parquet format
[2022-08-12 11:35:12,915] {ETL_Raizen.py:129} INFO - Data successfully saved
[2022-08-12 11:35:12,917] {python.py:173} INFO - Done. Returned value was: None
[2022-08-12 11:35:12,944] {taskinstance.py:1400} INFO - Marking task as SUCCESS. dag_id=ETL_Raízen, task_id=data_transformation_and_load, execution_date=20220812T113420, start_date=20220812T113445, end_date=20220812T113512
[2022-08-12 11:35:12,985] {local_task_job.py:156} INFO - Task exited with return code 0
[2022-08-12 11:35:13,018] {local_task_job.py:273} INFO - 0 downstream tasks scheduled from follow-on schedule check
