[2022-08-12 11:39:20,704] {taskinstance.py:1159} INFO - Dependencies all met for <TaskInstance: ETL_Raízen.data_transformation_and_load manual__2022-08-12T11:39:00.540895+00:00 [queued]>
[2022-08-12 11:39:20,716] {taskinstance.py:1159} INFO - Dependencies all met for <TaskInstance: ETL_Raízen.data_transformation_and_load manual__2022-08-12T11:39:00.540895+00:00 [queued]>
[2022-08-12 11:39:20,716] {taskinstance.py:1356} INFO - 
--------------------------------------------------------------------------------
[2022-08-12 11:39:20,717] {taskinstance.py:1357} INFO - Starting attempt 1 of 1
[2022-08-12 11:39:20,718] {taskinstance.py:1358} INFO - 
--------------------------------------------------------------------------------
[2022-08-12 11:39:20,735] {taskinstance.py:1377} INFO - Executing <Task(PythonOperator): data_transformation_and_load> on 2022-08-12 11:39:00.540895+00:00
[2022-08-12 11:39:20,743] {standard_task_runner.py:52} INFO - Started process 570 to run task
[2022-08-12 11:39:20,747] {standard_task_runner.py:79} INFO - Running: ['***', 'tasks', 'run', 'ETL_Raízen', 'data_transformation_and_load', 'manual__2022-08-12T11:39:00.540895+00:00', '--job-id', '169', '--raw', '--subdir', 'DAGS_FOLDER/ETL_Raizen.py', '--cfg-path', '/tmp/tmpqsd31twu', '--error-file', '/tmp/tmpvrtiyyu1']
[2022-08-12 11:39:20,749] {standard_task_runner.py:80} INFO - Job 169: Subtask data_transformation_and_load
[2022-08-12 11:39:20,815] {task_command.py:369} INFO - Running <TaskInstance: ETL_Raízen.data_transformation_and_load manual__2022-08-12T11:39:00.540895+00:00 [running]> on host 3c4d8e0d9450
[2022-08-12 11:39:20,896] {taskinstance.py:1571} INFO - Exporting the following env vars:
AIRFLOW_CTX_DAG_OWNER=***
AIRFLOW_CTX_DAG_ID=ETL_Raízen
AIRFLOW_CTX_TASK_ID=data_transformation_and_load
AIRFLOW_CTX_EXECUTION_DATE=2022-08-12T11:39:00.540895+00:00
AIRFLOW_CTX_TRY_NUMBER=1
AIRFLOW_CTX_DAG_RUN_ID=manual__2022-08-12T11:39:00.540895+00:00
[2022-08-12 11:39:20,899] {ETL_Raizen.py:78} INFO - Processing data of sheet DPCache_m3
[2022-08-12 11:39:23,445] {logging_mixin.py:115} INFO - Unnamed: 0     4536
COMBUSTÍVEL    4536
ANO            4536
REGIÃO         4536
ESTADO         4536
Jan            4486
Fev            4486
Mar            4486
Abr            4487
Mai            4486
Jun            4486
Jul            4486
Ago            4486
Set            4486
Out            4486
Nov            4486
Dez            4487
TOTAL          4486
dtype: int64
[2022-08-12 11:39:23,446] {ETL_Raizen.py:78} INFO - Processing data of sheet DPCache_m3_2
[2022-08-12 11:39:23,818] {logging_mixin.py:115} INFO - Unnamed: 0     1080
COMBUSTÍVEL    1080
ANO            1080
REGIÃO         1080
ESTADO         1080
Jan            1050
Fev            1050
Mar            1050
Abr            1050
Mai            1050
Jun            1050
Jul            1049
Ago            1048
Set            1047
Out            1047
Nov            1047
Dez            1048
TOTAL          1049
dtype: int64
[2022-08-12 11:39:23,819] {python.py:173} INFO - Done. Returned value was: None
[2022-08-12 11:39:23,834] {taskinstance.py:1400} INFO - Marking task as SUCCESS. dag_id=ETL_Raízen, task_id=data_transformation_and_load, execution_date=20220812T113900, start_date=20220812T113920, end_date=20220812T113923
[2022-08-12 11:39:23,895] {local_task_job.py:156} INFO - Task exited with return code 0
[2022-08-12 11:39:23,932] {local_task_job.py:273} INFO - 0 downstream tasks scheduled from follow-on schedule check
