[2022-08-13 12:21:39,438] {taskinstance.py:1159} INFO - Dependencies all met for <TaskInstance: ETL_Raízen.create_database_from_parquet manual__2022-08-13T12:21:06.062043+00:00 [queued]>
[2022-08-13 12:21:39,455] {taskinstance.py:1159} INFO - Dependencies all met for <TaskInstance: ETL_Raízen.create_database_from_parquet manual__2022-08-13T12:21:06.062043+00:00 [queued]>
[2022-08-13 12:21:39,457] {taskinstance.py:1356} INFO - 
--------------------------------------------------------------------------------
[2022-08-13 12:21:39,458] {taskinstance.py:1357} INFO - Starting attempt 1 of 1
[2022-08-13 12:21:39,458] {taskinstance.py:1358} INFO - 
--------------------------------------------------------------------------------
[2022-08-13 12:21:39,478] {taskinstance.py:1377} INFO - Executing <Task(PythonOperator): create_database_from_parquet> on 2022-08-13 12:21:06.062043+00:00
[2022-08-13 12:21:39,485] {standard_task_runner.py:52} INFO - Started process 4285 to run task
[2022-08-13 12:21:39,490] {standard_task_runner.py:79} INFO - Running: ['***', 'tasks', 'run', 'ETL_Raízen', 'create_database_from_parquet', 'manual__2022-08-13T12:21:06.062043+00:00', '--job-id', '357', '--raw', '--subdir', 'DAGS_FOLDER/ETL_Raizen.py', '--cfg-path', '/tmp/tmp1h2p5f_c', '--error-file', '/tmp/tmpjqezuaiu']
[2022-08-13 12:21:39,492] {standard_task_runner.py:80} INFO - Job 357: Subtask create_database_from_parquet
[2022-08-13 12:21:39,579] {task_command.py:369} INFO - Running <TaskInstance: ETL_Raízen.create_database_from_parquet manual__2022-08-13T12:21:06.062043+00:00 [running]> on host 4bbb34367c41
[2022-08-13 12:21:39,752] {taskinstance.py:1571} INFO - Exporting the following env vars:
AIRFLOW_CTX_DAG_OWNER=***
AIRFLOW_CTX_DAG_ID=ETL_Raízen
AIRFLOW_CTX_TASK_ID=create_database_from_parquet
AIRFLOW_CTX_EXECUTION_DATE=2022-08-13T12:21:06.062043+00:00
AIRFLOW_CTX_TRY_NUMBER=1
AIRFLOW_CTX_DAG_RUN_ID=manual__2022-08-13T12:21:06.062043+00:00
[2022-08-13 12:21:39,754] {ETL_Raizen.py:117} INFO - Creating database to insert data into table oil_derivative
[2022-08-13 12:21:40,530] {ETL_Raizen.py:123} INFO - Creating table oil_derivative
[2022-08-13 12:21:40,531] {logging_mixin.py:115} INFO - Index(['uf', 'unit', 'volume', 'created_at', 'product', 'year_month'], dtype='object')
[2022-08-13 12:21:40,532] {ETL_Raizen.py:134} INFO - Inserting data into table oil_derivative
[2022-08-13 12:21:42,070] {ETL_Raizen.py:140} INFO - Checking if the data was successfully inserted into table oil_derivative with pandas
[2022-08-13 12:21:42,070] {ETL_Raizen.py:141} INFO - SELECT * FROM oil_derivative
[2022-08-13 12:21:43,755] {ETL_Raizen.py:143} INFO - Visual check:
[2022-08-13 12:21:43,778] {logging_mixin.py:115} INFO -                         uf unit  ...      product year_month
653179   RIO GRANDE DO SUL   m3  ...  ÓLEO DIESEL    2020-12
653180  MATO GROSSO DO SUL   m3  ...  ÓLEO DIESEL    2020-12
653181         MATO GROSSO   m3  ...  ÓLEO DIESEL    2020-12
653182               GOIÁS   m3  ...  ÓLEO DIESEL    2020-12
653183    DISTRITO FEDERAL   m3  ...  ÓLEO DIESEL    2020-12

[5 rows x 6 columns]
[2022-08-13 12:21:43,779] {ETL_Raizen.py:117} INFO - Creating database to insert data into table diesel
[2022-08-13 12:21:43,874] {ETL_Raizen.py:123} INFO - Creating table diesel
[2022-08-13 12:21:43,875] {logging_mixin.py:115} INFO - Index(['uf', 'unit', 'volume', 'created_at', 'product', 'year_month'], dtype='object')
[2022-08-13 12:21:43,875] {ETL_Raizen.py:134} INFO - Inserting data into table diesel
[2022-08-13 12:21:44,131] {ETL_Raizen.py:140} INFO - Checking if the data was successfully inserted into table diesel with pandas
[2022-08-13 12:21:44,131] {ETL_Raizen.py:141} INFO - SELECT * FROM diesel
[2022-08-13 12:21:44,504] {ETL_Raizen.py:143} INFO - Visual check:
[2022-08-13 12:21:44,513] {logging_mixin.py:115} INFO -                         uf unit  ...      product year_month
129595   RIO GRANDE DO SUL   m3  ...  ÓLEO DIESEL    2020-12
129596  MATO GROSSO DO SUL   m3  ...  ÓLEO DIESEL    2020-12
129597         MATO GROSSO   m3  ...  ÓLEO DIESEL    2020-12
129598               GOIÁS   m3  ...  ÓLEO DIESEL    2020-12
129599    DISTRITO FEDERAL   m3  ...  ÓLEO DIESEL    2020-12

[5 rows x 6 columns]
[2022-08-13 12:21:44,540] {python.py:173} INFO - Done. Returned value was: None
[2022-08-13 12:21:44,558] {taskinstance.py:1400} INFO - Marking task as SUCCESS. dag_id=ETL_Raízen, task_id=create_database_from_parquet, execution_date=20220813T122106, start_date=20220813T122139, end_date=20220813T122144
[2022-08-13 12:21:44,598] {local_task_job.py:156} INFO - Task exited with return code 0
[2022-08-13 12:21:44,633] {local_task_job.py:273} INFO - 0 downstream tasks scheduled from follow-on schedule check
