[2022-08-12 23:20:54,701] {taskinstance.py:1159} INFO - Dependencies all met for <TaskInstance: ETL_Raízen.create_database_from_parquet manual__2022-08-12T23:20:09.135867+00:00 [queued]>
[2022-08-12 23:20:54,713] {taskinstance.py:1159} INFO - Dependencies all met for <TaskInstance: ETL_Raízen.create_database_from_parquet manual__2022-08-12T23:20:09.135867+00:00 [queued]>
[2022-08-12 23:20:54,714] {taskinstance.py:1356} INFO - 
--------------------------------------------------------------------------------
[2022-08-12 23:20:54,714] {taskinstance.py:1357} INFO - Starting attempt 1 of 1
[2022-08-12 23:20:54,715] {taskinstance.py:1358} INFO - 
--------------------------------------------------------------------------------
[2022-08-12 23:20:54,731] {taskinstance.py:1377} INFO - Executing <Task(PythonOperator): create_database_from_parquet> on 2022-08-12 23:20:09.135867+00:00
[2022-08-12 23:20:54,737] {standard_task_runner.py:52} INFO - Started process 9398 to run task
[2022-08-12 23:20:54,740] {standard_task_runner.py:79} INFO - Running: ['***', 'tasks', 'run', 'ETL_Raízen', 'create_database_from_parquet', 'manual__2022-08-12T23:20:09.135867+00:00', '--job-id', '257', '--raw', '--subdir', 'DAGS_FOLDER/ETL_Raizen.py', '--cfg-path', '/tmp/tmp6qoauwis', '--error-file', '/tmp/tmpv0etfxml']
[2022-08-12 23:20:54,742] {standard_task_runner.py:80} INFO - Job 257: Subtask create_database_from_parquet
[2022-08-12 23:20:54,809] {task_command.py:369} INFO - Running <TaskInstance: ETL_Raízen.create_database_from_parquet manual__2022-08-12T23:20:09.135867+00:00 [running]> on host 4bbb34367c41
[2022-08-12 23:20:54,893] {taskinstance.py:1571} INFO - Exporting the following env vars:
AIRFLOW_CTX_DAG_OWNER=***
AIRFLOW_CTX_DAG_ID=ETL_Raízen
AIRFLOW_CTX_TASK_ID=create_database_from_parquet
AIRFLOW_CTX_EXECUTION_DATE=2022-08-12T23:20:09.135867+00:00
AIRFLOW_CTX_TRY_NUMBER=1
AIRFLOW_CTX_DAG_RUN_ID=manual__2022-08-12T23:20:09.135867+00:00
[2022-08-12 23:20:54,895] {logging_mixin.py:115} INFO - DPCache_m3
[2022-08-12 23:20:54,895] {logging_mixin.py:115} INFO - DPCache_m3_2
[2022-08-12 23:20:54,896] {python.py:173} INFO - Done. Returned value was: None
[2022-08-12 23:20:54,910] {taskinstance.py:1400} INFO - Marking task as SUCCESS. dag_id=ETL_Raízen, task_id=create_database_from_parquet, execution_date=20220812T232009, start_date=20220812T232054, end_date=20220812T232054
[2022-08-12 23:20:54,955] {local_task_job.py:156} INFO - Task exited with return code 0
[2022-08-12 23:20:54,991] {local_task_job.py:273} INFO - 0 downstream tasks scheduled from follow-on schedule check
