[2022-08-11 23:07:19,720] {taskinstance.py:1159} INFO - Dependencies all met for <TaskInstance: ETL_Raízen.extract_sheets manual__2022-08-11T23:06:44.886293+00:00 [queued]>
[2022-08-11 23:07:19,744] {taskinstance.py:1159} INFO - Dependencies all met for <TaskInstance: ETL_Raízen.extract_sheets manual__2022-08-11T23:06:44.886293+00:00 [queued]>
[2022-08-11 23:07:19,745] {taskinstance.py:1356} INFO - 
--------------------------------------------------------------------------------
[2022-08-11 23:07:19,746] {taskinstance.py:1357} INFO - Starting attempt 1 of 1
[2022-08-11 23:07:19,747] {taskinstance.py:1358} INFO - 
--------------------------------------------------------------------------------
[2022-08-11 23:07:19,777] {taskinstance.py:1377} INFO - Executing <Task(PythonOperator): extract_sheets> on 2022-08-11 23:06:44.886293+00:00
[2022-08-11 23:07:19,794] {standard_task_runner.py:52} INFO - Started process 5280 to run task
[2022-08-11 23:07:19,802] {standard_task_runner.py:79} INFO - Running: ['***', 'tasks', 'run', 'ETL_Raízen', 'extract_sheets', 'manual__2022-08-11T23:06:44.886293+00:00', '--job-id', '78', '--raw', '--subdir', 'DAGS_FOLDER/ETL_Raizen.py', '--cfg-path', '/tmp/tmp9wkrk4gw', '--error-file', '/tmp/tmppzmm2nno']
[2022-08-11 23:07:19,804] {standard_task_runner.py:80} INFO - Job 78: Subtask extract_sheets
[2022-08-11 23:07:19,937] {task_command.py:369} INFO - Running <TaskInstance: ETL_Raízen.extract_sheets manual__2022-08-11T23:06:44.886293+00:00 [running]> on host 53e7d4a502e6
[2022-08-11 23:07:20,181] {taskinstance.py:1571} INFO - Exporting the following env vars:
AIRFLOW_CTX_DAG_OWNER=***
AIRFLOW_CTX_DAG_ID=ETL_Raízen
AIRFLOW_CTX_TASK_ID=extract_sheets
AIRFLOW_CTX_EXECUTION_DATE=2022-08-11T23:06:44.886293+00:00
AIRFLOW_CTX_TRY_NUMBER=1
AIRFLOW_CTX_DAG_RUN_ID=manual__2022-08-11T23:06:44.886293+00:00
[2022-08-11 23:07:20,186] {ETL_Raizen.py:71} INFO - Extracting sheet DPCache_m3
[2022-08-11 23:10:07,788] {ETL_Raizen.py:74} INFO - Sheet DPCache_m3 succesfully extracted
[2022-08-11 23:10:07,790] {ETL_Raizen.py:71} INFO - Extracting sheet DPCache_m3_2
[2022-08-11 23:12:32,268] {ETL_Raizen.py:74} INFO - Sheet DPCache_m3_2 succesfully extracted
[2022-08-11 23:12:32,285] {python.py:173} INFO - Done. Returned value was: None
[2022-08-11 23:12:32,372] {taskinstance.py:1400} INFO - Marking task as SUCCESS. dag_id=ETL_Raízen, task_id=extract_sheets, execution_date=20220811T230644, start_date=20220811T230719, end_date=20220811T231232
[2022-08-11 23:12:32,528] {local_task_job.py:156} INFO - Task exited with return code 0
[2022-08-11 23:12:32,611] {local_task_job.py:273} INFO - 1 downstream tasks scheduled from follow-on schedule check
